[14.655s] Invoking command in '/home/cewan/Automated-Tour-Car/ws_lidar/src/TurtleBot': PYTHONPATH=/home/cewan/Automated-Tour-Car/ws_lidar/build/TurtleBot/prefix_override:/usr/lib/python3/dist-packages/colcon_core/task/python/colcon_distutils_commands:/home/cewan/Automated-Tour-Car/ws_lidar/install/TurtleBot/lib/python3.10/site-packages:${PYTHONPATH} /usr/bin/python3 -W ignore:setup.py install is deprecated -W ignore:easy_install command is deprecated setup.py egg_info --egg-base ../../build/TurtleBot build --build-base /home/cewan/Automated-Tour-Car/ws_lidar/build/TurtleBot/build install --record /home/cewan/Automated-Tour-Car/ws_lidar/build/TurtleBot/install.log --single-version-externally-managed install_data
[18.904s] running egg_info
[18.913s] writing ../../build/TurtleBot/TurtleBot.egg-info/PKG-INFO
[18.929s] writing dependency_links to ../../build/TurtleBot/TurtleBot.egg-info/dependency_links.txt
[18.949s] writing entry points to ../../build/TurtleBot/TurtleBot.egg-info/entry_points.txt
[18.954s] writing requirements to ../../build/TurtleBot/TurtleBot.egg-info/requires.txt
[18.955s] writing top-level names to ../../build/TurtleBot/TurtleBot.egg-info/top_level.txt
[18.978s] reading manifest file '../../build/TurtleBot/TurtleBot.egg-info/SOURCES.txt'
[18.989s] writing manifest file '../../build/TurtleBot/TurtleBot.egg-info/SOURCES.txt'
[18.992s] running build
[18.997s] running build_py
[19.009s] copying TurtleBot/PID_Controller.py -> /home/cewan/Automated-Tour-Car/ws_lidar/build/TurtleBot/build/lib/TurtleBot
[19.009s] copying TurtleBot/Motion_Planner.py -> /home/cewan/Automated-Tour-Car/ws_lidar/build/TurtleBot/build/lib/TurtleBot
[19.011s] running install
[19.017s] running install_lib
[19.037s] copying /home/cewan/Automated-Tour-Car/ws_lidar/build/TurtleBot/build/lib/TurtleBot/PID_Controller.py -> /home/cewan/Automated-Tour-Car/ws_lidar/install/TurtleBot/lib/python3.10/site-packages/TurtleBot
[19.046s] copying /home/cewan/Automated-Tour-Car/ws_lidar/build/TurtleBot/build/lib/TurtleBot/Motion_Planner.py -> /home/cewan/Automated-Tour-Car/ws_lidar/install/TurtleBot/lib/python3.10/site-packages/TurtleBot
[19.057s] byte-compiling /home/cewan/Automated-Tour-Car/ws_lidar/install/TurtleBot/lib/python3.10/site-packages/TurtleBot/PID_Controller.py to PID_Controller.cpython-310.pyc
[19.068s] byte-compiling /home/cewan/Automated-Tour-Car/ws_lidar/install/TurtleBot/lib/python3.10/site-packages/TurtleBot/Motion_Planner.py to Motion_Planner.cpython-310.pyc
[19.077s] running install_data
[19.101s] running install_egg_info
[19.105s] removing '/home/cewan/Automated-Tour-Car/ws_lidar/install/TurtleBot/lib/python3.10/site-packages/TurtleBot-0.0.0-py3.10.egg-info' (and everything under it)
[19.113s] Copying ../../build/TurtleBot/TurtleBot.egg-info to /home/cewan/Automated-Tour-Car/ws_lidar/install/TurtleBot/lib/python3.10/site-packages/TurtleBot-0.0.0-py3.10.egg-info
[19.130s] running install_scripts
[19.371s] Installing Motion_Planner script to /home/cewan/Automated-Tour-Car/ws_lidar/install/TurtleBot/lib/TurtleBot
[19.384s] Installing PID_Controller script to /home/cewan/Automated-Tour-Car/ws_lidar/install/TurtleBot/lib/TurtleBot
[19.387s] Installing map_subscriber script to /home/cewan/Automated-Tour-Car/ws_lidar/install/TurtleBot/lib/TurtleBot
[19.402s] Installing rrt_node script to /home/cewan/Automated-Tour-Car/ws_lidar/install/TurtleBot/lib/TurtleBot
[19.406s] writing list of installed files to '/home/cewan/Automated-Tour-Car/ws_lidar/build/TurtleBot/install.log'
[20.045s] Invoked command in '/home/cewan/Automated-Tour-Car/ws_lidar/src/TurtleBot' returned '0': PYTHONPATH=/home/cewan/Automated-Tour-Car/ws_lidar/build/TurtleBot/prefix_override:/usr/lib/python3/dist-packages/colcon_core/task/python/colcon_distutils_commands:/home/cewan/Automated-Tour-Car/ws_lidar/install/TurtleBot/lib/python3.10/site-packages:${PYTHONPATH} /usr/bin/python3 -W ignore:setup.py install is deprecated -W ignore:easy_install command is deprecated setup.py egg_info --egg-base ../../build/TurtleBot build --build-base /home/cewan/Automated-Tour-Car/ws_lidar/build/TurtleBot/build install --record /home/cewan/Automated-Tour-Car/ws_lidar/build/TurtleBot/install.log --single-version-externally-managed install_data
