[0.958s] DEBUG:colcon:Command line arguments: ['/usr/bin/colcon', 'build']
[0.959s] DEBUG:colcon:Parsed command line arguments: Namespace(log_base=None, log_level=None, verb_name='build', build_base='build', install_base='install', merge_install=False, symlink_install=False, test_result_base=None, continue_on_error=False, executor='parallel', parallel_workers=4, event_handlers=None, ignore_user_meta=False, metas=['./colcon.meta'], base_paths=['.'], packages_ignore=None, packages_ignore_regex=None, paths=None, packages_up_to=None, packages_up_to_regex=None, packages_above=None, packages_above_and_dependencies=None, packages_above_depth=None, packages_select_by_dep=None, packages_skip_by_dep=None, packages_skip_up_to=None, packages_select_build_failed=False, packages_skip_build_finished=False, packages_select_test_failures=False, packages_skip_test_passed=False, packages_select=None, packages_skip=None, packages_select_regex=None, packages_skip_regex=None, packages_start=None, packages_end=None, allow_overriding=[], cmake_args=None, cmake_target=None, cmake_target_skip_unavailable=False, cmake_clean_cache=False, cmake_clean_first=False, cmake_force_configure=False, ament_cmake_args=None, catkin_cmake_args=None, catkin_skip_building_tests=False, verb_parser=<colcon_defaults.argument_parser.defaults.DefaultArgumentsDecorator object at 0xffff8c0ef850>, verb_extension=<colcon_core.verb.build.BuildVerb object at 0xffff8c2d9d50>, main=<bound method BuildVerb.main of <colcon_core.verb.build.BuildVerb object at 0xffff8c2d9d50>>)
[2.980s] Level 1:colcon.colcon_core.package_discovery:discover_packages(colcon_meta) check parameters
[2.981s] Level 1:colcon.colcon_core.package_discovery:discover_packages(recursive) check parameters
[2.981s] Level 1:colcon.colcon_core.package_discovery:discover_packages(ignore) check parameters
[2.981s] Level 1:colcon.colcon_core.package_discovery:discover_packages(path) check parameters
[2.981s] Level 1:colcon.colcon_core.package_discovery:discover_packages(colcon_meta) discover
[2.982s] Level 1:colcon.colcon_core.package_discovery:discover_packages(recursive) discover
[2.982s] INFO:colcon.colcon_core.package_discovery:Crawling recursively for packages in '/home/cewan/Automated-Tour-Car/ws_lidar/src/object_avoidance/object_avoidance'
[2.982s] Level 1:colcon.colcon_core.package_identification:_identify(.) by extensions ['ignore', 'ignore_ament_install']
[2.983s] Level 1:colcon.colcon_core.package_identification:_identify(.) by extension 'ignore'
[2.983s] Level 1:colcon.colcon_core.package_identification:_identify(.) by extension 'ignore_ament_install'
[2.983s] Level 1:colcon.colcon_core.package_identification:_identify(.) by extensions ['colcon_pkg']
[2.983s] Level 1:colcon.colcon_core.package_identification:_identify(.) by extension 'colcon_pkg'
[2.984s] Level 1:colcon.colcon_core.package_identification:_identify(.) by extensions ['colcon_meta']
[2.984s] Level 1:colcon.colcon_core.package_identification:_identify(.) by extension 'colcon_meta'
[2.984s] Level 1:colcon.colcon_core.package_identification:_identify(.) by extensions ['ros']
[2.984s] Level 1:colcon.colcon_core.package_identification:_identify(.) by extension 'ros'
[3.188s] Level 1:colcon.colcon_core.package_identification:_identify(.) by extensions ['cmake', 'python']
[3.189s] Level 1:colcon.colcon_core.package_identification:_identify(.) by extension 'cmake'
[3.189s] Level 1:colcon.colcon_core.package_identification:_identify(.) by extension 'python'
[3.190s] Level 1:colcon.colcon_core.package_identification:_identify(.) by extensions ['python_setup_py']
[3.190s] Level 1:colcon.colcon_core.package_identification:_identify(.) by extension 'python_setup_py'
[3.192s] Level 1:colcon.colcon_core.package_identification:_identify(__pycache__) by extensions ['ignore', 'ignore_ament_install']
[3.192s] Level 1:colcon.colcon_core.package_identification:_identify(__pycache__) by extension 'ignore'
[3.193s] Level 1:colcon.colcon_core.package_identification:_identify(__pycache__) by extension 'ignore_ament_install'
[3.193s] Level 1:colcon.colcon_core.package_identification:_identify(__pycache__) by extensions ['colcon_pkg']
[3.194s] Level 1:colcon.colcon_core.package_identification:_identify(__pycache__) by extension 'colcon_pkg'
[3.194s] Level 1:colcon.colcon_core.package_identification:_identify(__pycache__) by extensions ['colcon_meta']
[3.194s] Level 1:colcon.colcon_core.package_identification:_identify(__pycache__) by extension 'colcon_meta'
[3.195s] Level 1:colcon.colcon_core.package_identification:_identify(__pycache__) by extensions ['ros']
[3.195s] Level 1:colcon.colcon_core.package_identification:_identify(__pycache__) by extension 'ros'
[3.196s] Level 1:colcon.colcon_core.package_identification:_identify(__pycache__) by extensions ['cmake', 'python']
[3.196s] Level 1:colcon.colcon_core.package_identification:_identify(__pycache__) by extension 'cmake'
[3.196s] Level 1:colcon.colcon_core.package_identification:_identify(__pycache__) by extension 'python'
[3.197s] Level 1:colcon.colcon_core.package_identification:_identify(__pycache__) by extensions ['python_setup_py']
[3.197s] Level 1:colcon.colcon_core.package_identification:_identify(__pycache__) by extension 'python_setup_py'
[3.198s] Level 1:colcon.colcon_core.package_identification:_identify(build) by extensions ['ignore', 'ignore_ament_install']
[3.198s] Level 1:colcon.colcon_core.package_identification:_identify(build) by extension 'ignore'
[3.199s] Level 1:colcon.colcon_core.package_identification:_identify(build) ignored
[3.200s] Level 1:colcon.colcon_core.package_identification:_identify(install) by extensions ['ignore', 'ignore_ament_install']
[3.200s] Level 1:colcon.colcon_core.package_identification:_identify(install) by extension 'ignore'
[3.201s] Level 1:colcon.colcon_core.package_identification:_identify(install) ignored
[3.202s] Level 1:colcon.colcon_core.package_identification:_identify(log) by extensions ['ignore', 'ignore_ament_install']
[3.202s] Level 1:colcon.colcon_core.package_identification:_identify(log) by extension 'ignore'
[3.203s] Level 1:colcon.colcon_core.package_identification:_identify(log) ignored
[3.203s] Level 1:colcon.colcon_core.package_discovery:discover_packages(recursive) using defaults
[3.203s] Level 1:colcon.colcon_core.package_discovery:discover_packages(ignore) discover
[3.203s] Level 1:colcon.colcon_core.package_discovery:discover_packages(ignore) using defaults
[3.203s] Level 1:colcon.colcon_core.package_discovery:discover_packages(path) discover
[3.204s] Level 1:colcon.colcon_core.package_discovery:discover_packages(path) using defaults
[3.348s] Level 1:colcon.colcon_core.package_discovery:discover_packages(prefix_path) check parameters
[3.348s] Level 1:colcon.colcon_core.package_discovery:discover_packages(prefix_path) discover
[3.370s] DEBUG:colcon.colcon_installed_package_information.package_discovery:Found 3 installed packages in /home/cewan/Automated-Tour-Car/ws_lidar/install
[3.380s] DEBUG:colcon.colcon_installed_package_information.package_discovery:Found 287 installed packages in /opt/ros/humble
[3.392s] Level 1:colcon.colcon_core.package_discovery:discover_packages(prefix_path) using defaults
[3.697s] INFO:colcon.colcon_core.executor:Executing jobs using 'parallel' executor
[3.701s] DEBUG:colcon.colcon_parallel_executor.executor.parallel:run_until_complete
[3.702s] DEBUG:colcon.colcon_parallel_executor.executor.parallel:closing loop
[3.703s] DEBUG:colcon.colcon_parallel_executor.executor.parallel:loop closed
[3.704s] DEBUG:colcon.colcon_parallel_executor.executor.parallel:run_until_complete finished with '0'
[3.704s] DEBUG:colcon.colcon_core.event_reactor:joining thread
[3.730s] INFO:colcon.colcon_core.plugin_system:Skipping extension 'colcon_notification.desktop_notification.terminal_notifier': Not used on non-Darwin systems
[3.730s] INFO:colcon.colcon_core.plugin_system:Skipping extension 'colcon_notification.desktop_notification.win32': Not used on non-Windows systems
[3.730s] INFO:colcon.colcon_notification.desktop_notification:Sending desktop notification using 'notify2'
[3.736s] DEBUG:colcon.colcon_notification.desktop_notification.notify2:Failed to initialize notify2: org.freedesktop.DBus.Error.ServiceUnknown: The name org.freedesktop.Notifications was not provided by any .service files
[3.737s] DEBUG:colcon.colcon_core.event_reactor:joined thread
[3.758s] INFO:colcon.colcon_core.plugin_system:Skipping extension 'colcon_core.shell.bat': Not used on non-Windows systems
[3.759s] INFO:colcon.colcon_core.shell:Creating prefix script '/home/cewan/Automated-Tour-Car/ws_lidar/src/object_avoidance/object_avoidance/install/local_setup.ps1'
[3.765s] INFO:colcon.colcon_core.shell:Creating prefix util module '/home/cewan/Automated-Tour-Car/ws_lidar/src/object_avoidance/object_avoidance/install/_local_setup_util_ps1.py'
[3.772s] INFO:colcon.colcon_core.shell:Creating prefix chain script '/home/cewan/Automated-Tour-Car/ws_lidar/src/object_avoidance/object_avoidance/install/setup.ps1'
[3.778s] INFO:colcon.colcon_core.shell:Creating prefix script '/home/cewan/Automated-Tour-Car/ws_lidar/src/object_avoidance/object_avoidance/install/local_setup.sh'
[3.782s] INFO:colcon.colcon_core.shell:Creating prefix util module '/home/cewan/Automated-Tour-Car/ws_lidar/src/object_avoidance/object_avoidance/install/_local_setup_util_sh.py'
[3.785s] INFO:colcon.colcon_core.shell:Creating prefix chain script '/home/cewan/Automated-Tour-Car/ws_lidar/src/object_avoidance/object_avoidance/install/setup.sh'
[3.792s] INFO:colcon.colcon_core.shell:Creating prefix script '/home/cewan/Automated-Tour-Car/ws_lidar/src/object_avoidance/object_avoidance/install/local_setup.bash'
[3.797s] INFO:colcon.colcon_core.shell:Creating prefix chain script '/home/cewan/Automated-Tour-Car/ws_lidar/src/object_avoidance/object_avoidance/install/setup.bash'
[3.804s] INFO:colcon.colcon_core.shell:Creating prefix script '/home/cewan/Automated-Tour-Car/ws_lidar/src/object_avoidance/object_avoidance/install/local_setup.zsh'
[3.810s] INFO:colcon.colcon_core.shell:Creating prefix chain script '/home/cewan/Automated-Tour-Car/ws_lidar/src/object_avoidance/object_avoidance/install/setup.zsh'
