running egg_info
writing ../../build/teleop_control/teleop_control.egg-info/PKG-INFO
writing dependency_links to ../../build/teleop_control/teleop_control.egg-info/dependency_links.txt
writing entry points to ../../build/teleop_control/teleop_control.egg-info/entry_points.txt
writing requirements to ../../build/teleop_control/teleop_control.egg-info/requires.txt
writing top-level names to ../../build/teleop_control/teleop_control.egg-info/top_level.txt
reading manifest file '../../build/teleop_control/teleop_control.egg-info/SOURCES.txt'
writing manifest file '../../build/teleop_control/teleop_control.egg-info/SOURCES.txt'
running build
running build_py
copying teleop_control/motor_control.py -> /home/cewan/Automated-Tour-Car/ws_lidar/build/teleop_control/build/lib/teleop_control
running install
running install_lib
copying /home/cewan/Automated-Tour-Car/ws_lidar/build/teleop_control/build/lib/teleop_control/motor_control.py -> /home/cewan/Automated-Tour-Car/ws_lidar/install/teleop_control/lib/python3.10/site-packages/teleop_control
byte-compiling /home/cewan/Automated-Tour-Car/ws_lidar/install/teleop_control/lib/python3.10/site-packages/teleop_control/motor_control.py to motor_control.cpython-310.pyc
running install_data
running install_egg_info
removing '/home/cewan/Automated-Tour-Car/ws_lidar/install/teleop_control/lib/python3.10/site-packages/teleop_control-0.0.0-py3.10.egg-info' (and everything under it)
Copying ../../build/teleop_control/teleop_control.egg-info to /home/cewan/Automated-Tour-Car/ws_lidar/install/teleop_control/lib/python3.10/site-packages/teleop_control-0.0.0-py3.10.egg-info
running install_scripts
Installing motor_control script to /home/cewan/Automated-Tour-Car/ws_lidar/install/teleop_control/lib/teleop_control
Installing teleop script to /home/cewan/Automated-Tour-Car/ws_lidar/install/teleop_control/lib/teleop_control
writing list of installed files to '/home/cewan/Automated-Tour-Car/ws_lidar/build/teleop_control/install.log'
