[7.137s] Invoking command in '/home/cewan/ws_lidar/src/object_avoidance': PYTHONPATH=/home/cewan/ws_lidar/build/object_avoidance/prefix_override:/usr/lib/python3/dist-packages/colcon_core/task/python/colcon_distutils_commands:/home/cewan/ws_lidar/install/object_avoidance/lib/python3.10/site-packages:${PYTHONPATH} /usr/bin/python3 -W ignore:setup.py install is deprecated -W ignore:easy_install command is deprecated setup.py egg_info --egg-base ../../build/object_avoidance build --build-base /home/cewan/ws_lidar/build/object_avoidance/build install --record /home/cewan/ws_lidar/build/object_avoidance/install.log --single-version-externally-managed install_data
[8.713s] running egg_info
[8.717s] writing ../../build/object_avoidance/object_avoidance.egg-info/PKG-INFO
[8.719s] writing dependency_links to ../../build/object_avoidance/object_avoidance.egg-info/dependency_links.txt
[8.721s] writing entry points to ../../build/object_avoidance/object_avoidance.egg-info/entry_points.txt
[8.722s] writing requirements to ../../build/object_avoidance/object_avoidance.egg-info/requires.txt
[8.724s] writing top-level names to ../../build/object_avoidance/object_avoidance.egg-info/top_level.txt
[8.740s] reading manifest file '../../build/object_avoidance/object_avoidance.egg-info/SOURCES.txt'
[8.746s] writing manifest file '../../build/object_avoidance/object_avoidance.egg-info/SOURCES.txt'
[8.747s] running build
[8.747s] running build_py
[8.750s] copying object_avoidance/objective_avoidance_publisher.py -> /home/cewan/ws_lidar/build/object_avoidance/build/lib/object_avoidance
[8.752s] copying object_avoidance/object_avoidance_subscriber.py -> /home/cewan/ws_lidar/build/object_avoidance/build/lib/object_avoidance
[8.754s] running install
[8.757s] running install_lib
[8.761s] copying /home/cewan/ws_lidar/build/object_avoidance/build/lib/object_avoidance/objective_avoidance_publisher.py -> /home/cewan/ws_lidar/install/object_avoidance/lib/python3.10/site-packages/object_avoidance
[8.764s] copying /home/cewan/ws_lidar/build/object_avoidance/build/lib/object_avoidance/object_avoidance_subscriber.py -> /home/cewan/ws_lidar/install/object_avoidance/lib/python3.10/site-packages/object_avoidance
[8.769s] byte-compiling /home/cewan/ws_lidar/install/object_avoidance/lib/python3.10/site-packages/object_avoidance/objective_avoidance_publisher.py to objective_avoidance_publisher.cpython-310.pyc
[8.775s] byte-compiling /home/cewan/ws_lidar/install/object_avoidance/lib/python3.10/site-packages/object_avoidance/object_avoidance_subscriber.py to object_avoidance_subscriber.cpython-310.pyc
[8.793s] running install_data
[8.794s]   File "/home/cewan/ws_lidar/install/object_avoidance/lib/python3.10/site-packages/object_avoidance/object_avoidance_subscriber.py", line 123
[8.795s]     self.motor.setMotorModel((pwm1, pwm2, pwm3, pwm4)
[8.796s]                             ^
[8.797s] SyntaxError: '(' was never closed
[8.797s] 
[8.799s] running install_egg_info
[8.799s] removing '/home/cewan/ws_lidar/install/object_avoidance/lib/python3.10/site-packages/object_avoidance-0.0.0-py3.10.egg-info' (and everything under it)
[8.802s] Copying ../../build/object_avoidance/object_avoidance.egg-info to /home/cewan/ws_lidar/install/object_avoidance/lib/python3.10/site-packages/object_avoidance-0.0.0-py3.10.egg-info
[8.812s] running install_scripts
[8.986s] Installing obj_avoidance_publisher script to /home/cewan/ws_lidar/install/object_avoidance/lib/object_avoidance
[9.001s] writing list of installed files to '/home/cewan/ws_lidar/build/object_avoidance/install.log'
[9.238s] Invoked command in '/home/cewan/ws_lidar/src/object_avoidance' returned '0': PYTHONPATH=/home/cewan/ws_lidar/build/object_avoidance/prefix_override:/usr/lib/python3/dist-packages/colcon_core/task/python/colcon_distutils_commands:/home/cewan/ws_lidar/install/object_avoidance/lib/python3.10/site-packages:${PYTHONPATH} /usr/bin/python3 -W ignore:setup.py install is deprecated -W ignore:easy_install command is deprecated setup.py egg_info --egg-base ../../build/object_avoidance build --build-base /home/cewan/ws_lidar/build/object_avoidance/build install --record /home/cewan/ws_lidar/build/object_avoidance/install.log --single-version-externally-managed install_data
