[3.039s] Invoking command in '/home/cewan/ws_lidar/src/lidar': PYTHONPATH=/home/cewan/ws_lidar/build/lidar/prefix_override:/usr/lib/python3/dist-packages/colcon_core/task/python/colcon_distutils_commands:/home/cewan/ws_lidar/install/lidar/lib/python3.10/site-packages:${PYTHONPATH} /usr/bin/python3 -W ignore:setup.py install is deprecated -W ignore:easy_install command is deprecated setup.py egg_info --egg-base ../../build/lidar build --build-base /home/cewan/ws_lidar/build/lidar/build install --record /home/cewan/ws_lidar/build/lidar/install.log --single-version-externally-managed install_data
[4.242s] running egg_info
[4.245s] writing ../../build/lidar/lidar.egg-info/PKG-INFO
[4.246s] writing dependency_links to ../../build/lidar/lidar.egg-info/dependency_links.txt
[4.247s] writing entry points to ../../build/lidar/lidar.egg-info/entry_points.txt
[4.248s] writing requirements to ../../build/lidar/lidar.egg-info/requires.txt
[4.249s] writing top-level names to ../../build/lidar/lidar.egg-info/top_level.txt
[4.258s] reading manifest file '../../build/lidar/lidar.egg-info/SOURCES.txt'
[4.262s] writing manifest file '../../build/lidar/lidar.egg-info/SOURCES.txt'
[4.263s] running build
[4.263s] running build_py
[4.264s] copying lidar/lidar_publisher.py -> /home/cewan/ws_lidar/build/lidar/build/lib/lidar
[4.265s] running install
[4.267s] running install_lib
[4.271s] copying /home/cewan/ws_lidar/build/lidar/build/lib/lidar/lidar_publisher.py -> /home/cewan/ws_lidar/install/lidar/lib/python3.10/site-packages/lidar
[4.273s] byte-compiling /home/cewan/ws_lidar/install/lidar/lib/python3.10/site-packages/lidar/lidar_publisher.py to lidar_publisher.cpython-310.pyc
[4.276s] running install_data
[4.277s] running install_egg_info
[4.289s] removing '/home/cewan/ws_lidar/install/lidar/lib/python3.10/site-packages/lidar-0.0.0-py3.10.egg-info' (and everything under it)
[4.291s] Copying ../../build/lidar/lidar.egg-info to /home/cewan/ws_lidar/install/lidar/lib/python3.10/site-packages/lidar-0.0.0-py3.10.egg-info
[4.297s] running install_scripts
[4.402s] writing list of installed files to '/home/cewan/ws_lidar/build/lidar/install.log'
[4.548s] Invoked command in '/home/cewan/ws_lidar/src/lidar' returned '0': PYTHONPATH=/home/cewan/ws_lidar/build/lidar/prefix_override:/usr/lib/python3/dist-packages/colcon_core/task/python/colcon_distutils_commands:/home/cewan/ws_lidar/install/lidar/lib/python3.10/site-packages:${PYTHONPATH} /usr/bin/python3 -W ignore:setup.py install is deprecated -W ignore:easy_install command is deprecated setup.py egg_info --egg-base ../../build/lidar build --build-base /home/cewan/ws_lidar/build/lidar/build install --record /home/cewan/ws_lidar/build/lidar/install.log --single-version-externally-managed install_data
