[4.552s] Invoking command in '/home/cewan/ws_lidar/src/object_avoidance': PYTHONPATH=/home/cewan/ws_lidar/build/object_avoidance/prefix_override:/usr/lib/python3/dist-packages/colcon_core/task/python/colcon_distutils_commands:/home/cewan/ws_lidar/install/object_avoidance/lib/python3.10/site-packages:${PYTHONPATH} /usr/bin/python3 -W ignore:setup.py install is deprecated -W ignore:easy_install command is deprecated setup.py egg_info --egg-base ../../build/object_avoidance build --build-base /home/cewan/ws_lidar/build/object_avoidance/build install --record /home/cewan/ws_lidar/build/object_avoidance/install.log --single-version-externally-managed install_data
[6.293s] running egg_info
[6.296s] writing ../../build/object_avoidance/object_avoidance.egg-info/PKG-INFO
[6.298s] writing dependency_links to ../../build/object_avoidance/object_avoidance.egg-info/dependency_links.txt
[6.299s] writing entry points to ../../build/object_avoidance/object_avoidance.egg-info/entry_points.txt
[6.300s] writing requirements to ../../build/object_avoidance/object_avoidance.egg-info/requires.txt
[6.301s] writing top-level names to ../../build/object_avoidance/object_avoidance.egg-info/top_level.txt
[6.311s] reading manifest file '../../build/object_avoidance/object_avoidance.egg-info/SOURCES.txt'
[6.316s] writing manifest file '../../build/object_avoidance/object_avoidance.egg-info/SOURCES.txt'
[6.317s] running build
[6.317s] running build_py
[6.321s] running install
[6.322s] running install_lib
[6.336s] running install_data
[6.337s] running install_egg_info
[6.345s] removing '/home/cewan/ws_lidar/install/object_avoidance/lib/python3.10/site-packages/object_avoidance-0.0.0-py3.10.egg-info' (and everything under it)
[6.347s] Copying ../../build/object_avoidance/object_avoidance.egg-info to /home/cewan/ws_lidar/install/object_avoidance/lib/python3.10/site-packages/object_avoidance-0.0.0-py3.10.egg-info
[6.354s] running install_scripts
[6.461s] Installing object_avoidance_publisher script to /home/cewan/ws_lidar/install/object_avoidance/lib/object_avoidance
[6.463s] Installing object_avoidance_subscriber script to /home/cewan/ws_lidar/install/object_avoidance/lib/object_avoidance
[6.467s] Installing test script to /home/cewan/ws_lidar/install/object_avoidance/lib/object_avoidance
[6.469s] writing list of installed files to '/home/cewan/ws_lidar/build/object_avoidance/install.log'
[6.654s] Invoked command in '/home/cewan/ws_lidar/src/object_avoidance' returned '0': PYTHONPATH=/home/cewan/ws_lidar/build/object_avoidance/prefix_override:/usr/lib/python3/dist-packages/colcon_core/task/python/colcon_distutils_commands:/home/cewan/ws_lidar/install/object_avoidance/lib/python3.10/site-packages:${PYTHONPATH} /usr/bin/python3 -W ignore:setup.py install is deprecated -W ignore:easy_install command is deprecated setup.py egg_info --egg-base ../../build/object_avoidance build --build-base /home/cewan/ws_lidar/build/object_avoidance/build install --record /home/cewan/ws_lidar/build/object_avoidance/install.log --single-version-externally-managed install_data
