[10.773s] Invoking command in '/home/cewan/Automated-Tour-Car/ws_lidar/src/object_avoidance': PYTHONPATH=/home/cewan/Automated-Tour-Car/ws_lidar/build/object_avoidance/prefix_override:/usr/lib/python3/dist-packages/colcon_core/task/python/colcon_distutils_commands:/home/cewan/Automated-Tour-Car/ws_lidar/install/object_avoidance/lib/python3.10/site-packages:${PYTHONPATH} /usr/bin/python3 -W ignore:setup.py install is deprecated -W ignore:easy_install command is deprecated setup.py egg_info --egg-base ../../build/object_avoidance build --build-base /home/cewan/Automated-Tour-Car/ws_lidar/build/object_avoidance/build install --record /home/cewan/Automated-Tour-Car/ws_lidar/build/object_avoidance/install.log --single-version-externally-managed install_data
[13.621s] running egg_info
[13.626s] writing ../../build/object_avoidance/object_avoidance.egg-info/PKG-INFO
[13.640s] writing dependency_links to ../../build/object_avoidance/object_avoidance.egg-info/dependency_links.txt
[13.641s] writing entry points to ../../build/object_avoidance/object_avoidance.egg-info/entry_points.txt
[13.642s] writing requirements to ../../build/object_avoidance/object_avoidance.egg-info/requires.txt
[13.643s] writing top-level names to ../../build/object_avoidance/object_avoidance.egg-info/top_level.txt
[13.654s] reading manifest file '../../build/object_avoidance/object_avoidance.egg-info/SOURCES.txt'
[13.659s] writing manifest file '../../build/object_avoidance/object_avoidance.egg-info/SOURCES.txt'
[13.846s] running build
[13.847s] running build_py
[13.864s] running install
[13.865s] running install_lib
[13.890s] running install_data
[13.891s] running install_egg_info
[13.908s] removing '/home/cewan/Automated-Tour-Car/ws_lidar/install/object_avoidance/lib/python3.10/site-packages/object_avoidance-0.0.0-py3.10.egg-info' (and everything under it)
[13.911s] Copying ../../build/object_avoidance/object_avoidance.egg-info to /home/cewan/Automated-Tour-Car/ws_lidar/install/object_avoidance/lib/python3.10/site-packages/object_avoidance-0.0.0-py3.10.egg-info
[13.923s] running install_scripts
[14.038s] Installing publisher script to /home/cewan/Automated-Tour-Car/ws_lidar/install/object_avoidance/lib/object_avoidance
[14.040s] Installing subscriber script to /home/cewan/Automated-Tour-Car/ws_lidar/install/object_avoidance/lib/object_avoidance
[14.043s] Installing test script to /home/cewan/Automated-Tour-Car/ws_lidar/install/object_avoidance/lib/object_avoidance
[14.046s] Installing turntest script to /home/cewan/Automated-Tour-Car/ws_lidar/install/object_avoidance/lib/object_avoidance
[14.095s] writing list of installed files to '/home/cewan/Automated-Tour-Car/ws_lidar/build/object_avoidance/install.log'
[14.408s] Invoked command in '/home/cewan/Automated-Tour-Car/ws_lidar/src/object_avoidance' returned '0': PYTHONPATH=/home/cewan/Automated-Tour-Car/ws_lidar/build/object_avoidance/prefix_override:/usr/lib/python3/dist-packages/colcon_core/task/python/colcon_distutils_commands:/home/cewan/Automated-Tour-Car/ws_lidar/install/object_avoidance/lib/python3.10/site-packages:${PYTHONPATH} /usr/bin/python3 -W ignore:setup.py install is deprecated -W ignore:easy_install command is deprecated setup.py egg_info --egg-base ../../build/object_avoidance build --build-base /home/cewan/Automated-Tour-Car/ws_lidar/build/object_avoidance/build install --record /home/cewan/Automated-Tour-Car/ws_lidar/build/object_avoidance/install.log --single-version-externally-managed install_data
