[6.044s] Invoking command in '/home/cewan/Automated-Tour-Car/ws_lidar/src/lidar': PYTHONPATH=/home/cewan/Automated-Tour-Car/ws_lidar/build/lidar/prefix_override:/usr/lib/python3/dist-packages/colcon_core/task/python/colcon_distutils_commands:/home/cewan/Automated-Tour-Car/ws_lidar/install/lidar/lib/python3.10/site-packages:${PYTHONPATH} /usr/bin/python3 -W ignore:setup.py install is deprecated -W ignore:easy_install command is deprecated setup.py egg_info --egg-base ../../build/lidar build --build-base /home/cewan/Automated-Tour-Car/ws_lidar/build/lidar/build install --record /home/cewan/Automated-Tour-Car/ws_lidar/build/lidar/install.log --single-version-externally-managed install_data
[8.086s] running egg_info
[8.090s] creating ../../build/lidar/lidar.egg-info
[8.092s] writing ../../build/lidar/lidar.egg-info/PKG-INFO
[8.094s] writing dependency_links to ../../build/lidar/lidar.egg-info/dependency_links.txt
[8.096s] writing entry points to ../../build/lidar/lidar.egg-info/entry_points.txt
[8.097s] writing requirements to ../../build/lidar/lidar.egg-info/requires.txt
[8.099s] writing top-level names to ../../build/lidar/lidar.egg-info/top_level.txt
[8.100s] writing manifest file '../../build/lidar/lidar.egg-info/SOURCES.txt'
[8.109s] reading manifest file '../../build/lidar/lidar.egg-info/SOURCES.txt'
[8.113s] writing manifest file '../../build/lidar/lidar.egg-info/SOURCES.txt'
[8.115s] running build
[8.116s] running build_py
[8.118s] creating /home/cewan/Automated-Tour-Car/ws_lidar/build/lidar/build
[8.119s] creating /home/cewan/Automated-Tour-Car/ws_lidar/build/lidar/build/lib
[8.120s] creating /home/cewan/Automated-Tour-Car/ws_lidar/build/lidar/build/lib/lidar
[8.121s] copying lidar/lidar_publisher.py -> /home/cewan/Automated-Tour-Car/ws_lidar/build/lidar/build/lib/lidar
[8.123s] copying lidar/__init__.py -> /home/cewan/Automated-Tour-Car/ws_lidar/build/lidar/build/lib/lidar
[8.125s] copying lidar/lidar_subscriber.py -> /home/cewan/Automated-Tour-Car/ws_lidar/build/lidar/build/lib/lidar
[8.127s] running install
[8.129s] running install_lib
[8.140s] creating /home/cewan/Automated-Tour-Car/ws_lidar/install/lidar/lib/python3.10/site-packages/lidar
[8.141s] copying /home/cewan/Automated-Tour-Car/ws_lidar/build/lidar/build/lib/lidar/lidar_publisher.py -> /home/cewan/Automated-Tour-Car/ws_lidar/install/lidar/lib/python3.10/site-packages/lidar
[8.143s] copying /home/cewan/Automated-Tour-Car/ws_lidar/build/lidar/build/lib/lidar/__init__.py -> /home/cewan/Automated-Tour-Car/ws_lidar/install/lidar/lib/python3.10/site-packages/lidar
[8.145s] copying /home/cewan/Automated-Tour-Car/ws_lidar/build/lidar/build/lib/lidar/lidar_subscriber.py -> /home/cewan/Automated-Tour-Car/ws_lidar/install/lidar/lib/python3.10/site-packages/lidar
[8.149s] byte-compiling /home/cewan/Automated-Tour-Car/ws_lidar/install/lidar/lib/python3.10/site-packages/lidar/lidar_publisher.py to lidar_publisher.cpython-310.pyc
[8.153s] byte-compiling /home/cewan/Automated-Tour-Car/ws_lidar/install/lidar/lib/python3.10/site-packages/lidar/__init__.py to __init__.cpython-310.pyc
[8.155s] byte-compiling /home/cewan/Automated-Tour-Car/ws_lidar/install/lidar/lib/python3.10/site-packages/lidar/lidar_subscriber.py to lidar_subscriber.cpython-310.pyc
[8.158s] running install_data
[8.160s] creating /home/cewan/Automated-Tour-Car/ws_lidar/install/lidar/share/ament_index
[8.161s] creating /home/cewan/Automated-Tour-Car/ws_lidar/install/lidar/share/ament_index/resource_index
[8.162s] creating /home/cewan/Automated-Tour-Car/ws_lidar/install/lidar/share/ament_index/resource_index/packages
[8.163s] copying resource/lidar -> /home/cewan/Automated-Tour-Car/ws_lidar/install/lidar/share/ament_index/resource_index/packages
[8.165s] copying package.xml -> /home/cewan/Automated-Tour-Car/ws_lidar/install/lidar/share/lidar
[8.166s] running install_egg_info
[8.175s] Copying ../../build/lidar/lidar.egg-info to /home/cewan/Automated-Tour-Car/ws_lidar/install/lidar/lib/python3.10/site-packages/lidar-0.0.0-py3.10.egg-info
[8.184s] running install_scripts
[8.308s] Installing lidar_publisher script to /home/cewan/Automated-Tour-Car/ws_lidar/install/lidar/lib/lidar
[8.311s] Installing lidar_subscriber script to /home/cewan/Automated-Tour-Car/ws_lidar/install/lidar/lib/lidar
[8.315s] writing list of installed files to '/home/cewan/Automated-Tour-Car/ws_lidar/build/lidar/install.log'
[8.564s] Invoked command in '/home/cewan/Automated-Tour-Car/ws_lidar/src/lidar' returned '0': PYTHONPATH=/home/cewan/Automated-Tour-Car/ws_lidar/build/lidar/prefix_override:/usr/lib/python3/dist-packages/colcon_core/task/python/colcon_distutils_commands:/home/cewan/Automated-Tour-Car/ws_lidar/install/lidar/lib/python3.10/site-packages:${PYTHONPATH} /usr/bin/python3 -W ignore:setup.py install is deprecated -W ignore:easy_install command is deprecated setup.py egg_info --egg-base ../../build/lidar build --build-base /home/cewan/Automated-Tour-Car/ws_lidar/build/lidar/build install --record /home/cewan/Automated-Tour-Car/ws_lidar/build/lidar/install.log --single-version-externally-managed install_data
