[7.786s] Invoking command in '/home/cewan/ws_lidar/src/cartographer_slam': PYTHONPATH=/home/cewan/ws_lidar/build/cartographer_slam/prefix_override:/usr/lib/python3/dist-packages/colcon_core/task/python/colcon_distutils_commands:/home/cewan/ws_lidar/install/cartographer_slam/lib/python3.10/site-packages:${PYTHONPATH} /usr/bin/python3 -W ignore:setup.py install is deprecated -W ignore:easy_install command is deprecated setup.py egg_info --egg-base ../../build/cartographer_slam build --build-base /home/cewan/ws_lidar/build/cartographer_slam/build install --record /home/cewan/ws_lidar/build/cartographer_slam/install.log --single-version-externally-managed install_data
[9.654s] running egg_info
[9.659s] writing ../../build/cartographer_slam/cartographer_slam.egg-info/PKG-INFO
[9.660s] writing dependency_links to ../../build/cartographer_slam/cartographer_slam.egg-info/dependency_links.txt
[9.660s] writing entry points to ../../build/cartographer_slam/cartographer_slam.egg-info/entry_points.txt
[9.661s] writing requirements to ../../build/cartographer_slam/cartographer_slam.egg-info/requires.txt
[9.662s] writing top-level names to ../../build/cartographer_slam/cartographer_slam.egg-info/top_level.txt
[9.675s] reading manifest file '../../build/cartographer_slam/cartographer_slam.egg-info/SOURCES.txt'
[9.677s] writing manifest file '../../build/cartographer_slam/cartographer_slam.egg-info/SOURCES.txt'
[9.678s] running build
[9.678s] running build_py
[9.680s] running install
[9.681s] running install_lib
[9.693s] running install_data
[9.694s] running install_egg_info
[9.705s] removing '/home/cewan/ws_lidar/install/cartographer_slam/lib/python3.10/site-packages/cartographer_slam-0.0.0-py3.10.egg-info' (and everything under it)
[9.727s] Copying ../../build/cartographer_slam/cartographer_slam.egg-info to /home/cewan/ws_lidar/install/cartographer_slam/lib/python3.10/site-packages/cartographer_slam-0.0.0-py3.10.egg-info
[9.739s] running install_scripts
[9.838s] writing list of installed files to '/home/cewan/ws_lidar/build/cartographer_slam/install.log'
[10.022s] Invoked command in '/home/cewan/ws_lidar/src/cartographer_slam' returned '0': PYTHONPATH=/home/cewan/ws_lidar/build/cartographer_slam/prefix_override:/usr/lib/python3/dist-packages/colcon_core/task/python/colcon_distutils_commands:/home/cewan/ws_lidar/install/cartographer_slam/lib/python3.10/site-packages:${PYTHONPATH} /usr/bin/python3 -W ignore:setup.py install is deprecated -W ignore:easy_install command is deprecated setup.py egg_info --egg-base ../../build/cartographer_slam build --build-base /home/cewan/ws_lidar/build/cartographer_slam/build install --record /home/cewan/ws_lidar/build/cartographer_slam/install.log --single-version-externally-managed install_data
