[3.736s] Invoking command in '/home/cewan/Automated-Tour-Car/ws_lidar/src/object_avoidance': PYTHONPATH=/home/cewan/Automated-Tour-Car/ws_lidar/build/object_avoidance/prefix_override:/usr/lib/python3/dist-packages/colcon_core/task/python/colcon_distutils_commands:/home/cewan/Automated-Tour-Car/ws_lidar/install/object_avoidance/lib/python3.10/site-packages:${PYTHONPATH} /usr/bin/python3 -W ignore:setup.py install is deprecated -W ignore:easy_install command is deprecated setup.py egg_info --egg-base ../../build/object_avoidance build --build-base /home/cewan/Automated-Tour-Car/ws_lidar/build/object_avoidance/build install --record /home/cewan/Automated-Tour-Car/ws_lidar/build/object_avoidance/install.log --single-version-externally-managed install_data
[5.196s] running egg_info
[5.200s] writing ../../build/object_avoidance/object_avoidance.egg-info/PKG-INFO
[5.202s] writing dependency_links to ../../build/object_avoidance/object_avoidance.egg-info/dependency_links.txt
[5.203s] writing entry points to ../../build/object_avoidance/object_avoidance.egg-info/entry_points.txt
[5.204s] writing requirements to ../../build/object_avoidance/object_avoidance.egg-info/requires.txt
[5.206s] writing top-level names to ../../build/object_avoidance/object_avoidance.egg-info/top_level.txt
[5.223s] reading manifest file '../../build/object_avoidance/object_avoidance.egg-info/SOURCES.txt'
[5.230s] writing manifest file '../../build/object_avoidance/object_avoidance.egg-info/SOURCES.txt'
[5.231s] running build
[5.232s] running build_py
[5.234s] copying object_avoidance/led.py -> /home/cewan/Automated-Tour-Car/ws_lidar/build/object_avoidance/build/lib/object_avoidance
[5.242s] running install
[5.244s] running install_lib
[5.257s] copying /home/cewan/Automated-Tour-Car/ws_lidar/build/object_avoidance/build/lib/object_avoidance/led.py -> /home/cewan/Automated-Tour-Car/ws_lidar/install/object_avoidance/lib/python3.10/site-packages/object_avoidance
[5.264s] byte-compiling /home/cewan/Automated-Tour-Car/ws_lidar/install/object_avoidance/lib/python3.10/site-packages/object_avoidance/led.py to led.cpython-310.pyc
[5.278s] running install_data
[5.280s] running install_egg_info
[5.290s] removing '/home/cewan/Automated-Tour-Car/ws_lidar/install/object_avoidance/lib/python3.10/site-packages/object_avoidance-0.0.0-py3.10.egg-info' (and everything under it)
[5.292s] Copying ../../build/object_avoidance/object_avoidance.egg-info to /home/cewan/Automated-Tour-Car/ws_lidar/install/object_avoidance/lib/python3.10/site-packages/object_avoidance-0.0.0-py3.10.egg-info
[5.302s] running install_scripts
[5.402s] Installing led script to /home/cewan/Automated-Tour-Car/ws_lidar/install/object_avoidance/lib/object_avoidance
[5.403s] Installing publisher script to /home/cewan/Automated-Tour-Car/ws_lidar/install/object_avoidance/lib/object_avoidance
[5.404s] Installing subscriber script to /home/cewan/Automated-Tour-Car/ws_lidar/install/object_avoidance/lib/object_avoidance
[5.406s] Installing test script to /home/cewan/Automated-Tour-Car/ws_lidar/install/object_avoidance/lib/object_avoidance
[5.407s] Installing turntest script to /home/cewan/Automated-Tour-Car/ws_lidar/install/object_avoidance/lib/object_avoidance
[5.408s] Installing wall script to /home/cewan/Automated-Tour-Car/ws_lidar/install/object_avoidance/lib/object_avoidance
[5.411s] writing list of installed files to '/home/cewan/Automated-Tour-Car/ws_lidar/build/object_avoidance/install.log'
[5.560s] Invoked command in '/home/cewan/Automated-Tour-Car/ws_lidar/src/object_avoidance' returned '0': PYTHONPATH=/home/cewan/Automated-Tour-Car/ws_lidar/build/object_avoidance/prefix_override:/usr/lib/python3/dist-packages/colcon_core/task/python/colcon_distutils_commands:/home/cewan/Automated-Tour-Car/ws_lidar/install/object_avoidance/lib/python3.10/site-packages:${PYTHONPATH} /usr/bin/python3 -W ignore:setup.py install is deprecated -W ignore:easy_install command is deprecated setup.py egg_info --egg-base ../../build/object_avoidance build --build-base /home/cewan/Automated-Tour-Car/ws_lidar/build/object_avoidance/build install --record /home/cewan/Automated-Tour-Car/ws_lidar/build/object_avoidance/install.log --single-version-externally-managed install_data
