[0.676s] DEBUG:colcon:Command line arguments: ['/usr/bin/colcon', 'build']
[0.676s] DEBUG:colcon:Parsed command line arguments: Namespace(log_base=None, log_level=None, verb_name='build', build_base='build', install_base='install', merge_install=False, symlink_install=False, test_result_base=None, continue_on_error=False, executor='parallel', parallel_workers=4, event_handlers=None, ignore_user_meta=False, metas=['./colcon.meta'], base_paths=['.'], packages_ignore=None, packages_ignore_regex=None, paths=None, packages_up_to=None, packages_up_to_regex=None, packages_above=None, packages_above_and_dependencies=None, packages_above_depth=None, packages_select_by_dep=None, packages_skip_by_dep=None, packages_skip_up_to=None, packages_select_build_failed=False, packages_skip_build_finished=False, packages_select_test_failures=False, packages_skip_test_passed=False, packages_select=None, packages_skip=None, packages_select_regex=None, packages_skip_regex=None, packages_start=None, packages_end=None, allow_overriding=[], cmake_args=None, cmake_target=None, cmake_target_skip_unavailable=False, cmake_clean_cache=False, cmake_clean_first=False, cmake_force_configure=False, ament_cmake_args=None, catkin_cmake_args=None, catkin_skip_building_tests=False, verb_parser=<colcon_defaults.argument_parser.defaults.DefaultArgumentsDecorator object at 0xffffa2d8f8b0>, verb_extension=<colcon_core.verb.build.BuildVerb object at 0xffffa2f79db0>, main=<bound method BuildVerb.main of <colcon_core.verb.build.BuildVerb object at 0xffffa2f79db0>>)
[1.681s] Level 1:colcon.colcon_core.package_discovery:discover_packages(colcon_meta) check parameters
[1.681s] Level 1:colcon.colcon_core.package_discovery:discover_packages(recursive) check parameters
[1.681s] Level 1:colcon.colcon_core.package_discovery:discover_packages(ignore) check parameters
[1.681s] Level 1:colcon.colcon_core.package_discovery:discover_packages(path) check parameters
[1.681s] Level 1:colcon.colcon_core.package_discovery:discover_packages(colcon_meta) discover
[1.682s] Level 1:colcon.colcon_core.package_discovery:discover_packages(recursive) discover
[1.682s] INFO:colcon.colcon_core.package_discovery:Crawling recursively for packages in '/home/cewan/Automated-Tour-Car/ws_lidar'
[1.682s] Level 1:colcon.colcon_core.package_identification:_identify(.) by extensions ['ignore', 'ignore_ament_install']
[1.683s] Level 1:colcon.colcon_core.package_identification:_identify(.) by extension 'ignore'
[1.683s] Level 1:colcon.colcon_core.package_identification:_identify(.) by extension 'ignore_ament_install'
[1.683s] Level 1:colcon.colcon_core.package_identification:_identify(.) by extensions ['colcon_pkg']
[1.683s] Level 1:colcon.colcon_core.package_identification:_identify(.) by extension 'colcon_pkg'
[1.683s] Level 1:colcon.colcon_core.package_identification:_identify(.) by extensions ['colcon_meta']
[1.684s] Level 1:colcon.colcon_core.package_identification:_identify(.) by extension 'colcon_meta'
[1.684s] Level 1:colcon.colcon_core.package_identification:_identify(.) by extensions ['ros']
[1.684s] Level 1:colcon.colcon_core.package_identification:_identify(.) by extension 'ros'
[1.815s] Level 1:colcon.colcon_core.package_identification:_identify(.) by extensions ['cmake', 'python']
[1.815s] Level 1:colcon.colcon_core.package_identification:_identify(.) by extension 'cmake'
[1.815s] Level 1:colcon.colcon_core.package_identification:_identify(.) by extension 'python'
[1.815s] Level 1:colcon.colcon_core.package_identification:_identify(.) by extensions ['python_setup_py']
[1.816s] Level 1:colcon.colcon_core.package_identification:_identify(.) by extension 'python_setup_py'
[1.816s] Level 1:colcon.colcon_core.package_identification:_identify(build) by extensions ['ignore', 'ignore_ament_install']
[1.816s] Level 1:colcon.colcon_core.package_identification:_identify(build) by extension 'ignore'
[1.817s] Level 1:colcon.colcon_core.package_identification:_identify(build) ignored
[1.817s] Level 1:colcon.colcon_core.package_identification:_identify(install) by extensions ['ignore', 'ignore_ament_install']
[1.818s] Level 1:colcon.colcon_core.package_identification:_identify(install) by extension 'ignore'
[1.818s] Level 1:colcon.colcon_core.package_identification:_identify(install) ignored
[1.819s] Level 1:colcon.colcon_core.package_identification:_identify(log) by extensions ['ignore', 'ignore_ament_install']
[1.819s] Level 1:colcon.colcon_core.package_identification:_identify(log) by extension 'ignore'
[1.820s] Level 1:colcon.colcon_core.package_identification:_identify(log) ignored
[1.820s] Level 1:colcon.colcon_core.package_identification:_identify(src) by extensions ['ignore', 'ignore_ament_install']
[1.820s] Level 1:colcon.colcon_core.package_identification:_identify(src) by extension 'ignore'
[1.820s] Level 1:colcon.colcon_core.package_identification:_identify(src) by extension 'ignore_ament_install'
[1.821s] Level 1:colcon.colcon_core.package_identification:_identify(src) by extensions ['colcon_pkg']
[1.821s] Level 1:colcon.colcon_core.package_identification:_identify(src) by extension 'colcon_pkg'
[1.821s] Level 1:colcon.colcon_core.package_identification:_identify(src) by extensions ['colcon_meta']
[1.821s] Level 1:colcon.colcon_core.package_identification:_identify(src) by extension 'colcon_meta'
[1.821s] Level 1:colcon.colcon_core.package_identification:_identify(src) by extensions ['ros']
[1.821s] Level 1:colcon.colcon_core.package_identification:_identify(src) by extension 'ros'
[1.822s] Level 1:colcon.colcon_core.package_identification:_identify(src) by extensions ['cmake', 'python']
[1.822s] Level 1:colcon.colcon_core.package_identification:_identify(src) by extension 'cmake'
[1.822s] Level 1:colcon.colcon_core.package_identification:_identify(src) by extension 'python'
[1.822s] Level 1:colcon.colcon_core.package_identification:_identify(src) by extensions ['python_setup_py']
[1.822s] Level 1:colcon.colcon_core.package_identification:_identify(src) by extension 'python_setup_py'
[1.823s] Level 1:colcon.colcon_core.package_identification:_identify(src/lidar) by extensions ['ignore', 'ignore_ament_install']
[1.823s] Level 1:colcon.colcon_core.package_identification:_identify(src/lidar) by extension 'ignore'
[1.824s] Level 1:colcon.colcon_core.package_identification:_identify(src/lidar) by extension 'ignore_ament_install'
[1.824s] Level 1:colcon.colcon_core.package_identification:_identify(src/lidar) by extensions ['colcon_pkg']
[1.824s] Level 1:colcon.colcon_core.package_identification:_identify(src/lidar) by extension 'colcon_pkg'
[1.824s] Level 1:colcon.colcon_core.package_identification:_identify(src/lidar) by extensions ['colcon_meta']
[1.824s] Level 1:colcon.colcon_core.package_identification:_identify(src/lidar) by extension 'colcon_meta'
[1.825s] Level 1:colcon.colcon_core.package_identification:_identify(src/lidar) by extensions ['ros']
[1.825s] Level 1:colcon.colcon_core.package_identification:_identify(src/lidar) by extension 'ros'
[1.833s] DEBUG:colcon.colcon_core.package_identification:Package 'src/lidar' with type 'ros.ament_python' and name 'lidar'
[1.834s] Level 1:colcon.colcon_core.package_identification:_identify(src/object_avoidance) by extensions ['ignore', 'ignore_ament_install']
[1.834s] Level 1:colcon.colcon_core.package_identification:_identify(src/object_avoidance) by extension 'ignore'
[1.835s] Level 1:colcon.colcon_core.package_identification:_identify(src/object_avoidance) by extension 'ignore_ament_install'
[1.835s] Level 1:colcon.colcon_core.package_identification:_identify(src/object_avoidance) by extensions ['colcon_pkg']
[1.835s] Level 1:colcon.colcon_core.package_identification:_identify(src/object_avoidance) by extension 'colcon_pkg'
[1.835s] Level 1:colcon.colcon_core.package_identification:_identify(src/object_avoidance) by extensions ['colcon_meta']
[1.835s] Level 1:colcon.colcon_core.package_identification:_identify(src/object_avoidance) by extension 'colcon_meta'
[1.835s] Level 1:colcon.colcon_core.package_identification:_identify(src/object_avoidance) by extensions ['ros']
[1.836s] Level 1:colcon.colcon_core.package_identification:_identify(src/object_avoidance) by extension 'ros'
[1.838s] DEBUG:colcon.colcon_core.package_identification:Package 'src/object_avoidance' with type 'ros.ament_python' and name 'object_avoidance'
[1.838s] Level 1:colcon.colcon_core.package_identification:_identify(src/sllidar_ros2) by extensions ['ignore', 'ignore_ament_install']
[1.839s] Level 1:colcon.colcon_core.package_identification:_identify(src/sllidar_ros2) by extension 'ignore'
[1.839s] Level 1:colcon.colcon_core.package_identification:_identify(src/sllidar_ros2) by extension 'ignore_ament_install'
[1.839s] Level 1:colcon.colcon_core.package_identification:_identify(src/sllidar_ros2) by extensions ['colcon_pkg']
[1.839s] Level 1:colcon.colcon_core.package_identification:_identify(src/sllidar_ros2) by extension 'colcon_pkg'
[1.840s] Level 1:colcon.colcon_core.package_identification:_identify(src/sllidar_ros2) by extensions ['colcon_meta']
[1.840s] Level 1:colcon.colcon_core.package_identification:_identify(src/sllidar_ros2) by extension 'colcon_meta'
[1.840s] Level 1:colcon.colcon_core.package_identification:_identify(src/sllidar_ros2) by extensions ['ros']
[1.840s] Level 1:colcon.colcon_core.package_identification:_identify(src/sllidar_ros2) by extension 'ros'
[1.843s] DEBUG:colcon.colcon_core.package_identification:Package 'src/sllidar_ros2' with type 'ros.ament_cmake' and name 'sllidar_ros2'
[1.843s] Level 1:colcon.colcon_core.package_discovery:discover_packages(recursive) using defaults
[1.843s] Level 1:colcon.colcon_core.package_discovery:discover_packages(ignore) discover
[1.843s] Level 1:colcon.colcon_core.package_discovery:discover_packages(ignore) using defaults
[1.843s] Level 1:colcon.colcon_core.package_discovery:discover_packages(path) discover
[1.843s] Level 1:colcon.colcon_core.package_discovery:discover_packages(path) using defaults
[1.936s] Level 1:colcon.colcon_core.package_discovery:discover_packages(prefix_path) check parameters
[1.937s] Level 1:colcon.colcon_core.package_discovery:discover_packages(prefix_path) discover
[1.951s] DEBUG:colcon.colcon_installed_package_information.package_discovery:Found 3 installed packages in /home/cewan/Automated-Tour-Car/ws_lidar/install
[1.961s] DEBUG:colcon.colcon_installed_package_information.package_discovery:Found 287 installed packages in /opt/ros/humble
[1.971s] Level 1:colcon.colcon_core.package_discovery:discover_packages(prefix_path) using defaults
[2.169s] Level 5:colcon.colcon_core.verb:set package 'lidar' build argument 'cmake_args' from command line to 'None'
[2.170s] Level 5:colcon.colcon_core.verb:set package 'lidar' build argument 'cmake_target' from command line to 'None'
[2.170s] Level 5:colcon.colcon_core.verb:set package 'lidar' build argument 'cmake_target_skip_unavailable' from command line to 'False'
[2.170s] Level 5:colcon.colcon_core.verb:set package 'lidar' build argument 'cmake_clean_cache' from command line to 'False'
[2.170s] Level 5:colcon.colcon_core.verb:set package 'lidar' build argument 'cmake_clean_first' from command line to 'False'
[2.170s] Level 5:colcon.colcon_core.verb:set package 'lidar' build argument 'cmake_force_configure' from command line to 'False'
[2.170s] Level 5:colcon.colcon_core.verb:set package 'lidar' build argument 'ament_cmake_args' from command line to 'None'
[2.171s] Level 5:colcon.colcon_core.verb:set package 'lidar' build argument 'catkin_cmake_args' from command line to 'None'
[2.171s] Level 5:colcon.colcon_core.verb:set package 'lidar' build argument 'catkin_skip_building_tests' from command line to 'False'
[2.171s] DEBUG:colcon.colcon_core.verb:Building package 'lidar' with the following arguments: {'ament_cmake_args': None, 'build_base': '/home/cewan/Automated-Tour-Car/ws_lidar/build/lidar', 'catkin_cmake_args': None, 'catkin_skip_building_tests': False, 'cmake_args': None, 'cmake_clean_cache': False, 'cmake_clean_first': False, 'cmake_force_configure': False, 'cmake_target': None, 'cmake_target_skip_unavailable': False, 'install_base': '/home/cewan/Automated-Tour-Car/ws_lidar/install/lidar', 'merge_install': False, 'path': '/home/cewan/Automated-Tour-Car/ws_lidar/src/lidar', 'symlink_install': False, 'test_result_base': None}
[2.173s] Level 5:colcon.colcon_core.verb:set package 'object_avoidance' build argument 'cmake_args' from command line to 'None'
[2.173s] Level 5:colcon.colcon_core.verb:set package 'object_avoidance' build argument 'cmake_target' from command line to 'None'
[2.173s] Level 5:colcon.colcon_core.verb:set package 'object_avoidance' build argument 'cmake_target_skip_unavailable' from command line to 'False'
[2.173s] Level 5:colcon.colcon_core.verb:set package 'object_avoidance' build argument 'cmake_clean_cache' from command line to 'False'
[2.173s] Level 5:colcon.colcon_core.verb:set package 'object_avoidance' build argument 'cmake_clean_first' from command line to 'False'
[2.173s] Level 5:colcon.colcon_core.verb:set package 'object_avoidance' build argument 'cmake_force_configure' from command line to 'False'
[2.173s] Level 5:colcon.colcon_core.verb:set package 'object_avoidance' build argument 'ament_cmake_args' from command line to 'None'
[2.174s] Level 5:colcon.colcon_core.verb:set package 'object_avoidance' build argument 'catkin_cmake_args' from command line to 'None'
[2.174s] Level 5:colcon.colcon_core.verb:set package 'object_avoidance' build argument 'catkin_skip_building_tests' from command line to 'False'
[2.174s] DEBUG:colcon.colcon_core.verb:Building package 'object_avoidance' with the following arguments: {'ament_cmake_args': None, 'build_base': '/home/cewan/Automated-Tour-Car/ws_lidar/build/object_avoidance', 'catkin_cmake_args': None, 'catkin_skip_building_tests': False, 'cmake_args': None, 'cmake_clean_cache': False, 'cmake_clean_first': False, 'cmake_force_configure': False, 'cmake_target': None, 'cmake_target_skip_unavailable': False, 'install_base': '/home/cewan/Automated-Tour-Car/ws_lidar/install/object_avoidance', 'merge_install': False, 'path': '/home/cewan/Automated-Tour-Car/ws_lidar/src/object_avoidance', 'symlink_install': False, 'test_result_base': None}
[2.175s] Level 5:colcon.colcon_core.verb:set package 'sllidar_ros2' build argument 'cmake_args' from command line to 'None'
[2.176s] Level 5:colcon.colcon_core.verb:set package 'sllidar_ros2' build argument 'cmake_target' from command line to 'None'
[2.176s] Level 5:colcon.colcon_core.verb:set package 'sllidar_ros2' build argument 'cmake_target_skip_unavailable' from command line to 'False'
[2.176s] Level 5:colcon.colcon_core.verb:set package 'sllidar_ros2' build argument 'cmake_clean_cache' from command line to 'False'
[2.176s] Level 5:colcon.colcon_core.verb:set package 'sllidar_ros2' build argument 'cmake_clean_first' from command line to 'False'
[2.176s] Level 5:colcon.colcon_core.verb:set package 'sllidar_ros2' build argument 'cmake_force_configure' from command line to 'False'
[2.176s] Level 5:colcon.colcon_core.verb:set package 'sllidar_ros2' build argument 'ament_cmake_args' from command line to 'None'
[2.177s] Level 5:colcon.colcon_core.verb:set package 'sllidar_ros2' build argument 'catkin_cmake_args' from command line to 'None'
[2.177s] Level 5:colcon.colcon_core.verb:set package 'sllidar_ros2' build argument 'catkin_skip_building_tests' from command line to 'False'
[2.177s] DEBUG:colcon.colcon_core.verb:Building package 'sllidar_ros2' with the following arguments: {'ament_cmake_args': None, 'build_base': '/home/cewan/Automated-Tour-Car/ws_lidar/build/sllidar_ros2', 'catkin_cmake_args': None, 'catkin_skip_building_tests': False, 'cmake_args': None, 'cmake_clean_cache': False, 'cmake_clean_first': False, 'cmake_force_configure': False, 'cmake_target': None, 'cmake_target_skip_unavailable': False, 'install_base': '/home/cewan/Automated-Tour-Car/ws_lidar/install/sllidar_ros2', 'merge_install': False, 'path': '/home/cewan/Automated-Tour-Car/ws_lidar/src/sllidar_ros2', 'symlink_install': False, 'test_result_base': None}
[2.178s] INFO:colcon.colcon_core.executor:Executing jobs using 'parallel' executor
[2.182s] DEBUG:colcon.colcon_parallel_executor.executor.parallel:run_until_complete
[2.183s] INFO:colcon.colcon_ros.task.ament_python.build:Building ROS package in '/home/cewan/Automated-Tour-Car/ws_lidar/src/lidar' with build type 'ament_python'
[2.184s] Level 1:colcon.colcon_core.shell:create_environment_hook('lidar', 'ament_prefix_path')
[2.198s] INFO:colcon.colcon_core.plugin_system:Skipping extension 'colcon_core.shell.bat': Not used on non-Windows systems
[2.199s] INFO:colcon.colcon_core.shell:Creating environment hook '/home/cewan/Automated-Tour-Car/ws_lidar/install/lidar/share/lidar/hook/ament_prefix_path.ps1'
[2.202s] INFO:colcon.colcon_core.shell:Creating environment descriptor '/home/cewan/Automated-Tour-Car/ws_lidar/install/lidar/share/lidar/hook/ament_prefix_path.dsv'
[2.205s] INFO:colcon.colcon_core.shell:Creating environment hook '/home/cewan/Automated-Tour-Car/ws_lidar/install/lidar/share/lidar/hook/ament_prefix_path.sh'
[2.210s] INFO:colcon.colcon_core.shell:Skip shell extension 'powershell' for command environment: Not usable outside of PowerShell
[2.210s] DEBUG:colcon.colcon_core.shell:Skip shell extension 'dsv' for command environment
[2.234s] INFO:colcon.colcon_ros.task.ament_python.build:Building ROS package in '/home/cewan/Automated-Tour-Car/ws_lidar/src/object_avoidance' with build type 'ament_python'
[2.234s] Level 1:colcon.colcon_core.shell:create_environment_hook('object_avoidance', 'ament_prefix_path')
[2.236s] INFO:colcon.colcon_core.shell:Creating environment hook '/home/cewan/Automated-Tour-Car/ws_lidar/install/object_avoidance/share/object_avoidance/hook/ament_prefix_path.ps1'
[2.239s] INFO:colcon.colcon_core.shell:Creating environment descriptor '/home/cewan/Automated-Tour-Car/ws_lidar/install/object_avoidance/share/object_avoidance/hook/ament_prefix_path.dsv'
[2.241s] INFO:colcon.colcon_core.shell:Creating environment hook '/home/cewan/Automated-Tour-Car/ws_lidar/install/object_avoidance/share/object_avoidance/hook/ament_prefix_path.sh'
[2.245s] INFO:colcon.colcon_core.shell:Skip shell extension 'powershell' for command environment: Not usable outside of PowerShell
[2.246s] DEBUG:colcon.colcon_core.shell:Skip shell extension 'dsv' for command environment
[2.269s] INFO:colcon.colcon_ros.task.ament_cmake.build:Building ROS package in '/home/cewan/Automated-Tour-Car/ws_lidar/src/sllidar_ros2' with build type 'ament_cmake'
[2.271s] INFO:colcon.colcon_cmake.task.cmake.build:Building CMake package in '/home/cewan/Automated-Tour-Car/ws_lidar/src/sllidar_ros2'
[2.272s] INFO:colcon.colcon_core.shell:Skip shell extension 'powershell' for command environment: Not usable outside of PowerShell
[2.272s] DEBUG:colcon.colcon_core.shell:Skip shell extension 'dsv' for command environment
[4.096s] INFO:colcon.colcon_core.task.python.build:Building Python package in '/home/cewan/Automated-Tour-Car/ws_lidar/src/lidar'
[4.097s] INFO:colcon.colcon_core.shell:Skip shell extension 'powershell' for command environment: Not usable outside of PowerShell
[4.097s] DEBUG:colcon.colcon_core.shell:Skip shell extension 'dsv' for command environment
[5.843s] INFO:colcon.colcon_core.task.python.build:Building Python package in '/home/cewan/Automated-Tour-Car/ws_lidar/src/object_avoidance'
[5.845s] INFO:colcon.colcon_core.shell:Skip shell extension 'powershell' for command environment: Not usable outside of PowerShell
[5.845s] DEBUG:colcon.colcon_core.shell:Skip shell extension 'dsv' for command environment
[5.882s] DEBUG:colcon.colcon_core.event_handler.log_command:Invoking command in '/home/cewan/Automated-Tour-Car/ws_lidar/build/sllidar_ros2': CMAKE_PREFIX_PATH=${CMAKE_PREFIX_PATH}:/home/cewan/Automated-Tour-Car/ws_lidar/install/object_avoidance:/home/cewan/Automated-Tour-Car/ws_lidar/install/lidar:/opt/ros/humble /usr/bin/cmake --build /home/cewan/Automated-Tour-Car/ws_lidar/build/sllidar_ros2 -- -j4 -l4
[6.909s] DEBUG:colcon.colcon_core.event_handler.log_command:Invoked command in '/home/cewan/Automated-Tour-Car/ws_lidar/build/sllidar_ros2' returned '0': CMAKE_PREFIX_PATH=${CMAKE_PREFIX_PATH}:/home/cewan/Automated-Tour-Car/ws_lidar/install/object_avoidance:/home/cewan/Automated-Tour-Car/ws_lidar/install/lidar:/opt/ros/humble /usr/bin/cmake --build /home/cewan/Automated-Tour-Car/ws_lidar/build/sllidar_ros2 -- -j4 -l4
[7.011s] DEBUG:colcon.colcon_core.event_handler.log_command:Invoking command in '/home/cewan/Automated-Tour-Car/ws_lidar/build/sllidar_ros2': CMAKE_PREFIX_PATH=${CMAKE_PREFIX_PATH}:/home/cewan/Automated-Tour-Car/ws_lidar/install/object_avoidance:/home/cewan/Automated-Tour-Car/ws_lidar/install/lidar:/opt/ros/humble /usr/bin/cmake --install /home/cewan/Automated-Tour-Car/ws_lidar/build/sllidar_ros2
[7.332s] Level 1:colcon.colcon_core.environment:create_environment_scripts_only(sllidar_ros2)
[7.337s] DEBUG:colcon.colcon_core.event_handler.log_command:Invoked command in '/home/cewan/Automated-Tour-Car/ws_lidar/build/sllidar_ros2' returned '0': CMAKE_PREFIX_PATH=${CMAKE_PREFIX_PATH}:/home/cewan/Automated-Tour-Car/ws_lidar/install/object_avoidance:/home/cewan/Automated-Tour-Car/ws_lidar/install/lidar:/opt/ros/humble /usr/bin/cmake --install /home/cewan/Automated-Tour-Car/ws_lidar/build/sllidar_ros2
[7.365s] Level 1:colcon.colcon_core.environment:checking '/home/cewan/Automated-Tour-Car/ws_lidar/install/sllidar_ros2' for CMake module files
[7.374s] Level 1:colcon.colcon_core.environment:checking '/home/cewan/Automated-Tour-Car/ws_lidar/install/sllidar_ros2' for CMake config files
[7.381s] Level 1:colcon.colcon_core.shell:create_environment_hook('sllidar_ros2', 'cmake_prefix_path')
[7.382s] INFO:colcon.colcon_core.shell:Creating environment hook '/home/cewan/Automated-Tour-Car/ws_lidar/install/sllidar_ros2/share/sllidar_ros2/hook/cmake_prefix_path.ps1'
[7.396s] INFO:colcon.colcon_core.shell:Creating environment descriptor '/home/cewan/Automated-Tour-Car/ws_lidar/install/sllidar_ros2/share/sllidar_ros2/hook/cmake_prefix_path.dsv'
[7.404s] INFO:colcon.colcon_core.shell:Creating environment hook '/home/cewan/Automated-Tour-Car/ws_lidar/install/sllidar_ros2/share/sllidar_ros2/hook/cmake_prefix_path.sh'
[7.409s] Level 1:colcon.colcon_core.environment:checking '/home/cewan/Automated-Tour-Car/ws_lidar/install/sllidar_ros2/lib'
[7.410s] Level 1:colcon.colcon_core.environment:checking '/home/cewan/Automated-Tour-Car/ws_lidar/install/sllidar_ros2/bin'
[7.411s] Level 1:colcon.colcon_core.environment:checking '/home/cewan/Automated-Tour-Car/ws_lidar/install/sllidar_ros2/lib/pkgconfig/sllidar_ros2.pc'
[7.412s] Level 1:colcon.colcon_core.environment:checking '/home/cewan/Automated-Tour-Car/ws_lidar/install/sllidar_ros2/lib/python3.10/site-packages'
[7.414s] Level 1:colcon.colcon_core.environment:checking '/home/cewan/Automated-Tour-Car/ws_lidar/install/sllidar_ros2/bin'
[7.415s] INFO:colcon.colcon_core.shell:Creating package script '/home/cewan/Automated-Tour-Car/ws_lidar/install/sllidar_ros2/share/sllidar_ros2/package.ps1'
[7.420s] INFO:colcon.colcon_core.shell:Creating package descriptor '/home/cewan/Automated-Tour-Car/ws_lidar/install/sllidar_ros2/share/sllidar_ros2/package.dsv'
[7.423s] INFO:colcon.colcon_core.shell:Creating package script '/home/cewan/Automated-Tour-Car/ws_lidar/install/sllidar_ros2/share/sllidar_ros2/package.sh'
[7.428s] INFO:colcon.colcon_core.shell:Creating package script '/home/cewan/Automated-Tour-Car/ws_lidar/install/sllidar_ros2/share/sllidar_ros2/package.bash'
[7.432s] INFO:colcon.colcon_core.shell:Creating package script '/home/cewan/Automated-Tour-Car/ws_lidar/install/sllidar_ros2/share/sllidar_ros2/package.zsh'
[7.437s] Level 1:colcon.colcon_core.environment:create_file_with_runtime_dependencies(/home/cewan/Automated-Tour-Car/ws_lidar/install/sllidar_ros2/share/colcon-core/packages/sllidar_ros2)
[7.443s] Level 1:colcon.colcon_core.environment:create_environment_scripts_only(sllidar_ros2)
[7.444s] Level 1:colcon.colcon_core.environment:checking '/home/cewan/Automated-Tour-Car/ws_lidar/install/sllidar_ros2' for CMake module files
[7.449s] Level 1:colcon.colcon_core.environment:checking '/home/cewan/Automated-Tour-Car/ws_lidar/install/sllidar_ros2' for CMake config files
[7.462s] Level 1:colcon.colcon_core.shell:create_environment_hook('sllidar_ros2', 'cmake_prefix_path')
[7.463s] INFO:colcon.colcon_core.shell:Creating environment hook '/home/cewan/Automated-Tour-Car/ws_lidar/install/sllidar_ros2/share/sllidar_ros2/hook/cmake_prefix_path.ps1'
[7.466s] INFO:colcon.colcon_core.shell:Creating environment descriptor '/home/cewan/Automated-Tour-Car/ws_lidar/install/sllidar_ros2/share/sllidar_ros2/hook/cmake_prefix_path.dsv'
[7.470s] INFO:colcon.colcon_core.shell:Creating environment hook '/home/cewan/Automated-Tour-Car/ws_lidar/install/sllidar_ros2/share/sllidar_ros2/hook/cmake_prefix_path.sh'
[7.474s] Level 1:colcon.colcon_core.environment:checking '/home/cewan/Automated-Tour-Car/ws_lidar/install/sllidar_ros2/lib'
[7.475s] Level 1:colcon.colcon_core.environment:checking '/home/cewan/Automated-Tour-Car/ws_lidar/install/sllidar_ros2/bin'
[7.475s] Level 1:colcon.colcon_core.environment:checking '/home/cewan/Automated-Tour-Car/ws_lidar/install/sllidar_ros2/lib/pkgconfig/sllidar_ros2.pc'
[7.477s] Level 1:colcon.colcon_core.environment:checking '/home/cewan/Automated-Tour-Car/ws_lidar/install/sllidar_ros2/lib/python3.10/site-packages'
[7.478s] Level 1:colcon.colcon_core.environment:checking '/home/cewan/Automated-Tour-Car/ws_lidar/install/sllidar_ros2/bin'
[7.480s] INFO:colcon.colcon_core.shell:Creating package script '/home/cewan/Automated-Tour-Car/ws_lidar/install/sllidar_ros2/share/sllidar_ros2/package.ps1'
[7.483s] INFO:colcon.colcon_core.shell:Creating package descriptor '/home/cewan/Automated-Tour-Car/ws_lidar/install/sllidar_ros2/share/sllidar_ros2/package.dsv'
[7.487s] INFO:colcon.colcon_core.shell:Creating package script '/home/cewan/Automated-Tour-Car/ws_lidar/install/sllidar_ros2/share/sllidar_ros2/package.sh'
[7.490s] INFO:colcon.colcon_core.shell:Creating package script '/home/cewan/Automated-Tour-Car/ws_lidar/install/sllidar_ros2/share/sllidar_ros2/package.bash'
[7.494s] INFO:colcon.colcon_core.shell:Creating package script '/home/cewan/Automated-Tour-Car/ws_lidar/install/sllidar_ros2/share/sllidar_ros2/package.zsh'
[7.497s] Level 1:colcon.colcon_core.environment:create_file_with_runtime_dependencies(/home/cewan/Automated-Tour-Car/ws_lidar/install/sllidar_ros2/share/colcon-core/packages/sllidar_ros2)
[8.912s] DEBUG:colcon.colcon_core.event_handler.log_command:Invoking command in '/home/cewan/Automated-Tour-Car/ws_lidar/src/lidar': PYTHONPATH=/home/cewan/Automated-Tour-Car/ws_lidar/build/lidar/prefix_override:/usr/lib/python3/dist-packages/colcon_core/task/python/colcon_distutils_commands:/home/cewan/Automated-Tour-Car/ws_lidar/install/lidar/lib/python3.10/site-packages:${PYTHONPATH} /usr/bin/python3 -W ignore:setup.py install is deprecated -W ignore:easy_install command is deprecated setup.py egg_info --egg-base ../../build/lidar build --build-base /home/cewan/Automated-Tour-Car/ws_lidar/build/lidar/build install --record /home/cewan/Automated-Tour-Car/ws_lidar/build/lidar/install.log --single-version-externally-managed install_data
[9.627s] DEBUG:colcon.colcon_core.event_handler.log_command:Invoking command in '/home/cewan/Automated-Tour-Car/ws_lidar/src/object_avoidance': PYTHONPATH=/home/cewan/Automated-Tour-Car/ws_lidar/build/object_avoidance/prefix_override:/usr/lib/python3/dist-packages/colcon_core/task/python/colcon_distutils_commands:/home/cewan/Automated-Tour-Car/ws_lidar/install/object_avoidance/lib/python3.10/site-packages:${PYTHONPATH} /usr/bin/python3 -W ignore:setup.py install is deprecated -W ignore:easy_install command is deprecated setup.py egg_info --egg-base ../../build/object_avoidance build --build-base /home/cewan/Automated-Tour-Car/ws_lidar/build/object_avoidance/build install --record /home/cewan/Automated-Tour-Car/ws_lidar/build/object_avoidance/install.log --single-version-externally-managed install_data
[11.607s] Level 1:colcon.colcon_core.environment:checking '/home/cewan/Automated-Tour-Car/ws_lidar/install/lidar' for CMake module files
[11.612s] DEBUG:colcon.colcon_core.event_handler.log_command:Invoked command in '/home/cewan/Automated-Tour-Car/ws_lidar/src/lidar' returned '0': PYTHONPATH=/home/cewan/Automated-Tour-Car/ws_lidar/build/lidar/prefix_override:/usr/lib/python3/dist-packages/colcon_core/task/python/colcon_distutils_commands:/home/cewan/Automated-Tour-Car/ws_lidar/install/lidar/lib/python3.10/site-packages:${PYTHONPATH} /usr/bin/python3 -W ignore:setup.py install is deprecated -W ignore:easy_install command is deprecated setup.py egg_info --egg-base ../../build/lidar build --build-base /home/cewan/Automated-Tour-Car/ws_lidar/build/lidar/build install --record /home/cewan/Automated-Tour-Car/ws_lidar/build/lidar/install.log --single-version-externally-managed install_data
[11.614s] Level 1:colcon.colcon_core.environment:checking '/home/cewan/Automated-Tour-Car/ws_lidar/install/lidar' for CMake config files
[11.620s] Level 1:colcon.colcon_core.environment:checking '/home/cewan/Automated-Tour-Car/ws_lidar/install/lidar/lib'
[11.622s] Level 1:colcon.colcon_core.environment:checking '/home/cewan/Automated-Tour-Car/ws_lidar/install/lidar/bin'
[11.623s] Level 1:colcon.colcon_core.environment:checking '/home/cewan/Automated-Tour-Car/ws_lidar/install/lidar/lib/pkgconfig/lidar.pc'
[11.624s] Level 1:colcon.colcon_core.environment:checking '/home/cewan/Automated-Tour-Car/ws_lidar/install/lidar/lib/python3.10/site-packages'
[11.625s] Level 1:colcon.colcon_core.shell:create_environment_hook('lidar', 'pythonpath')
[11.629s] INFO:colcon.colcon_core.shell:Creating environment hook '/home/cewan/Automated-Tour-Car/ws_lidar/install/lidar/share/lidar/hook/pythonpath.ps1'
[11.635s] INFO:colcon.colcon_core.shell:Creating environment descriptor '/home/cewan/Automated-Tour-Car/ws_lidar/install/lidar/share/lidar/hook/pythonpath.dsv'
[11.639s] INFO:colcon.colcon_core.shell:Creating environment hook '/home/cewan/Automated-Tour-Car/ws_lidar/install/lidar/share/lidar/hook/pythonpath.sh'
[11.646s] Level 1:colcon.colcon_core.environment:checking '/home/cewan/Automated-Tour-Car/ws_lidar/install/lidar/bin'
[11.646s] Level 1:colcon.colcon_core.environment:create_environment_scripts_only(lidar)
[11.652s] INFO:colcon.colcon_core.shell:Creating package script '/home/cewan/Automated-Tour-Car/ws_lidar/install/lidar/share/lidar/package.ps1'
[11.657s] INFO:colcon.colcon_core.shell:Creating package descriptor '/home/cewan/Automated-Tour-Car/ws_lidar/install/lidar/share/lidar/package.dsv'
[11.665s] INFO:colcon.colcon_core.shell:Creating package script '/home/cewan/Automated-Tour-Car/ws_lidar/install/lidar/share/lidar/package.sh'
[11.674s] INFO:colcon.colcon_core.shell:Creating package script '/home/cewan/Automated-Tour-Car/ws_lidar/install/lidar/share/lidar/package.bash'
[11.679s] INFO:colcon.colcon_core.shell:Creating package script '/home/cewan/Automated-Tour-Car/ws_lidar/install/lidar/share/lidar/package.zsh'
[11.686s] Level 1:colcon.colcon_core.environment:create_file_with_runtime_dependencies(/home/cewan/Automated-Tour-Car/ws_lidar/install/lidar/share/colcon-core/packages/lidar)
[12.665s] Level 1:colcon.colcon_core.environment:checking '/home/cewan/Automated-Tour-Car/ws_lidar/install/object_avoidance' for CMake module files
[12.667s] DEBUG:colcon.colcon_core.event_handler.log_command:Invoked command in '/home/cewan/Automated-Tour-Car/ws_lidar/src/object_avoidance' returned '0': PYTHONPATH=/home/cewan/Automated-Tour-Car/ws_lidar/build/object_avoidance/prefix_override:/usr/lib/python3/dist-packages/colcon_core/task/python/colcon_distutils_commands:/home/cewan/Automated-Tour-Car/ws_lidar/install/object_avoidance/lib/python3.10/site-packages:${PYTHONPATH} /usr/bin/python3 -W ignore:setup.py install is deprecated -W ignore:easy_install command is deprecated setup.py egg_info --egg-base ../../build/object_avoidance build --build-base /home/cewan/Automated-Tour-Car/ws_lidar/build/object_avoidance/build install --record /home/cewan/Automated-Tour-Car/ws_lidar/build/object_avoidance/install.log --single-version-externally-managed install_data
[12.670s] Level 1:colcon.colcon_core.environment:checking '/home/cewan/Automated-Tour-Car/ws_lidar/install/object_avoidance' for CMake config files
[12.675s] Level 1:colcon.colcon_core.environment:checking '/home/cewan/Automated-Tour-Car/ws_lidar/install/object_avoidance/lib'
[12.675s] Level 1:colcon.colcon_core.environment:checking '/home/cewan/Automated-Tour-Car/ws_lidar/install/object_avoidance/bin'
[12.676s] Level 1:colcon.colcon_core.environment:checking '/home/cewan/Automated-Tour-Car/ws_lidar/install/object_avoidance/lib/pkgconfig/object_avoidance.pc'
[12.677s] Level 1:colcon.colcon_core.environment:checking '/home/cewan/Automated-Tour-Car/ws_lidar/install/object_avoidance/lib/python3.10/site-packages'
[12.678s] Level 1:colcon.colcon_core.shell:create_environment_hook('object_avoidance', 'pythonpath')
[12.679s] INFO:colcon.colcon_core.shell:Creating environment hook '/home/cewan/Automated-Tour-Car/ws_lidar/install/object_avoidance/share/object_avoidance/hook/pythonpath.ps1'
[12.682s] INFO:colcon.colcon_core.shell:Creating environment descriptor '/home/cewan/Automated-Tour-Car/ws_lidar/install/object_avoidance/share/object_avoidance/hook/pythonpath.dsv'
[12.684s] INFO:colcon.colcon_core.shell:Creating environment hook '/home/cewan/Automated-Tour-Car/ws_lidar/install/object_avoidance/share/object_avoidance/hook/pythonpath.sh'
[12.688s] Level 1:colcon.colcon_core.environment:checking '/home/cewan/Automated-Tour-Car/ws_lidar/install/object_avoidance/bin'
[12.689s] Level 1:colcon.colcon_core.environment:create_environment_scripts_only(object_avoidance)
[12.698s] INFO:colcon.colcon_core.shell:Creating package script '/home/cewan/Automated-Tour-Car/ws_lidar/install/object_avoidance/share/object_avoidance/package.ps1'
[12.701s] INFO:colcon.colcon_core.shell:Creating package descriptor '/home/cewan/Automated-Tour-Car/ws_lidar/install/object_avoidance/share/object_avoidance/package.dsv'
[12.704s] INFO:colcon.colcon_core.shell:Creating package script '/home/cewan/Automated-Tour-Car/ws_lidar/install/object_avoidance/share/object_avoidance/package.sh'
[12.707s] INFO:colcon.colcon_core.shell:Creating package script '/home/cewan/Automated-Tour-Car/ws_lidar/install/object_avoidance/share/object_avoidance/package.bash'
[12.710s] INFO:colcon.colcon_core.shell:Creating package script '/home/cewan/Automated-Tour-Car/ws_lidar/install/object_avoidance/share/object_avoidance/package.zsh'
[12.728s] Level 1:colcon.colcon_core.environment:create_file_with_runtime_dependencies(/home/cewan/Automated-Tour-Car/ws_lidar/install/object_avoidance/share/colcon-core/packages/object_avoidance)
[12.732s] DEBUG:colcon.colcon_parallel_executor.executor.parallel:closing loop
[12.733s] DEBUG:colcon.colcon_parallel_executor.executor.parallel:loop closed
[12.734s] DEBUG:colcon.colcon_parallel_executor.executor.parallel:run_until_complete finished with '0'
[12.735s] DEBUG:colcon.colcon_core.event_reactor:joining thread
[12.781s] INFO:colcon.colcon_core.plugin_system:Skipping extension 'colcon_notification.desktop_notification.terminal_notifier': Not used on non-Darwin systems
[12.781s] INFO:colcon.colcon_core.plugin_system:Skipping extension 'colcon_notification.desktop_notification.win32': Not used on non-Windows systems
[12.781s] INFO:colcon.colcon_notification.desktop_notification:Sending desktop notification using 'notify2'
[12.790s] DEBUG:colcon.colcon_notification.desktop_notification.notify2:Failed to initialize notify2: org.freedesktop.DBus.Error.ServiceUnknown: The name org.freedesktop.Notifications was not provided by any .service files
[12.790s] DEBUG:colcon.colcon_core.event_reactor:joined thread
[12.792s] INFO:colcon.colcon_core.shell:Creating prefix script '/home/cewan/Automated-Tour-Car/ws_lidar/install/local_setup.ps1'
[12.798s] INFO:colcon.colcon_core.shell:Creating prefix util module '/home/cewan/Automated-Tour-Car/ws_lidar/install/_local_setup_util_ps1.py'
[12.810s] INFO:colcon.colcon_core.shell:Creating prefix chain script '/home/cewan/Automated-Tour-Car/ws_lidar/install/setup.ps1'
[12.817s] INFO:colcon.colcon_core.shell:Creating prefix script '/home/cewan/Automated-Tour-Car/ws_lidar/install/local_setup.sh'
[12.821s] INFO:colcon.colcon_core.shell:Creating prefix util module '/home/cewan/Automated-Tour-Car/ws_lidar/install/_local_setup_util_sh.py'
[12.826s] INFO:colcon.colcon_core.shell:Creating prefix chain script '/home/cewan/Automated-Tour-Car/ws_lidar/install/setup.sh'
[12.836s] INFO:colcon.colcon_core.shell:Creating prefix script '/home/cewan/Automated-Tour-Car/ws_lidar/install/local_setup.bash'
[12.840s] INFO:colcon.colcon_core.shell:Creating prefix chain script '/home/cewan/Automated-Tour-Car/ws_lidar/install/setup.bash'
[12.847s] INFO:colcon.colcon_core.shell:Creating prefix script '/home/cewan/Automated-Tour-Car/ws_lidar/install/local_setup.zsh'
[12.850s] INFO:colcon.colcon_core.shell:Creating prefix chain script '/home/cewan/Automated-Tour-Car/ws_lidar/install/setup.zsh'
