[3.382s] Invoking command in '/home/cewan/Automated-Tour-Car/ws_lidar/src/teleop_control': PYTHONPATH=/home/cewan/Automated-Tour-Car/ws_lidar/build/teleop_control/prefix_override:/usr/lib/python3/dist-packages/colcon_core/task/python/colcon_distutils_commands:/home/cewan/Automated-Tour-Car/ws_lidar/install/teleop_control/lib/python3.10/site-packages:${PYTHONPATH} /usr/bin/python3 -W ignore:setup.py install is deprecated -W ignore:easy_install command is deprecated setup.py egg_info --egg-base ../../build/teleop_control build --build-base /home/cewan/Automated-Tour-Car/ws_lidar/build/teleop_control/build install --record /home/cewan/Automated-Tour-Car/ws_lidar/build/teleop_control/install.log --single-version-externally-managed install_data
[4.850s] running egg_info
[4.853s] writing ../../build/teleop_control/teleop_control.egg-info/PKG-INFO
[4.854s] writing dependency_links to ../../build/teleop_control/teleop_control.egg-info/dependency_links.txt
[4.855s] writing entry points to ../../build/teleop_control/teleop_control.egg-info/entry_points.txt
[4.856s] writing requirements to ../../build/teleop_control/teleop_control.egg-info/requires.txt
[4.857s] writing top-level names to ../../build/teleop_control/teleop_control.egg-info/top_level.txt
[4.865s] reading manifest file '../../build/teleop_control/teleop_control.egg-info/SOURCES.txt'
[4.869s] writing manifest file '../../build/teleop_control/teleop_control.egg-info/SOURCES.txt'
[4.870s] running build
[4.870s] running build_py
[4.871s] copying teleop_control/motor_control.py -> /home/cewan/Automated-Tour-Car/ws_lidar/build/teleop_control/build/lib/teleop_control
[4.872s] copying teleop_control/teleop.py -> /home/cewan/Automated-Tour-Car/ws_lidar/build/teleop_control/build/lib/teleop_control
[4.874s] running install
[4.875s] running install_lib
[4.884s] copying /home/cewan/Automated-Tour-Car/ws_lidar/build/teleop_control/build/lib/teleop_control/motor_control.py -> /home/cewan/Automated-Tour-Car/ws_lidar/install/teleop_control/lib/python3.10/site-packages/teleop_control
[4.885s] copying /home/cewan/Automated-Tour-Car/ws_lidar/build/teleop_control/build/lib/teleop_control/teleop.py -> /home/cewan/Automated-Tour-Car/ws_lidar/install/teleop_control/lib/python3.10/site-packages/teleop_control
[4.888s] byte-compiling /home/cewan/Automated-Tour-Car/ws_lidar/install/teleop_control/lib/python3.10/site-packages/teleop_control/motor_control.py to motor_control.cpython-310.pyc
[4.898s] byte-compiling /home/cewan/Automated-Tour-Car/ws_lidar/install/teleop_control/lib/python3.10/site-packages/teleop_control/teleop.py to teleop.cpython-310.pyc
[4.902s] running install_data
[4.902s] running install_egg_info
[4.910s] removing '/home/cewan/Automated-Tour-Car/ws_lidar/install/teleop_control/lib/python3.10/site-packages/teleop_control-0.0.0-py3.10.egg-info' (and everything under it)
[4.912s] Copying ../../build/teleop_control/teleop_control.egg-info to /home/cewan/Automated-Tour-Car/ws_lidar/install/teleop_control/lib/python3.10/site-packages/teleop_control-0.0.0-py3.10.egg-info
[4.919s] running install_scripts
[5.007s] Installing motor_control script to /home/cewan/Automated-Tour-Car/ws_lidar/install/teleop_control/lib/teleop_control
[5.008s] Installing teleop script to /home/cewan/Automated-Tour-Car/ws_lidar/install/teleop_control/lib/teleop_control
[5.010s] writing list of installed files to '/home/cewan/Automated-Tour-Car/ws_lidar/build/teleop_control/install.log'
[5.149s] Invoked command in '/home/cewan/Automated-Tour-Car/ws_lidar/src/teleop_control' returned '0': PYTHONPATH=/home/cewan/Automated-Tour-Car/ws_lidar/build/teleop_control/prefix_override:/usr/lib/python3/dist-packages/colcon_core/task/python/colcon_distutils_commands:/home/cewan/Automated-Tour-Car/ws_lidar/install/teleop_control/lib/python3.10/site-packages:${PYTHONPATH} /usr/bin/python3 -W ignore:setup.py install is deprecated -W ignore:easy_install command is deprecated setup.py egg_info --egg-base ../../build/teleop_control build --build-base /home/cewan/Automated-Tour-Car/ws_lidar/build/teleop_control/build install --record /home/cewan/Automated-Tour-Car/ws_lidar/build/teleop_control/install.log --single-version-externally-managed install_data
