[3.017s] Invoking command in '/home/cewan/ws_lidar/src/lidar': PYTHONPATH=/home/cewan/ws_lidar/build/lidar/prefix_override:/usr/lib/python3/dist-packages/colcon_core/task/python/colcon_distutils_commands:/home/cewan/ws_lidar/install/lidar/lib/python3.10/site-packages:${PYTHONPATH} /usr/bin/python3 -W ignore:setup.py install is deprecated -W ignore:easy_install command is deprecated setup.py egg_info --egg-base ../../build/lidar build --build-base /home/cewan/ws_lidar/build/lidar/build install --record /home/cewan/ws_lidar/build/lidar/install.log --single-version-externally-managed install_data
[4.130s] running egg_info
[4.133s] writing ../../build/lidar/lidar.egg-info/PKG-INFO
[4.134s] writing dependency_links to ../../build/lidar/lidar.egg-info/dependency_links.txt
[4.135s] writing entry points to ../../build/lidar/lidar.egg-info/entry_points.txt
[4.136s] writing requirements to ../../build/lidar/lidar.egg-info/requires.txt
[4.137s] writing top-level names to ../../build/lidar/lidar.egg-info/top_level.txt
[4.145s] reading manifest file '../../build/lidar/lidar.egg-info/SOURCES.txt'
[4.148s] writing manifest file '../../build/lidar/lidar.egg-info/SOURCES.txt'
[4.149s] running build
[4.149s] running build_py
[4.150s] copying lidar/lidar_subscriber.py -> /home/cewan/ws_lidar/build/lidar/build/lib/lidar
[4.152s] running install
[4.154s] running install_lib
[4.159s] copying /home/cewan/ws_lidar/build/lidar/build/lib/lidar/lidar_subscriber.py -> /home/cewan/ws_lidar/install/lidar/lib/python3.10/site-packages/lidar
[4.163s] byte-compiling /home/cewan/ws_lidar/install/lidar/lib/python3.10/site-packages/lidar/lidar_subscriber.py to lidar_subscriber.cpython-310.pyc
[4.166s] running install_data
[4.166s] running install_egg_info
[4.179s] removing '/home/cewan/ws_lidar/install/lidar/lib/python3.10/site-packages/lidar-0.0.0-py3.10.egg-info' (and everything under it)
[4.181s] Copying ../../build/lidar/lidar.egg-info to /home/cewan/ws_lidar/install/lidar/lib/python3.10/site-packages/lidar-0.0.0-py3.10.egg-info
[4.186s] running install_scripts
[4.267s] Installing lidar_publisher script to /home/cewan/ws_lidar/install/lidar/lib/lidar
[4.268s] Installing lidar_subscriber script to /home/cewan/ws_lidar/install/lidar/lib/lidar
[4.270s] writing list of installed files to '/home/cewan/ws_lidar/build/lidar/install.log'
[4.402s] Invoked command in '/home/cewan/ws_lidar/src/lidar' returned '0': PYTHONPATH=/home/cewan/ws_lidar/build/lidar/prefix_override:/usr/lib/python3/dist-packages/colcon_core/task/python/colcon_distutils_commands:/home/cewan/ws_lidar/install/lidar/lib/python3.10/site-packages:${PYTHONPATH} /usr/bin/python3 -W ignore:setup.py install is deprecated -W ignore:easy_install command is deprecated setup.py egg_info --egg-base ../../build/lidar build --build-base /home/cewan/ws_lidar/build/lidar/build install --record /home/cewan/ws_lidar/build/lidar/install.log --single-version-externally-managed install_data
