[6.901s] Invoking command in '/home/cewan/Automated-Tour-Car/ws_lidar/src/lidar': PYTHONPATH=/home/cewan/Automated-Tour-Car/ws_lidar/build/lidar/prefix_override:/usr/lib/python3/dist-packages/colcon_core/task/python/colcon_distutils_commands:/home/cewan/Automated-Tour-Car/ws_lidar/install/lidar/lib/python3.10/site-packages:${PYTHONPATH} /usr/bin/python3 -W ignore:setup.py install is deprecated -W ignore:easy_install command is deprecated setup.py egg_info --egg-base ../../build/lidar build --build-base /home/cewan/Automated-Tour-Car/ws_lidar/build/lidar/build install --record /home/cewan/Automated-Tour-Car/ws_lidar/build/lidar/install.log --single-version-externally-managed install_data
[9.906s] running egg_info
[9.913s] writing ../../build/lidar/lidar.egg-info/PKG-INFO
[9.913s] writing dependency_links to ../../build/lidar/lidar.egg-info/dependency_links.txt
[9.914s] writing entry points to ../../build/lidar/lidar.egg-info/entry_points.txt
[9.916s] writing requirements to ../../build/lidar/lidar.egg-info/requires.txt
[9.916s] writing top-level names to ../../build/lidar/lidar.egg-info/top_level.txt
[9.936s] reading manifest file '../../build/lidar/lidar.egg-info/SOURCES.txt'
[9.944s] writing manifest file '../../build/lidar/lidar.egg-info/SOURCES.txt'
[9.945s] running build
[9.946s] running build_py
[9.946s] running install
[9.947s] running install_lib
[9.960s] running install_data
[9.961s] running install_egg_info
[9.962s] removing '/home/cewan/Automated-Tour-Car/ws_lidar/install/lidar/lib/python3.10/site-packages/lidar-0.0.0-py3.10.egg-info' (and everything under it)
[9.973s] Copying ../../build/lidar/lidar.egg-info to /home/cewan/Automated-Tour-Car/ws_lidar/install/lidar/lib/python3.10/site-packages/lidar-0.0.0-py3.10.egg-info
[9.974s] running install_scripts
[10.081s] Installing lidar_publisher script to /home/cewan/Automated-Tour-Car/ws_lidar/install/lidar/lib/lidar
[10.086s] Installing lidar_subscriber script to /home/cewan/Automated-Tour-Car/ws_lidar/install/lidar/lib/lidar
[10.089s] writing list of installed files to '/home/cewan/Automated-Tour-Car/ws_lidar/build/lidar/install.log'
[10.323s] Invoked command in '/home/cewan/Automated-Tour-Car/ws_lidar/src/lidar' returned '0': PYTHONPATH=/home/cewan/Automated-Tour-Car/ws_lidar/build/lidar/prefix_override:/usr/lib/python3/dist-packages/colcon_core/task/python/colcon_distutils_commands:/home/cewan/Automated-Tour-Car/ws_lidar/install/lidar/lib/python3.10/site-packages:${PYTHONPATH} /usr/bin/python3 -W ignore:setup.py install is deprecated -W ignore:easy_install command is deprecated setup.py egg_info --egg-base ../../build/lidar build --build-base /home/cewan/Automated-Tour-Car/ws_lidar/build/lidar/build install --record /home/cewan/Automated-Tour-Car/ws_lidar/build/lidar/install.log --single-version-externally-managed install_data
