[3.587s] Invoking command in '/home/cewan/ws_lidar/src/object_avoidance': PYTHONPATH=/home/cewan/ws_lidar/build/object_avoidance/prefix_override:/usr/lib/python3/dist-packages/colcon_core/task/python/colcon_distutils_commands:/home/cewan/ws_lidar/install/object_avoidance/lib/python3.10/site-packages:${PYTHONPATH} /usr/bin/python3 -W ignore:setup.py install is deprecated -W ignore:easy_install command is deprecated setup.py egg_info --egg-base ../../build/object_avoidance build --build-base /home/cewan/ws_lidar/build/object_avoidance/build install --record /home/cewan/ws_lidar/build/object_avoidance/install.log --single-version-externally-managed install_data
[4.953s] running egg_info
[4.956s] writing ../../build/object_avoidance/object_avoidance.egg-info/PKG-INFO
[4.957s] writing dependency_links to ../../build/object_avoidance/object_avoidance.egg-info/dependency_links.txt
[4.958s] writing entry points to ../../build/object_avoidance/object_avoidance.egg-info/entry_points.txt
[4.959s] writing requirements to ../../build/object_avoidance/object_avoidance.egg-info/requires.txt
[4.959s] writing top-level names to ../../build/object_avoidance/object_avoidance.egg-info/top_level.txt
[4.968s] reading manifest file '../../build/object_avoidance/object_avoidance.egg-info/SOURCES.txt'
[4.972s] writing manifest file '../../build/object_avoidance/object_avoidance.egg-info/SOURCES.txt'
[4.973s] running build
[4.973s] running build_py
[4.975s] copying object_avoidance/object_avoidance_publisher.py -> /home/cewan/ws_lidar/build/object_avoidance/build/lib/object_avoidance
[4.977s] running install
[4.978s] running install_lib
[4.987s] copying /home/cewan/ws_lidar/build/object_avoidance/build/lib/object_avoidance/object_avoidance_publisher.py -> /home/cewan/ws_lidar/install/object_avoidance/lib/python3.10/site-packages/object_avoidance
[4.991s] byte-compiling /home/cewan/ws_lidar/install/object_avoidance/lib/python3.10/site-packages/object_avoidance/object_avoidance_publisher.py to object_avoidance_publisher.cpython-310.pyc
[4.998s] running install_data
[4.999s] running install_egg_info
[5.006s] removing '/home/cewan/ws_lidar/install/object_avoidance/lib/python3.10/site-packages/object_avoidance-0.0.0-py3.10.egg-info' (and everything under it)
[5.008s] Copying ../../build/object_avoidance/object_avoidance.egg-info to /home/cewan/ws_lidar/install/object_avoidance/lib/python3.10/site-packages/object_avoidance-0.0.0-py3.10.egg-info
[5.013s] running install_scripts
[5.091s] Installing publisher script to /home/cewan/ws_lidar/install/object_avoidance/lib/object_avoidance
[5.091s] Installing subscriber script to /home/cewan/ws_lidar/install/object_avoidance/lib/object_avoidance
[5.092s] Installing test script to /home/cewan/ws_lidar/install/object_avoidance/lib/object_avoidance
[5.095s] writing list of installed files to '/home/cewan/ws_lidar/build/object_avoidance/install.log'
[5.236s] Invoked command in '/home/cewan/ws_lidar/src/object_avoidance' returned '0': PYTHONPATH=/home/cewan/ws_lidar/build/object_avoidance/prefix_override:/usr/lib/python3/dist-packages/colcon_core/task/python/colcon_distutils_commands:/home/cewan/ws_lidar/install/object_avoidance/lib/python3.10/site-packages:${PYTHONPATH} /usr/bin/python3 -W ignore:setup.py install is deprecated -W ignore:easy_install command is deprecated setup.py egg_info --egg-base ../../build/object_avoidance build --build-base /home/cewan/ws_lidar/build/object_avoidance/build install --record /home/cewan/ws_lidar/build/object_avoidance/install.log --single-version-externally-managed install_data
