[4.591s] Invoking command in '/home/cewan/ws_lidar/src/lidar': PYTHONPATH=/home/cewan/ws_lidar/build/lidar/prefix_override:/usr/lib/python3/dist-packages/colcon_core/task/python/colcon_distutils_commands:/home/cewan/ws_lidar/install/lidar/lib/python3.10/site-packages:${PYTHONPATH} /usr/bin/python3 -W ignore:setup.py install is deprecated -W ignore:easy_install command is deprecated setup.py egg_info --egg-base ../../build/lidar build --build-base /home/cewan/ws_lidar/build/lidar/build install --record /home/cewan/ws_lidar/build/lidar/install.log --single-version-externally-managed install_data
[5.890s] running egg_info
[5.893s] writing ../../build/lidar/lidar.egg-info/PKG-INFO
[5.894s] writing dependency_links to ../../build/lidar/lidar.egg-info/dependency_links.txt
[5.896s] writing entry points to ../../build/lidar/lidar.egg-info/entry_points.txt
[5.897s] writing requirements to ../../build/lidar/lidar.egg-info/requires.txt
[5.898s] writing top-level names to ../../build/lidar/lidar.egg-info/top_level.txt
[5.907s] reading manifest file '../../build/lidar/lidar.egg-info/SOURCES.txt'
[5.911s] writing manifest file '../../build/lidar/lidar.egg-info/SOURCES.txt'
[5.913s] running build
[5.913s] running build_py
[5.915s] running install
[5.916s] running install_lib
[5.923s] running install_data
[5.924s] running install_egg_info
[5.937s] removing '/home/cewan/ws_lidar/install/lidar/lib/python3.10/site-packages/lidar-0.0.0-py3.10.egg-info' (and everything under it)
[5.939s] Copying ../../build/lidar/lidar.egg-info to /home/cewan/ws_lidar/install/lidar/lib/python3.10/site-packages/lidar-0.0.0-py3.10.egg-info
[5.946s] running install_scripts
[6.042s] Installing lidar_publisher script to /home/cewan/ws_lidar/install/lidar/lib/lidar
[6.043s] Installing lidar_subscriber script to /home/cewan/ws_lidar/install/lidar/lib/lidar
[6.045s] writing list of installed files to '/home/cewan/ws_lidar/build/lidar/install.log'
[6.223s] Invoked command in '/home/cewan/ws_lidar/src/lidar' returned '0': PYTHONPATH=/home/cewan/ws_lidar/build/lidar/prefix_override:/usr/lib/python3/dist-packages/colcon_core/task/python/colcon_distutils_commands:/home/cewan/ws_lidar/install/lidar/lib/python3.10/site-packages:${PYTHONPATH} /usr/bin/python3 -W ignore:setup.py install is deprecated -W ignore:easy_install command is deprecated setup.py egg_info --egg-base ../../build/lidar build --build-base /home/cewan/ws_lidar/build/lidar/build install --record /home/cewan/ws_lidar/build/lidar/install.log --single-version-externally-managed install_data
