[3.019s] Invoking command in '/home/cewan/Automated-Tour-Car/ws_lidar/src/teleop_control': PYTHONPATH=/home/cewan/Automated-Tour-Car/ws_lidar/build/teleop_control/prefix_override:/usr/lib/python3/dist-packages/colcon_core/task/python/colcon_distutils_commands:/home/cewan/Automated-Tour-Car/ws_lidar/install/teleop_control/lib/python3.10/site-packages:${PYTHONPATH} /usr/bin/python3 -W ignore:setup.py install is deprecated -W ignore:easy_install command is deprecated setup.py egg_info --egg-base ../../build/teleop_control build --build-base /home/cewan/Automated-Tour-Car/ws_lidar/build/teleop_control/build install --record /home/cewan/Automated-Tour-Car/ws_lidar/build/teleop_control/install.log --single-version-externally-managed install_data
[4.173s] running egg_info
[4.176s] writing ../../build/teleop_control/teleop_control.egg-info/PKG-INFO
[4.570s] writing dependency_links to ../../build/teleop_control/teleop_control.egg-info/dependency_links.txt
[4.816s] writing entry points to ../../build/teleop_control/teleop_control.egg-info/entry_points.txt
[5.061s] writing requirements to ../../build/teleop_control/teleop_control.egg-info/requires.txt
[5.061s] writing top-level names to ../../build/teleop_control/teleop_control.egg-info/top_level.txt
[5.074s] reading manifest file '../../build/teleop_control/teleop_control.egg-info/SOURCES.txt'
[5.078s] writing manifest file '../../build/teleop_control/teleop_control.egg-info/SOURCES.txt'
[5.079s] running build
[5.079s] running build_py
[5.080s] copying teleop_control/teleop.py -> /home/cewan/Automated-Tour-Car/ws_lidar/build/teleop_control/build/lib/teleop_control
[5.083s] running install
[5.085s] running install_lib
[5.094s] copying /home/cewan/Automated-Tour-Car/ws_lidar/build/teleop_control/build/lib/teleop_control/teleop.py -> /home/cewan/Automated-Tour-Car/ws_lidar/install/teleop_control/lib/python3.10/site-packages/teleop_control
[5.098s] byte-compiling /home/cewan/Automated-Tour-Car/ws_lidar/install/teleop_control/lib/python3.10/site-packages/teleop_control/teleop.py to teleop.cpython-310.pyc
[5.102s] running install_data
[5.102s] running install_egg_info
[5.110s] removing '/home/cewan/Automated-Tour-Car/ws_lidar/install/teleop_control/lib/python3.10/site-packages/teleop_control-0.0.0-py3.10.egg-info' (and everything under it)
[5.113s] Copying ../../build/teleop_control/teleop_control.egg-info to /home/cewan/Automated-Tour-Car/ws_lidar/install/teleop_control/lib/python3.10/site-packages/teleop_control-0.0.0-py3.10.egg-info
[5.120s] running install_scripts
[5.214s] Installing motor_control script to /home/cewan/Automated-Tour-Car/ws_lidar/install/teleop_control/lib/teleop_control
[5.215s] Installing teleop script to /home/cewan/Automated-Tour-Car/ws_lidar/install/teleop_control/lib/teleop_control
[5.217s] writing list of installed files to '/home/cewan/Automated-Tour-Car/ws_lidar/build/teleop_control/install.log'
[5.357s] Invoked command in '/home/cewan/Automated-Tour-Car/ws_lidar/src/teleop_control' returned '0': PYTHONPATH=/home/cewan/Automated-Tour-Car/ws_lidar/build/teleop_control/prefix_override:/usr/lib/python3/dist-packages/colcon_core/task/python/colcon_distutils_commands:/home/cewan/Automated-Tour-Car/ws_lidar/install/teleop_control/lib/python3.10/site-packages:${PYTHONPATH} /usr/bin/python3 -W ignore:setup.py install is deprecated -W ignore:easy_install command is deprecated setup.py egg_info --egg-base ../../build/teleop_control build --build-base /home/cewan/Automated-Tour-Car/ws_lidar/build/teleop_control/build install --record /home/cewan/Automated-Tour-Car/ws_lidar/build/teleop_control/install.log --single-version-externally-managed install_data
