[7.780s] Invoking command in '/home/cewan/ws_lidar/src/object_avoidance': PYTHONPATH=/home/cewan/ws_lidar/build/object_avoidance/prefix_override:/usr/lib/python3/dist-packages/colcon_core/task/python/colcon_distutils_commands:/home/cewan/ws_lidar/install/object_avoidance/lib/python3.10/site-packages:${PYTHONPATH} /usr/bin/python3 -W ignore:setup.py install is deprecated -W ignore:easy_install command is deprecated setup.py egg_info --egg-base ../../build/object_avoidance build --build-base /home/cewan/ws_lidar/build/object_avoidance/build install --record /home/cewan/ws_lidar/build/object_avoidance/install.log --single-version-externally-managed install_data
[10.307s] running egg_info
[10.316s] writing ../../build/object_avoidance/object_avoidance.egg-info/PKG-INFO
[10.321s] writing dependency_links to ../../build/object_avoidance/object_avoidance.egg-info/dependency_links.txt
[10.322s] writing entry points to ../../build/object_avoidance/object_avoidance.egg-info/entry_points.txt
[10.323s] writing requirements to ../../build/object_avoidance/object_avoidance.egg-info/requires.txt
[10.324s] writing top-level names to ../../build/object_avoidance/object_avoidance.egg-info/top_level.txt
[10.334s] reading manifest file '../../build/object_avoidance/object_avoidance.egg-info/SOURCES.txt'
[10.369s] writing manifest file '../../build/object_avoidance/object_avoidance.egg-info/SOURCES.txt'
[10.370s] running build
[10.370s] running build_py
[10.423s] copying object_avoidance/object_avoidance_publisher.py -> /home/cewan/ws_lidar/build/object_avoidance/build/lib/object_avoidance
[10.424s] running install
[10.424s] running install_lib
[10.432s] copying /home/cewan/ws_lidar/build/object_avoidance/build/lib/object_avoidance/object_avoidance_publisher.py -> /home/cewan/ws_lidar/install/object_avoidance/lib/python3.10/site-packages/object_avoidance
[10.445s] byte-compiling /home/cewan/ws_lidar/install/object_avoidance/lib/python3.10/site-packages/object_avoidance/object_avoidance_publisher.py to object_avoidance_publisher.cpython-310.pyc
[10.464s] running install_data
[10.498s] running install_egg_info
[10.507s] removing '/home/cewan/ws_lidar/install/object_avoidance/lib/python3.10/site-packages/object_avoidance-0.0.0-py3.10.egg-info' (and everything under it)
[10.527s] Copying ../../build/object_avoidance/object_avoidance.egg-info to /home/cewan/ws_lidar/install/object_avoidance/lib/python3.10/site-packages/object_avoidance-0.0.0-py3.10.egg-info
[10.527s] running install_scripts
[10.643s] Installing object_avoidance_publisher script to /home/cewan/ws_lidar/install/object_avoidance/lib/object_avoidance
[10.666s] Installing object_avoidance_subscriber script to /home/cewan/ws_lidar/install/object_avoidance/lib/object_avoidance
[10.668s] Installing test script to /home/cewan/ws_lidar/install/object_avoidance/lib/object_avoidance
[10.669s] writing list of installed files to '/home/cewan/ws_lidar/build/object_avoidance/install.log'
[10.862s] Invoked command in '/home/cewan/ws_lidar/src/object_avoidance' returned '0': PYTHONPATH=/home/cewan/ws_lidar/build/object_avoidance/prefix_override:/usr/lib/python3/dist-packages/colcon_core/task/python/colcon_distutils_commands:/home/cewan/ws_lidar/install/object_avoidance/lib/python3.10/site-packages:${PYTHONPATH} /usr/bin/python3 -W ignore:setup.py install is deprecated -W ignore:easy_install command is deprecated setup.py egg_info --egg-base ../../build/object_avoidance build --build-base /home/cewan/ws_lidar/build/object_avoidance/build install --record /home/cewan/ws_lidar/build/object_avoidance/install.log --single-version-externally-managed install_data
