[0.448s] DEBUG:colcon:Command line arguments: ['/usr/bin/colcon', 'build']
[0.449s] DEBUG:colcon:Parsed command line arguments: Namespace(log_base=None, log_level=None, verb_name='build', build_base='build', install_base='install', merge_install=False, symlink_install=False, test_result_base=None, continue_on_error=False, executor='parallel', parallel_workers=4, event_handlers=None, ignore_user_meta=False, metas=['./colcon.meta'], base_paths=['.'], packages_ignore=None, packages_ignore_regex=None, paths=None, packages_up_to=None, packages_up_to_regex=None, packages_above=None, packages_above_and_dependencies=None, packages_above_depth=None, packages_select_by_dep=None, packages_skip_by_dep=None, packages_skip_up_to=None, packages_select_build_failed=False, packages_skip_build_finished=False, packages_select_test_failures=False, packages_skip_test_passed=False, packages_select=None, packages_skip=None, packages_select_regex=None, packages_skip_regex=None, packages_start=None, packages_end=None, allow_overriding=[], cmake_args=None, cmake_target=None, cmake_target_skip_unavailable=False, cmake_clean_cache=False, cmake_clean_first=False, cmake_force_configure=False, ament_cmake_args=None, catkin_cmake_args=None, catkin_skip_building_tests=False, verb_parser=<colcon_defaults.argument_parser.defaults.DefaultArgumentsDecorator object at 0xffff804df850>, verb_extension=<colcon_core.verb.build.BuildVerb object at 0xffff806b16c0>, main=<bound method BuildVerb.main of <colcon_core.verb.build.BuildVerb object at 0xffff806b16c0>>)
[1.641s] Level 1:colcon.colcon_core.package_discovery:discover_packages(colcon_meta) check parameters
[1.642s] Level 1:colcon.colcon_core.package_discovery:discover_packages(recursive) check parameters
[1.642s] Level 1:colcon.colcon_core.package_discovery:discover_packages(ignore) check parameters
[1.642s] Level 1:colcon.colcon_core.package_discovery:discover_packages(path) check parameters
[1.642s] Level 1:colcon.colcon_core.package_discovery:discover_packages(colcon_meta) discover
[1.642s] Level 1:colcon.colcon_core.package_discovery:discover_packages(recursive) discover
[1.643s] INFO:colcon.colcon_core.package_discovery:Crawling recursively for packages in '/home/cewan/ws_lidar'
[1.643s] Level 1:colcon.colcon_core.package_identification:_identify(.) by extensions ['ignore', 'ignore_ament_install']
[1.643s] Level 1:colcon.colcon_core.package_identification:_identify(.) by extension 'ignore'
[1.644s] Level 1:colcon.colcon_core.package_identification:_identify(.) by extension 'ignore_ament_install'
[1.644s] Level 1:colcon.colcon_core.package_identification:_identify(.) by extensions ['colcon_pkg']
[1.644s] Level 1:colcon.colcon_core.package_identification:_identify(.) by extension 'colcon_pkg'
[1.644s] Level 1:colcon.colcon_core.package_identification:_identify(.) by extensions ['colcon_meta']
[1.644s] Level 1:colcon.colcon_core.package_identification:_identify(.) by extension 'colcon_meta'
[1.644s] Level 1:colcon.colcon_core.package_identification:_identify(.) by extensions ['ros']
[1.645s] Level 1:colcon.colcon_core.package_identification:_identify(.) by extension 'ros'
[1.698s] Level 1:colcon.colcon_core.package_identification:_identify(.) by extensions ['cmake', 'python']
[1.698s] Level 1:colcon.colcon_core.package_identification:_identify(.) by extension 'cmake'
[1.699s] Level 1:colcon.colcon_core.package_identification:_identify(.) by extension 'python'
[1.699s] Level 1:colcon.colcon_core.package_identification:_identify(.) by extensions ['python_setup_py']
[1.699s] Level 1:colcon.colcon_core.package_identification:_identify(.) by extension 'python_setup_py'
[1.699s] Level 1:colcon.colcon_core.package_identification:_identify(build) by extensions ['ignore', 'ignore_ament_install']
[1.701s] Level 1:colcon.colcon_core.package_identification:_identify(build) by extension 'ignore'
[1.701s] Level 1:colcon.colcon_core.package_identification:_identify(build) ignored
[1.702s] Level 1:colcon.colcon_core.package_identification:_identify(install) by extensions ['ignore', 'ignore_ament_install']
[1.702s] Level 1:colcon.colcon_core.package_identification:_identify(install) by extension 'ignore'
[1.702s] Level 1:colcon.colcon_core.package_identification:_identify(install) ignored
[1.703s] Level 1:colcon.colcon_core.package_identification:_identify(log) by extensions ['ignore', 'ignore_ament_install']
[1.703s] Level 1:colcon.colcon_core.package_identification:_identify(log) by extension 'ignore'
[1.703s] Level 1:colcon.colcon_core.package_identification:_identify(log) ignored
[1.704s] Level 1:colcon.colcon_core.package_identification:_identify(src) by extensions ['ignore', 'ignore_ament_install']
[1.704s] Level 1:colcon.colcon_core.package_identification:_identify(src) by extension 'ignore'
[1.704s] Level 1:colcon.colcon_core.package_identification:_identify(src) by extension 'ignore_ament_install'
[1.705s] Level 1:colcon.colcon_core.package_identification:_identify(src) by extensions ['colcon_pkg']
[1.705s] Level 1:colcon.colcon_core.package_identification:_identify(src) by extension 'colcon_pkg'
[1.705s] Level 1:colcon.colcon_core.package_identification:_identify(src) by extensions ['colcon_meta']
[1.705s] Level 1:colcon.colcon_core.package_identification:_identify(src) by extension 'colcon_meta'
[1.706s] Level 1:colcon.colcon_core.package_identification:_identify(src) by extensions ['ros']
[1.706s] Level 1:colcon.colcon_core.package_identification:_identify(src) by extension 'ros'
[1.706s] Level 1:colcon.colcon_core.package_identification:_identify(src) by extensions ['cmake', 'python']
[1.706s] Level 1:colcon.colcon_core.package_identification:_identify(src) by extension 'cmake'
[1.707s] Level 1:colcon.colcon_core.package_identification:_identify(src) by extension 'python'
[1.707s] Level 1:colcon.colcon_core.package_identification:_identify(src) by extensions ['python_setup_py']
[1.707s] Level 1:colcon.colcon_core.package_identification:_identify(src) by extension 'python_setup_py'
[1.707s] Level 1:colcon.colcon_core.package_identification:_identify(src/lidar) by extensions ['ignore', 'ignore_ament_install']
[1.708s] Level 1:colcon.colcon_core.package_identification:_identify(src/lidar) by extension 'ignore'
[1.708s] Level 1:colcon.colcon_core.package_identification:_identify(src/lidar) by extension 'ignore_ament_install'
[1.708s] Level 1:colcon.colcon_core.package_identification:_identify(src/lidar) by extensions ['colcon_pkg']
[1.708s] Level 1:colcon.colcon_core.package_identification:_identify(src/lidar) by extension 'colcon_pkg'
[1.708s] Level 1:colcon.colcon_core.package_identification:_identify(src/lidar) by extensions ['colcon_meta']
[1.709s] Level 1:colcon.colcon_core.package_identification:_identify(src/lidar) by extension 'colcon_meta'
[1.709s] Level 1:colcon.colcon_core.package_identification:_identify(src/lidar) by extensions ['ros']
[1.709s] Level 1:colcon.colcon_core.package_identification:_identify(src/lidar) by extension 'ros'
[1.719s] DEBUG:colcon.colcon_core.package_identification:Package 'src/lidar' with type 'ros.ament_python' and name 'lidar'
[1.720s] Level 1:colcon.colcon_core.package_identification:_identify(src/sllidar_ros2) by extensions ['ignore', 'ignore_ament_install']
[1.720s] Level 1:colcon.colcon_core.package_identification:_identify(src/sllidar_ros2) by extension 'ignore'
[1.720s] Level 1:colcon.colcon_core.package_identification:_identify(src/sllidar_ros2) by extension 'ignore_ament_install'
[1.721s] Level 1:colcon.colcon_core.package_identification:_identify(src/sllidar_ros2) by extensions ['colcon_pkg']
[1.721s] Level 1:colcon.colcon_core.package_identification:_identify(src/sllidar_ros2) by extension 'colcon_pkg'
[1.721s] Level 1:colcon.colcon_core.package_identification:_identify(src/sllidar_ros2) by extensions ['colcon_meta']
[1.721s] Level 1:colcon.colcon_core.package_identification:_identify(src/sllidar_ros2) by extension 'colcon_meta'
[1.721s] Level 1:colcon.colcon_core.package_identification:_identify(src/sllidar_ros2) by extensions ['ros']
[1.721s] Level 1:colcon.colcon_core.package_identification:_identify(src/sllidar_ros2) by extension 'ros'
[1.724s] DEBUG:colcon.colcon_core.package_identification:Package 'src/sllidar_ros2' with type 'ros.ament_cmake' and name 'sllidar_ros2'
[1.724s] Level 1:colcon.colcon_core.package_discovery:discover_packages(recursive) using defaults
[1.725s] Level 1:colcon.colcon_core.package_discovery:discover_packages(ignore) discover
[1.725s] Level 1:colcon.colcon_core.package_discovery:discover_packages(ignore) using defaults
[1.725s] Level 1:colcon.colcon_core.package_discovery:discover_packages(path) discover
[1.725s] Level 1:colcon.colcon_core.package_discovery:discover_packages(path) using defaults
[1.809s] Level 1:colcon.colcon_core.package_discovery:discover_packages(prefix_path) check parameters
[1.810s] Level 1:colcon.colcon_core.package_discovery:discover_packages(prefix_path) discover
[1.826s] DEBUG:colcon.colcon_installed_package_information.package_discovery:Found 2 installed packages in /home/cewan/ws_lidar/install
[1.835s] DEBUG:colcon.colcon_installed_package_information.package_discovery:Found 278 installed packages in /opt/ros/humble
[1.882s] Level 1:colcon.colcon_core.package_discovery:discover_packages(prefix_path) using defaults
[2.187s] Level 5:colcon.colcon_core.verb:set package 'lidar' build argument 'cmake_args' from command line to 'None'
[2.187s] Level 5:colcon.colcon_core.verb:set package 'lidar' build argument 'cmake_target' from command line to 'None'
[2.187s] Level 5:colcon.colcon_core.verb:set package 'lidar' build argument 'cmake_target_skip_unavailable' from command line to 'False'
[2.188s] Level 5:colcon.colcon_core.verb:set package 'lidar' build argument 'cmake_clean_cache' from command line to 'False'
[2.188s] Level 5:colcon.colcon_core.verb:set package 'lidar' build argument 'cmake_clean_first' from command line to 'False'
[2.188s] Level 5:colcon.colcon_core.verb:set package 'lidar' build argument 'cmake_force_configure' from command line to 'False'
[2.188s] Level 5:colcon.colcon_core.verb:set package 'lidar' build argument 'ament_cmake_args' from command line to 'None'
[2.189s] Level 5:colcon.colcon_core.verb:set package 'lidar' build argument 'catkin_cmake_args' from command line to 'None'
[2.189s] Level 5:colcon.colcon_core.verb:set package 'lidar' build argument 'catkin_skip_building_tests' from command line to 'False'
[2.190s] DEBUG:colcon.colcon_core.verb:Building package 'lidar' with the following arguments: {'ament_cmake_args': None, 'build_base': '/home/cewan/ws_lidar/build/lidar', 'catkin_cmake_args': None, 'catkin_skip_building_tests': False, 'cmake_args': None, 'cmake_clean_cache': False, 'cmake_clean_first': False, 'cmake_force_configure': False, 'cmake_target': None, 'cmake_target_skip_unavailable': False, 'install_base': '/home/cewan/ws_lidar/install/lidar', 'merge_install': False, 'path': '/home/cewan/ws_lidar/src/lidar', 'symlink_install': False, 'test_result_base': None}
[2.193s] Level 5:colcon.colcon_core.verb:set package 'sllidar_ros2' build argument 'cmake_args' from command line to 'None'
[2.193s] Level 5:colcon.colcon_core.verb:set package 'sllidar_ros2' build argument 'cmake_target' from command line to 'None'
[2.193s] Level 5:colcon.colcon_core.verb:set package 'sllidar_ros2' build argument 'cmake_target_skip_unavailable' from command line to 'False'
[2.193s] Level 5:colcon.colcon_core.verb:set package 'sllidar_ros2' build argument 'cmake_clean_cache' from command line to 'False'
[2.194s] Level 5:colcon.colcon_core.verb:set package 'sllidar_ros2' build argument 'cmake_clean_first' from command line to 'False'
[2.194s] Level 5:colcon.colcon_core.verb:set package 'sllidar_ros2' build argument 'cmake_force_configure' from command line to 'False'
[2.194s] Level 5:colcon.colcon_core.verb:set package 'sllidar_ros2' build argument 'ament_cmake_args' from command line to 'None'
[2.194s] Level 5:colcon.colcon_core.verb:set package 'sllidar_ros2' build argument 'catkin_cmake_args' from command line to 'None'
[2.194s] Level 5:colcon.colcon_core.verb:set package 'sllidar_ros2' build argument 'catkin_skip_building_tests' from command line to 'False'
[2.194s] DEBUG:colcon.colcon_core.verb:Building package 'sllidar_ros2' with the following arguments: {'ament_cmake_args': None, 'build_base': '/home/cewan/ws_lidar/build/sllidar_ros2', 'catkin_cmake_args': None, 'catkin_skip_building_tests': False, 'cmake_args': None, 'cmake_clean_cache': False, 'cmake_clean_first': False, 'cmake_force_configure': False, 'cmake_target': None, 'cmake_target_skip_unavailable': False, 'install_base': '/home/cewan/ws_lidar/install/sllidar_ros2', 'merge_install': False, 'path': '/home/cewan/ws_lidar/src/sllidar_ros2', 'symlink_install': False, 'test_result_base': None}
[2.195s] INFO:colcon.colcon_core.executor:Executing jobs using 'parallel' executor
[2.203s] DEBUG:colcon.colcon_parallel_executor.executor.parallel:run_until_complete
[2.205s] INFO:colcon.colcon_ros.task.ament_python.build:Building ROS package in '/home/cewan/ws_lidar/src/lidar' with build type 'ament_python'
[2.206s] Level 1:colcon.colcon_core.shell:create_environment_hook('lidar', 'ament_prefix_path')
[2.229s] INFO:colcon.colcon_core.plugin_system:Skipping extension 'colcon_core.shell.bat': Not used on non-Windows systems
[2.231s] INFO:colcon.colcon_core.shell:Creating environment hook '/home/cewan/ws_lidar/install/lidar/share/lidar/hook/ament_prefix_path.ps1'
[2.240s] INFO:colcon.colcon_core.shell:Creating environment descriptor '/home/cewan/ws_lidar/install/lidar/share/lidar/hook/ament_prefix_path.dsv'
[2.245s] INFO:colcon.colcon_core.shell:Creating environment hook '/home/cewan/ws_lidar/install/lidar/share/lidar/hook/ament_prefix_path.sh'
[2.254s] INFO:colcon.colcon_core.shell:Skip shell extension 'powershell' for command environment: Not usable outside of PowerShell
[2.255s] DEBUG:colcon.colcon_core.shell:Skip shell extension 'dsv' for command environment
[2.286s] INFO:colcon.colcon_ros.task.ament_cmake.build:Building ROS package in '/home/cewan/ws_lidar/src/sllidar_ros2' with build type 'ament_cmake'
[2.289s] INFO:colcon.colcon_cmake.task.cmake.build:Building CMake package in '/home/cewan/ws_lidar/src/sllidar_ros2'
[2.291s] INFO:colcon.colcon_core.shell:Skip shell extension 'powershell' for command environment: Not usable outside of PowerShell
[2.293s] DEBUG:colcon.colcon_core.shell:Skip shell extension 'dsv' for command environment
[3.946s] INFO:colcon.colcon_core.task.python.build:Building Python package in '/home/cewan/ws_lidar/src/lidar'
[3.947s] INFO:colcon.colcon_core.shell:Skip shell extension 'powershell' for command environment: Not usable outside of PowerShell
[3.948s] DEBUG:colcon.colcon_core.shell:Skip shell extension 'dsv' for command environment
[3.982s] DEBUG:colcon.colcon_core.event_handler.log_command:Invoking command in '/home/cewan/ws_lidar/build/sllidar_ros2': CMAKE_PREFIX_PATH=${CMAKE_PREFIX_PATH}:/home/cewan/ws_lidar/install/lidar:/opt/ros/humble /usr/bin/cmake --build /home/cewan/ws_lidar/build/sllidar_ros2 -- -j4 -l4
[4.339s] DEBUG:colcon.colcon_core.event_handler.log_command:Invoked command in '/home/cewan/ws_lidar/build/sllidar_ros2' returned '0': CMAKE_PREFIX_PATH=${CMAKE_PREFIX_PATH}:/home/cewan/ws_lidar/install/lidar:/opt/ros/humble /usr/bin/cmake --build /home/cewan/ws_lidar/build/sllidar_ros2 -- -j4 -l4
[4.385s] DEBUG:colcon.colcon_core.event_handler.log_command:Invoking command in '/home/cewan/ws_lidar/build/sllidar_ros2': CMAKE_PREFIX_PATH=${CMAKE_PREFIX_PATH}:/home/cewan/ws_lidar/install/lidar:/opt/ros/humble /usr/bin/cmake --install /home/cewan/ws_lidar/build/sllidar_ros2
[4.523s] Level 1:colcon.colcon_core.environment:create_environment_scripts_only(sllidar_ros2)
[4.526s] DEBUG:colcon.colcon_core.event_handler.log_command:Invoked command in '/home/cewan/ws_lidar/build/sllidar_ros2' returned '0': CMAKE_PREFIX_PATH=${CMAKE_PREFIX_PATH}:/home/cewan/ws_lidar/install/lidar:/opt/ros/humble /usr/bin/cmake --install /home/cewan/ws_lidar/build/sllidar_ros2
[4.542s] Level 1:colcon.colcon_core.environment:checking '/home/cewan/ws_lidar/install/sllidar_ros2' for CMake module files
[4.546s] Level 1:colcon.colcon_core.environment:checking '/home/cewan/ws_lidar/install/sllidar_ros2' for CMake config files
[4.551s] Level 1:colcon.colcon_core.shell:create_environment_hook('sllidar_ros2', 'cmake_prefix_path')
[4.553s] INFO:colcon.colcon_core.shell:Creating environment hook '/home/cewan/ws_lidar/install/sllidar_ros2/share/sllidar_ros2/hook/cmake_prefix_path.ps1'
[4.556s] INFO:colcon.colcon_core.shell:Creating environment descriptor '/home/cewan/ws_lidar/install/sllidar_ros2/share/sllidar_ros2/hook/cmake_prefix_path.dsv'
[4.559s] INFO:colcon.colcon_core.shell:Creating environment hook '/home/cewan/ws_lidar/install/sllidar_ros2/share/sllidar_ros2/hook/cmake_prefix_path.sh'
[4.564s] Level 1:colcon.colcon_core.environment:checking '/home/cewan/ws_lidar/install/sllidar_ros2/lib'
[4.565s] Level 1:colcon.colcon_core.environment:checking '/home/cewan/ws_lidar/install/sllidar_ros2/bin'
[4.566s] Level 1:colcon.colcon_core.environment:checking '/home/cewan/ws_lidar/install/sllidar_ros2/lib/pkgconfig/sllidar_ros2.pc'
[4.567s] Level 1:colcon.colcon_core.environment:checking '/home/cewan/ws_lidar/install/sllidar_ros2/lib/python3.10/site-packages'
[4.568s] Level 1:colcon.colcon_core.environment:checking '/home/cewan/ws_lidar/install/sllidar_ros2/bin'
[4.569s] INFO:colcon.colcon_core.shell:Creating package script '/home/cewan/ws_lidar/install/sllidar_ros2/share/sllidar_ros2/package.ps1'
[4.573s] INFO:colcon.colcon_core.shell:Creating package descriptor '/home/cewan/ws_lidar/install/sllidar_ros2/share/sllidar_ros2/package.dsv'
[4.576s] INFO:colcon.colcon_core.shell:Creating package script '/home/cewan/ws_lidar/install/sllidar_ros2/share/sllidar_ros2/package.sh'
[4.580s] INFO:colcon.colcon_core.shell:Creating package script '/home/cewan/ws_lidar/install/sllidar_ros2/share/sllidar_ros2/package.bash'
[4.584s] INFO:colcon.colcon_core.shell:Creating package script '/home/cewan/ws_lidar/install/sllidar_ros2/share/sllidar_ros2/package.zsh'
[4.588s] Level 1:colcon.colcon_core.environment:create_file_with_runtime_dependencies(/home/cewan/ws_lidar/install/sllidar_ros2/share/colcon-core/packages/sllidar_ros2)
[4.591s] Level 1:colcon.colcon_core.environment:create_environment_scripts_only(sllidar_ros2)
[4.593s] Level 1:colcon.colcon_core.environment:checking '/home/cewan/ws_lidar/install/sllidar_ros2' for CMake module files
[4.596s] Level 1:colcon.colcon_core.environment:checking '/home/cewan/ws_lidar/install/sllidar_ros2' for CMake config files
[4.601s] Level 1:colcon.colcon_core.shell:create_environment_hook('sllidar_ros2', 'cmake_prefix_path')
[4.602s] INFO:colcon.colcon_core.shell:Creating environment hook '/home/cewan/ws_lidar/install/sllidar_ros2/share/sllidar_ros2/hook/cmake_prefix_path.ps1'
[4.604s] INFO:colcon.colcon_core.shell:Creating environment descriptor '/home/cewan/ws_lidar/install/sllidar_ros2/share/sllidar_ros2/hook/cmake_prefix_path.dsv'
[4.607s] INFO:colcon.colcon_core.shell:Creating environment hook '/home/cewan/ws_lidar/install/sllidar_ros2/share/sllidar_ros2/hook/cmake_prefix_path.sh'
[4.610s] Level 1:colcon.colcon_core.environment:checking '/home/cewan/ws_lidar/install/sllidar_ros2/lib'
[4.611s] Level 1:colcon.colcon_core.environment:checking '/home/cewan/ws_lidar/install/sllidar_ros2/bin'
[4.612s] Level 1:colcon.colcon_core.environment:checking '/home/cewan/ws_lidar/install/sllidar_ros2/lib/pkgconfig/sllidar_ros2.pc'
[4.613s] Level 1:colcon.colcon_core.environment:checking '/home/cewan/ws_lidar/install/sllidar_ros2/lib/python3.10/site-packages'
[4.614s] Level 1:colcon.colcon_core.environment:checking '/home/cewan/ws_lidar/install/sllidar_ros2/bin'
[4.616s] INFO:colcon.colcon_core.shell:Creating package script '/home/cewan/ws_lidar/install/sllidar_ros2/share/sllidar_ros2/package.ps1'
[4.618s] INFO:colcon.colcon_core.shell:Creating package descriptor '/home/cewan/ws_lidar/install/sllidar_ros2/share/sllidar_ros2/package.dsv'
[4.621s] INFO:colcon.colcon_core.shell:Creating package script '/home/cewan/ws_lidar/install/sllidar_ros2/share/sllidar_ros2/package.sh'
[4.624s] INFO:colcon.colcon_core.shell:Creating package script '/home/cewan/ws_lidar/install/sllidar_ros2/share/sllidar_ros2/package.bash'
[4.628s] INFO:colcon.colcon_core.shell:Creating package script '/home/cewan/ws_lidar/install/sllidar_ros2/share/sllidar_ros2/package.zsh'
[4.631s] Level 1:colcon.colcon_core.environment:create_file_with_runtime_dependencies(/home/cewan/ws_lidar/install/sllidar_ros2/share/colcon-core/packages/sllidar_ros2)
[5.823s] DEBUG:colcon.colcon_core.event_handler.log_command:Invoking command in '/home/cewan/ws_lidar/src/lidar': PYTHONPATH=/home/cewan/ws_lidar/build/lidar/prefix_override:/usr/lib/python3/dist-packages/colcon_core/task/python/colcon_distutils_commands:/home/cewan/ws_lidar/install/lidar/lib/python3.10/site-packages:${PYTHONPATH} /usr/bin/python3 -W ignore:setup.py install is deprecated -W ignore:easy_install command is deprecated setup.py egg_info --egg-base ../../build/lidar build --build-base /home/cewan/ws_lidar/build/lidar/build install --record /home/cewan/ws_lidar/build/lidar/install.log --single-version-externally-managed install_data
[7.364s] Level 1:colcon.colcon_core.environment:checking '/home/cewan/ws_lidar/install/lidar' for CMake module files
[7.366s] DEBUG:colcon.colcon_core.event_handler.log_command:Invoked command in '/home/cewan/ws_lidar/src/lidar' returned '0': PYTHONPATH=/home/cewan/ws_lidar/build/lidar/prefix_override:/usr/lib/python3/dist-packages/colcon_core/task/python/colcon_distutils_commands:/home/cewan/ws_lidar/install/lidar/lib/python3.10/site-packages:${PYTHONPATH} /usr/bin/python3 -W ignore:setup.py install is deprecated -W ignore:easy_install command is deprecated setup.py egg_info --egg-base ../../build/lidar build --build-base /home/cewan/ws_lidar/build/lidar/build install --record /home/cewan/ws_lidar/build/lidar/install.log --single-version-externally-managed install_data
[7.368s] Level 1:colcon.colcon_core.environment:checking '/home/cewan/ws_lidar/install/lidar' for CMake config files
[7.371s] Level 1:colcon.colcon_core.environment:checking '/home/cewan/ws_lidar/install/lidar/lib'
[7.372s] Level 1:colcon.colcon_core.environment:checking '/home/cewan/ws_lidar/install/lidar/bin'
[7.372s] Level 1:colcon.colcon_core.environment:checking '/home/cewan/ws_lidar/install/lidar/lib/pkgconfig/lidar.pc'
[7.373s] Level 1:colcon.colcon_core.environment:checking '/home/cewan/ws_lidar/install/lidar/lib/python3.10/site-packages'
[7.374s] Level 1:colcon.colcon_core.shell:create_environment_hook('lidar', 'pythonpath')
[7.375s] INFO:colcon.colcon_core.shell:Creating environment hook '/home/cewan/ws_lidar/install/lidar/share/lidar/hook/pythonpath.ps1'
[7.378s] INFO:colcon.colcon_core.shell:Creating environment descriptor '/home/cewan/ws_lidar/install/lidar/share/lidar/hook/pythonpath.dsv'
[7.380s] INFO:colcon.colcon_core.shell:Creating environment hook '/home/cewan/ws_lidar/install/lidar/share/lidar/hook/pythonpath.sh'
[7.383s] Level 1:colcon.colcon_core.environment:checking '/home/cewan/ws_lidar/install/lidar/bin'
[7.383s] Level 1:colcon.colcon_core.environment:create_environment_scripts_only(lidar)
[7.385s] INFO:colcon.colcon_core.shell:Creating package script '/home/cewan/ws_lidar/install/lidar/share/lidar/package.ps1'
[7.388s] INFO:colcon.colcon_core.shell:Creating package descriptor '/home/cewan/ws_lidar/install/lidar/share/lidar/package.dsv'
[7.390s] INFO:colcon.colcon_core.shell:Creating package script '/home/cewan/ws_lidar/install/lidar/share/lidar/package.sh'
[7.393s] INFO:colcon.colcon_core.shell:Creating package script '/home/cewan/ws_lidar/install/lidar/share/lidar/package.bash'
[7.394s] INFO:colcon.colcon_core.shell:Creating package script '/home/cewan/ws_lidar/install/lidar/share/lidar/package.zsh'
[7.396s] Level 1:colcon.colcon_core.environment:create_file_with_runtime_dependencies(/home/cewan/ws_lidar/install/lidar/share/colcon-core/packages/lidar)
[7.397s] DEBUG:colcon.colcon_parallel_executor.executor.parallel:closing loop
[7.399s] DEBUG:colcon.colcon_parallel_executor.executor.parallel:loop closed
[7.399s] DEBUG:colcon.colcon_parallel_executor.executor.parallel:run_until_complete finished with '0'
[7.399s] DEBUG:colcon.colcon_core.event_reactor:joining thread
[7.426s] INFO:colcon.colcon_core.plugin_system:Skipping extension 'colcon_notification.desktop_notification.terminal_notifier': Not used on non-Darwin systems
[7.427s] INFO:colcon.colcon_core.plugin_system:Skipping extension 'colcon_notification.desktop_notification.win32': Not used on non-Windows systems
[7.427s] INFO:colcon.colcon_notification.desktop_notification:Sending desktop notification using 'notify2'
[7.484s] DEBUG:colcon.colcon_core.event_reactor:joined thread
[7.485s] INFO:colcon.colcon_core.shell:Creating prefix script '/home/cewan/ws_lidar/install/local_setup.ps1'
[7.490s] INFO:colcon.colcon_core.shell:Creating prefix util module '/home/cewan/ws_lidar/install/_local_setup_util_ps1.py'
[7.498s] INFO:colcon.colcon_core.shell:Creating prefix chain script '/home/cewan/ws_lidar/install/setup.ps1'
[7.506s] INFO:colcon.colcon_core.shell:Creating prefix script '/home/cewan/ws_lidar/install/local_setup.sh'
[7.511s] INFO:colcon.colcon_core.shell:Creating prefix util module '/home/cewan/ws_lidar/install/_local_setup_util_sh.py'
[7.514s] INFO:colcon.colcon_core.shell:Creating prefix chain script '/home/cewan/ws_lidar/install/setup.sh'
[7.521s] INFO:colcon.colcon_core.shell:Creating prefix script '/home/cewan/ws_lidar/install/local_setup.bash'
[7.524s] INFO:colcon.colcon_core.shell:Creating prefix chain script '/home/cewan/ws_lidar/install/setup.bash'
[7.531s] INFO:colcon.colcon_core.shell:Creating prefix script '/home/cewan/ws_lidar/install/local_setup.zsh'
[7.535s] INFO:colcon.colcon_core.shell:Creating prefix chain script '/home/cewan/ws_lidar/install/setup.zsh'
