[4.629s] Invoking command in '/home/cewan/ws_lidar/src/object_avoidance': PYTHONPATH=/home/cewan/ws_lidar/build/object_avoidance/prefix_override:/usr/lib/python3/dist-packages/colcon_core/task/python/colcon_distutils_commands:/home/cewan/ws_lidar/install/object_avoidance/lib/python3.10/site-packages:${PYTHONPATH} /usr/bin/python3 -W ignore:setup.py install is deprecated -W ignore:easy_install command is deprecated setup.py egg_info --egg-base ../../build/object_avoidance build --build-base /home/cewan/ws_lidar/build/object_avoidance/build install --record /home/cewan/ws_lidar/build/object_avoidance/install.log --single-version-externally-managed install_data
[5.923s] running egg_info
[5.927s] writing ../../build/object_avoidance/object_avoidance.egg-info/PKG-INFO
[5.928s] writing dependency_links to ../../build/object_avoidance/object_avoidance.egg-info/dependency_links.txt
[5.929s] writing entry points to ../../build/object_avoidance/object_avoidance.egg-info/entry_points.txt
[5.930s] writing requirements to ../../build/object_avoidance/object_avoidance.egg-info/requires.txt
[5.932s] writing top-level names to ../../build/object_avoidance/object_avoidance.egg-info/top_level.txt
[5.942s] reading manifest file '../../build/object_avoidance/object_avoidance.egg-info/SOURCES.txt'
[5.950s] writing manifest file '../../build/object_avoidance/object_avoidance.egg-info/SOURCES.txt'
[5.951s] running build
[5.952s] running build_py
[5.953s] copying object_avoidance/rpc_obj_avoid.py -> /home/cewan/ws_lidar/build/object_avoidance/build/lib/object_avoidance
[5.957s] running install
[5.958s] running install_lib
[5.959s] copying /home/cewan/ws_lidar/build/object_avoidance/build/lib/object_avoidance/rpc_obj_avoid.py -> /home/cewan/ws_lidar/install/object_avoidance/lib/python3.10/site-packages/object_avoidance
[5.963s] byte-compiling /home/cewan/ws_lidar/install/object_avoidance/lib/python3.10/site-packages/object_avoidance/rpc_obj_avoid.py to rpc_obj_avoid.cpython-310.pyc
[5.971s] running install_data
[5.971s] running install_egg_info
[5.978s] removing '/home/cewan/ws_lidar/install/object_avoidance/lib/python3.10/site-packages/object_avoidance-0.0.0-py3.10.egg-info' (and everything under it)
[5.980s] Copying ../../build/object_avoidance/object_avoidance.egg-info to /home/cewan/ws_lidar/install/object_avoidance/lib/python3.10/site-packages/object_avoidance-0.0.0-py3.10.egg-info
[5.988s] running install_scripts
[6.087s] Installing obj_avoidance_publisher script to /home/cewan/ws_lidar/install/object_avoidance/lib/object_avoidance
[6.089s] writing list of installed files to '/home/cewan/ws_lidar/build/object_avoidance/install.log'
[6.285s] Invoked command in '/home/cewan/ws_lidar/src/object_avoidance' returned '0': PYTHONPATH=/home/cewan/ws_lidar/build/object_avoidance/prefix_override:/usr/lib/python3/dist-packages/colcon_core/task/python/colcon_distutils_commands:/home/cewan/ws_lidar/install/object_avoidance/lib/python3.10/site-packages:${PYTHONPATH} /usr/bin/python3 -W ignore:setup.py install is deprecated -W ignore:easy_install command is deprecated setup.py egg_info --egg-base ../../build/object_avoidance build --build-base /home/cewan/ws_lidar/build/object_avoidance/build install --record /home/cewan/ws_lidar/build/object_avoidance/install.log --single-version-externally-managed install_data
