[4.216s] Invoking command in '/home/cewan/Automated-Tour-Car/ws_lidar/src/gpsPubSub': PYTHONPATH=/home/cewan/Automated-Tour-Car/ws_lidar/build/gpsPubSub/prefix_override:/usr/lib/python3/dist-packages/colcon_core/task/python/colcon_distutils_commands:/home/cewan/Automated-Tour-Car/ws_lidar/install/gpsPubSub/lib/python3.10/site-packages:${PYTHONPATH} /usr/bin/python3 -W ignore:setup.py install is deprecated -W ignore:easy_install command is deprecated setup.py egg_info --egg-base ../../build/gpsPubSub build --build-base /home/cewan/Automated-Tour-Car/ws_lidar/build/gpsPubSub/build install --record /home/cewan/Automated-Tour-Car/ws_lidar/build/gpsPubSub/install.log --single-version-externally-managed install_data
[6.011s] running egg_info
[6.016s] writing ../../build/gpsPubSub/gpsPubSub.egg-info/PKG-INFO
[6.018s] writing dependency_links to ../../build/gpsPubSub/gpsPubSub.egg-info/dependency_links.txt
[6.020s] writing entry points to ../../build/gpsPubSub/gpsPubSub.egg-info/entry_points.txt
[6.021s] writing requirements to ../../build/gpsPubSub/gpsPubSub.egg-info/requires.txt
[6.022s] writing top-level names to ../../build/gpsPubSub/gpsPubSub.egg-info/top_level.txt
[6.035s] reading manifest file '../../build/gpsPubSub/gpsPubSub.egg-info/SOURCES.txt'
[6.040s] writing manifest file '../../build/gpsPubSub/gpsPubSub.egg-info/SOURCES.txt'
[6.042s] running build
[6.043s] running build_py
[6.047s] copying gpsPubSub/pos_mon.py -> /home/cewan/Automated-Tour-Car/ws_lidar/build/gpsPubSub/build/lib/gpsPubSub
[6.052s] running install
[6.054s] running install_lib
[6.074s] copying /home/cewan/Automated-Tour-Car/ws_lidar/build/gpsPubSub/build/lib/gpsPubSub/pos_mon.py -> /home/cewan/Automated-Tour-Car/ws_lidar/install/gpsPubSub/lib/python3.10/site-packages/gpsPubSub
[6.080s] byte-compiling /home/cewan/Automated-Tour-Car/ws_lidar/install/gpsPubSub/lib/python3.10/site-packages/gpsPubSub/pos_mon.py to pos_mon.cpython-310.pyc
[6.088s] running install_data
[6.089s] running install_egg_info
[6.098s] removing '/home/cewan/Automated-Tour-Car/ws_lidar/install/gpsPubSub/lib/python3.10/site-packages/gpsPubSub-0.0.0-py3.10.egg-info' (and everything under it)
[6.100s] Copying ../../build/gpsPubSub/gpsPubSub.egg-info to /home/cewan/Automated-Tour-Car/ws_lidar/install/gpsPubSub/lib/python3.10/site-packages/gpsPubSub-0.0.0-py3.10.egg-info
[6.114s] running install_scripts
[6.242s] Installing cov_comp script to /home/cewan/Automated-Tour-Car/ws_lidar/install/gpsPubSub/lib/gpsPubSub
[6.243s] Installing covariance script to /home/cewan/Automated-Tour-Car/ws_lidar/install/gpsPubSub/lib/gpsPubSub
[6.244s] Installing covariance_test script to /home/cewan/Automated-Tour-Car/ws_lidar/install/gpsPubSub/lib/gpsPubSub
[6.245s] Installing gps_odom script to /home/cewan/Automated-Tour-Car/ws_lidar/install/gpsPubSub/lib/gpsPubSub
[6.246s] Installing gps_publisher script to /home/cewan/Automated-Tour-Car/ws_lidar/install/gpsPubSub/lib/gpsPubSub
[6.248s] Installing imu_publisher script to /home/cewan/Automated-Tour-Car/ws_lidar/install/gpsPubSub/lib/gpsPubSub
[6.249s] Installing position script to /home/cewan/Automated-Tour-Car/ws_lidar/install/gpsPubSub/lib/gpsPubSub
[6.250s] Installing subscriber script to /home/cewan/Automated-Tour-Car/ws_lidar/install/gpsPubSub/lib/gpsPubSub
[6.253s] writing list of installed files to '/home/cewan/Automated-Tour-Car/ws_lidar/build/gpsPubSub/install.log'
[6.389s] Invoked command in '/home/cewan/Automated-Tour-Car/ws_lidar/src/gpsPubSub' returned '0': PYTHONPATH=/home/cewan/Automated-Tour-Car/ws_lidar/build/gpsPubSub/prefix_override:/usr/lib/python3/dist-packages/colcon_core/task/python/colcon_distutils_commands:/home/cewan/Automated-Tour-Car/ws_lidar/install/gpsPubSub/lib/python3.10/site-packages:${PYTHONPATH} /usr/bin/python3 -W ignore:setup.py install is deprecated -W ignore:easy_install command is deprecated setup.py egg_info --egg-base ../../build/gpsPubSub build --build-base /home/cewan/Automated-Tour-Car/ws_lidar/build/gpsPubSub/build install --record /home/cewan/Automated-Tour-Car/ws_lidar/build/gpsPubSub/install.log --single-version-externally-managed install_data
