[5.868s] Invoking command in '/home/cewan/ws_lidar/src/object_avoidance': PYTHONPATH=/home/cewan/ws_lidar/build/object_avoidance/prefix_override:/usr/lib/python3/dist-packages/colcon_core/task/python/colcon_distutils_commands:/home/cewan/ws_lidar/install/object_avoidance/lib/python3.10/site-packages:${PYTHONPATH} /usr/bin/python3 -W ignore:setup.py install is deprecated -W ignore:easy_install command is deprecated setup.py egg_info --egg-base ../../build/object_avoidance build --build-base /home/cewan/ws_lidar/build/object_avoidance/build install --record /home/cewan/ws_lidar/build/object_avoidance/install.log --single-version-externally-managed install_data
[7.150s] running egg_info
[7.152s] writing ../../build/object_avoidance/object_avoidance.egg-info/PKG-INFO
[7.163s] writing dependency_links to ../../build/object_avoidance/object_avoidance.egg-info/dependency_links.txt
[7.164s] writing entry points to ../../build/object_avoidance/object_avoidance.egg-info/entry_points.txt
[7.168s] writing requirements to ../../build/object_avoidance/object_avoidance.egg-info/requires.txt
[7.170s] writing top-level names to ../../build/object_avoidance/object_avoidance.egg-info/top_level.txt
[7.174s] reading manifest file '../../build/object_avoidance/object_avoidance.egg-info/SOURCES.txt'
[7.180s] writing manifest file '../../build/object_avoidance/object_avoidance.egg-info/SOURCES.txt'
[7.181s] running build
[7.182s] running build_py
[7.184s] copying object_avoidance/rpc_obj_avoid.py -> /home/cewan/ws_lidar/build/object_avoidance/build/lib/object_avoidance
[7.186s] copying object_avoidance/test.py -> /home/cewan/ws_lidar/build/object_avoidance/build/lib/object_avoidance
[7.188s] running install
[7.191s] running install_lib
[7.195s] copying /home/cewan/ws_lidar/build/object_avoidance/build/lib/object_avoidance/rpc_obj_avoid.py -> /home/cewan/ws_lidar/install/object_avoidance/lib/python3.10/site-packages/object_avoidance
[7.196s] copying /home/cewan/ws_lidar/build/object_avoidance/build/lib/object_avoidance/test.py -> /home/cewan/ws_lidar/install/object_avoidance/lib/python3.10/site-packages/object_avoidance
[7.201s] byte-compiling /home/cewan/ws_lidar/install/object_avoidance/lib/python3.10/site-packages/object_avoidance/rpc_obj_avoid.py to rpc_obj_avoid.cpython-310.pyc
[7.207s] byte-compiling /home/cewan/ws_lidar/install/object_avoidance/lib/python3.10/site-packages/object_avoidance/test.py to test.cpython-310.pyc
[7.210s] running install_data
[7.211s] running install_egg_info
[7.220s] removing '/home/cewan/ws_lidar/install/object_avoidance/lib/python3.10/site-packages/object_avoidance-0.0.0-py3.10.egg-info' (and everything under it)
[7.224s] Copying ../../build/object_avoidance/object_avoidance.egg-info to /home/cewan/ws_lidar/install/object_avoidance/lib/python3.10/site-packages/object_avoidance-0.0.0-py3.10.egg-info
[7.232s] running install_scripts
[7.341s] Installing obj_avoidance_publisher script to /home/cewan/ws_lidar/install/object_avoidance/lib/object_avoidance
[7.346s] writing list of installed files to '/home/cewan/ws_lidar/build/object_avoidance/install.log'
[7.565s] Invoked command in '/home/cewan/ws_lidar/src/object_avoidance' returned '0': PYTHONPATH=/home/cewan/ws_lidar/build/object_avoidance/prefix_override:/usr/lib/python3/dist-packages/colcon_core/task/python/colcon_distutils_commands:/home/cewan/ws_lidar/install/object_avoidance/lib/python3.10/site-packages:${PYTHONPATH} /usr/bin/python3 -W ignore:setup.py install is deprecated -W ignore:easy_install command is deprecated setup.py egg_info --egg-base ../../build/object_avoidance build --build-base /home/cewan/ws_lidar/build/object_avoidance/build install --record /home/cewan/ws_lidar/build/object_avoidance/install.log --single-version-externally-managed install_data
