[7.197s] Invoking command in '/home/cewan/ws_lidar/src/object_avoidance': PYTHONPATH=/home/cewan/ws_lidar/build/object_avoidance/prefix_override:/usr/lib/python3/dist-packages/colcon_core/task/python/colcon_distutils_commands:/home/cewan/ws_lidar/install/object_avoidance/lib/python3.10/site-packages:${PYTHONPATH} /usr/bin/python3 -W ignore:setup.py install is deprecated -W ignore:easy_install command is deprecated setup.py egg_info --egg-base ../../build/object_avoidance build --build-base /home/cewan/ws_lidar/build/object_avoidance/build install --record /home/cewan/ws_lidar/build/object_avoidance/install.log --single-version-externally-managed install_data
[8.934s] running egg_info
[8.938s] writing ../../build/object_avoidance/object_avoidance.egg-info/PKG-INFO
[8.940s] writing dependency_links to ../../build/object_avoidance/object_avoidance.egg-info/dependency_links.txt
[8.940s] writing entry points to ../../build/object_avoidance/object_avoidance.egg-info/entry_points.txt
[8.941s] writing requirements to ../../build/object_avoidance/object_avoidance.egg-info/requires.txt
[8.941s] writing top-level names to ../../build/object_avoidance/object_avoidance.egg-info/top_level.txt
[8.955s] reading manifest file '../../build/object_avoidance/object_avoidance.egg-info/SOURCES.txt'
[8.959s] writing manifest file '../../build/object_avoidance/object_avoidance.egg-info/SOURCES.txt'
[8.959s] running build
[8.960s] running build_py
[8.962s] copying object_avoidance/object_avoidance_subscriber.py -> /home/cewan/ws_lidar/build/object_avoidance/build/lib/object_avoidance
[8.970s] running install
[8.971s] running install_lib
[8.974s] copying /home/cewan/ws_lidar/build/object_avoidance/build/lib/object_avoidance/object_avoidance_subscriber.py -> /home/cewan/ws_lidar/install/object_avoidance/lib/python3.10/site-packages/object_avoidance
[8.981s] byte-compiling /home/cewan/ws_lidar/install/object_avoidance/lib/python3.10/site-packages/object_avoidance/object_avoidance_subscriber.py to object_avoidance_subscriber.cpython-310.pyc
[8.989s] running install_data
[8.990s] running install_egg_info
[9.000s] removing '/home/cewan/ws_lidar/install/object_avoidance/lib/python3.10/site-packages/object_avoidance-0.0.0-py3.10.egg-info' (and everything under it)
[9.016s] Copying ../../build/object_avoidance/object_avoidance.egg-info to /home/cewan/ws_lidar/install/object_avoidance/lib/python3.10/site-packages/object_avoidance-0.0.0-py3.10.egg-info
[9.020s] running install_scripts
[9.154s] Installing object_avoidance_publisher script to /home/cewan/ws_lidar/install/object_avoidance/lib/object_avoidance
[9.158s] Installing object_avoidance_subscriber script to /home/cewan/ws_lidar/install/object_avoidance/lib/object_avoidance
[9.188s] writing list of installed files to '/home/cewan/ws_lidar/build/object_avoidance/install.log'
[9.501s] Invoked command in '/home/cewan/ws_lidar/src/object_avoidance' returned '0': PYTHONPATH=/home/cewan/ws_lidar/build/object_avoidance/prefix_override:/usr/lib/python3/dist-packages/colcon_core/task/python/colcon_distutils_commands:/home/cewan/ws_lidar/install/object_avoidance/lib/python3.10/site-packages:${PYTHONPATH} /usr/bin/python3 -W ignore:setup.py install is deprecated -W ignore:easy_install command is deprecated setup.py egg_info --egg-base ../../build/object_avoidance build --build-base /home/cewan/ws_lidar/build/object_avoidance/build install --record /home/cewan/ws_lidar/build/object_avoidance/install.log --single-version-externally-managed install_data
