[6.221s] Invoking command in '/home/cewan/ws_lidar/src/object_avoidance': PYTHONPATH=/home/cewan/ws_lidar/build/object_avoidance/prefix_override:/usr/lib/python3/dist-packages/colcon_core/task/python/colcon_distutils_commands:/home/cewan/ws_lidar/install/object_avoidance/lib/python3.10/site-packages:${PYTHONPATH} /usr/bin/python3 -W ignore:setup.py install is deprecated -W ignore:easy_install command is deprecated setup.py egg_info --egg-base ../../build/object_avoidance build --build-base /home/cewan/ws_lidar/build/object_avoidance/build install --record /home/cewan/ws_lidar/build/object_avoidance/install.log --single-version-externally-managed install_data
[7.861s] running egg_info
[7.864s] writing ../../build/object_avoidance/object_avoidance.egg-info/PKG-INFO
[7.866s] writing dependency_links to ../../build/object_avoidance/object_avoidance.egg-info/dependency_links.txt
[7.867s] writing entry points to ../../build/object_avoidance/object_avoidance.egg-info/entry_points.txt
[7.869s] writing requirements to ../../build/object_avoidance/object_avoidance.egg-info/requires.txt
[7.870s] writing top-level names to ../../build/object_avoidance/object_avoidance.egg-info/top_level.txt
[7.880s] reading manifest file '../../build/object_avoidance/object_avoidance.egg-info/SOURCES.txt'
[7.886s] writing manifest file '../../build/object_avoidance/object_avoidance.egg-info/SOURCES.txt'
[7.888s] running build
[7.891s] running build_py
[7.892s] copying object_avoidance/object_avoidance_publisher.py -> /home/cewan/ws_lidar/build/object_avoidance/build/lib/object_avoidance
[7.897s] running install
[7.901s] running install_lib
[7.906s] copying /home/cewan/ws_lidar/build/object_avoidance/build/lib/object_avoidance/object_avoidance_publisher.py -> /home/cewan/ws_lidar/install/object_avoidance/lib/python3.10/site-packages/object_avoidance
[7.920s] byte-compiling /home/cewan/ws_lidar/install/object_avoidance/lib/python3.10/site-packages/object_avoidance/object_avoidance_publisher.py to object_avoidance_publisher.cpython-310.pyc
[7.923s] running install_data
[7.928s] running install_egg_info
[7.929s] removing '/home/cewan/ws_lidar/install/object_avoidance/lib/python3.10/site-packages/object_avoidance-0.0.0-py3.10.egg-info' (and everything under it)
[7.930s] Copying ../../build/object_avoidance/object_avoidance.egg-info to /home/cewan/ws_lidar/install/object_avoidance/lib/python3.10/site-packages/object_avoidance-0.0.0-py3.10.egg-info
[7.945s] running install_scripts
[8.121s] Installing object_avoidance_publisher script to /home/cewan/ws_lidar/install/object_avoidance/lib/object_avoidance
[8.124s] Installing object_avoidance_subscriber script to /home/cewan/ws_lidar/install/object_avoidance/lib/object_avoidance
[8.126s] Installing test script to /home/cewan/ws_lidar/install/object_avoidance/lib/object_avoidance
[8.129s] writing list of installed files to '/home/cewan/ws_lidar/build/object_avoidance/install.log'
[8.357s] Invoked command in '/home/cewan/ws_lidar/src/object_avoidance' returned '0': PYTHONPATH=/home/cewan/ws_lidar/build/object_avoidance/prefix_override:/usr/lib/python3/dist-packages/colcon_core/task/python/colcon_distutils_commands:/home/cewan/ws_lidar/install/object_avoidance/lib/python3.10/site-packages:${PYTHONPATH} /usr/bin/python3 -W ignore:setup.py install is deprecated -W ignore:easy_install command is deprecated setup.py egg_info --egg-base ../../build/object_avoidance build --build-base /home/cewan/ws_lidar/build/object_avoidance/build install --record /home/cewan/ws_lidar/build/object_avoidance/install.log --single-version-externally-managed install_data
