[6.091s] Invoking command in '/home/cewan/Automated-Tour-Car/ws_lidar/src/teleop_control': PYTHONPATH=/home/cewan/Automated-Tour-Car/ws_lidar/build/teleop_control/prefix_override:/usr/lib/python3/dist-packages/colcon_core/task/python/colcon_distutils_commands:/home/cewan/Automated-Tour-Car/ws_lidar/install/teleop_control/lib/python3.10/site-packages: /usr/bin/python3 -W ignore:setup.py install is deprecated -W ignore:easy_install command is deprecated setup.py egg_info --egg-base ../../build/teleop_control build --build-base /home/cewan/Automated-Tour-Car/ws_lidar/build/teleop_control/build install --record /home/cewan/Automated-Tour-Car/ws_lidar/build/teleop_control/install.log --single-version-externally-managed install_data
[8.856s] running egg_info
[8.862s] writing ../../build/teleop_control/teleop_control.egg-info/PKG-INFO
[8.863s] writing dependency_links to ../../build/teleop_control/teleop_control.egg-info/dependency_links.txt
[8.865s] writing entry points to ../../build/teleop_control/teleop_control.egg-info/entry_points.txt
[8.866s] writing requirements to ../../build/teleop_control/teleop_control.egg-info/requires.txt
[8.867s] writing top-level names to ../../build/teleop_control/teleop_control.egg-info/top_level.txt
[8.878s] reading manifest file '../../build/teleop_control/teleop_control.egg-info/SOURCES.txt'
[8.885s] writing manifest file '../../build/teleop_control/teleop_control.egg-info/SOURCES.txt'
[8.886s] running build
[8.887s] running build_py
[8.894s] running install
[8.896s] running install_lib
[8.914s] running install_data
[8.920s] running install_egg_info
[8.930s] removing '/home/cewan/Automated-Tour-Car/ws_lidar/install/teleop_control/lib/python3.10/site-packages/teleop_control-0.0.0-py3.10.egg-info' (and everything under it)
[8.932s] Copying ../../build/teleop_control/teleop_control.egg-info to /home/cewan/Automated-Tour-Car/ws_lidar/install/teleop_control/lib/python3.10/site-packages/teleop_control-0.0.0-py3.10.egg-info
[8.956s] running install_scripts
[9.090s] Installing motor_control script to /home/cewan/Automated-Tour-Car/ws_lidar/install/teleop_control/lib/teleop_control
[9.092s] Installing teleop script to /home/cewan/Automated-Tour-Car/ws_lidar/install/teleop_control/lib/teleop_control
[9.095s] writing list of installed files to '/home/cewan/Automated-Tour-Car/ws_lidar/build/teleop_control/install.log'
