[5.917s] Invoking command in '/home/cewan/ws_lidar/src/lidar': PYTHONPATH=/home/cewan/ws_lidar/build/lidar/prefix_override:/usr/lib/python3/dist-packages/colcon_core/task/python/colcon_distutils_commands:/home/cewan/ws_lidar/install/lidar/lib/python3.10/site-packages:${PYTHONPATH} /usr/bin/python3 -W ignore:setup.py install is deprecated -W ignore:easy_install command is deprecated setup.py egg_info --egg-base ../../build/lidar build --build-base /home/cewan/ws_lidar/build/lidar/build install --record /home/cewan/ws_lidar/build/lidar/install.log --single-version-externally-managed install_data
[7.530s] running egg_info
[7.533s] writing ../../build/lidar/lidar.egg-info/PKG-INFO
[7.535s] writing dependency_links to ../../build/lidar/lidar.egg-info/dependency_links.txt
[7.536s] writing entry points to ../../build/lidar/lidar.egg-info/entry_points.txt
[7.537s] writing requirements to ../../build/lidar/lidar.egg-info/requires.txt
[7.539s] writing top-level names to ../../build/lidar/lidar.egg-info/top_level.txt
[7.548s] reading manifest file '../../build/lidar/lidar.egg-info/SOURCES.txt'
[7.555s] writing manifest file '../../build/lidar/lidar.egg-info/SOURCES.txt'
[7.556s] running build
[7.557s] running build_py
[7.557s] running install
[7.558s] running install_lib
[7.568s] running install_data
[7.569s] running install_egg_info
[7.580s] removing '/home/cewan/ws_lidar/install/lidar/lib/python3.10/site-packages/lidar-0.0.0-py3.10.egg-info' (and everything under it)
[7.582s] Copying ../../build/lidar/lidar.egg-info to /home/cewan/ws_lidar/install/lidar/lib/python3.10/site-packages/lidar-0.0.0-py3.10.egg-info
[7.590s] running install_scripts
[7.710s] Installing lidar_publisher script to /home/cewan/ws_lidar/install/lidar/lib/lidar
[7.712s] Installing lidar_subscriber script to /home/cewan/ws_lidar/install/lidar/lib/lidar
[7.715s] writing list of installed files to '/home/cewan/ws_lidar/build/lidar/install.log'
[7.988s] Invoked command in '/home/cewan/ws_lidar/src/lidar' returned '0': PYTHONPATH=/home/cewan/ws_lidar/build/lidar/prefix_override:/usr/lib/python3/dist-packages/colcon_core/task/python/colcon_distutils_commands:/home/cewan/ws_lidar/install/lidar/lib/python3.10/site-packages:${PYTHONPATH} /usr/bin/python3 -W ignore:setup.py install is deprecated -W ignore:easy_install command is deprecated setup.py egg_info --egg-base ../../build/lidar build --build-base /home/cewan/ws_lidar/build/lidar/build install --record /home/cewan/ws_lidar/build/lidar/install.log --single-version-externally-managed install_data
