[5.653s] Invoking command in '/home/cewan/Automated-Tour-Car/ws_lidar/src/object_avoidance': PYTHONPATH=/home/cewan/Automated-Tour-Car/ws_lidar/build/object_avoidance/prefix_override:/usr/lib/python3/dist-packages/colcon_core/task/python/colcon_distutils_commands:/home/cewan/Automated-Tour-Car/ws_lidar/install/object_avoidance/lib/python3.10/site-packages:${PYTHONPATH} /usr/bin/python3 -W ignore:setup.py install is deprecated -W ignore:easy_install command is deprecated setup.py egg_info --egg-base ../../build/object_avoidance build --build-base /home/cewan/Automated-Tour-Car/ws_lidar/build/object_avoidance/build install --record /home/cewan/Automated-Tour-Car/ws_lidar/build/object_avoidance/install.log --single-version-externally-managed install_data
[7.263s] running egg_info
[7.264s] writing ../../build/object_avoidance/object_avoidance.egg-info/PKG-INFO
[7.265s] writing dependency_links to ../../build/object_avoidance/object_avoidance.egg-info/dependency_links.txt
[7.266s] writing entry points to ../../build/object_avoidance/object_avoidance.egg-info/entry_points.txt
[7.271s] writing requirements to ../../build/object_avoidance/object_avoidance.egg-info/requires.txt
[7.272s] writing top-level names to ../../build/object_avoidance/object_avoidance.egg-info/top_level.txt
[7.283s] reading manifest file '../../build/object_avoidance/object_avoidance.egg-info/SOURCES.txt'
[7.284s] writing manifest file '../../build/object_avoidance/object_avoidance.egg-info/SOURCES.txt'
[7.284s] running build
[7.284s] running build_py
[7.287s] copying object_avoidance/object_avoidance_publisher.py -> /home/cewan/Automated-Tour-Car/ws_lidar/build/object_avoidance/build/lib/object_avoidance
[7.295s] running install
[7.297s] running install_lib
[7.307s] copying /home/cewan/Automated-Tour-Car/ws_lidar/build/object_avoidance/build/lib/object_avoidance/object_avoidance_publisher.py -> /home/cewan/Automated-Tour-Car/ws_lidar/install/object_avoidance/lib/python3.10/site-packages/object_avoidance
[7.308s] byte-compiling /home/cewan/Automated-Tour-Car/ws_lidar/install/object_avoidance/lib/python3.10/site-packages/object_avoidance/object_avoidance_publisher.py to object_avoidance_publisher.cpython-310.pyc
[7.313s] running install_data
[7.314s] running install_egg_info
[7.322s] removing '/home/cewan/Automated-Tour-Car/ws_lidar/install/object_avoidance/lib/python3.10/site-packages/object_avoidance-0.0.0-py3.10.egg-info' (and everything under it)
[7.324s] Copying ../../build/object_avoidance/object_avoidance.egg-info to /home/cewan/Automated-Tour-Car/ws_lidar/install/object_avoidance/lib/python3.10/site-packages/object_avoidance-0.0.0-py3.10.egg-info
[7.332s] running install_scripts
[7.433s] Installing publisher script to /home/cewan/Automated-Tour-Car/ws_lidar/install/object_avoidance/lib/object_avoidance
[7.434s] Installing subscriber script to /home/cewan/Automated-Tour-Car/ws_lidar/install/object_avoidance/lib/object_avoidance
[7.435s] Installing test script to /home/cewan/Automated-Tour-Car/ws_lidar/install/object_avoidance/lib/object_avoidance
[7.437s] writing list of installed files to '/home/cewan/Automated-Tour-Car/ws_lidar/build/object_avoidance/install.log'
[7.615s] Invoked command in '/home/cewan/Automated-Tour-Car/ws_lidar/src/object_avoidance' returned '0': PYTHONPATH=/home/cewan/Automated-Tour-Car/ws_lidar/build/object_avoidance/prefix_override:/usr/lib/python3/dist-packages/colcon_core/task/python/colcon_distutils_commands:/home/cewan/Automated-Tour-Car/ws_lidar/install/object_avoidance/lib/python3.10/site-packages:${PYTHONPATH} /usr/bin/python3 -W ignore:setup.py install is deprecated -W ignore:easy_install command is deprecated setup.py egg_info --egg-base ../../build/object_avoidance build --build-base /home/cewan/Automated-Tour-Car/ws_lidar/build/object_avoidance/build install --record /home/cewan/Automated-Tour-Car/ws_lidar/build/object_avoidance/install.log --single-version-externally-managed install_data
