[0.797s] DEBUG:colcon:Command line arguments: ['/usr/bin/colcon', 'build']
[0.797s] DEBUG:colcon:Parsed command line arguments: Namespace(log_base=None, log_level=None, verb_name='build', build_base='build', install_base='install', merge_install=False, symlink_install=False, test_result_base=None, continue_on_error=False, executor='parallel', parallel_workers=4, event_handlers=None, ignore_user_meta=False, metas=['./colcon.meta'], base_paths=['.'], packages_ignore=None, packages_ignore_regex=None, paths=None, packages_up_to=None, packages_up_to_regex=None, packages_above=None, packages_above_and_dependencies=None, packages_above_depth=None, packages_select_by_dep=None, packages_skip_by_dep=None, packages_skip_up_to=None, packages_select_build_failed=False, packages_skip_build_finished=False, packages_select_test_failures=False, packages_skip_test_passed=False, packages_select=None, packages_skip=None, packages_select_regex=None, packages_skip_regex=None, packages_start=None, packages_end=None, allow_overriding=[], cmake_args=None, cmake_target=None, cmake_target_skip_unavailable=False, cmake_clean_cache=False, cmake_clean_first=False, cmake_force_configure=False, ament_cmake_args=None, catkin_cmake_args=None, catkin_skip_building_tests=False, verb_parser=<colcon_defaults.argument_parser.defaults.DefaultArgumentsDecorator object at 0xffff82fcfaf0>, verb_extension=<colcon_core.verb.build.BuildVerb object at 0xffff831b9ff0>, main=<bound method BuildVerb.main of <colcon_core.verb.build.BuildVerb object at 0xffff831b9ff0>>)
[1.923s] Level 1:colcon.colcon_core.package_discovery:discover_packages(colcon_meta) check parameters
[1.924s] Level 1:colcon.colcon_core.package_discovery:discover_packages(recursive) check parameters
[1.924s] Level 1:colcon.colcon_core.package_discovery:discover_packages(ignore) check parameters
[1.924s] Level 1:colcon.colcon_core.package_discovery:discover_packages(path) check parameters
[1.924s] Level 1:colcon.colcon_core.package_discovery:discover_packages(colcon_meta) discover
[1.925s] Level 1:colcon.colcon_core.package_discovery:discover_packages(recursive) discover
[1.925s] INFO:colcon.colcon_core.package_discovery:Crawling recursively for packages in '/home/cewan/ws_lidar'
[1.925s] Level 1:colcon.colcon_core.package_identification:_identify(.) by extensions ['ignore', 'ignore_ament_install']
[1.926s] Level 1:colcon.colcon_core.package_identification:_identify(.) by extension 'ignore'
[1.926s] Level 1:colcon.colcon_core.package_identification:_identify(.) by extension 'ignore_ament_install'
[1.927s] Level 1:colcon.colcon_core.package_identification:_identify(.) by extensions ['colcon_pkg']
[1.927s] Level 1:colcon.colcon_core.package_identification:_identify(.) by extension 'colcon_pkg'
[1.927s] Level 1:colcon.colcon_core.package_identification:_identify(.) by extensions ['colcon_meta']
[1.927s] Level 1:colcon.colcon_core.package_identification:_identify(.) by extension 'colcon_meta'
[1.927s] Level 1:colcon.colcon_core.package_identification:_identify(.) by extensions ['ros']
[1.927s] Level 1:colcon.colcon_core.package_identification:_identify(.) by extension 'ros'
[2.095s] Level 1:colcon.colcon_core.package_identification:_identify(.) by extensions ['cmake', 'python']
[2.096s] Level 1:colcon.colcon_core.package_identification:_identify(.) by extension 'cmake'
[2.096s] Level 1:colcon.colcon_core.package_identification:_identify(.) by extension 'python'
[2.096s] Level 1:colcon.colcon_core.package_identification:_identify(.) by extensions ['python_setup_py']
[2.097s] Level 1:colcon.colcon_core.package_identification:_identify(.) by extension 'python_setup_py'
[2.098s] Level 1:colcon.colcon_core.package_identification:_identify(build) by extensions ['ignore', 'ignore_ament_install']
[2.098s] Level 1:colcon.colcon_core.package_identification:_identify(build) by extension 'ignore'
[2.099s] Level 1:colcon.colcon_core.package_identification:_identify(build) ignored
[2.099s] Level 1:colcon.colcon_core.package_identification:_identify(install) by extensions ['ignore', 'ignore_ament_install']
[2.100s] Level 1:colcon.colcon_core.package_identification:_identify(install) by extension 'ignore'
[2.100s] Level 1:colcon.colcon_core.package_identification:_identify(install) ignored
[2.102s] Level 1:colcon.colcon_core.package_identification:_identify(log) by extensions ['ignore', 'ignore_ament_install']
[2.103s] Level 1:colcon.colcon_core.package_identification:_identify(log) by extension 'ignore'
[2.103s] Level 1:colcon.colcon_core.package_identification:_identify(log) ignored
[2.104s] Level 1:colcon.colcon_core.package_identification:_identify(src) by extensions ['ignore', 'ignore_ament_install']
[2.104s] Level 1:colcon.colcon_core.package_identification:_identify(src) by extension 'ignore'
[2.105s] Level 1:colcon.colcon_core.package_identification:_identify(src) by extension 'ignore_ament_install'
[2.105s] Level 1:colcon.colcon_core.package_identification:_identify(src) by extensions ['colcon_pkg']
[2.105s] Level 1:colcon.colcon_core.package_identification:_identify(src) by extension 'colcon_pkg'
[2.106s] Level 1:colcon.colcon_core.package_identification:_identify(src) by extensions ['colcon_meta']
[2.106s] Level 1:colcon.colcon_core.package_identification:_identify(src) by extension 'colcon_meta'
[2.106s] Level 1:colcon.colcon_core.package_identification:_identify(src) by extensions ['ros']
[2.107s] Level 1:colcon.colcon_core.package_identification:_identify(src) by extension 'ros'
[2.107s] Level 1:colcon.colcon_core.package_identification:_identify(src) by extensions ['cmake', 'python']
[2.107s] Level 1:colcon.colcon_core.package_identification:_identify(src) by extension 'cmake'
[2.108s] Level 1:colcon.colcon_core.package_identification:_identify(src) by extension 'python'
[2.108s] Level 1:colcon.colcon_core.package_identification:_identify(src) by extensions ['python_setup_py']
[2.108s] Level 1:colcon.colcon_core.package_identification:_identify(src) by extension 'python_setup_py'
[2.109s] Level 1:colcon.colcon_core.package_identification:_identify(src/object_avoidance) by extensions ['ignore', 'ignore_ament_install']
[2.110s] Level 1:colcon.colcon_core.package_identification:_identify(src/object_avoidance) by extension 'ignore'
[2.110s] Level 1:colcon.colcon_core.package_identification:_identify(src/object_avoidance) by extension 'ignore_ament_install'
[2.111s] Level 1:colcon.colcon_core.package_identification:_identify(src/object_avoidance) by extensions ['colcon_pkg']
[2.111s] Level 1:colcon.colcon_core.package_identification:_identify(src/object_avoidance) by extension 'colcon_pkg'
[2.111s] Level 1:colcon.colcon_core.package_identification:_identify(src/object_avoidance) by extensions ['colcon_meta']
[2.112s] Level 1:colcon.colcon_core.package_identification:_identify(src/object_avoidance) by extension 'colcon_meta'
[2.112s] Level 1:colcon.colcon_core.package_identification:_identify(src/object_avoidance) by extensions ['ros']
[2.112s] Level 1:colcon.colcon_core.package_identification:_identify(src/object_avoidance) by extension 'ros'
[2.126s] DEBUG:colcon.colcon_core.package_identification:Package 'src/object_avoidance' with type 'ros.ament_python' and name 'object_avoidance'
[2.126s] Level 1:colcon.colcon_core.package_discovery:discover_packages(recursive) using defaults
[2.126s] Level 1:colcon.colcon_core.package_discovery:discover_packages(ignore) discover
[2.127s] Level 1:colcon.colcon_core.package_discovery:discover_packages(ignore) using defaults
[2.127s] Level 1:colcon.colcon_core.package_discovery:discover_packages(path) discover
[2.127s] Level 1:colcon.colcon_core.package_discovery:discover_packages(path) using defaults
[2.259s] Level 1:colcon.colcon_core.package_discovery:discover_packages(prefix_path) check parameters
[2.260s] Level 1:colcon.colcon_core.package_discovery:discover_packages(prefix_path) discover
[2.301s] DEBUG:colcon.colcon_installed_package_information.package_discovery:Found 4 installed packages in /home/cewan/ws_lidar/install
[2.317s] DEBUG:colcon.colcon_installed_package_information.package_discovery:Found 287 installed packages in /opt/ros/humble
[2.333s] Level 1:colcon.colcon_core.package_discovery:discover_packages(prefix_path) using defaults
[2.649s] Level 5:colcon.colcon_core.verb:set package 'object_avoidance' build argument 'cmake_args' from command line to 'None'
[2.650s] Level 5:colcon.colcon_core.verb:set package 'object_avoidance' build argument 'cmake_target' from command line to 'None'
[2.650s] Level 5:colcon.colcon_core.verb:set package 'object_avoidance' build argument 'cmake_target_skip_unavailable' from command line to 'False'
[2.651s] Level 5:colcon.colcon_core.verb:set package 'object_avoidance' build argument 'cmake_clean_cache' from command line to 'False'
[2.653s] Level 5:colcon.colcon_core.verb:set package 'object_avoidance' build argument 'cmake_clean_first' from command line to 'False'
[2.653s] Level 5:colcon.colcon_core.verb:set package 'object_avoidance' build argument 'cmake_force_configure' from command line to 'False'
[2.654s] Level 5:colcon.colcon_core.verb:set package 'object_avoidance' build argument 'ament_cmake_args' from command line to 'None'
[2.655s] Level 5:colcon.colcon_core.verb:set package 'object_avoidance' build argument 'catkin_cmake_args' from command line to 'None'
[2.655s] Level 5:colcon.colcon_core.verb:set package 'object_avoidance' build argument 'catkin_skip_building_tests' from command line to 'False'
[2.656s] DEBUG:colcon.colcon_core.verb:Building package 'object_avoidance' with the following arguments: {'ament_cmake_args': None, 'build_base': '/home/cewan/ws_lidar/build/object_avoidance', 'catkin_cmake_args': None, 'catkin_skip_building_tests': False, 'cmake_args': None, 'cmake_clean_cache': False, 'cmake_clean_first': False, 'cmake_force_configure': False, 'cmake_target': None, 'cmake_target_skip_unavailable': False, 'install_base': '/home/cewan/ws_lidar/install/object_avoidance', 'merge_install': False, 'path': '/home/cewan/ws_lidar/src/object_avoidance', 'symlink_install': False, 'test_result_base': None}
[2.658s] INFO:colcon.colcon_core.executor:Executing jobs using 'parallel' executor
[2.671s] DEBUG:colcon.colcon_parallel_executor.executor.parallel:run_until_complete
[2.673s] INFO:colcon.colcon_ros.task.ament_python.build:Building ROS package in '/home/cewan/ws_lidar/src/object_avoidance' with build type 'ament_python'
[2.675s] Level 1:colcon.colcon_core.shell:create_environment_hook('object_avoidance', 'ament_prefix_path')
[2.696s] INFO:colcon.colcon_core.plugin_system:Skipping extension 'colcon_core.shell.bat': Not used on non-Windows systems
[2.698s] INFO:colcon.colcon_core.shell:Creating environment hook '/home/cewan/ws_lidar/install/object_avoidance/share/object_avoidance/hook/ament_prefix_path.ps1'
[2.726s] INFO:colcon.colcon_core.shell:Creating environment descriptor '/home/cewan/ws_lidar/install/object_avoidance/share/object_avoidance/hook/ament_prefix_path.dsv'
[2.729s] INFO:colcon.colcon_core.shell:Creating environment hook '/home/cewan/ws_lidar/install/object_avoidance/share/object_avoidance/hook/ament_prefix_path.sh'
[2.735s] INFO:colcon.colcon_core.shell:Skip shell extension 'powershell' for command environment: Not usable outside of PowerShell
[2.736s] DEBUG:colcon.colcon_core.shell:Skip shell extension 'dsv' for command environment
[4.364s] INFO:colcon.colcon_core.task.python.build:Building Python package in '/home/cewan/ws_lidar/src/object_avoidance'
[4.365s] INFO:colcon.colcon_core.shell:Skip shell extension 'powershell' for command environment: Not usable outside of PowerShell
[4.365s] DEBUG:colcon.colcon_core.shell:Skip shell extension 'dsv' for command environment
[6.348s] DEBUG:colcon.colcon_core.event_handler.log_command:Invoking command in '/home/cewan/ws_lidar/src/object_avoidance': PYTHONPATH=/home/cewan/ws_lidar/build/object_avoidance/prefix_override:/usr/lib/python3/dist-packages/colcon_core/task/python/colcon_distutils_commands:/home/cewan/ws_lidar/install/object_avoidance/lib/python3.10/site-packages:${PYTHONPATH} /usr/bin/python3 -W ignore:setup.py install is deprecated -W ignore:easy_install command is deprecated setup.py egg_info --egg-base ../../build/object_avoidance build --build-base /home/cewan/ws_lidar/build/object_avoidance/build install --record /home/cewan/ws_lidar/build/object_avoidance/install.log --single-version-externally-managed install_data
[7.971s] DEBUG:colcon.colcon_core.event_handler.log_command:Invoked command in '/home/cewan/ws_lidar/src/object_avoidance' returned '0': PYTHONPATH=/home/cewan/ws_lidar/build/object_avoidance/prefix_override:/usr/lib/python3/dist-packages/colcon_core/task/python/colcon_distutils_commands:/home/cewan/ws_lidar/install/object_avoidance/lib/python3.10/site-packages:${PYTHONPATH} /usr/bin/python3 -W ignore:setup.py install is deprecated -W ignore:easy_install command is deprecated setup.py egg_info --egg-base ../../build/object_avoidance build --build-base /home/cewan/ws_lidar/build/object_avoidance/build install --record /home/cewan/ws_lidar/build/object_avoidance/install.log --single-version-externally-managed install_data
[7.983s] Level 1:colcon.colcon_core.environment:checking '/home/cewan/ws_lidar/install/object_avoidance' for CMake module files
[7.986s] Level 1:colcon.colcon_core.environment:checking '/home/cewan/ws_lidar/install/object_avoidance' for CMake config files
[7.990s] Level 1:colcon.colcon_core.environment:checking '/home/cewan/ws_lidar/install/object_avoidance/lib'
[7.991s] Level 1:colcon.colcon_core.environment:checking '/home/cewan/ws_lidar/install/object_avoidance/bin'
[7.991s] Level 1:colcon.colcon_core.environment:checking '/home/cewan/ws_lidar/install/object_avoidance/lib/pkgconfig/object_avoidance.pc'
[7.992s] Level 1:colcon.colcon_core.environment:checking '/home/cewan/ws_lidar/install/object_avoidance/lib/python3.10/site-packages'
[7.993s] Level 1:colcon.colcon_core.shell:create_environment_hook('object_avoidance', 'pythonpath')
[7.993s] INFO:colcon.colcon_core.shell:Creating environment hook '/home/cewan/ws_lidar/install/object_avoidance/share/object_avoidance/hook/pythonpath.ps1'
[7.996s] INFO:colcon.colcon_core.shell:Creating environment descriptor '/home/cewan/ws_lidar/install/object_avoidance/share/object_avoidance/hook/pythonpath.dsv'
[7.997s] INFO:colcon.colcon_core.shell:Creating environment hook '/home/cewan/ws_lidar/install/object_avoidance/share/object_avoidance/hook/pythonpath.sh'
[8.000s] Level 1:colcon.colcon_core.environment:checking '/home/cewan/ws_lidar/install/object_avoidance/bin'
[8.001s] Level 1:colcon.colcon_core.environment:create_environment_scripts_only(object_avoidance)
[8.002s] INFO:colcon.colcon_core.shell:Creating package script '/home/cewan/ws_lidar/install/object_avoidance/share/object_avoidance/package.ps1'
[8.006s] INFO:colcon.colcon_core.shell:Creating package descriptor '/home/cewan/ws_lidar/install/object_avoidance/share/object_avoidance/package.dsv'
[8.008s] INFO:colcon.colcon_core.shell:Creating package script '/home/cewan/ws_lidar/install/object_avoidance/share/object_avoidance/package.sh'
[8.012s] INFO:colcon.colcon_core.shell:Creating package script '/home/cewan/ws_lidar/install/object_avoidance/share/object_avoidance/package.bash'
[8.015s] INFO:colcon.colcon_core.shell:Creating package script '/home/cewan/ws_lidar/install/object_avoidance/share/object_avoidance/package.zsh'
[8.019s] Level 1:colcon.colcon_core.environment:create_file_with_runtime_dependencies(/home/cewan/ws_lidar/install/object_avoidance/share/colcon-core/packages/object_avoidance)
[8.021s] DEBUG:colcon.colcon_parallel_executor.executor.parallel:closing loop
[8.022s] DEBUG:colcon.colcon_parallel_executor.executor.parallel:loop closed
[8.022s] DEBUG:colcon.colcon_parallel_executor.executor.parallel:run_until_complete finished with '0'
[8.022s] DEBUG:colcon.colcon_core.event_reactor:joining thread
[8.044s] INFO:colcon.colcon_core.plugin_system:Skipping extension 'colcon_notification.desktop_notification.terminal_notifier': Not used on non-Darwin systems
[8.044s] INFO:colcon.colcon_core.plugin_system:Skipping extension 'colcon_notification.desktop_notification.win32': Not used on non-Windows systems
[8.045s] INFO:colcon.colcon_notification.desktop_notification:Sending desktop notification using 'notify2'
[8.050s] DEBUG:colcon.colcon_notification.desktop_notification.notify2:Failed to initialize notify2: org.freedesktop.DBus.Error.ServiceUnknown: The name org.freedesktop.Notifications was not provided by any .service files
[8.050s] DEBUG:colcon.colcon_core.event_reactor:joined thread
[8.051s] INFO:colcon.colcon_core.shell:Creating prefix script '/home/cewan/ws_lidar/install/local_setup.ps1'
[8.055s] INFO:colcon.colcon_core.shell:Creating prefix util module '/home/cewan/ws_lidar/install/_local_setup_util_ps1.py'
[8.061s] INFO:colcon.colcon_core.shell:Creating prefix chain script '/home/cewan/ws_lidar/install/setup.ps1'
[8.067s] INFO:colcon.colcon_core.shell:Creating prefix script '/home/cewan/ws_lidar/install/local_setup.sh'
[8.070s] INFO:colcon.colcon_core.shell:Creating prefix util module '/home/cewan/ws_lidar/install/_local_setup_util_sh.py'
[8.073s] INFO:colcon.colcon_core.shell:Creating prefix chain script '/home/cewan/ws_lidar/install/setup.sh'
[8.078s] INFO:colcon.colcon_core.shell:Creating prefix script '/home/cewan/ws_lidar/install/local_setup.bash'
[8.080s] INFO:colcon.colcon_core.shell:Creating prefix chain script '/home/cewan/ws_lidar/install/setup.bash'
[8.085s] INFO:colcon.colcon_core.shell:Creating prefix script '/home/cewan/ws_lidar/install/local_setup.zsh'
[8.088s] INFO:colcon.colcon_core.shell:Creating prefix chain script '/home/cewan/ws_lidar/install/setup.zsh'
