[6.203s] Invoking command in '/home/cewan/ws_lidar/src/lidar': PYTHONPATH=/home/cewan/ws_lidar/build/lidar/prefix_override:/usr/lib/python3/dist-packages/colcon_core/task/python/colcon_distutils_commands:/home/cewan/ws_lidar/install/lidar/lib/python3.10/site-packages:${PYTHONPATH} /usr/bin/python3 -W ignore:setup.py install is deprecated -W ignore:easy_install command is deprecated setup.py egg_info --egg-base ../../build/lidar build --build-base /home/cewan/ws_lidar/build/lidar/build install --record /home/cewan/ws_lidar/build/lidar/install.log --single-version-externally-managed install_data
[9.002s] running egg_info
[9.013s] writing ../../build/lidar/lidar.egg-info/PKG-INFO
[9.015s] writing dependency_links to ../../build/lidar/lidar.egg-info/dependency_links.txt
[9.020s] writing entry points to ../../build/lidar/lidar.egg-info/entry_points.txt
[9.023s] writing requirements to ../../build/lidar/lidar.egg-info/requires.txt
[9.026s] writing top-level names to ../../build/lidar/lidar.egg-info/top_level.txt
[9.047s] reading manifest file '../../build/lidar/lidar.egg-info/SOURCES.txt'
[9.063s] writing manifest file '../../build/lidar/lidar.egg-info/SOURCES.txt'
[9.065s] running build
[9.067s] running build_py
[9.070s] running install
[9.074s] running install_lib
[9.095s] running install_data
[9.104s] running install_egg_info
[9.135s] removing '/home/cewan/ws_lidar/install/lidar/lib/python3.10/site-packages/lidar-0.0.0-py3.10.egg-info' (and everything under it)
[9.149s] Copying ../../build/lidar/lidar.egg-info to /home/cewan/ws_lidar/install/lidar/lib/python3.10/site-packages/lidar-0.0.0-py3.10.egg-info
[9.162s] running install_scripts
[9.494s] Installing lidar_publisher script to /home/cewan/ws_lidar/install/lidar/lib/lidar
[9.495s] Installing lidar_subscriber script to /home/cewan/ws_lidar/install/lidar/lib/lidar
[9.516s] writing list of installed files to '/home/cewan/ws_lidar/build/lidar/install.log'
[9.808s] Invoked command in '/home/cewan/ws_lidar/src/lidar' returned '0': PYTHONPATH=/home/cewan/ws_lidar/build/lidar/prefix_override:/usr/lib/python3/dist-packages/colcon_core/task/python/colcon_distutils_commands:/home/cewan/ws_lidar/install/lidar/lib/python3.10/site-packages:${PYTHONPATH} /usr/bin/python3 -W ignore:setup.py install is deprecated -W ignore:easy_install command is deprecated setup.py egg_info --egg-base ../../build/lidar build --build-base /home/cewan/ws_lidar/build/lidar/build install --record /home/cewan/ws_lidar/build/lidar/install.log --single-version-externally-managed install_data
