[4.390s] Invoking command in '/home/cewan/ws_lidar/src/object_avoidance': PYTHONPATH=/home/cewan/ws_lidar/build/object_avoidance/prefix_override:/usr/lib/python3/dist-packages/colcon_core/task/python/colcon_distutils_commands:/home/cewan/ws_lidar/install/object_avoidance/lib/python3.10/site-packages:${PYTHONPATH} /usr/bin/python3 -W ignore:setup.py install is deprecated -W ignore:easy_install command is deprecated setup.py egg_info --egg-base ../../build/object_avoidance build --build-base /home/cewan/ws_lidar/build/object_avoidance/build install --record /home/cewan/ws_lidar/build/object_avoidance/install.log --single-version-externally-managed install_data
[5.850s] running egg_info
[5.853s] writing ../../build/object_avoidance/object_avoidance.egg-info/PKG-INFO
[5.854s] writing dependency_links to ../../build/object_avoidance/object_avoidance.egg-info/dependency_links.txt
[5.855s] writing entry points to ../../build/object_avoidance/object_avoidance.egg-info/entry_points.txt
[5.856s] writing requirements to ../../build/object_avoidance/object_avoidance.egg-info/requires.txt
[5.857s] writing top-level names to ../../build/object_avoidance/object_avoidance.egg-info/top_level.txt
[5.865s] reading manifest file '../../build/object_avoidance/object_avoidance.egg-info/SOURCES.txt'
[5.869s] writing manifest file '../../build/object_avoidance/object_avoidance.egg-info/SOURCES.txt'
[5.870s] running build
[5.871s] running build_py
[5.874s] running install
[5.875s] running install_lib
[5.890s] running install_data
[5.891s] running install_egg_info
[5.900s] removing '/home/cewan/ws_lidar/install/object_avoidance/lib/python3.10/site-packages/object_avoidance-0.0.0-py3.10.egg-info' (and everything under it)
[5.902s] Copying ../../build/object_avoidance/object_avoidance.egg-info to /home/cewan/ws_lidar/install/object_avoidance/lib/python3.10/site-packages/object_avoidance-0.0.0-py3.10.egg-info
[5.910s] running install_scripts
[6.004s] Installing object_avoidance_publisher script to /home/cewan/ws_lidar/install/object_avoidance/lib/object_avoidance
[6.005s] Installing object_avoidance_subscriber script to /home/cewan/ws_lidar/install/object_avoidance/lib/object_avoidance
[6.006s] Installing test script to /home/cewan/ws_lidar/install/object_avoidance/lib/object_avoidance
[6.008s] writing list of installed files to '/home/cewan/ws_lidar/build/object_avoidance/install.log'
[6.154s] Invoked command in '/home/cewan/ws_lidar/src/object_avoidance' returned '0': PYTHONPATH=/home/cewan/ws_lidar/build/object_avoidance/prefix_override:/usr/lib/python3/dist-packages/colcon_core/task/python/colcon_distutils_commands:/home/cewan/ws_lidar/install/object_avoidance/lib/python3.10/site-packages:${PYTHONPATH} /usr/bin/python3 -W ignore:setup.py install is deprecated -W ignore:easy_install command is deprecated setup.py egg_info --egg-base ../../build/object_avoidance build --build-base /home/cewan/ws_lidar/build/object_avoidance/build install --record /home/cewan/ws_lidar/build/object_avoidance/install.log --single-version-externally-managed install_data
