[3.628s] Invoking command in '/home/cewan/ws_lidar/src/object_avoidance': PYTHONPATH=/home/cewan/ws_lidar/build/object_avoidance/prefix_override:/usr/lib/python3/dist-packages/colcon_core/task/python/colcon_distutils_commands:/home/cewan/ws_lidar/install/object_avoidance/lib/python3.10/site-packages:${PYTHONPATH} /usr/bin/python3 -W ignore:setup.py install is deprecated -W ignore:easy_install command is deprecated setup.py egg_info --egg-base ../../build/object_avoidance build --build-base /home/cewan/ws_lidar/build/object_avoidance/build install --record /home/cewan/ws_lidar/build/object_avoidance/install.log --single-version-externally-managed install_data
[5.036s] running egg_info
[5.040s] writing ../../build/object_avoidance/object_avoidance.egg-info/PKG-INFO
[5.041s] writing dependency_links to ../../build/object_avoidance/object_avoidance.egg-info/dependency_links.txt
[5.045s] writing entry points to ../../build/object_avoidance/object_avoidance.egg-info/entry_points.txt
[5.046s] writing requirements to ../../build/object_avoidance/object_avoidance.egg-info/requires.txt
[5.047s] writing top-level names to ../../build/object_avoidance/object_avoidance.egg-info/top_level.txt
[5.055s] reading manifest file '../../build/object_avoidance/object_avoidance.egg-info/SOURCES.txt'
[5.059s] writing manifest file '../../build/object_avoidance/object_avoidance.egg-info/SOURCES.txt'
[5.060s] running build
[5.061s] running build_py
[5.062s] copying object_avoidance/object_avoidance_publisher.py -> /home/cewan/ws_lidar/build/object_avoidance/build/lib/object_avoidance
[5.065s] running install
[5.067s] running install_lib
[5.079s] copying /home/cewan/ws_lidar/build/object_avoidance/build/lib/object_avoidance/object_avoidance_publisher.py -> /home/cewan/ws_lidar/install/object_avoidance/lib/python3.10/site-packages/object_avoidance
[5.083s] byte-compiling /home/cewan/ws_lidar/install/object_avoidance/lib/python3.10/site-packages/object_avoidance/object_avoidance_publisher.py to object_avoidance_publisher.cpython-310.pyc
[5.090s] running install_data
[5.091s] running install_egg_info
[5.100s] removing '/home/cewan/ws_lidar/install/object_avoidance/lib/python3.10/site-packages/object_avoidance-0.0.0-py3.10.egg-info' (and everything under it)
[5.102s] Copying ../../build/object_avoidance/object_avoidance.egg-info to /home/cewan/ws_lidar/install/object_avoidance/lib/python3.10/site-packages/object_avoidance-0.0.0-py3.10.egg-info
[5.109s] running install_scripts
[5.207s] Installing publisher script to /home/cewan/ws_lidar/install/object_avoidance/lib/object_avoidance
[5.208s] Installing subscriber script to /home/cewan/ws_lidar/install/object_avoidance/lib/object_avoidance
[5.209s] Installing test script to /home/cewan/ws_lidar/install/object_avoidance/lib/object_avoidance
[5.216s] writing list of installed files to '/home/cewan/ws_lidar/build/object_avoidance/install.log'
[5.366s] Invoked command in '/home/cewan/ws_lidar/src/object_avoidance' returned '0': PYTHONPATH=/home/cewan/ws_lidar/build/object_avoidance/prefix_override:/usr/lib/python3/dist-packages/colcon_core/task/python/colcon_distutils_commands:/home/cewan/ws_lidar/install/object_avoidance/lib/python3.10/site-packages:${PYTHONPATH} /usr/bin/python3 -W ignore:setup.py install is deprecated -W ignore:easy_install command is deprecated setup.py egg_info --egg-base ../../build/object_avoidance build --build-base /home/cewan/ws_lidar/build/object_avoidance/build install --record /home/cewan/ws_lidar/build/object_avoidance/install.log --single-version-externally-managed install_data
