[10.601s] Invoking command in '/home/cewan/Automated-Tour-Car/ws_lidar/src/lidar': PYTHONPATH=/home/cewan/Automated-Tour-Car/ws_lidar/build/lidar/prefix_override:/usr/lib/python3/dist-packages/colcon_core/task/python/colcon_distutils_commands:/home/cewan/Automated-Tour-Car/ws_lidar/install/lidar/lib/python3.10/site-packages:${PYTHONPATH} /usr/bin/python3 -W ignore:setup.py install is deprecated -W ignore:easy_install command is deprecated setup.py egg_info --egg-base ../../build/lidar build --build-base /home/cewan/Automated-Tour-Car/ws_lidar/build/lidar/build install --record /home/cewan/Automated-Tour-Car/ws_lidar/build/lidar/install.log --single-version-externally-managed install_data
[12.868s] running egg_info
[12.870s] writing ../../build/lidar/lidar.egg-info/PKG-INFO
[12.871s] writing dependency_links to ../../build/lidar/lidar.egg-info/dependency_links.txt
[12.873s] writing entry points to ../../build/lidar/lidar.egg-info/entry_points.txt
[12.873s] writing requirements to ../../build/lidar/lidar.egg-info/requires.txt
[12.874s] writing top-level names to ../../build/lidar/lidar.egg-info/top_level.txt
[12.884s] reading manifest file '../../build/lidar/lidar.egg-info/SOURCES.txt'
[12.889s] writing manifest file '../../build/lidar/lidar.egg-info/SOURCES.txt'
[12.890s] running build
[12.890s] running build_py
[12.892s] running install
[12.894s] running install_lib
[12.907s] running install_data
[12.907s] running install_egg_info
[12.916s] removing '/home/cewan/Automated-Tour-Car/ws_lidar/install/lidar/lib/python3.10/site-packages/lidar-0.0.0-py3.10.egg-info' (and everything under it)
[12.920s] Copying ../../build/lidar/lidar.egg-info to /home/cewan/Automated-Tour-Car/ws_lidar/install/lidar/lib/python3.10/site-packages/lidar-0.0.0-py3.10.egg-info
[12.926s] running install_scripts
[13.024s] Installing lidar_publisher script to /home/cewan/Automated-Tour-Car/ws_lidar/install/lidar/lib/lidar
[13.025s] Installing lidar_subscriber script to /home/cewan/Automated-Tour-Car/ws_lidar/install/lidar/lib/lidar
[13.028s] writing list of installed files to '/home/cewan/Automated-Tour-Car/ws_lidar/build/lidar/install.log'
[13.193s] Invoked command in '/home/cewan/Automated-Tour-Car/ws_lidar/src/lidar' returned '0': PYTHONPATH=/home/cewan/Automated-Tour-Car/ws_lidar/build/lidar/prefix_override:/usr/lib/python3/dist-packages/colcon_core/task/python/colcon_distutils_commands:/home/cewan/Automated-Tour-Car/ws_lidar/install/lidar/lib/python3.10/site-packages:${PYTHONPATH} /usr/bin/python3 -W ignore:setup.py install is deprecated -W ignore:easy_install command is deprecated setup.py egg_info --egg-base ../../build/lidar build --build-base /home/cewan/Automated-Tour-Car/ws_lidar/build/lidar/build install --record /home/cewan/Automated-Tour-Car/ws_lidar/build/lidar/install.log --single-version-externally-managed install_data
