[0.038s] Invoking command in '/home/cewan/Automated-Tour-Car/ws_lidar/build/tour_mapping_and_localization': CMAKE_PREFIX_PATH=${CMAKE_PREFIX_PATH}:/home/cewan/Automated-Tour-Car/ws_lidar/install/teleop_control:/home/cewan/Automated-Tour-Car/ws_lidar/install/object_avoidance:/home/cewan/Automated-Tour-Car/ws_lidar/install/lidar:/home/cewan/Automated-Tour-Car/ws_lidar/install/gpsPubSub:/home/cewan/Automated-Tour-Car/ws_lidar/install/TurtleBot /usr/bin/cmake /home/cewan/Automated-Tour-Car/ws_lidar/src/tour_mapping_and_localization -DCMAKE_INSTALL_PREFIX=/home/cewan/Automated-Tour-Car/ws_lidar/install/tour_mapping_and_localization
[0.272s] [31mCMake Error at CMakeLists.txt:9 (find_package):
[0.273s]   By not providing "Findament_cmake.cmake" in CMAKE_MODULE_PATH this project
[0.273s]   has asked CMake to find a package configuration file provided by
[0.274s]   "ament_cmake", but CMake did not find one.
[0.275s] 
[0.275s]   Could not find a package configuration file provided by "ament_cmake" with
[0.276s]   any of the following names:
[0.276s] 
[0.277s]     ament_cmakeConfig.cmake
[0.278s]     ament_cmake-config.cmake
[0.279s] 
[0.280s]   Add the installation prefix of "ament_cmake" to CMAKE_PREFIX_PATH or set
[0.280s]   "ament_cmake_DIR" to a directory containing one of the above files.  If
[0.281s]   "ament_cmake" provides a separate development package or SDK, be sure it
[0.283s]   has been installed.
[0.283s] 
[0.285s] [0m
[0.286s] -- Configuring incomplete, errors occurred!
[0.287s] See also "/home/cewan/Automated-Tour-Car/ws_lidar/build/tour_mapping_and_localization/CMakeFiles/CMakeOutput.log".
[0.290s] Invoked command in '/home/cewan/Automated-Tour-Car/ws_lidar/build/tour_mapping_and_localization' returned '1': CMAKE_PREFIX_PATH=${CMAKE_PREFIX_PATH}:/home/cewan/Automated-Tour-Car/ws_lidar/install/teleop_control:/home/cewan/Automated-Tour-Car/ws_lidar/install/object_avoidance:/home/cewan/Automated-Tour-Car/ws_lidar/install/lidar:/home/cewan/Automated-Tour-Car/ws_lidar/install/gpsPubSub:/home/cewan/Automated-Tour-Car/ws_lidar/install/TurtleBot /usr/bin/cmake /home/cewan/Automated-Tour-Car/ws_lidar/src/tour_mapping_and_localization -DCMAKE_INSTALL_PREFIX=/home/cewan/Automated-Tour-Car/ws_lidar/install/tour_mapping_and_localization
