[3.133s] Invoking command in '/home/cewan/Automated-Tour-Car/ws_lidar/build/sllidar_ros2': CMAKE_PREFIX_PATH=${CMAKE_PREFIX_PATH}:/home/cewan/Automated-Tour-Car/ws_lidar/install/object_avoidance:/home/cewan/Automated-Tour-Car/ws_lidar/install/lidar:/opt/ros/humble /usr/bin/cmake --build /home/cewan/Automated-Tour-Car/ws_lidar/build/sllidar_ros2 -- -j4 -l4
[3.485s] [ 90%] Built target sllidar_node
[3.497s] [100%] Built target sllidar_client
[3.559s] Invoked command in '/home/cewan/Automated-Tour-Car/ws_lidar/build/sllidar_ros2' returned '0': CMAKE_PREFIX_PATH=${CMAKE_PREFIX_PATH}:/home/cewan/Automated-Tour-Car/ws_lidar/install/object_avoidance:/home/cewan/Automated-Tour-Car/ws_lidar/install/lidar:/opt/ros/humble /usr/bin/cmake --build /home/cewan/Automated-Tour-Car/ws_lidar/build/sllidar_ros2 -- -j4 -l4
[3.617s] Invoking command in '/home/cewan/Automated-Tour-Car/ws_lidar/build/sllidar_ros2': CMAKE_PREFIX_PATH=${CMAKE_PREFIX_PATH}:/home/cewan/Automated-Tour-Car/ws_lidar/install/object_avoidance:/home/cewan/Automated-Tour-Car/ws_lidar/install/lidar:/opt/ros/humble /usr/bin/cmake --install /home/cewan/Automated-Tour-Car/ws_lidar/build/sllidar_ros2
[3.699s] -- Install configuration: ""
[3.700s] -- Up-to-date: /home/cewan/Automated-Tour-Car/ws_lidar/install/sllidar_ros2/share/sllidar_ros2/launch
[3.702s] -- Up-to-date: /home/cewan/Automated-Tour-Car/ws_lidar/install/sllidar_ros2/share/sllidar_ros2/launch/view_sllidar_c1_launch.py
[3.703s] -- Up-to-date: /home/cewan/Automated-Tour-Car/ws_lidar/install/sllidar_ros2/share/sllidar_ros2/launch/sllidar_s3_launch.py
[3.704s] -- Up-to-date: /home/cewan/Automated-Tour-Car/ws_lidar/install/sllidar_ros2/share/sllidar_ros2/launch/sllidar_a2m8_launch.py
[3.706s] -- Up-to-date: /home/cewan/Automated-Tour-Car/ws_lidar/install/sllidar_ros2/share/sllidar_ros2/launch/view_sllidar_s1_tcp_launch.py
[3.707s] -- Up-to-date: /home/cewan/Automated-Tour-Car/ws_lidar/install/sllidar_ros2/share/sllidar_ros2/launch/sllidar_s1_tcp_launch.py
[3.708s] -- Up-to-date: /home/cewan/Automated-Tour-Car/ws_lidar/install/sllidar_ros2/share/sllidar_ros2/launch/sllidar_c1_launch.py
[3.710s] -- Up-to-date: /home/cewan/Automated-Tour-Car/ws_lidar/install/sllidar_ros2/share/sllidar_ros2/launch/sllidar_s1_launch.py
[3.711s] -- Up-to-date: /home/cewan/Automated-Tour-Car/ws_lidar/install/sllidar_ros2/share/sllidar_ros2/launch/sllidar_s2_launch.py
[3.712s] -- Up-to-date: /home/cewan/Automated-Tour-Car/ws_lidar/install/sllidar_ros2/share/sllidar_ros2/launch/view_sllidar_a2m8_launch.py
[3.714s] -- Up-to-date: /home/cewan/Automated-Tour-Car/ws_lidar/install/sllidar_ros2/share/sllidar_ros2/launch/view_sllidar_a3_launch.py
[3.716s] -- Up-to-date: /home/cewan/Automated-Tour-Car/ws_lidar/install/sllidar_ros2/share/sllidar_ros2/launch/view_sllidar_s2_launch.py
[3.718s] -- Up-to-date: /home/cewan/Automated-Tour-Car/ws_lidar/install/sllidar_ros2/share/sllidar_ros2/launch/view_sllidar_a2m12_launch.py
[3.719s] -- Up-to-date: /home/cewan/Automated-Tour-Car/ws_lidar/install/sllidar_ros2/share/sllidar_ros2/launch/view_sllidar_s1_launch.py
[3.721s] -- Up-to-date: /home/cewan/Automated-Tour-Car/ws_lidar/install/sllidar_ros2/share/sllidar_ros2/launch/sllidar_s2e_launch.py
[3.721s] -- Up-to-date: /home/cewan/Automated-Tour-Car/ws_lidar/install/sllidar_ros2/share/sllidar_ros2/launch/sllidar_a2m12_launch .py
[3.722s] -- Up-to-date: /home/cewan/Automated-Tour-Car/ws_lidar/install/sllidar_ros2/share/sllidar_ros2/launch/sllidar_t1_launch.py
[3.723s] -- Up-to-date: /home/cewan/Automated-Tour-Car/ws_lidar/install/sllidar_ros2/share/sllidar_ros2/launch/view_sllidar_a2m7_launch.py
[3.723s] -- Up-to-date: /home/cewan/Automated-Tour-Car/ws_lidar/install/sllidar_ros2/share/sllidar_ros2/launch/log
[3.724s] -- Up-to-date: /home/cewan/Automated-Tour-Car/ws_lidar/install/sllidar_ros2/share/sllidar_ros2/launch/log/COLCON_IGNORE
[3.724s] -- Up-to-date: /home/cewan/Automated-Tour-Car/ws_lidar/install/sllidar_ros2/share/sllidar_ros2/launch/log/latest
[3.725s] -- Up-to-date: /home/cewan/Automated-Tour-Car/ws_lidar/install/sllidar_ros2/share/sllidar_ros2/launch/log/build_2025-02-05_13-08-21
[3.726s] -- Up-to-date: /home/cewan/Automated-Tour-Car/ws_lidar/install/sllidar_ros2/share/sllidar_ros2/launch/log/build_2025-02-05_13-08-21/logger_all.log
[3.727s] -- Up-to-date: /home/cewan/Automated-Tour-Car/ws_lidar/install/sllidar_ros2/share/sllidar_ros2/launch/log/build_2025-02-05_13-08-21/events.log
[3.728s] -- Up-to-date: /home/cewan/Automated-Tour-Car/ws_lidar/install/sllidar_ros2/share/sllidar_ros2/launch/log/latest_build
[3.730s] -- Up-to-date: /home/cewan/Automated-Tour-Car/ws_lidar/install/sllidar_ros2/share/sllidar_ros2/launch/view_sllidar_t1_launch.py
[3.731s] -- Up-to-date: /home/cewan/Automated-Tour-Car/ws_lidar/install/sllidar_ros2/share/sllidar_ros2/launch/sllidar_a2m7_launch.py
[3.732s] -- Up-to-date: /home/cewan/Automated-Tour-Car/ws_lidar/install/sllidar_ros2/share/sllidar_ros2/launch/view_sllidar_s3_launch.py
[3.732s] -- Up-to-date: /home/cewan/Automated-Tour-Car/ws_lidar/install/sllidar_ros2/share/sllidar_ros2/launch/build
[3.733s] -- Up-to-date: /home/cewan/Automated-Tour-Car/ws_lidar/install/sllidar_ros2/share/sllidar_ros2/launch/build/COLCON_IGNORE
[3.735s] -- Up-to-date: /home/cewan/Automated-Tour-Car/ws_lidar/install/sllidar_ros2/share/sllidar_ros2/launch/build/.built_by
[3.736s] -- Up-to-date: /home/cewan/Automated-Tour-Car/ws_lidar/install/sllidar_ros2/share/sllidar_ros2/launch/install
[3.737s] -- Up-to-date: /home/cewan/Automated-Tour-Car/ws_lidar/install/sllidar_ros2/share/sllidar_ros2/launch/install/setup.ps1
[3.738s] -- Up-to-date: /home/cewan/Automated-Tour-Car/ws_lidar/install/sllidar_ros2/share/sllidar_ros2/launch/install/setup.sh
[3.739s] -- Up-to-date: /home/cewan/Automated-Tour-Car/ws_lidar/install/sllidar_ros2/share/sllidar_ros2/launch/install/_local_setup_util_ps1.py
[3.750s] -- Up-to-date: /home/cewan/Automated-Tour-Car/ws_lidar/install/sllidar_ros2/share/sllidar_ros2/launch/install/COLCON_IGNORE
[3.751s] -- Up-to-date: /home/cewan/Automated-Tour-Car/ws_lidar/install/sllidar_ros2/share/sllidar_ros2/launch/install/setup.bash
[3.752s] -- Up-to-date: /home/cewan/Automated-Tour-Car/ws_lidar/install/sllidar_ros2/share/sllidar_ros2/launch/install/local_setup.sh
[3.753s] -- Up-to-date: /home/cewan/Automated-Tour-Car/ws_lidar/install/sllidar_ros2/share/sllidar_ros2/launch/install/_local_setup_util_sh.py
[3.754s] -- Up-to-date: /home/cewan/Automated-Tour-Car/ws_lidar/install/sllidar_ros2/share/sllidar_ros2/launch/install/.colcon_install_layout
[3.754s] -- Up-to-date: /home/cewan/Automated-Tour-Car/ws_lidar/install/sllidar_ros2/share/sllidar_ros2/launch/install/setup.zsh
[3.755s] -- Up-to-date: /home/cewan/Automated-Tour-Car/ws_lidar/install/sllidar_ros2/share/sllidar_ros2/launch/install/local_setup.ps1
[3.756s] -- Up-to-date: /home/cewan/Automated-Tour-Car/ws_lidar/install/sllidar_ros2/share/sllidar_ros2/launch/install/local_setup.zsh
[3.756s] -- Up-to-date: /home/cewan/Automated-Tour-Car/ws_lidar/install/sllidar_ros2/share/sllidar_ros2/launch/install/local_setup.bash
[3.757s] -- Up-to-date: /home/cewan/Automated-Tour-Car/ws_lidar/install/sllidar_ros2/share/sllidar_ros2/launch/view_sllidar_s2e_launch.py
[3.759s] -- Up-to-date: /home/cewan/Automated-Tour-Car/ws_lidar/install/sllidar_ros2/share/sllidar_ros2/launch/sllidar_a3_launch.py
[3.767s] -- Up-to-date: /home/cewan/Automated-Tour-Car/ws_lidar/install/sllidar_ros2/share/sllidar_ros2/launch/sllidar_a1_launch.py
[3.774s] -- Up-to-date: /home/cewan/Automated-Tour-Car/ws_lidar/install/sllidar_ros2/share/sllidar_ros2/launch/view_sllidar_a1_launch.py
[3.775s] -- Up-to-date: /home/cewan/Automated-Tour-Car/ws_lidar/install/sllidar_ros2/share/sllidar_ros2/rviz
[3.775s] -- Up-to-date: /home/cewan/Automated-Tour-Car/ws_lidar/install/sllidar_ros2/share/sllidar_ros2/rviz/sllidar_ros2.rviz
[3.776s] -- Up-to-date: /home/cewan/Automated-Tour-Car/ws_lidar/install/sllidar_ros2/lib/sllidar_ros2/sllidar_node
[3.776s] -- Up-to-date: /home/cewan/Automated-Tour-Car/ws_lidar/install/sllidar_ros2/lib/sllidar_ros2/sllidar_client
[3.777s] -- Up-to-date: /home/cewan/Automated-Tour-Car/ws_lidar/install/sllidar_ros2/share/ament_index/resource_index/package_run_dependencies/sllidar_ros2
[3.777s] -- Up-to-date: /home/cewan/Automated-Tour-Car/ws_lidar/install/sllidar_ros2/share/ament_index/resource_index/parent_prefix_path/sllidar_ros2
[3.778s] -- Up-to-date: /home/cewan/Automated-Tour-Car/ws_lidar/install/sllidar_ros2/share/sllidar_ros2/environment/ament_prefix_path.sh
[3.779s] -- Up-to-date: /home/cewan/Automated-Tour-Car/ws_lidar/install/sllidar_ros2/share/sllidar_ros2/environment/ament_prefix_path.dsv
[3.779s] -- Up-to-date: /home/cewan/Automated-Tour-Car/ws_lidar/install/sllidar_ros2/share/sllidar_ros2/environment/path.sh
[3.780s] -- Up-to-date: /home/cewan/Automated-Tour-Car/ws_lidar/install/sllidar_ros2/share/sllidar_ros2/environment/path.dsv
[3.781s] -- Up-to-date: /home/cewan/Automated-Tour-Car/ws_lidar/install/sllidar_ros2/share/sllidar_ros2/local_setup.bash
[3.781s] -- Up-to-date: /home/cewan/Automated-Tour-Car/ws_lidar/install/sllidar_ros2/share/sllidar_ros2/local_setup.sh
[3.790s] -- Up-to-date: /home/cewan/Automated-Tour-Car/ws_lidar/install/sllidar_ros2/share/sllidar_ros2/local_setup.zsh
[3.791s] -- Up-to-date: /home/cewan/Automated-Tour-Car/ws_lidar/install/sllidar_ros2/share/sllidar_ros2/local_setup.dsv
[3.791s] -- Installing: /home/cewan/Automated-Tour-Car/ws_lidar/install/sllidar_ros2/share/sllidar_ros2/package.dsv
[3.793s] -- Up-to-date: /home/cewan/Automated-Tour-Car/ws_lidar/install/sllidar_ros2/share/ament_index/resource_index/packages/sllidar_ros2
[3.794s] -- Up-to-date: /home/cewan/Automated-Tour-Car/ws_lidar/install/sllidar_ros2/share/sllidar_ros2/cmake/ament_cmake_export_dependencies-extras.cmake
[3.794s] -- Up-to-date: /home/cewan/Automated-Tour-Car/ws_lidar/install/sllidar_ros2/share/sllidar_ros2/cmake/ament_cmake_export_include_directories-extras.cmake
[3.795s] -- Up-to-date: /home/cewan/Automated-Tour-Car/ws_lidar/install/sllidar_ros2/share/sllidar_ros2/cmake/sllidar_ros2Config.cmake
[3.796s] -- Up-to-date: /home/cewan/Automated-Tour-Car/ws_lidar/install/sllidar_ros2/share/sllidar_ros2/cmake/sllidar_ros2Config-version.cmake
[3.805s] -- Up-to-date: /home/cewan/Automated-Tour-Car/ws_lidar/install/sllidar_ros2/share/sllidar_ros2/package.xml
[3.807s] Invoked command in '/home/cewan/Automated-Tour-Car/ws_lidar/build/sllidar_ros2' returned '0': CMAKE_PREFIX_PATH=${CMAKE_PREFIX_PATH}:/home/cewan/Automated-Tour-Car/ws_lidar/install/object_avoidance:/home/cewan/Automated-Tour-Car/ws_lidar/install/lidar:/opt/ros/humble /usr/bin/cmake --install /home/cewan/Automated-Tour-Car/ws_lidar/build/sllidar_ros2
