[18.469s] Invoking command in '/home/cewan/Automated-Tour-Car/ws_lidar/src/lidar': PYTHONPATH=/home/cewan/Automated-Tour-Car/ws_lidar/build/lidar/prefix_override:/usr/lib/python3/dist-packages/colcon_core/task/python/colcon_distutils_commands:/home/cewan/Automated-Tour-Car/ws_lidar/install/lidar/lib/python3.10/site-packages:${PYTHONPATH} /usr/bin/python3 -W ignore:setup.py install is deprecated -W ignore:easy_install command is deprecated setup.py egg_info --egg-base ../../build/lidar build --build-base /home/cewan/Automated-Tour-Car/ws_lidar/build/lidar/build install --record /home/cewan/Automated-Tour-Car/ws_lidar/build/lidar/install.log --single-version-externally-managed install_data
[21.490s] running egg_info
[21.494s] writing ../../build/lidar/lidar.egg-info/PKG-INFO
[21.509s] writing dependency_links to ../../build/lidar/lidar.egg-info/dependency_links.txt
[21.510s] writing entry points to ../../build/lidar/lidar.egg-info/entry_points.txt
[21.511s] writing requirements to ../../build/lidar/lidar.egg-info/requires.txt
[21.512s] writing top-level names to ../../build/lidar/lidar.egg-info/top_level.txt
[21.548s] reading manifest file '../../build/lidar/lidar.egg-info/SOURCES.txt'
[21.571s] writing manifest file '../../build/lidar/lidar.egg-info/SOURCES.txt'
[21.586s] running build
[21.587s] running build_py
[21.591s] running install
[21.609s] running install_lib
[21.642s] running install_data
[21.643s] running install_egg_info
[21.666s] removing '/home/cewan/Automated-Tour-Car/ws_lidar/install/lidar/lib/python3.10/site-packages/lidar-0.0.0-py3.10.egg-info' (and everything under it)
[21.673s] Copying ../../build/lidar/lidar.egg-info to /home/cewan/Automated-Tour-Car/ws_lidar/install/lidar/lib/python3.10/site-packages/lidar-0.0.0-py3.10.egg-info
[21.690s] running install_scripts
[21.845s] Installing lidar_publisher script to /home/cewan/Automated-Tour-Car/ws_lidar/install/lidar/lib/lidar
[21.846s] Installing lidar_subscriber script to /home/cewan/Automated-Tour-Car/ws_lidar/install/lidar/lib/lidar
[21.849s] writing list of installed files to '/home/cewan/Automated-Tour-Car/ws_lidar/build/lidar/install.log'
[22.116s] Invoked command in '/home/cewan/Automated-Tour-Car/ws_lidar/src/lidar' returned '0': PYTHONPATH=/home/cewan/Automated-Tour-Car/ws_lidar/build/lidar/prefix_override:/usr/lib/python3/dist-packages/colcon_core/task/python/colcon_distutils_commands:/home/cewan/Automated-Tour-Car/ws_lidar/install/lidar/lib/python3.10/site-packages:${PYTHONPATH} /usr/bin/python3 -W ignore:setup.py install is deprecated -W ignore:easy_install command is deprecated setup.py egg_info --egg-base ../../build/lidar build --build-base /home/cewan/Automated-Tour-Car/ws_lidar/build/lidar/build install --record /home/cewan/Automated-Tour-Car/ws_lidar/build/lidar/install.log --single-version-externally-managed install_data
