[8.045s] Invoking command in '/home/cewan/Automated-Tour-Car/ws_lidar/src/TurtleBot': PYTHONPATH=/home/cewan/Automated-Tour-Car/ws_lidar/build/TurtleBot/prefix_override:/usr/lib/python3/dist-packages/colcon_core/task/python/colcon_distutils_commands:/home/cewan/Automated-Tour-Car/ws_lidar/install/TurtleBot/lib/python3.10/site-packages:${PYTHONPATH} /usr/bin/python3 -W ignore:setup.py install is deprecated -W ignore:easy_install command is deprecated setup.py egg_info --egg-base ../../build/TurtleBot build --build-base /home/cewan/Automated-Tour-Car/ws_lidar/build/TurtleBot/build install --record /home/cewan/Automated-Tour-Car/ws_lidar/build/TurtleBot/install.log --single-version-externally-managed install_data
[9.819s] running egg_info
[9.821s] writing ../../build/TurtleBot/TurtleBot.egg-info/PKG-INFO
[9.822s] writing dependency_links to ../../build/TurtleBot/TurtleBot.egg-info/dependency_links.txt
[9.824s] writing entry points to ../../build/TurtleBot/TurtleBot.egg-info/entry_points.txt
[9.825s] writing requirements to ../../build/TurtleBot/TurtleBot.egg-info/requires.txt
[9.826s] writing top-level names to ../../build/TurtleBot/TurtleBot.egg-info/top_level.txt
[9.837s] reading manifest file '../../build/TurtleBot/TurtleBot.egg-info/SOURCES.txt'
[9.842s] writing manifest file '../../build/TurtleBot/TurtleBot.egg-info/SOURCES.txt'
[9.843s] running build
[9.844s] running build_py
[9.846s] copying TurtleBot/rrt.py -> /home/cewan/Automated-Tour-Car/ws_lidar/build/TurtleBot/build/lib/TurtleBot
[9.848s] running install
[9.849s] running install_lib
[9.861s] copying /home/cewan/Automated-Tour-Car/ws_lidar/build/TurtleBot/build/lib/TurtleBot/rrt.py -> /home/cewan/Automated-Tour-Car/ws_lidar/install/TurtleBot/lib/python3.10/site-packages/TurtleBot
[9.866s] byte-compiling /home/cewan/Automated-Tour-Car/ws_lidar/install/TurtleBot/lib/python3.10/site-packages/TurtleBot/rrt.py to rrt.cpython-310.pyc
[9.876s] running install_data
[9.877s] running install_egg_info
[9.885s] removing '/home/cewan/Automated-Tour-Car/ws_lidar/install/TurtleBot/lib/python3.10/site-packages/TurtleBot-0.0.0-py3.10.egg-info' (and everything under it)
[9.887s] Copying ../../build/TurtleBot/TurtleBot.egg-info to /home/cewan/Automated-Tour-Car/ws_lidar/install/TurtleBot/lib/python3.10/site-packages/TurtleBot-0.0.0-py3.10.egg-info
[9.896s] running install_scripts
[10.004s] Installing Motion_Planner script to /home/cewan/Automated-Tour-Car/ws_lidar/install/TurtleBot/lib/TurtleBot
[10.006s] Installing PID_Controller script to /home/cewan/Automated-Tour-Car/ws_lidar/install/TurtleBot/lib/TurtleBot
[10.009s] Installing map_subscriber script to /home/cewan/Automated-Tour-Car/ws_lidar/install/TurtleBot/lib/TurtleBot
[10.011s] Installing rrt_node script to /home/cewan/Automated-Tour-Car/ws_lidar/install/TurtleBot/lib/TurtleBot
[10.016s] writing list of installed files to '/home/cewan/Automated-Tour-Car/ws_lidar/build/TurtleBot/install.log'
[10.206s] Invoked command in '/home/cewan/Automated-Tour-Car/ws_lidar/src/TurtleBot' returned '0': PYTHONPATH=/home/cewan/Automated-Tour-Car/ws_lidar/build/TurtleBot/prefix_override:/usr/lib/python3/dist-packages/colcon_core/task/python/colcon_distutils_commands:/home/cewan/Automated-Tour-Car/ws_lidar/install/TurtleBot/lib/python3.10/site-packages:${PYTHONPATH} /usr/bin/python3 -W ignore:setup.py install is deprecated -W ignore:easy_install command is deprecated setup.py egg_info --egg-base ../../build/TurtleBot build --build-base /home/cewan/Automated-Tour-Car/ws_lidar/build/TurtleBot/build install --record /home/cewan/Automated-Tour-Car/ws_lidar/build/TurtleBot/install.log --single-version-externally-managed install_data
