[3.045s] Invoking command in '/home/cewan/Automated-Tour-Car/ws_lidar/src/object_avoidance': PYTHONPATH=/home/cewan/Automated-Tour-Car/ws_lidar/build/object_avoidance/prefix_override:/usr/lib/python3/dist-packages/colcon_core/task/python/colcon_distutils_commands:/home/cewan/Automated-Tour-Car/ws_lidar/install/object_avoidance/lib/python3.10/site-packages:${PYTHONPATH} /usr/bin/python3 -W ignore:setup.py install is deprecated -W ignore:easy_install command is deprecated setup.py egg_info --egg-base ../../build/object_avoidance build --build-base /home/cewan/Automated-Tour-Car/ws_lidar/build/object_avoidance/build install --record /home/cewan/Automated-Tour-Car/ws_lidar/build/object_avoidance/install.log --single-version-externally-managed install_data
[4.247s] running egg_info
[4.250s] writing ../../build/object_avoidance/object_avoidance.egg-info/PKG-INFO
[4.251s] writing dependency_links to ../../build/object_avoidance/object_avoidance.egg-info/dependency_links.txt
[4.252s] writing entry points to ../../build/object_avoidance/object_avoidance.egg-info/entry_points.txt
[4.253s] writing requirements to ../../build/object_avoidance/object_avoidance.egg-info/requires.txt
[4.254s] writing top-level names to ../../build/object_avoidance/object_avoidance.egg-info/top_level.txt
[4.271s] reading manifest file '../../build/object_avoidance/object_avoidance.egg-info/SOURCES.txt'
[4.272s] writing manifest file '../../build/object_avoidance/object_avoidance.egg-info/SOURCES.txt'
[4.273s] running build
[4.273s] running build_py
[4.275s] copying object_avoidance/object_avoidance_subscriber.py -> /home/cewan/Automated-Tour-Car/ws_lidar/build/object_avoidance/build/lib/object_avoidance
[4.278s] copying object_avoidance/object_avoidance_publisher.py -> /home/cewan/Automated-Tour-Car/ws_lidar/build/object_avoidance/build/lib/object_avoidance
[4.281s] running install
[4.282s] running install_lib
[4.293s] copying /home/cewan/Automated-Tour-Car/ws_lidar/build/object_avoidance/build/lib/object_avoidance/object_avoidance_subscriber.py -> /home/cewan/Automated-Tour-Car/ws_lidar/install/object_avoidance/lib/python3.10/site-packages/object_avoidance
[4.295s] copying /home/cewan/Automated-Tour-Car/ws_lidar/build/object_avoidance/build/lib/object_avoidance/object_avoidance_publisher.py -> /home/cewan/Automated-Tour-Car/ws_lidar/install/object_avoidance/lib/python3.10/site-packages/object_avoidance
[4.300s] byte-compiling /home/cewan/Automated-Tour-Car/ws_lidar/install/object_avoidance/lib/python3.10/site-packages/object_avoidance/object_avoidance_subscriber.py to object_avoidance_subscriber.cpython-310.pyc
[4.310s] byte-compiling /home/cewan/Automated-Tour-Car/ws_lidar/install/object_avoidance/lib/python3.10/site-packages/object_avoidance/object_avoidance_publisher.py to object_avoidance_publisher.cpython-310.pyc
[4.315s] running install_data
[4.316s] running install_egg_info
[4.324s] removing '/home/cewan/Automated-Tour-Car/ws_lidar/install/object_avoidance/lib/python3.10/site-packages/object_avoidance-0.0.0-py3.10.egg-info' (and everything under it)
[4.329s] Copying ../../build/object_avoidance/object_avoidance.egg-info to /home/cewan/Automated-Tour-Car/ws_lidar/install/object_avoidance/lib/python3.10/site-packages/object_avoidance-0.0.0-py3.10.egg-info
[4.333s] running install_scripts
[4.414s] Installing publisher script to /home/cewan/Automated-Tour-Car/ws_lidar/install/object_avoidance/lib/object_avoidance
[4.414s] Installing servo_turn script to /home/cewan/Automated-Tour-Car/ws_lidar/install/object_avoidance/lib/object_avoidance
[4.415s] Installing subscriber script to /home/cewan/Automated-Tour-Car/ws_lidar/install/object_avoidance/lib/object_avoidance
[4.416s] Installing test script to /home/cewan/Automated-Tour-Car/ws_lidar/install/object_avoidance/lib/object_avoidance
[4.417s] Installing turntest script to /home/cewan/Automated-Tour-Car/ws_lidar/install/object_avoidance/lib/object_avoidance
[4.418s] Installing wall_follower script to /home/cewan/Automated-Tour-Car/ws_lidar/install/object_avoidance/lib/object_avoidance
[4.421s] writing list of installed files to '/home/cewan/Automated-Tour-Car/ws_lidar/build/object_avoidance/install.log'
[4.551s] Invoked command in '/home/cewan/Automated-Tour-Car/ws_lidar/src/object_avoidance' returned '0': PYTHONPATH=/home/cewan/Automated-Tour-Car/ws_lidar/build/object_avoidance/prefix_override:/usr/lib/python3/dist-packages/colcon_core/task/python/colcon_distutils_commands:/home/cewan/Automated-Tour-Car/ws_lidar/install/object_avoidance/lib/python3.10/site-packages:${PYTHONPATH} /usr/bin/python3 -W ignore:setup.py install is deprecated -W ignore:easy_install command is deprecated setup.py egg_info --egg-base ../../build/object_avoidance build --build-base /home/cewan/Automated-Tour-Car/ws_lidar/build/object_avoidance/build install --record /home/cewan/Automated-Tour-Car/ws_lidar/build/object_avoidance/install.log --single-version-externally-managed install_data
