[0.590s] DEBUG:colcon:Command line arguments: ['/usr/bin/colcon', 'build', '--packages-select', 'gps_path_tracking']
[0.591s] DEBUG:colcon:Parsed command line arguments: Namespace(log_base=None, log_level=None, verb_name='build', build_base='build', install_base='install', merge_install=False, symlink_install=False, test_result_base=None, continue_on_error=False, executor='parallel', parallel_workers=4, event_handlers=None, ignore_user_meta=False, metas=['./colcon.meta'], base_paths=['.'], packages_ignore=None, packages_ignore_regex=None, paths=None, packages_up_to=None, packages_up_to_regex=None, packages_above=None, packages_above_and_dependencies=None, packages_above_depth=None, packages_select_by_dep=None, packages_skip_by_dep=None, packages_skip_up_to=None, packages_select_build_failed=False, packages_skip_build_finished=False, packages_select_test_failures=False, packages_skip_test_passed=False, packages_select=['gps_path_tracking'], packages_skip=None, packages_select_regex=None, packages_skip_regex=None, packages_start=None, packages_end=None, allow_overriding=[], cmake_args=None, cmake_target=None, cmake_target_skip_unavailable=False, cmake_clean_cache=False, cmake_clean_first=False, cmake_force_configure=False, ament_cmake_args=None, catkin_cmake_args=None, catkin_skip_building_tests=False, verb_parser=<colcon_defaults.argument_parser.defaults.DefaultArgumentsDecorator object at 0xffff9344c970>, verb_extension=<colcon_core.verb.build.BuildVerb object at 0xffff935eae30>, main=<bound method BuildVerb.main of <colcon_core.verb.build.BuildVerb object at 0xffff935eae30>>)
[1.615s] Level 1:colcon.colcon_core.package_discovery:discover_packages(colcon_meta) check parameters
[1.615s] Level 1:colcon.colcon_core.package_discovery:discover_packages(recursive) check parameters
[1.616s] Level 1:colcon.colcon_core.package_discovery:discover_packages(ignore) check parameters
[1.616s] Level 1:colcon.colcon_core.package_discovery:discover_packages(path) check parameters
[1.616s] Level 1:colcon.colcon_core.package_discovery:discover_packages(colcon_meta) discover
[1.616s] Level 1:colcon.colcon_core.package_discovery:discover_packages(recursive) discover
[1.617s] INFO:colcon.colcon_core.package_discovery:Crawling recursively for packages in '/home/cewan/Automated-Tour-Car/ws_lidar'
[1.617s] Level 1:colcon.colcon_core.package_identification:_identify(.) by extensions ['ignore', 'ignore_ament_install']
[1.618s] Level 1:colcon.colcon_core.package_identification:_identify(.) by extension 'ignore'
[1.618s] Level 1:colcon.colcon_core.package_identification:_identify(.) by extension 'ignore_ament_install'
[1.619s] Level 1:colcon.colcon_core.package_identification:_identify(.) by extensions ['colcon_pkg']
[1.619s] Level 1:colcon.colcon_core.package_identification:_identify(.) by extension 'colcon_pkg'
[1.619s] Level 1:colcon.colcon_core.package_identification:_identify(.) by extensions ['colcon_meta']
[1.619s] Level 1:colcon.colcon_core.package_identification:_identify(.) by extension 'colcon_meta'
[1.619s] Level 1:colcon.colcon_core.package_identification:_identify(.) by extensions ['ros']
[1.620s] Level 1:colcon.colcon_core.package_identification:_identify(.) by extension 'ros'
[1.780s] Level 1:colcon.colcon_core.package_identification:_identify(.) by extensions ['cmake', 'python']
[1.780s] Level 1:colcon.colcon_core.package_identification:_identify(.) by extension 'cmake'
[1.780s] Level 1:colcon.colcon_core.package_identification:_identify(.) by extension 'python'
[1.781s] Level 1:colcon.colcon_core.package_identification:_identify(.) by extensions ['python_setup_py']
[1.781s] Level 1:colcon.colcon_core.package_identification:_identify(.) by extension 'python_setup_py'
[1.782s] Level 1:colcon.colcon_core.package_identification:_identify(build) by extensions ['ignore', 'ignore_ament_install']
[1.782s] Level 1:colcon.colcon_core.package_identification:_identify(build) by extension 'ignore'
[1.783s] Level 1:colcon.colcon_core.package_identification:_identify(build) ignored
[1.784s] Level 1:colcon.colcon_core.package_identification:_identify(install) by extensions ['ignore', 'ignore_ament_install']
[1.784s] Level 1:colcon.colcon_core.package_identification:_identify(install) by extension 'ignore'
[1.785s] Level 1:colcon.colcon_core.package_identification:_identify(install) ignored
[1.790s] Level 1:colcon.colcon_core.package_identification:_identify(log) by extensions ['ignore', 'ignore_ament_install']
[1.791s] Level 1:colcon.colcon_core.package_identification:_identify(log) by extension 'ignore'
[1.791s] Level 1:colcon.colcon_core.package_identification:_identify(log) ignored
[1.792s] Level 1:colcon.colcon_core.package_identification:_identify(src) by extensions ['ignore', 'ignore_ament_install']
[1.793s] Level 1:colcon.colcon_core.package_identification:_identify(src) by extension 'ignore'
[1.793s] Level 1:colcon.colcon_core.package_identification:_identify(src) by extension 'ignore_ament_install'
[1.794s] Level 1:colcon.colcon_core.package_identification:_identify(src) by extensions ['colcon_pkg']
[1.794s] Level 1:colcon.colcon_core.package_identification:_identify(src) by extension 'colcon_pkg'
[1.794s] Level 1:colcon.colcon_core.package_identification:_identify(src) by extensions ['colcon_meta']
[1.795s] Level 1:colcon.colcon_core.package_identification:_identify(src) by extension 'colcon_meta'
[1.795s] Level 1:colcon.colcon_core.package_identification:_identify(src) by extensions ['ros']
[1.795s] Level 1:colcon.colcon_core.package_identification:_identify(src) by extension 'ros'
[1.796s] Level 1:colcon.colcon_core.package_identification:_identify(src) by extensions ['cmake', 'python']
[1.796s] Level 1:colcon.colcon_core.package_identification:_identify(src) by extension 'cmake'
[1.797s] Level 1:colcon.colcon_core.package_identification:_identify(src) by extension 'python'
[1.797s] Level 1:colcon.colcon_core.package_identification:_identify(src) by extensions ['python_setup_py']
[1.797s] Level 1:colcon.colcon_core.package_identification:_identify(src) by extension 'python_setup_py'
[1.798s] Level 1:colcon.colcon_core.package_identification:_identify(src/TurtleBot) by extensions ['ignore', 'ignore_ament_install']
[1.799s] Level 1:colcon.colcon_core.package_identification:_identify(src/TurtleBot) by extension 'ignore'
[1.799s] Level 1:colcon.colcon_core.package_identification:_identify(src/TurtleBot) by extension 'ignore_ament_install'
[1.799s] Level 1:colcon.colcon_core.package_identification:_identify(src/TurtleBot) by extensions ['colcon_pkg']
[1.800s] Level 1:colcon.colcon_core.package_identification:_identify(src/TurtleBot) by extension 'colcon_pkg'
[1.800s] Level 1:colcon.colcon_core.package_identification:_identify(src/TurtleBot) by extensions ['colcon_meta']
[1.800s] Level 1:colcon.colcon_core.package_identification:_identify(src/TurtleBot) by extension 'colcon_meta'
[1.800s] Level 1:colcon.colcon_core.package_identification:_identify(src/TurtleBot) by extensions ['ros']
[1.800s] Level 1:colcon.colcon_core.package_identification:_identify(src/TurtleBot) by extension 'ros'
[1.813s] DEBUG:colcon.colcon_core.package_identification:Package 'src/TurtleBot' with type 'ros.ament_python' and name 'TurtleBot'
[1.814s] Level 1:colcon.colcon_core.package_identification:_identify(src/gpsPubSub) by extensions ['ignore', 'ignore_ament_install']
[1.816s] Level 1:colcon.colcon_core.package_identification:_identify(src/gpsPubSub) by extension 'ignore'
[1.816s] Level 1:colcon.colcon_core.package_identification:_identify(src/gpsPubSub) by extension 'ignore_ament_install'
[1.817s] Level 1:colcon.colcon_core.package_identification:_identify(src/gpsPubSub) by extensions ['colcon_pkg']
[1.817s] Level 1:colcon.colcon_core.package_identification:_identify(src/gpsPubSub) by extension 'colcon_pkg'
[1.817s] Level 1:colcon.colcon_core.package_identification:_identify(src/gpsPubSub) by extensions ['colcon_meta']
[1.818s] Level 1:colcon.colcon_core.package_identification:_identify(src/gpsPubSub) by extension 'colcon_meta'
[1.818s] Level 1:colcon.colcon_core.package_identification:_identify(src/gpsPubSub) by extensions ['ros']
[1.818s] Level 1:colcon.colcon_core.package_identification:_identify(src/gpsPubSub) by extension 'ros'
[1.824s] DEBUG:colcon.colcon_core.package_identification:Package 'src/gpsPubSub' with type 'ros.ament_python' and name 'gpsPubSub'
[1.825s] Level 1:colcon.colcon_core.package_identification:_identify(src/gps_path_tracking) by extensions ['ignore', 'ignore_ament_install']
[1.826s] Level 1:colcon.colcon_core.package_identification:_identify(src/gps_path_tracking) by extension 'ignore'
[1.826s] Level 1:colcon.colcon_core.package_identification:_identify(src/gps_path_tracking) by extension 'ignore_ament_install'
[1.827s] Level 1:colcon.colcon_core.package_identification:_identify(src/gps_path_tracking) by extensions ['colcon_pkg']
[1.827s] Level 1:colcon.colcon_core.package_identification:_identify(src/gps_path_tracking) by extension 'colcon_pkg'
[1.828s] Level 1:colcon.colcon_core.package_identification:_identify(src/gps_path_tracking) by extensions ['colcon_meta']
[1.828s] Level 1:colcon.colcon_core.package_identification:_identify(src/gps_path_tracking) by extension 'colcon_meta'
[1.828s] Level 1:colcon.colcon_core.package_identification:_identify(src/gps_path_tracking) by extensions ['ros']
[1.829s] Level 1:colcon.colcon_core.package_identification:_identify(src/gps_path_tracking) by extension 'ros'
[1.831s] DEBUG:colcon.colcon_core.package_identification:Package 'src/gps_path_tracking' with type 'ros.ament_python' and name 'gps_path_tracking'
[1.831s] Level 1:colcon.colcon_core.package_identification:_identify(src/lidar) by extensions ['ignore', 'ignore_ament_install']
[1.832s] Level 1:colcon.colcon_core.package_identification:_identify(src/lidar) by extension 'ignore'
[1.833s] Level 1:colcon.colcon_core.package_identification:_identify(src/lidar) by extension 'ignore_ament_install'
[1.833s] Level 1:colcon.colcon_core.package_identification:_identify(src/lidar) by extensions ['colcon_pkg']
[1.833s] Level 1:colcon.colcon_core.package_identification:_identify(src/lidar) by extension 'colcon_pkg'
[1.833s] Level 1:colcon.colcon_core.package_identification:_identify(src/lidar) by extensions ['colcon_meta']
[1.834s] Level 1:colcon.colcon_core.package_identification:_identify(src/lidar) by extension 'colcon_meta'
[1.834s] Level 1:colcon.colcon_core.package_identification:_identify(src/lidar) by extensions ['ros']
[1.834s] Level 1:colcon.colcon_core.package_identification:_identify(src/lidar) by extension 'ros'
[1.837s] DEBUG:colcon.colcon_core.package_identification:Package 'src/lidar' with type 'ros.ament_python' and name 'lidar'
[1.838s] Level 1:colcon.colcon_core.package_identification:_identify(src/object_avoidance) by extensions ['ignore', 'ignore_ament_install']
[1.839s] Level 1:colcon.colcon_core.package_identification:_identify(src/object_avoidance) by extension 'ignore'
[1.839s] Level 1:colcon.colcon_core.package_identification:_identify(src/object_avoidance) by extension 'ignore_ament_install'
[1.839s] Level 1:colcon.colcon_core.package_identification:_identify(src/object_avoidance) by extensions ['colcon_pkg']
[1.840s] Level 1:colcon.colcon_core.package_identification:_identify(src/object_avoidance) by extension 'colcon_pkg'
[1.840s] Level 1:colcon.colcon_core.package_identification:_identify(src/object_avoidance) by extensions ['colcon_meta']
[1.840s] Level 1:colcon.colcon_core.package_identification:_identify(src/object_avoidance) by extension 'colcon_meta'
[1.841s] Level 1:colcon.colcon_core.package_identification:_identify(src/object_avoidance) by extensions ['ros']
[1.841s] Level 1:colcon.colcon_core.package_identification:_identify(src/object_avoidance) by extension 'ros'
[1.844s] DEBUG:colcon.colcon_core.package_identification:Package 'src/object_avoidance' with type 'ros.ament_python' and name 'object_avoidance'
[1.845s] Level 1:colcon.colcon_core.package_identification:_identify(src/sllidar_ros2) by extensions ['ignore', 'ignore_ament_install']
[1.846s] Level 1:colcon.colcon_core.package_identification:_identify(src/sllidar_ros2) by extension 'ignore'
[1.846s] Level 1:colcon.colcon_core.package_identification:_identify(src/sllidar_ros2) by extension 'ignore_ament_install'
[1.847s] Level 1:colcon.colcon_core.package_identification:_identify(src/sllidar_ros2) by extensions ['colcon_pkg']
[1.847s] Level 1:colcon.colcon_core.package_identification:_identify(src/sllidar_ros2) by extension 'colcon_pkg'
[1.847s] Level 1:colcon.colcon_core.package_identification:_identify(src/sllidar_ros2) by extensions ['colcon_meta']
[1.848s] Level 1:colcon.colcon_core.package_identification:_identify(src/sllidar_ros2) by extension 'colcon_meta'
[1.848s] Level 1:colcon.colcon_core.package_identification:_identify(src/sllidar_ros2) by extensions ['ros']
[1.848s] Level 1:colcon.colcon_core.package_identification:_identify(src/sllidar_ros2) by extension 'ros'
[1.852s] DEBUG:colcon.colcon_core.package_identification:Package 'src/sllidar_ros2' with type 'ros.ament_cmake' and name 'sllidar_ros2'
[1.852s] Level 1:colcon.colcon_core.package_identification:_identify(src/teleop_control) by extensions ['ignore', 'ignore_ament_install']
[1.853s] Level 1:colcon.colcon_core.package_identification:_identify(src/teleop_control) by extension 'ignore'
[1.853s] Level 1:colcon.colcon_core.package_identification:_identify(src/teleop_control) by extension 'ignore_ament_install'
[1.854s] Level 1:colcon.colcon_core.package_identification:_identify(src/teleop_control) by extensions ['colcon_pkg']
[1.854s] Level 1:colcon.colcon_core.package_identification:_identify(src/teleop_control) by extension 'colcon_pkg'
[1.854s] Level 1:colcon.colcon_core.package_identification:_identify(src/teleop_control) by extensions ['colcon_meta']
[1.855s] Level 1:colcon.colcon_core.package_identification:_identify(src/teleop_control) by extension 'colcon_meta'
[1.855s] Level 1:colcon.colcon_core.package_identification:_identify(src/teleop_control) by extensions ['ros']
[1.855s] Level 1:colcon.colcon_core.package_identification:_identify(src/teleop_control) by extension 'ros'
[1.857s] DEBUG:colcon.colcon_core.package_identification:Package 'src/teleop_control' with type 'ros.ament_python' and name 'teleop_control'
[1.858s] Level 1:colcon.colcon_core.package_identification:_identify(src/tour_mapping_and_localization) by extensions ['ignore', 'ignore_ament_install']
[1.858s] Level 1:colcon.colcon_core.package_identification:_identify(src/tour_mapping_and_localization) by extension 'ignore'
[1.859s] Level 1:colcon.colcon_core.package_identification:_identify(src/tour_mapping_and_localization) by extension 'ignore_ament_install'
[1.859s] Level 1:colcon.colcon_core.package_identification:_identify(src/tour_mapping_and_localization) by extensions ['colcon_pkg']
[1.859s] Level 1:colcon.colcon_core.package_identification:_identify(src/tour_mapping_and_localization) by extension 'colcon_pkg'
[1.859s] Level 1:colcon.colcon_core.package_identification:_identify(src/tour_mapping_and_localization) by extensions ['colcon_meta']
[1.859s] Level 1:colcon.colcon_core.package_identification:_identify(src/tour_mapping_and_localization) by extension 'colcon_meta'
[1.860s] Level 1:colcon.colcon_core.package_identification:_identify(src/tour_mapping_and_localization) by extensions ['ros']
[1.860s] Level 1:colcon.colcon_core.package_identification:_identify(src/tour_mapping_and_localization) by extension 'ros'
[1.863s] DEBUG:colcon.colcon_core.package_identification:Package 'src/tour_mapping_and_localization' with type 'ros.ament_cmake' and name 'tour_mapping_and_localization'
[1.864s] Level 1:colcon.colcon_core.package_discovery:discover_packages(recursive) using defaults
[1.865s] Level 1:colcon.colcon_core.package_discovery:discover_packages(ignore) discover
[1.865s] Level 1:colcon.colcon_core.package_discovery:discover_packages(ignore) using defaults
[1.865s] Level 1:colcon.colcon_core.package_discovery:discover_packages(path) discover
[1.865s] Level 1:colcon.colcon_core.package_discovery:discover_packages(path) using defaults
[1.961s] INFO:colcon.colcon_core.package_selection:Skipping not selected package 'TurtleBot' in 'src/TurtleBot'
[1.962s] INFO:colcon.colcon_core.package_selection:Skipping not selected package 'gpsPubSub' in 'src/gpsPubSub'
[1.962s] INFO:colcon.colcon_core.package_selection:Skipping not selected package 'lidar' in 'src/lidar'
[1.962s] INFO:colcon.colcon_core.package_selection:Skipping not selected package 'object_avoidance' in 'src/object_avoidance'
[1.962s] INFO:colcon.colcon_core.package_selection:Skipping not selected package 'sllidar_ros2' in 'src/sllidar_ros2'
[1.962s] INFO:colcon.colcon_core.package_selection:Skipping not selected package 'teleop_control' in 'src/teleop_control'
[1.962s] INFO:colcon.colcon_core.package_selection:Skipping not selected package 'tour_mapping_and_localization' in 'src/tour_mapping_and_localization'
[1.964s] Level 1:colcon.colcon_core.package_discovery:discover_packages(prefix_path) check parameters
[1.964s] Level 1:colcon.colcon_core.package_discovery:discover_packages(prefix_path) discover
[1.975s] DEBUG:colcon.colcon_installed_package_information.package_discovery:Found 8 installed packages in /home/cewan/Automated-Tour-Car/ws_lidar/install
[1.984s] DEBUG:colcon.colcon_installed_package_information.package_discovery:Found 291 installed packages in /opt/ros/humble
[1.994s] Level 1:colcon.colcon_core.package_discovery:discover_packages(prefix_path) using defaults
[2.163s] Level 5:colcon.colcon_core.verb:set package 'gps_path_tracking' build argument 'cmake_args' from command line to 'None'
[2.163s] Level 5:colcon.colcon_core.verb:set package 'gps_path_tracking' build argument 'cmake_target' from command line to 'None'
[2.163s] Level 5:colcon.colcon_core.verb:set package 'gps_path_tracking' build argument 'cmake_target_skip_unavailable' from command line to 'False'
[2.163s] Level 5:colcon.colcon_core.verb:set package 'gps_path_tracking' build argument 'cmake_clean_cache' from command line to 'False'
[2.163s] Level 5:colcon.colcon_core.verb:set package 'gps_path_tracking' build argument 'cmake_clean_first' from command line to 'False'
[2.163s] Level 5:colcon.colcon_core.verb:set package 'gps_path_tracking' build argument 'cmake_force_configure' from command line to 'False'
[2.163s] Level 5:colcon.colcon_core.verb:set package 'gps_path_tracking' build argument 'ament_cmake_args' from command line to 'None'
[2.164s] Level 5:colcon.colcon_core.verb:set package 'gps_path_tracking' build argument 'catkin_cmake_args' from command line to 'None'
[2.164s] Level 5:colcon.colcon_core.verb:set package 'gps_path_tracking' build argument 'catkin_skip_building_tests' from command line to 'False'
[2.164s] DEBUG:colcon.colcon_core.verb:Building package 'gps_path_tracking' with the following arguments: {'ament_cmake_args': None, 'build_base': '/home/cewan/Automated-Tour-Car/ws_lidar/build/gps_path_tracking', 'catkin_cmake_args': None, 'catkin_skip_building_tests': False, 'cmake_args': None, 'cmake_clean_cache': False, 'cmake_clean_first': False, 'cmake_force_configure': False, 'cmake_target': None, 'cmake_target_skip_unavailable': False, 'install_base': '/home/cewan/Automated-Tour-Car/ws_lidar/install/gps_path_tracking', 'merge_install': False, 'path': '/home/cewan/Automated-Tour-Car/ws_lidar/src/gps_path_tracking', 'symlink_install': False, 'test_result_base': None}
[2.164s] INFO:colcon.colcon_core.executor:Executing jobs using 'parallel' executor
[2.168s] DEBUG:colcon.colcon_parallel_executor.executor.parallel:run_until_complete
[2.169s] INFO:colcon.colcon_ros.task.ament_python.build:Building ROS package in '/home/cewan/Automated-Tour-Car/ws_lidar/src/gps_path_tracking' with build type 'ament_python'
[2.169s] Level 1:colcon.colcon_core.shell:create_environment_hook('gps_path_tracking', 'ament_prefix_path')
[2.180s] INFO:colcon.colcon_core.plugin_system:Skipping extension 'colcon_core.shell.bat': Not used on non-Windows systems
[2.181s] INFO:colcon.colcon_core.shell:Creating environment hook '/home/cewan/Automated-Tour-Car/ws_lidar/install/gps_path_tracking/share/gps_path_tracking/hook/ament_prefix_path.ps1'
[2.184s] INFO:colcon.colcon_core.shell:Creating environment descriptor '/home/cewan/Automated-Tour-Car/ws_lidar/install/gps_path_tracking/share/gps_path_tracking/hook/ament_prefix_path.dsv'
[2.186s] INFO:colcon.colcon_core.shell:Creating environment hook '/home/cewan/Automated-Tour-Car/ws_lidar/install/gps_path_tracking/share/gps_path_tracking/hook/ament_prefix_path.sh'
[2.190s] INFO:colcon.colcon_core.shell:Skip shell extension 'powershell' for command environment: Not usable outside of PowerShell
[2.190s] DEBUG:colcon.colcon_core.shell:Skip shell extension 'dsv' for command environment
[3.866s] INFO:colcon.colcon_core.task.python.build:Building Python package in '/home/cewan/Automated-Tour-Car/ws_lidar/src/gps_path_tracking'
[3.867s] INFO:colcon.colcon_core.shell:Skip shell extension 'powershell' for command environment: Not usable outside of PowerShell
[3.867s] DEBUG:colcon.colcon_core.shell:Skip shell extension 'dsv' for command environment
[5.868s] DEBUG:colcon.colcon_core.event_handler.log_command:Invoking command in '/home/cewan/Automated-Tour-Car/ws_lidar/src/gps_path_tracking': PYTHONPATH=/home/cewan/Automated-Tour-Car/ws_lidar/build/gps_path_tracking/prefix_override:/usr/lib/python3/dist-packages/colcon_core/task/python/colcon_distutils_commands:/home/cewan/Automated-Tour-Car/ws_lidar/install/gps_path_tracking/lib/python3.10/site-packages:${PYTHONPATH} /usr/bin/python3 -W ignore:setup.py install is deprecated -W ignore:easy_install command is deprecated setup.py egg_info --egg-base ../../build/gps_path_tracking build --build-base /home/cewan/Automated-Tour-Car/ws_lidar/build/gps_path_tracking/build install --record /home/cewan/Automated-Tour-Car/ws_lidar/build/gps_path_tracking/install.log --single-version-externally-managed install_data
[7.544s] DEBUG:colcon.colcon_core.event_handler.log_command:Invoked command in '/home/cewan/Automated-Tour-Car/ws_lidar/src/gps_path_tracking' returned '0': PYTHONPATH=/home/cewan/Automated-Tour-Car/ws_lidar/build/gps_path_tracking/prefix_override:/usr/lib/python3/dist-packages/colcon_core/task/python/colcon_distutils_commands:/home/cewan/Automated-Tour-Car/ws_lidar/install/gps_path_tracking/lib/python3.10/site-packages:${PYTHONPATH} /usr/bin/python3 -W ignore:setup.py install is deprecated -W ignore:easy_install command is deprecated setup.py egg_info --egg-base ../../build/gps_path_tracking build --build-base /home/cewan/Automated-Tour-Car/ws_lidar/build/gps_path_tracking/build install --record /home/cewan/Automated-Tour-Car/ws_lidar/build/gps_path_tracking/install.log --single-version-externally-managed install_data
[7.555s] Level 1:colcon.colcon_core.environment:checking '/home/cewan/Automated-Tour-Car/ws_lidar/install/gps_path_tracking' for CMake module files
[7.558s] Level 1:colcon.colcon_core.environment:checking '/home/cewan/Automated-Tour-Car/ws_lidar/install/gps_path_tracking' for CMake config files
[7.562s] Level 1:colcon.colcon_core.environment:checking '/home/cewan/Automated-Tour-Car/ws_lidar/install/gps_path_tracking/lib'
[7.563s] Level 1:colcon.colcon_core.environment:checking '/home/cewan/Automated-Tour-Car/ws_lidar/install/gps_path_tracking/bin'
[7.563s] Level 1:colcon.colcon_core.environment:checking '/home/cewan/Automated-Tour-Car/ws_lidar/install/gps_path_tracking/lib/pkgconfig/gps_path_tracking.pc'
[7.564s] Level 1:colcon.colcon_core.environment:checking '/home/cewan/Automated-Tour-Car/ws_lidar/install/gps_path_tracking/lib/python3.10/site-packages'
[7.565s] Level 1:colcon.colcon_core.shell:create_environment_hook('gps_path_tracking', 'pythonpath')
[7.566s] INFO:colcon.colcon_core.shell:Creating environment hook '/home/cewan/Automated-Tour-Car/ws_lidar/install/gps_path_tracking/share/gps_path_tracking/hook/pythonpath.ps1'
[7.568s] INFO:colcon.colcon_core.shell:Creating environment descriptor '/home/cewan/Automated-Tour-Car/ws_lidar/install/gps_path_tracking/share/gps_path_tracking/hook/pythonpath.dsv'
[7.570s] INFO:colcon.colcon_core.shell:Creating environment hook '/home/cewan/Automated-Tour-Car/ws_lidar/install/gps_path_tracking/share/gps_path_tracking/hook/pythonpath.sh'
[7.573s] Level 1:colcon.colcon_core.environment:checking '/home/cewan/Automated-Tour-Car/ws_lidar/install/gps_path_tracking/bin'
[7.573s] Level 1:colcon.colcon_core.environment:create_environment_scripts_only(gps_path_tracking)
[7.574s] INFO:colcon.colcon_core.shell:Creating package script '/home/cewan/Automated-Tour-Car/ws_lidar/install/gps_path_tracking/share/gps_path_tracking/package.ps1'
[7.578s] INFO:colcon.colcon_core.shell:Creating package descriptor '/home/cewan/Automated-Tour-Car/ws_lidar/install/gps_path_tracking/share/gps_path_tracking/package.dsv'
[7.581s] INFO:colcon.colcon_core.shell:Creating package script '/home/cewan/Automated-Tour-Car/ws_lidar/install/gps_path_tracking/share/gps_path_tracking/package.sh'
[7.584s] INFO:colcon.colcon_core.shell:Creating package script '/home/cewan/Automated-Tour-Car/ws_lidar/install/gps_path_tracking/share/gps_path_tracking/package.bash'
[7.588s] INFO:colcon.colcon_core.shell:Creating package script '/home/cewan/Automated-Tour-Car/ws_lidar/install/gps_path_tracking/share/gps_path_tracking/package.zsh'
[7.591s] Level 1:colcon.colcon_core.environment:create_file_with_runtime_dependencies(/home/cewan/Automated-Tour-Car/ws_lidar/install/gps_path_tracking/share/colcon-core/packages/gps_path_tracking)
[7.593s] DEBUG:colcon.colcon_parallel_executor.executor.parallel:closing loop
[7.594s] DEBUG:colcon.colcon_parallel_executor.executor.parallel:loop closed
[7.594s] DEBUG:colcon.colcon_parallel_executor.executor.parallel:run_until_complete finished with '0'
[7.594s] DEBUG:colcon.colcon_core.event_reactor:joining thread
[7.616s] INFO:colcon.colcon_core.plugin_system:Skipping extension 'colcon_notification.desktop_notification.terminal_notifier': Not used on non-Darwin systems
[7.616s] INFO:colcon.colcon_core.plugin_system:Skipping extension 'colcon_notification.desktop_notification.win32': Not used on non-Windows systems
[7.616s] INFO:colcon.colcon_notification.desktop_notification:Sending desktop notification using 'notify2'
[7.621s] DEBUG:colcon.colcon_notification.desktop_notification.notify2:Failed to initialize notify2: org.freedesktop.DBus.Error.ServiceUnknown: The name org.freedesktop.Notifications was not provided by any .service files
[7.622s] DEBUG:colcon.colcon_core.event_reactor:joined thread
[7.623s] INFO:colcon.colcon_core.shell:Creating prefix script '/home/cewan/Automated-Tour-Car/ws_lidar/install/local_setup.ps1'
[7.626s] INFO:colcon.colcon_core.shell:Creating prefix util module '/home/cewan/Automated-Tour-Car/ws_lidar/install/_local_setup_util_ps1.py'
[7.633s] INFO:colcon.colcon_core.shell:Creating prefix chain script '/home/cewan/Automated-Tour-Car/ws_lidar/install/setup.ps1'
[7.641s] INFO:colcon.colcon_core.shell:Creating prefix script '/home/cewan/Automated-Tour-Car/ws_lidar/install/local_setup.sh'
[7.644s] INFO:colcon.colcon_core.shell:Creating prefix util module '/home/cewan/Automated-Tour-Car/ws_lidar/install/_local_setup_util_sh.py'
[7.647s] INFO:colcon.colcon_core.shell:Creating prefix chain script '/home/cewan/Automated-Tour-Car/ws_lidar/install/setup.sh'
[7.653s] INFO:colcon.colcon_core.shell:Creating prefix script '/home/cewan/Automated-Tour-Car/ws_lidar/install/local_setup.bash'
[7.656s] INFO:colcon.colcon_core.shell:Creating prefix chain script '/home/cewan/Automated-Tour-Car/ws_lidar/install/setup.bash'
[7.662s] INFO:colcon.colcon_core.shell:Creating prefix script '/home/cewan/Automated-Tour-Car/ws_lidar/install/local_setup.zsh'
[7.665s] INFO:colcon.colcon_core.shell:Creating prefix chain script '/home/cewan/Automated-Tour-Car/ws_lidar/install/setup.zsh'
