[4.054s] Invoking command in '/home/cewan/Automated-Tour-Car/ws_lidar/src/gps_path_tracking': PYTHONPATH=/home/cewan/Automated-Tour-Car/ws_lidar/build/gps_path_tracking/prefix_override:/usr/lib/python3/dist-packages/colcon_core/task/python/colcon_distutils_commands:/home/cewan/Automated-Tour-Car/ws_lidar/install/gps_path_tracking/lib/python3.10/site-packages:${PYTHONPATH} /usr/bin/python3 -W ignore:setup.py install is deprecated -W ignore:easy_install command is deprecated setup.py egg_info --egg-base ../../build/gps_path_tracking build --build-base /home/cewan/Automated-Tour-Car/ws_lidar/build/gps_path_tracking/build install --record /home/cewan/Automated-Tour-Car/ws_lidar/build/gps_path_tracking/install.log --single-version-externally-managed install_data
[5.551s] running egg_info
[5.554s] writing ../../build/gps_path_tracking/gps_path_tracking.egg-info/PKG-INFO
[5.556s] writing dependency_links to ../../build/gps_path_tracking/gps_path_tracking.egg-info/dependency_links.txt
[5.557s] writing entry points to ../../build/gps_path_tracking/gps_path_tracking.egg-info/entry_points.txt
[5.559s] writing requirements to ../../build/gps_path_tracking/gps_path_tracking.egg-info/requires.txt
[5.559s] writing top-level names to ../../build/gps_path_tracking/gps_path_tracking.egg-info/top_level.txt
[5.568s] reading manifest file '../../build/gps_path_tracking/gps_path_tracking.egg-info/SOURCES.txt'
[5.572s] writing manifest file '../../build/gps_path_tracking/gps_path_tracking.egg-info/SOURCES.txt'
[5.573s] running build
[5.573s] running build_py
[5.575s] running install
[5.576s] running install_lib
[5.589s] running install_data
[5.590s] running install_egg_info
[5.600s] removing '/home/cewan/Automated-Tour-Car/ws_lidar/install/gps_path_tracking/lib/python3.10/site-packages/gps_path_tracking-0.0.0-py3.10.egg-info' (and everything under it)
[5.602s] Copying ../../build/gps_path_tracking/gps_path_tracking.egg-info to /home/cewan/Automated-Tour-Car/ws_lidar/install/gps_path_tracking/lib/python3.10/site-packages/gps_path_tracking-0.0.0-py3.10.egg-info
[5.612s] running install_scripts
[5.724s] Installing gps_publisher script to /home/cewan/Automated-Tour-Car/ws_lidar/install/gps_path_tracking/lib/gps_path_tracking
[5.727s] Installing gps_tracking script to /home/cewan/Automated-Tour-Car/ws_lidar/install/gps_path_tracking/lib/gps_path_tracking
[5.728s] writing list of installed files to '/home/cewan/Automated-Tour-Car/ws_lidar/build/gps_path_tracking/install.log'
[5.866s] Invoked command in '/home/cewan/Automated-Tour-Car/ws_lidar/src/gps_path_tracking' returned '0': PYTHONPATH=/home/cewan/Automated-Tour-Car/ws_lidar/build/gps_path_tracking/prefix_override:/usr/lib/python3/dist-packages/colcon_core/task/python/colcon_distutils_commands:/home/cewan/Automated-Tour-Car/ws_lidar/install/gps_path_tracking/lib/python3.10/site-packages:${PYTHONPATH} /usr/bin/python3 -W ignore:setup.py install is deprecated -W ignore:easy_install command is deprecated setup.py egg_info --egg-base ../../build/gps_path_tracking build --build-base /home/cewan/Automated-Tour-Car/ws_lidar/build/gps_path_tracking/build install --record /home/cewan/Automated-Tour-Car/ws_lidar/build/gps_path_tracking/install.log --single-version-externally-managed install_data
