[1.896s] Invoking command in '/home/cewan/Automated-Tour-Car/ws_lidar/build/tour_mapping_and_localization': CMAKE_PREFIX_PATH=${CMAKE_PREFIX_PATH}:/home/cewan/Automated-Tour-Car/ws_lidar/install/teleop_control:/home/cewan/Automated-Tour-Car/ws_lidar/install/object_avoidance:/home/cewan/Automated-Tour-Car/ws_lidar/install/lidar:/home/cewan/Automated-Tour-Car/ws_lidar/install/gpsPubSub:/home/cewan/Automated-Tour-Car/ws_lidar/install/TurtleBot:/opt/ros/humble /usr/bin/cmake --build /home/cewan/Automated-Tour-Car/ws_lidar/build/tour_mapping_and_localization -- -j4 -l4
[2.124s] Invoked command in '/home/cewan/Automated-Tour-Car/ws_lidar/build/tour_mapping_and_localization' returned '0': CMAKE_PREFIX_PATH=${CMAKE_PREFIX_PATH}:/home/cewan/Automated-Tour-Car/ws_lidar/install/teleop_control:/home/cewan/Automated-Tour-Car/ws_lidar/install/object_avoidance:/home/cewan/Automated-Tour-Car/ws_lidar/install/lidar:/home/cewan/Automated-Tour-Car/ws_lidar/install/gpsPubSub:/home/cewan/Automated-Tour-Car/ws_lidar/install/TurtleBot:/opt/ros/humble /usr/bin/cmake --build /home/cewan/Automated-Tour-Car/ws_lidar/build/tour_mapping_and_localization -- -j4 -l4
[2.140s] Invoking command in '/home/cewan/Automated-Tour-Car/ws_lidar/build/tour_mapping_and_localization': CMAKE_PREFIX_PATH=${CMAKE_PREFIX_PATH}:/home/cewan/Automated-Tour-Car/ws_lidar/install/teleop_control:/home/cewan/Automated-Tour-Car/ws_lidar/install/object_avoidance:/home/cewan/Automated-Tour-Car/ws_lidar/install/lidar:/home/cewan/Automated-Tour-Car/ws_lidar/install/gpsPubSub:/home/cewan/Automated-Tour-Car/ws_lidar/install/TurtleBot:/opt/ros/humble /usr/bin/cmake --install /home/cewan/Automated-Tour-Car/ws_lidar/build/tour_mapping_and_localization
[2.175s] -- Install configuration: ""
[2.175s] -- Up-to-date: /home/cewan/Automated-Tour-Car/ws_lidar/install/tour_mapping_and_localization/share/tour_mapping_and_localization//config
[2.176s] -- Up-to-date: /home/cewan/Automated-Tour-Car/ws_lidar/install/tour_mapping_and_localization/share/tour_mapping_and_localization//config/cartographer.lua
[2.176s] -- Up-to-date: /home/cewan/Automated-Tour-Car/ws_lidar/install/tour_mapping_and_localization/share/tour_mapping_and_localization//launch
[2.176s] -- Up-to-date: /home/cewan/Automated-Tour-Car/ws_lidar/install/tour_mapping_and_localization/share/tour_mapping_and_localization//launch/log
[2.177s] -- Up-to-date: /home/cewan/Automated-Tour-Car/ws_lidar/install/tour_mapping_and_localization/share/tour_mapping_and_localization//launch/log/COLCON_IGNORE
[2.180s] -- Up-to-date: /home/cewan/Automated-Tour-Car/ws_lidar/install/tour_mapping_and_localization/share/tour_mapping_and_localization//launch/log/latest
[2.183s] -- Up-to-date: /home/cewan/Automated-Tour-Car/ws_lidar/install/tour_mapping_and_localization/share/tour_mapping_and_localization//launch/log/latest_build
[2.186s] -- Up-to-date: /home/cewan/Automated-Tour-Car/ws_lidar/install/tour_mapping_and_localization/share/tour_mapping_and_localization//launch/log/build_2025-02-28_15-53-24
[2.189s] -- Up-to-date: /home/cewan/Automated-Tour-Car/ws_lidar/install/tour_mapping_and_localization/share/tour_mapping_and_localization//launch/log/build_2025-02-28_15-53-24/logger_all.log
[2.190s] -- Up-to-date: /home/cewan/Automated-Tour-Car/ws_lidar/install/tour_mapping_and_localization/share/tour_mapping_and_localization//launch/log/build_2025-02-28_15-53-24/events.log
[2.190s] -- Up-to-date: /home/cewan/Automated-Tour-Car/ws_lidar/install/tour_mapping_and_localization/share/tour_mapping_and_localization//launch/build
[2.191s] -- Up-to-date: /home/cewan/Automated-Tour-Car/ws_lidar/install/tour_mapping_and_localization/share/tour_mapping_and_localization//launch/build/COLCON_IGNORE
[2.193s] -- Up-to-date: /home/cewan/Automated-Tour-Car/ws_lidar/install/tour_mapping_and_localization/share/tour_mapping_and_localization//launch/build/.built_by
[2.194s] -- Up-to-date: /home/cewan/Automated-Tour-Car/ws_lidar/install/tour_mapping_and_localization/share/tour_mapping_and_localization//launch/install
[2.194s] -- Up-to-date: /home/cewan/Automated-Tour-Car/ws_lidar/install/tour_mapping_and_localization/share/tour_mapping_and_localization//launch/install/setup.ps1
[2.195s] -- Up-to-date: /home/cewan/Automated-Tour-Car/ws_lidar/install/tour_mapping_and_localization/share/tour_mapping_and_localization//launch/install/setup.sh
[2.196s] -- Up-to-date: /home/cewan/Automated-Tour-Car/ws_lidar/install/tour_mapping_and_localization/share/tour_mapping_and_localization//launch/install/_local_setup_util_ps1.py
[2.196s] -- Up-to-date: /home/cewan/Automated-Tour-Car/ws_lidar/install/tour_mapping_and_localization/share/tour_mapping_and_localization//launch/install/COLCON_IGNORE
[2.197s] -- Up-to-date: /home/cewan/Automated-Tour-Car/ws_lidar/install/tour_mapping_and_localization/share/tour_mapping_and_localization//launch/install/setup.bash
[2.199s] -- Up-to-date: /home/cewan/Automated-Tour-Car/ws_lidar/install/tour_mapping_and_localization/share/tour_mapping_and_localization//launch/install/local_setup.sh
[2.204s] -- Up-to-date: /home/cewan/Automated-Tour-Car/ws_lidar/install/tour_mapping_and_localization/share/tour_mapping_and_localization//launch/install/_local_setup_util_sh.py
[2.211s] -- Up-to-date: /home/cewan/Automated-Tour-Car/ws_lidar/install/tour_mapping_and_localization/share/tour_mapping_and_localization//launch/install/.colcon_install_layout
[2.212s] -- Up-to-date: /home/cewan/Automated-Tour-Car/ws_lidar/install/tour_mapping_and_localization/share/tour_mapping_and_localization//launch/install/setup.zsh
[2.213s] -- Up-to-date: /home/cewan/Automated-Tour-Car/ws_lidar/install/tour_mapping_and_localization/share/tour_mapping_and_localization//launch/install/local_setup.ps1
[2.214s] -- Up-to-date: /home/cewan/Automated-Tour-Car/ws_lidar/install/tour_mapping_and_localization/share/tour_mapping_and_localization//launch/install/local_setup.zsh
[2.215s] -- Up-to-date: /home/cewan/Automated-Tour-Car/ws_lidar/install/tour_mapping_and_localization/share/tour_mapping_and_localization//launch/install/local_setup.bash
[2.216s] -- Up-to-date: /home/cewan/Automated-Tour-Car/ws_lidar/install/tour_mapping_and_localization/share/tour_mapping_and_localization//launch/cartographer.launch.py
[2.216s] -- Up-to-date: /home/cewan/Automated-Tour-Car/ws_lidar/install/tour_mapping_and_localization/share/ament_index/resource_index/package_run_dependencies/tour_mapping_and_localization
[2.217s] -- Up-to-date: /home/cewan/Automated-Tour-Car/ws_lidar/install/tour_mapping_and_localization/share/ament_index/resource_index/parent_prefix_path/tour_mapping_and_localization
[2.218s] -- Up-to-date: /home/cewan/Automated-Tour-Car/ws_lidar/install/tour_mapping_and_localization/share/tour_mapping_and_localization/environment/ament_prefix_path.sh
[2.220s] -- Up-to-date: /home/cewan/Automated-Tour-Car/ws_lidar/install/tour_mapping_and_localization/share/tour_mapping_and_localization/environment/ament_prefix_path.dsv
[2.221s] -- Up-to-date: /home/cewan/Automated-Tour-Car/ws_lidar/install/tour_mapping_and_localization/share/tour_mapping_and_localization/environment/path.sh
[2.223s] -- Up-to-date: /home/cewan/Automated-Tour-Car/ws_lidar/install/tour_mapping_and_localization/share/tour_mapping_and_localization/environment/path.dsv
[2.223s] -- Up-to-date: /home/cewan/Automated-Tour-Car/ws_lidar/install/tour_mapping_and_localization/share/tour_mapping_and_localization/local_setup.bash
[2.225s] -- Up-to-date: /home/cewan/Automated-Tour-Car/ws_lidar/install/tour_mapping_and_localization/share/tour_mapping_and_localization/local_setup.sh
[2.226s] -- Up-to-date: /home/cewan/Automated-Tour-Car/ws_lidar/install/tour_mapping_and_localization/share/tour_mapping_and_localization/local_setup.zsh
[2.228s] -- Up-to-date: /home/cewan/Automated-Tour-Car/ws_lidar/install/tour_mapping_and_localization/share/tour_mapping_and_localization/local_setup.dsv
[2.229s] -- Installing: /home/cewan/Automated-Tour-Car/ws_lidar/install/tour_mapping_and_localization/share/tour_mapping_and_localization/package.dsv
[2.230s] -- Up-to-date: /home/cewan/Automated-Tour-Car/ws_lidar/install/tour_mapping_and_localization/share/ament_index/resource_index/packages/tour_mapping_and_localization
[2.231s] -- Up-to-date: /home/cewan/Automated-Tour-Car/ws_lidar/install/tour_mapping_and_localization/share/tour_mapping_and_localization/cmake/tour_mapping_and_localizationConfig.cmake
[2.232s] -- Up-to-date: /home/cewan/Automated-Tour-Car/ws_lidar/install/tour_mapping_and_localization/share/tour_mapping_and_localization/cmake/tour_mapping_and_localizationConfig-version.cmake
[2.233s] -- Up-to-date: /home/cewan/Automated-Tour-Car/ws_lidar/install/tour_mapping_and_localization/share/tour_mapping_and_localization/package.xml
[2.234s] Invoked command in '/home/cewan/Automated-Tour-Car/ws_lidar/build/tour_mapping_and_localization' returned '0': CMAKE_PREFIX_PATH=${CMAKE_PREFIX_PATH}:/home/cewan/Automated-Tour-Car/ws_lidar/install/teleop_control:/home/cewan/Automated-Tour-Car/ws_lidar/install/object_avoidance:/home/cewan/Automated-Tour-Car/ws_lidar/install/lidar:/home/cewan/Automated-Tour-Car/ws_lidar/install/gpsPubSub:/home/cewan/Automated-Tour-Car/ws_lidar/install/TurtleBot:/opt/ros/humble /usr/bin/cmake --install /home/cewan/Automated-Tour-Car/ws_lidar/build/tour_mapping_and_localization
