[0.666s] DEBUG:colcon:Command line arguments: ['/usr/bin/colcon', 'build']
[0.667s] DEBUG:colcon:Parsed command line arguments: Namespace(log_base=None, log_level=None, verb_name='build', build_base='build', install_base='install', merge_install=False, symlink_install=False, test_result_base=None, continue_on_error=False, executor='parallel', parallel_workers=4, event_handlers=None, ignore_user_meta=False, metas=['./colcon.meta'], base_paths=['.'], packages_ignore=None, packages_ignore_regex=None, paths=None, packages_up_to=None, packages_up_to_regex=None, packages_above=None, packages_above_and_dependencies=None, packages_above_depth=None, packages_select_by_dep=None, packages_skip_by_dep=None, packages_skip_up_to=None, packages_select_build_failed=False, packages_skip_build_finished=False, packages_select_test_failures=False, packages_skip_test_passed=False, packages_select=None, packages_skip=None, packages_select_regex=None, packages_skip_regex=None, packages_start=None, packages_end=None, allow_overriding=[], cmake_args=None, cmake_target=None, cmake_target_skip_unavailable=False, cmake_clean_cache=False, cmake_clean_first=False, cmake_force_configure=False, ament_cmake_args=None, catkin_cmake_args=None, catkin_skip_building_tests=False, verb_parser=<colcon_defaults.argument_parser.defaults.DefaultArgumentsDecorator object at 0xffffa22f73a0>, verb_extension=<colcon_core.verb.build.BuildVerb object at 0xffffa24e98a0>, main=<bound method BuildVerb.main of <colcon_core.verb.build.BuildVerb object at 0xffffa24e98a0>>)
[1.902s] Level 1:colcon.colcon_core.package_discovery:discover_packages(colcon_meta) check parameters
[1.903s] Level 1:colcon.colcon_core.package_discovery:discover_packages(recursive) check parameters
[1.903s] Level 1:colcon.colcon_core.package_discovery:discover_packages(ignore) check parameters
[1.903s] Level 1:colcon.colcon_core.package_discovery:discover_packages(path) check parameters
[1.903s] Level 1:colcon.colcon_core.package_discovery:discover_packages(colcon_meta) discover
[1.904s] Level 1:colcon.colcon_core.package_discovery:discover_packages(recursive) discover
[1.904s] INFO:colcon.colcon_core.package_discovery:Crawling recursively for packages in '/home/cewan/ws_lidar'
[1.904s] Level 1:colcon.colcon_core.package_identification:_identify(.) by extensions ['ignore', 'ignore_ament_install']
[1.905s] Level 1:colcon.colcon_core.package_identification:_identify(.) by extension 'ignore'
[1.905s] Level 1:colcon.colcon_core.package_identification:_identify(.) by extension 'ignore_ament_install'
[1.906s] Level 1:colcon.colcon_core.package_identification:_identify(.) by extensions ['colcon_pkg']
[1.906s] Level 1:colcon.colcon_core.package_identification:_identify(.) by extension 'colcon_pkg'
[1.906s] Level 1:colcon.colcon_core.package_identification:_identify(.) by extensions ['colcon_meta']
[1.906s] Level 1:colcon.colcon_core.package_identification:_identify(.) by extension 'colcon_meta'
[1.906s] Level 1:colcon.colcon_core.package_identification:_identify(.) by extensions ['ros']
[1.906s] Level 1:colcon.colcon_core.package_identification:_identify(.) by extension 'ros'
[2.049s] Level 1:colcon.colcon_core.package_identification:_identify(.) by extensions ['cmake', 'python']
[2.049s] Level 1:colcon.colcon_core.package_identification:_identify(.) by extension 'cmake'
[2.049s] Level 1:colcon.colcon_core.package_identification:_identify(.) by extension 'python'
[2.049s] Level 1:colcon.colcon_core.package_identification:_identify(.) by extensions ['python_setup_py']
[2.050s] Level 1:colcon.colcon_core.package_identification:_identify(.) by extension 'python_setup_py'
[2.050s] Level 1:colcon.colcon_core.package_identification:_identify(build) by extensions ['ignore', 'ignore_ament_install']
[2.050s] Level 1:colcon.colcon_core.package_identification:_identify(build) by extension 'ignore'
[2.051s] Level 1:colcon.colcon_core.package_identification:_identify(build) ignored
[2.051s] Level 1:colcon.colcon_core.package_identification:_identify(install) by extensions ['ignore', 'ignore_ament_install']
[2.052s] Level 1:colcon.colcon_core.package_identification:_identify(install) by extension 'ignore'
[2.052s] Level 1:colcon.colcon_core.package_identification:_identify(install) ignored
[2.053s] Level 1:colcon.colcon_core.package_identification:_identify(log) by extensions ['ignore', 'ignore_ament_install']
[2.053s] Level 1:colcon.colcon_core.package_identification:_identify(log) by extension 'ignore'
[2.054s] Level 1:colcon.colcon_core.package_identification:_identify(log) ignored
[2.054s] Level 1:colcon.colcon_core.package_identification:_identify(src) by extensions ['ignore', 'ignore_ament_install']
[2.054s] Level 1:colcon.colcon_core.package_identification:_identify(src) by extension 'ignore'
[2.055s] Level 1:colcon.colcon_core.package_identification:_identify(src) by extension 'ignore_ament_install'
[2.055s] Level 1:colcon.colcon_core.package_identification:_identify(src) by extensions ['colcon_pkg']
[2.055s] Level 1:colcon.colcon_core.package_identification:_identify(src) by extension 'colcon_pkg'
[2.055s] Level 1:colcon.colcon_core.package_identification:_identify(src) by extensions ['colcon_meta']
[2.055s] Level 1:colcon.colcon_core.package_identification:_identify(src) by extension 'colcon_meta'
[2.055s] Level 1:colcon.colcon_core.package_identification:_identify(src) by extensions ['ros']
[2.056s] Level 1:colcon.colcon_core.package_identification:_identify(src) by extension 'ros'
[2.056s] Level 1:colcon.colcon_core.package_identification:_identify(src) by extensions ['cmake', 'python']
[2.056s] Level 1:colcon.colcon_core.package_identification:_identify(src) by extension 'cmake'
[2.056s] Level 1:colcon.colcon_core.package_identification:_identify(src) by extension 'python'
[2.056s] Level 1:colcon.colcon_core.package_identification:_identify(src) by extensions ['python_setup_py']
[2.056s] Level 1:colcon.colcon_core.package_identification:_identify(src) by extension 'python_setup_py'
[2.058s] Level 1:colcon.colcon_core.package_identification:_identify(src/cartographer_slam) by extensions ['ignore', 'ignore_ament_install']
[2.058s] Level 1:colcon.colcon_core.package_identification:_identify(src/cartographer_slam) by extension 'ignore'
[2.058s] Level 1:colcon.colcon_core.package_identification:_identify(src/cartographer_slam) by extension 'ignore_ament_install'
[2.059s] Level 1:colcon.colcon_core.package_identification:_identify(src/cartographer_slam) by extensions ['colcon_pkg']
[2.059s] Level 1:colcon.colcon_core.package_identification:_identify(src/cartographer_slam) by extension 'colcon_pkg'
[2.059s] Level 1:colcon.colcon_core.package_identification:_identify(src/cartographer_slam) by extensions ['colcon_meta']
[2.059s] Level 1:colcon.colcon_core.package_identification:_identify(src/cartographer_slam) by extension 'colcon_meta'
[2.059s] Level 1:colcon.colcon_core.package_identification:_identify(src/cartographer_slam) by extensions ['ros']
[2.059s] Level 1:colcon.colcon_core.package_identification:_identify(src/cartographer_slam) by extension 'ros'
[2.073s] DEBUG:colcon.colcon_core.package_identification:Package 'src/cartographer_slam' with type 'ros.ament_python' and name 'cartographer_slam'
[2.074s] Level 1:colcon.colcon_core.package_identification:_identify(src/lidar) by extensions ['ignore', 'ignore_ament_install']
[2.075s] Level 1:colcon.colcon_core.package_identification:_identify(src/lidar) by extension 'ignore'
[2.075s] Level 1:colcon.colcon_core.package_identification:_identify(src/lidar) by extension 'ignore_ament_install'
[2.075s] Level 1:colcon.colcon_core.package_identification:_identify(src/lidar) by extensions ['colcon_pkg']
[2.075s] Level 1:colcon.colcon_core.package_identification:_identify(src/lidar) by extension 'colcon_pkg'
[2.075s] Level 1:colcon.colcon_core.package_identification:_identify(src/lidar) by extensions ['colcon_meta']
[2.076s] Level 1:colcon.colcon_core.package_identification:_identify(src/lidar) by extension 'colcon_meta'
[2.076s] Level 1:colcon.colcon_core.package_identification:_identify(src/lidar) by extensions ['ros']
[2.076s] Level 1:colcon.colcon_core.package_identification:_identify(src/lidar) by extension 'ros'
[2.079s] DEBUG:colcon.colcon_core.package_identification:Package 'src/lidar' with type 'ros.ament_python' and name 'lidar'
[2.080s] Level 1:colcon.colcon_core.package_identification:_identify(src/object_avoidance) by extensions ['ignore', 'ignore_ament_install']
[2.080s] Level 1:colcon.colcon_core.package_identification:_identify(src/object_avoidance) by extension 'ignore'
[2.081s] Level 1:colcon.colcon_core.package_identification:_identify(src/object_avoidance) by extension 'ignore_ament_install'
[2.081s] Level 1:colcon.colcon_core.package_identification:_identify(src/object_avoidance) by extensions ['colcon_pkg']
[2.081s] Level 1:colcon.colcon_core.package_identification:_identify(src/object_avoidance) by extension 'colcon_pkg'
[2.081s] Level 1:colcon.colcon_core.package_identification:_identify(src/object_avoidance) by extensions ['colcon_meta']
[2.081s] Level 1:colcon.colcon_core.package_identification:_identify(src/object_avoidance) by extension 'colcon_meta'
[2.082s] Level 1:colcon.colcon_core.package_identification:_identify(src/object_avoidance) by extensions ['ros']
[2.082s] Level 1:colcon.colcon_core.package_identification:_identify(src/object_avoidance) by extension 'ros'
[2.084s] DEBUG:colcon.colcon_core.package_identification:Package 'src/object_avoidance' with type 'ros.ament_python' and name 'object_avoidance'
[2.086s] Level 1:colcon.colcon_core.package_identification:_identify(src/sllidar_ros2) by extensions ['ignore', 'ignore_ament_install']
[2.086s] Level 1:colcon.colcon_core.package_identification:_identify(src/sllidar_ros2) by extension 'ignore'
[2.087s] Level 1:colcon.colcon_core.package_identification:_identify(src/sllidar_ros2) by extension 'ignore_ament_install'
[2.087s] Level 1:colcon.colcon_core.package_identification:_identify(src/sllidar_ros2) by extensions ['colcon_pkg']
[2.087s] Level 1:colcon.colcon_core.package_identification:_identify(src/sllidar_ros2) by extension 'colcon_pkg'
[2.087s] Level 1:colcon.colcon_core.package_identification:_identify(src/sllidar_ros2) by extensions ['colcon_meta']
[2.087s] Level 1:colcon.colcon_core.package_identification:_identify(src/sllidar_ros2) by extension 'colcon_meta'
[2.088s] Level 1:colcon.colcon_core.package_identification:_identify(src/sllidar_ros2) by extensions ['ros']
[2.088s] Level 1:colcon.colcon_core.package_identification:_identify(src/sllidar_ros2) by extension 'ros'
[2.092s] DEBUG:colcon.colcon_core.package_identification:Package 'src/sllidar_ros2' with type 'ros.ament_cmake' and name 'sllidar_ros2'
[2.092s] Level 1:colcon.colcon_core.package_discovery:discover_packages(recursive) using defaults
[2.092s] Level 1:colcon.colcon_core.package_discovery:discover_packages(ignore) discover
[2.092s] Level 1:colcon.colcon_core.package_discovery:discover_packages(ignore) using defaults
[2.092s] Level 1:colcon.colcon_core.package_discovery:discover_packages(path) discover
[2.092s] Level 1:colcon.colcon_core.package_discovery:discover_packages(path) using defaults
[2.195s] Level 1:colcon.colcon_core.package_discovery:discover_packages(prefix_path) check parameters
[2.196s] Level 1:colcon.colcon_core.package_discovery:discover_packages(prefix_path) discover
[2.224s] DEBUG:colcon.colcon_installed_package_information.package_discovery:Found 4 installed packages in /home/cewan/ws_lidar/install
[2.234s] DEBUG:colcon.colcon_installed_package_information.package_discovery:Found 276 installed packages in /opt/ros/humble
[2.240s] Level 1:colcon.colcon_core.package_discovery:discover_packages(prefix_path) using defaults
[2.415s] Level 5:colcon.colcon_core.verb:set package 'cartographer_slam' build argument 'cmake_args' from command line to 'None'
[2.415s] Level 5:colcon.colcon_core.verb:set package 'cartographer_slam' build argument 'cmake_target' from command line to 'None'
[2.415s] Level 5:colcon.colcon_core.verb:set package 'cartographer_slam' build argument 'cmake_target_skip_unavailable' from command line to 'False'
[2.415s] Level 5:colcon.colcon_core.verb:set package 'cartographer_slam' build argument 'cmake_clean_cache' from command line to 'False'
[2.415s] Level 5:colcon.colcon_core.verb:set package 'cartographer_slam' build argument 'cmake_clean_first' from command line to 'False'
[2.416s] Level 5:colcon.colcon_core.verb:set package 'cartographer_slam' build argument 'cmake_force_configure' from command line to 'False'
[2.416s] Level 5:colcon.colcon_core.verb:set package 'cartographer_slam' build argument 'ament_cmake_args' from command line to 'None'
[2.416s] Level 5:colcon.colcon_core.verb:set package 'cartographer_slam' build argument 'catkin_cmake_args' from command line to 'None'
[2.416s] Level 5:colcon.colcon_core.verb:set package 'cartographer_slam' build argument 'catkin_skip_building_tests' from command line to 'False'
[2.416s] DEBUG:colcon.colcon_core.verb:Building package 'cartographer_slam' with the following arguments: {'ament_cmake_args': None, 'build_base': '/home/cewan/ws_lidar/build/cartographer_slam', 'catkin_cmake_args': None, 'catkin_skip_building_tests': False, 'cmake_args': None, 'cmake_clean_cache': False, 'cmake_clean_first': False, 'cmake_force_configure': False, 'cmake_target': None, 'cmake_target_skip_unavailable': False, 'install_base': '/home/cewan/ws_lidar/install/cartographer_slam', 'merge_install': False, 'path': '/home/cewan/ws_lidar/src/cartographer_slam', 'symlink_install': False, 'test_result_base': None}
[2.418s] Level 5:colcon.colcon_core.verb:set package 'lidar' build argument 'cmake_args' from command line to 'None'
[2.418s] Level 5:colcon.colcon_core.verb:set package 'lidar' build argument 'cmake_target' from command line to 'None'
[2.418s] Level 5:colcon.colcon_core.verb:set package 'lidar' build argument 'cmake_target_skip_unavailable' from command line to 'False'
[2.418s] Level 5:colcon.colcon_core.verb:set package 'lidar' build argument 'cmake_clean_cache' from command line to 'False'
[2.418s] Level 5:colcon.colcon_core.verb:set package 'lidar' build argument 'cmake_clean_first' from command line to 'False'
[2.418s] Level 5:colcon.colcon_core.verb:set package 'lidar' build argument 'cmake_force_configure' from command line to 'False'
[2.418s] Level 5:colcon.colcon_core.verb:set package 'lidar' build argument 'ament_cmake_args' from command line to 'None'
[2.418s] Level 5:colcon.colcon_core.verb:set package 'lidar' build argument 'catkin_cmake_args' from command line to 'None'
[2.418s] Level 5:colcon.colcon_core.verb:set package 'lidar' build argument 'catkin_skip_building_tests' from command line to 'False'
[2.419s] DEBUG:colcon.colcon_core.verb:Building package 'lidar' with the following arguments: {'ament_cmake_args': None, 'build_base': '/home/cewan/ws_lidar/build/lidar', 'catkin_cmake_args': None, 'catkin_skip_building_tests': False, 'cmake_args': None, 'cmake_clean_cache': False, 'cmake_clean_first': False, 'cmake_force_configure': False, 'cmake_target': None, 'cmake_target_skip_unavailable': False, 'install_base': '/home/cewan/ws_lidar/install/lidar', 'merge_install': False, 'path': '/home/cewan/ws_lidar/src/lidar', 'symlink_install': False, 'test_result_base': None}
[2.420s] Level 5:colcon.colcon_core.verb:set package 'object_avoidance' build argument 'cmake_args' from command line to 'None'
[2.420s] Level 5:colcon.colcon_core.verb:set package 'object_avoidance' build argument 'cmake_target' from command line to 'None'
[2.420s] Level 5:colcon.colcon_core.verb:set package 'object_avoidance' build argument 'cmake_target_skip_unavailable' from command line to 'False'
[2.420s] Level 5:colcon.colcon_core.verb:set package 'object_avoidance' build argument 'cmake_clean_cache' from command line to 'False'
[2.420s] Level 5:colcon.colcon_core.verb:set package 'object_avoidance' build argument 'cmake_clean_first' from command line to 'False'
[2.420s] Level 5:colcon.colcon_core.verb:set package 'object_avoidance' build argument 'cmake_force_configure' from command line to 'False'
[2.421s] Level 5:colcon.colcon_core.verb:set package 'object_avoidance' build argument 'ament_cmake_args' from command line to 'None'
[2.421s] Level 5:colcon.colcon_core.verb:set package 'object_avoidance' build argument 'catkin_cmake_args' from command line to 'None'
[2.421s] Level 5:colcon.colcon_core.verb:set package 'object_avoidance' build argument 'catkin_skip_building_tests' from command line to 'False'
[2.421s] DEBUG:colcon.colcon_core.verb:Building package 'object_avoidance' with the following arguments: {'ament_cmake_args': None, 'build_base': '/home/cewan/ws_lidar/build/object_avoidance', 'catkin_cmake_args': None, 'catkin_skip_building_tests': False, 'cmake_args': None, 'cmake_clean_cache': False, 'cmake_clean_first': False, 'cmake_force_configure': False, 'cmake_target': None, 'cmake_target_skip_unavailable': False, 'install_base': '/home/cewan/ws_lidar/install/object_avoidance', 'merge_install': False, 'path': '/home/cewan/ws_lidar/src/object_avoidance', 'symlink_install': False, 'test_result_base': None}
[2.422s] Level 5:colcon.colcon_core.verb:set package 'sllidar_ros2' build argument 'cmake_args' from command line to 'None'
[2.422s] Level 5:colcon.colcon_core.verb:set package 'sllidar_ros2' build argument 'cmake_target' from command line to 'None'
[2.423s] Level 5:colcon.colcon_core.verb:set package 'sllidar_ros2' build argument 'cmake_target_skip_unavailable' from command line to 'False'
[2.423s] Level 5:colcon.colcon_core.verb:set package 'sllidar_ros2' build argument 'cmake_clean_cache' from command line to 'False'
[2.423s] Level 5:colcon.colcon_core.verb:set package 'sllidar_ros2' build argument 'cmake_clean_first' from command line to 'False'
[2.423s] Level 5:colcon.colcon_core.verb:set package 'sllidar_ros2' build argument 'cmake_force_configure' from command line to 'False'
[2.423s] Level 5:colcon.colcon_core.verb:set package 'sllidar_ros2' build argument 'ament_cmake_args' from command line to 'None'
[2.423s] Level 5:colcon.colcon_core.verb:set package 'sllidar_ros2' build argument 'catkin_cmake_args' from command line to 'None'
[2.423s] Level 5:colcon.colcon_core.verb:set package 'sllidar_ros2' build argument 'catkin_skip_building_tests' from command line to 'False'
[2.423s] DEBUG:colcon.colcon_core.verb:Building package 'sllidar_ros2' with the following arguments: {'ament_cmake_args': None, 'build_base': '/home/cewan/ws_lidar/build/sllidar_ros2', 'catkin_cmake_args': None, 'catkin_skip_building_tests': False, 'cmake_args': None, 'cmake_clean_cache': False, 'cmake_clean_first': False, 'cmake_force_configure': False, 'cmake_target': None, 'cmake_target_skip_unavailable': False, 'install_base': '/home/cewan/ws_lidar/install/sllidar_ros2', 'merge_install': False, 'path': '/home/cewan/ws_lidar/src/sllidar_ros2', 'symlink_install': False, 'test_result_base': None}
[2.424s] INFO:colcon.colcon_core.executor:Executing jobs using 'parallel' executor
[2.427s] DEBUG:colcon.colcon_parallel_executor.executor.parallel:run_until_complete
[2.428s] INFO:colcon.colcon_ros.task.ament_python.build:Building ROS package in '/home/cewan/ws_lidar/src/cartographer_slam' with build type 'ament_python'
[2.429s] Level 1:colcon.colcon_core.shell:create_environment_hook('cartographer_slam', 'ament_prefix_path')
[2.450s] INFO:colcon.colcon_core.plugin_system:Skipping extension 'colcon_core.shell.bat': Not used on non-Windows systems
[2.451s] INFO:colcon.colcon_core.shell:Creating environment hook '/home/cewan/ws_lidar/install/cartographer_slam/share/cartographer_slam/hook/ament_prefix_path.ps1'
[2.456s] INFO:colcon.colcon_core.shell:Creating environment descriptor '/home/cewan/ws_lidar/install/cartographer_slam/share/cartographer_slam/hook/ament_prefix_path.dsv'
[2.459s] INFO:colcon.colcon_core.shell:Creating environment hook '/home/cewan/ws_lidar/install/cartographer_slam/share/cartographer_slam/hook/ament_prefix_path.sh'
[2.464s] INFO:colcon.colcon_core.shell:Skip shell extension 'powershell' for command environment: Not usable outside of PowerShell
[2.464s] DEBUG:colcon.colcon_core.shell:Skip shell extension 'dsv' for command environment
[2.485s] INFO:colcon.colcon_ros.task.ament_python.build:Building ROS package in '/home/cewan/ws_lidar/src/lidar' with build type 'ament_python'
[2.485s] Level 1:colcon.colcon_core.shell:create_environment_hook('lidar', 'ament_prefix_path')
[2.487s] INFO:colcon.colcon_core.shell:Creating environment hook '/home/cewan/ws_lidar/install/lidar/share/lidar/hook/ament_prefix_path.ps1'
[2.490s] INFO:colcon.colcon_core.shell:Creating environment descriptor '/home/cewan/ws_lidar/install/lidar/share/lidar/hook/ament_prefix_path.dsv'
[2.492s] INFO:colcon.colcon_core.shell:Creating environment hook '/home/cewan/ws_lidar/install/lidar/share/lidar/hook/ament_prefix_path.sh'
[2.495s] INFO:colcon.colcon_core.shell:Skip shell extension 'powershell' for command environment: Not usable outside of PowerShell
[2.496s] DEBUG:colcon.colcon_core.shell:Skip shell extension 'dsv' for command environment
[2.514s] INFO:colcon.colcon_ros.task.ament_python.build:Building ROS package in '/home/cewan/ws_lidar/src/object_avoidance' with build type 'ament_python'
[2.515s] Level 1:colcon.colcon_core.shell:create_environment_hook('object_avoidance', 'ament_prefix_path')
[2.516s] INFO:colcon.colcon_core.shell:Creating environment hook '/home/cewan/ws_lidar/install/object_avoidance/share/object_avoidance/hook/ament_prefix_path.ps1'
[2.519s] INFO:colcon.colcon_core.shell:Creating environment descriptor '/home/cewan/ws_lidar/install/object_avoidance/share/object_avoidance/hook/ament_prefix_path.dsv'
[2.521s] INFO:colcon.colcon_core.shell:Creating environment hook '/home/cewan/ws_lidar/install/object_avoidance/share/object_avoidance/hook/ament_prefix_path.sh'
[2.525s] INFO:colcon.colcon_core.shell:Skip shell extension 'powershell' for command environment: Not usable outside of PowerShell
[2.525s] DEBUG:colcon.colcon_core.shell:Skip shell extension 'dsv' for command environment
[2.545s] INFO:colcon.colcon_ros.task.ament_cmake.build:Building ROS package in '/home/cewan/ws_lidar/src/sllidar_ros2' with build type 'ament_cmake'
[2.546s] INFO:colcon.colcon_cmake.task.cmake.build:Building CMake package in '/home/cewan/ws_lidar/src/sllidar_ros2'
[2.547s] INFO:colcon.colcon_core.shell:Skip shell extension 'powershell' for command environment: Not usable outside of PowerShell
[2.547s] DEBUG:colcon.colcon_core.shell:Skip shell extension 'dsv' for command environment
[3.766s] INFO:colcon.colcon_core.task.python.build:Building Python package in '/home/cewan/ws_lidar/src/cartographer_slam'
[3.767s] INFO:colcon.colcon_core.shell:Skip shell extension 'powershell' for command environment: Not usable outside of PowerShell
[3.767s] DEBUG:colcon.colcon_core.shell:Skip shell extension 'dsv' for command environment
[4.980s] INFO:colcon.colcon_core.task.python.build:Building Python package in '/home/cewan/ws_lidar/src/lidar'
[4.982s] INFO:colcon.colcon_core.shell:Skip shell extension 'powershell' for command environment: Not usable outside of PowerShell
[4.982s] DEBUG:colcon.colcon_core.shell:Skip shell extension 'dsv' for command environment
[6.193s] INFO:colcon.colcon_core.task.python.build:Building Python package in '/home/cewan/ws_lidar/src/object_avoidance'
[6.194s] INFO:colcon.colcon_core.shell:Skip shell extension 'powershell' for command environment: Not usable outside of PowerShell
[6.194s] DEBUG:colcon.colcon_core.shell:Skip shell extension 'dsv' for command environment
[6.233s] DEBUG:colcon.colcon_core.event_handler.log_command:Invoking command in '/home/cewan/ws_lidar/build/sllidar_ros2': CMAKE_PREFIX_PATH=${CMAKE_PREFIX_PATH}:/home/cewan/ws_lidar/install/object_avoidance:/home/cewan/ws_lidar/install/lidar:/home/cewan/ws_lidar/install/cartographer_slam:/opt/ros/humble /usr/bin/cmake --build /home/cewan/ws_lidar/build/sllidar_ros2 -- -j4 -l4
[7.206s] DEBUG:colcon.colcon_core.event_handler.log_command:Invoked command in '/home/cewan/ws_lidar/build/sllidar_ros2' returned '0': CMAKE_PREFIX_PATH=${CMAKE_PREFIX_PATH}:/home/cewan/ws_lidar/install/object_avoidance:/home/cewan/ws_lidar/install/lidar:/home/cewan/ws_lidar/install/cartographer_slam:/opt/ros/humble /usr/bin/cmake --build /home/cewan/ws_lidar/build/sllidar_ros2 -- -j4 -l4
[7.273s] DEBUG:colcon.colcon_core.event_handler.log_command:Invoking command in '/home/cewan/ws_lidar/build/sllidar_ros2': CMAKE_PREFIX_PATH=${CMAKE_PREFIX_PATH}:/home/cewan/ws_lidar/install/object_avoidance:/home/cewan/ws_lidar/install/lidar:/home/cewan/ws_lidar/install/cartographer_slam:/opt/ros/humble /usr/bin/cmake --install /home/cewan/ws_lidar/build/sllidar_ros2
[7.529s] Level 1:colcon.colcon_core.environment:create_environment_scripts_only(sllidar_ros2)
[7.532s] DEBUG:colcon.colcon_core.event_handler.log_command:Invoked command in '/home/cewan/ws_lidar/build/sllidar_ros2' returned '0': CMAKE_PREFIX_PATH=${CMAKE_PREFIX_PATH}:/home/cewan/ws_lidar/install/object_avoidance:/home/cewan/ws_lidar/install/lidar:/home/cewan/ws_lidar/install/cartographer_slam:/opt/ros/humble /usr/bin/cmake --install /home/cewan/ws_lidar/build/sllidar_ros2
[7.560s] Level 1:colcon.colcon_core.environment:checking '/home/cewan/ws_lidar/install/sllidar_ros2' for CMake module files
[7.564s] Level 1:colcon.colcon_core.environment:checking '/home/cewan/ws_lidar/install/sllidar_ros2' for CMake config files
[7.570s] Level 1:colcon.colcon_core.shell:create_environment_hook('sllidar_ros2', 'cmake_prefix_path')
[7.571s] INFO:colcon.colcon_core.shell:Creating environment hook '/home/cewan/ws_lidar/install/sllidar_ros2/share/sllidar_ros2/hook/cmake_prefix_path.ps1'
[7.574s] INFO:colcon.colcon_core.shell:Creating environment descriptor '/home/cewan/ws_lidar/install/sllidar_ros2/share/sllidar_ros2/hook/cmake_prefix_path.dsv'
[7.578s] INFO:colcon.colcon_core.shell:Creating environment hook '/home/cewan/ws_lidar/install/sllidar_ros2/share/sllidar_ros2/hook/cmake_prefix_path.sh'
[7.583s] Level 1:colcon.colcon_core.environment:checking '/home/cewan/ws_lidar/install/sllidar_ros2/lib'
[7.584s] Level 1:colcon.colcon_core.environment:checking '/home/cewan/ws_lidar/install/sllidar_ros2/bin'
[7.584s] Level 1:colcon.colcon_core.environment:checking '/home/cewan/ws_lidar/install/sllidar_ros2/lib/pkgconfig/sllidar_ros2.pc'
[7.585s] Level 1:colcon.colcon_core.environment:checking '/home/cewan/ws_lidar/install/sllidar_ros2/lib/python3.10/site-packages'
[7.586s] Level 1:colcon.colcon_core.environment:checking '/home/cewan/ws_lidar/install/sllidar_ros2/bin'
[7.588s] INFO:colcon.colcon_core.shell:Creating package script '/home/cewan/ws_lidar/install/sllidar_ros2/share/sllidar_ros2/package.ps1'
[7.593s] INFO:colcon.colcon_core.shell:Creating package descriptor '/home/cewan/ws_lidar/install/sllidar_ros2/share/sllidar_ros2/package.dsv'
[7.597s] INFO:colcon.colcon_core.shell:Creating package script '/home/cewan/ws_lidar/install/sllidar_ros2/share/sllidar_ros2/package.sh'
[7.602s] INFO:colcon.colcon_core.shell:Creating package script '/home/cewan/ws_lidar/install/sllidar_ros2/share/sllidar_ros2/package.bash'
[7.609s] INFO:colcon.colcon_core.shell:Creating package script '/home/cewan/ws_lidar/install/sllidar_ros2/share/sllidar_ros2/package.zsh'
[7.614s] Level 1:colcon.colcon_core.environment:create_file_with_runtime_dependencies(/home/cewan/ws_lidar/install/sllidar_ros2/share/colcon-core/packages/sllidar_ros2)
[7.618s] Level 1:colcon.colcon_core.environment:create_environment_scripts_only(sllidar_ros2)
[7.619s] Level 1:colcon.colcon_core.environment:checking '/home/cewan/ws_lidar/install/sllidar_ros2' for CMake module files
[7.623s] Level 1:colcon.colcon_core.environment:checking '/home/cewan/ws_lidar/install/sllidar_ros2' for CMake config files
[7.628s] Level 1:colcon.colcon_core.shell:create_environment_hook('sllidar_ros2', 'cmake_prefix_path')
[7.629s] INFO:colcon.colcon_core.shell:Creating environment hook '/home/cewan/ws_lidar/install/sllidar_ros2/share/sllidar_ros2/hook/cmake_prefix_path.ps1'
[7.633s] INFO:colcon.colcon_core.shell:Creating environment descriptor '/home/cewan/ws_lidar/install/sllidar_ros2/share/sllidar_ros2/hook/cmake_prefix_path.dsv'
[7.636s] INFO:colcon.colcon_core.shell:Creating environment hook '/home/cewan/ws_lidar/install/sllidar_ros2/share/sllidar_ros2/hook/cmake_prefix_path.sh'
[7.640s] Level 1:colcon.colcon_core.environment:checking '/home/cewan/ws_lidar/install/sllidar_ros2/lib'
[7.640s] Level 1:colcon.colcon_core.environment:checking '/home/cewan/ws_lidar/install/sllidar_ros2/bin'
[7.641s] Level 1:colcon.colcon_core.environment:checking '/home/cewan/ws_lidar/install/sllidar_ros2/lib/pkgconfig/sllidar_ros2.pc'
[7.642s] Level 1:colcon.colcon_core.environment:checking '/home/cewan/ws_lidar/install/sllidar_ros2/lib/python3.10/site-packages'
[7.644s] Level 1:colcon.colcon_core.environment:checking '/home/cewan/ws_lidar/install/sllidar_ros2/bin'
[7.646s] INFO:colcon.colcon_core.shell:Creating package script '/home/cewan/ws_lidar/install/sllidar_ros2/share/sllidar_ros2/package.ps1'
[7.649s] INFO:colcon.colcon_core.shell:Creating package descriptor '/home/cewan/ws_lidar/install/sllidar_ros2/share/sllidar_ros2/package.dsv'
[7.653s] INFO:colcon.colcon_core.shell:Creating package script '/home/cewan/ws_lidar/install/sllidar_ros2/share/sllidar_ros2/package.sh'
[7.656s] INFO:colcon.colcon_core.shell:Creating package script '/home/cewan/ws_lidar/install/sllidar_ros2/share/sllidar_ros2/package.bash'
[7.659s] INFO:colcon.colcon_core.shell:Creating package script '/home/cewan/ws_lidar/install/sllidar_ros2/share/sllidar_ros2/package.zsh'
[7.663s] Level 1:colcon.colcon_core.environment:create_file_with_runtime_dependencies(/home/cewan/ws_lidar/install/sllidar_ros2/share/colcon-core/packages/sllidar_ros2)
[8.802s] DEBUG:colcon.colcon_core.event_handler.log_command:Invoking command in '/home/cewan/ws_lidar/src/lidar': PYTHONPATH=/home/cewan/ws_lidar/build/lidar/prefix_override:/usr/lib/python3/dist-packages/colcon_core/task/python/colcon_distutils_commands:/home/cewan/ws_lidar/install/lidar/lib/python3.10/site-packages:${PYTHONPATH} /usr/bin/python3 -W ignore:setup.py install is deprecated -W ignore:easy_install command is deprecated setup.py egg_info --egg-base ../../build/lidar build --build-base /home/cewan/ws_lidar/build/lidar/build install --record /home/cewan/ws_lidar/build/lidar/install.log --single-version-externally-managed install_data
[8.823s] DEBUG:colcon.colcon_core.event_handler.log_command:Invoking command in '/home/cewan/ws_lidar/src/cartographer_slam': PYTHONPATH=/home/cewan/ws_lidar/build/cartographer_slam/prefix_override:/usr/lib/python3/dist-packages/colcon_core/task/python/colcon_distutils_commands:/home/cewan/ws_lidar/install/cartographer_slam/lib/python3.10/site-packages:${PYTHONPATH} /usr/bin/python3 -W ignore:setup.py install is deprecated -W ignore:easy_install command is deprecated setup.py egg_info --egg-base ../../build/cartographer_slam build --build-base /home/cewan/ws_lidar/build/cartographer_slam/build install --record /home/cewan/ws_lidar/build/cartographer_slam/install.log --single-version-externally-managed install_data
[8.854s] DEBUG:colcon.colcon_core.event_handler.log_command:Invoking command in '/home/cewan/ws_lidar/src/object_avoidance': PYTHONPATH=/home/cewan/ws_lidar/build/object_avoidance/prefix_override:/usr/lib/python3/dist-packages/colcon_core/task/python/colcon_distutils_commands:/home/cewan/ws_lidar/install/object_avoidance/lib/python3.10/site-packages:${PYTHONPATH} /usr/bin/python3 -W ignore:setup.py install is deprecated -W ignore:easy_install command is deprecated setup.py egg_info --egg-base ../../build/object_avoidance build --build-base /home/cewan/ws_lidar/build/object_avoidance/build install --record /home/cewan/ws_lidar/build/object_avoidance/install.log --single-version-externally-managed install_data
[10.643s] Level 1:colcon.colcon_core.environment:checking '/home/cewan/ws_lidar/install/lidar' for CMake module files
[10.647s] Level 1:colcon.colcon_core.environment:checking '/home/cewan/ws_lidar/install/lidar' for CMake config files
[10.651s] DEBUG:colcon.colcon_core.event_handler.log_command:Invoked command in '/home/cewan/ws_lidar/src/lidar' returned '0': PYTHONPATH=/home/cewan/ws_lidar/build/lidar/prefix_override:/usr/lib/python3/dist-packages/colcon_core/task/python/colcon_distutils_commands:/home/cewan/ws_lidar/install/lidar/lib/python3.10/site-packages:${PYTHONPATH} /usr/bin/python3 -W ignore:setup.py install is deprecated -W ignore:easy_install command is deprecated setup.py egg_info --egg-base ../../build/lidar build --build-base /home/cewan/ws_lidar/build/lidar/build install --record /home/cewan/ws_lidar/build/lidar/install.log --single-version-externally-managed install_data
[10.658s] Level 1:colcon.colcon_core.environment:checking '/home/cewan/ws_lidar/install/lidar/lib'
[10.659s] Level 1:colcon.colcon_core.environment:checking '/home/cewan/ws_lidar/install/lidar/bin'
[10.660s] Level 1:colcon.colcon_core.environment:checking '/home/cewan/ws_lidar/install/lidar/lib/pkgconfig/lidar.pc'
[10.662s] Level 1:colcon.colcon_core.environment:checking '/home/cewan/ws_lidar/install/lidar/lib/python3.10/site-packages'
[10.663s] Level 1:colcon.colcon_core.shell:create_environment_hook('lidar', 'pythonpath')
[10.665s] INFO:colcon.colcon_core.shell:Creating environment hook '/home/cewan/ws_lidar/install/lidar/share/lidar/hook/pythonpath.ps1'
[10.670s] INFO:colcon.colcon_core.shell:Creating environment descriptor '/home/cewan/ws_lidar/install/lidar/share/lidar/hook/pythonpath.dsv'
[10.673s] INFO:colcon.colcon_core.shell:Creating environment hook '/home/cewan/ws_lidar/install/lidar/share/lidar/hook/pythonpath.sh'
[10.680s] Level 1:colcon.colcon_core.environment:checking '/home/cewan/ws_lidar/install/lidar/bin'
[10.681s] Level 1:colcon.colcon_core.environment:create_environment_scripts_only(lidar)
[10.685s] INFO:colcon.colcon_core.shell:Creating package script '/home/cewan/ws_lidar/install/lidar/share/lidar/package.ps1'
[10.694s] INFO:colcon.colcon_core.shell:Creating package descriptor '/home/cewan/ws_lidar/install/lidar/share/lidar/package.dsv'
[10.704s] INFO:colcon.colcon_core.shell:Creating package script '/home/cewan/ws_lidar/install/lidar/share/lidar/package.sh'
[10.713s] INFO:colcon.colcon_core.shell:Creating package script '/home/cewan/ws_lidar/install/lidar/share/lidar/package.bash'
[10.724s] INFO:colcon.colcon_core.shell:Creating package script '/home/cewan/ws_lidar/install/lidar/share/lidar/package.zsh'
[10.730s] Level 1:colcon.colcon_core.environment:create_file_with_runtime_dependencies(/home/cewan/ws_lidar/install/lidar/share/colcon-core/packages/lidar)
[10.788s] Level 1:colcon.colcon_core.environment:checking '/home/cewan/ws_lidar/install/object_avoidance' for CMake module files
[10.791s] DEBUG:colcon.colcon_core.event_handler.log_command:Invoked command in '/home/cewan/ws_lidar/src/object_avoidance' returned '0': PYTHONPATH=/home/cewan/ws_lidar/build/object_avoidance/prefix_override:/usr/lib/python3/dist-packages/colcon_core/task/python/colcon_distutils_commands:/home/cewan/ws_lidar/install/object_avoidance/lib/python3.10/site-packages:${PYTHONPATH} /usr/bin/python3 -W ignore:setup.py install is deprecated -W ignore:easy_install command is deprecated setup.py egg_info --egg-base ../../build/object_avoidance build --build-base /home/cewan/ws_lidar/build/object_avoidance/build install --record /home/cewan/ws_lidar/build/object_avoidance/install.log --single-version-externally-managed install_data
[10.794s] Level 1:colcon.colcon_core.environment:checking '/home/cewan/ws_lidar/install/object_avoidance' for CMake config files
[10.799s] Level 1:colcon.colcon_core.environment:checking '/home/cewan/ws_lidar/install/object_avoidance/lib'
[10.801s] Level 1:colcon.colcon_core.environment:checking '/home/cewan/ws_lidar/install/object_avoidance/bin'
[10.802s] Level 1:colcon.colcon_core.environment:checking '/home/cewan/ws_lidar/install/object_avoidance/lib/pkgconfig/object_avoidance.pc'
[10.804s] Level 1:colcon.colcon_core.environment:checking '/home/cewan/ws_lidar/install/object_avoidance/lib/python3.10/site-packages'
[10.805s] Level 1:colcon.colcon_core.shell:create_environment_hook('object_avoidance', 'pythonpath')
[10.807s] INFO:colcon.colcon_core.shell:Creating environment hook '/home/cewan/ws_lidar/install/object_avoidance/share/object_avoidance/hook/pythonpath.ps1'
[10.811s] INFO:colcon.colcon_core.shell:Creating environment descriptor '/home/cewan/ws_lidar/install/object_avoidance/share/object_avoidance/hook/pythonpath.dsv'
[10.815s] INFO:colcon.colcon_core.shell:Creating environment hook '/home/cewan/ws_lidar/install/object_avoidance/share/object_avoidance/hook/pythonpath.sh'
[10.821s] Level 1:colcon.colcon_core.environment:checking '/home/cewan/ws_lidar/install/object_avoidance/bin'
[10.822s] Level 1:colcon.colcon_core.environment:create_environment_scripts_only(object_avoidance)
[10.824s] INFO:colcon.colcon_core.shell:Creating package script '/home/cewan/ws_lidar/install/object_avoidance/share/object_avoidance/package.ps1'
[10.828s] INFO:colcon.colcon_core.shell:Creating package descriptor '/home/cewan/ws_lidar/install/object_avoidance/share/object_avoidance/package.dsv'
[10.832s] INFO:colcon.colcon_core.shell:Creating package script '/home/cewan/ws_lidar/install/object_avoidance/share/object_avoidance/package.sh'
[10.836s] INFO:colcon.colcon_core.shell:Creating package script '/home/cewan/ws_lidar/install/object_avoidance/share/object_avoidance/package.bash'
[10.840s] INFO:colcon.colcon_core.shell:Creating package script '/home/cewan/ws_lidar/install/object_avoidance/share/object_avoidance/package.zsh'
[10.844s] Level 1:colcon.colcon_core.environment:create_file_with_runtime_dependencies(/home/cewan/ws_lidar/install/object_avoidance/share/colcon-core/packages/object_avoidance)
[10.858s] Level 1:colcon.colcon_core.environment:checking '/home/cewan/ws_lidar/install/cartographer_slam' for CMake module files
[10.860s] DEBUG:colcon.colcon_core.event_handler.log_command:Invoked command in '/home/cewan/ws_lidar/src/cartographer_slam' returned '0': PYTHONPATH=/home/cewan/ws_lidar/build/cartographer_slam/prefix_override:/usr/lib/python3/dist-packages/colcon_core/task/python/colcon_distutils_commands:/home/cewan/ws_lidar/install/cartographer_slam/lib/python3.10/site-packages:${PYTHONPATH} /usr/bin/python3 -W ignore:setup.py install is deprecated -W ignore:easy_install command is deprecated setup.py egg_info --egg-base ../../build/cartographer_slam build --build-base /home/cewan/ws_lidar/build/cartographer_slam/build install --record /home/cewan/ws_lidar/build/cartographer_slam/install.log --single-version-externally-managed install_data
[10.862s] Level 1:colcon.colcon_core.environment:checking '/home/cewan/ws_lidar/install/cartographer_slam' for CMake config files
[10.866s] Level 1:colcon.colcon_core.environment:checking '/home/cewan/ws_lidar/install/cartographer_slam/lib'
[10.867s] Level 1:colcon.colcon_core.environment:checking '/home/cewan/ws_lidar/install/cartographer_slam/bin'
[10.867s] Level 1:colcon.colcon_core.environment:checking '/home/cewan/ws_lidar/install/cartographer_slam/lib/pkgconfig/cartographer_slam.pc'
[10.868s] Level 1:colcon.colcon_core.environment:checking '/home/cewan/ws_lidar/install/cartographer_slam/lib/python3.10/site-packages'
[10.868s] Level 1:colcon.colcon_core.shell:create_environment_hook('cartographer_slam', 'pythonpath')
[10.869s] INFO:colcon.colcon_core.shell:Creating environment hook '/home/cewan/ws_lidar/install/cartographer_slam/share/cartographer_slam/hook/pythonpath.ps1'
[10.871s] INFO:colcon.colcon_core.shell:Creating environment descriptor '/home/cewan/ws_lidar/install/cartographer_slam/share/cartographer_slam/hook/pythonpath.dsv'
[10.873s] INFO:colcon.colcon_core.shell:Creating environment hook '/home/cewan/ws_lidar/install/cartographer_slam/share/cartographer_slam/hook/pythonpath.sh'
[10.876s] Level 1:colcon.colcon_core.environment:checking '/home/cewan/ws_lidar/install/cartographer_slam/bin'
[10.876s] Level 1:colcon.colcon_core.environment:create_environment_scripts_only(cartographer_slam)
[10.878s] INFO:colcon.colcon_core.shell:Creating package script '/home/cewan/ws_lidar/install/cartographer_slam/share/cartographer_slam/package.ps1'
[10.880s] INFO:colcon.colcon_core.shell:Creating package descriptor '/home/cewan/ws_lidar/install/cartographer_slam/share/cartographer_slam/package.dsv'
[10.883s] INFO:colcon.colcon_core.shell:Creating package script '/home/cewan/ws_lidar/install/cartographer_slam/share/cartographer_slam/package.sh'
[10.885s] INFO:colcon.colcon_core.shell:Creating package script '/home/cewan/ws_lidar/install/cartographer_slam/share/cartographer_slam/package.bash'
[10.887s] INFO:colcon.colcon_core.shell:Creating package script '/home/cewan/ws_lidar/install/cartographer_slam/share/cartographer_slam/package.zsh'
[10.889s] Level 1:colcon.colcon_core.environment:create_file_with_runtime_dependencies(/home/cewan/ws_lidar/install/cartographer_slam/share/colcon-core/packages/cartographer_slam)
[10.890s] DEBUG:colcon.colcon_parallel_executor.executor.parallel:closing loop
[10.891s] DEBUG:colcon.colcon_parallel_executor.executor.parallel:loop closed
[10.892s] DEBUG:colcon.colcon_parallel_executor.executor.parallel:run_until_complete finished with '0'
[10.892s] DEBUG:colcon.colcon_core.event_reactor:joining thread
[10.920s] INFO:colcon.colcon_core.plugin_system:Skipping extension 'colcon_notification.desktop_notification.terminal_notifier': Not used on non-Darwin systems
[10.920s] INFO:colcon.colcon_core.plugin_system:Skipping extension 'colcon_notification.desktop_notification.win32': Not used on non-Windows systems
[10.920s] INFO:colcon.colcon_notification.desktop_notification:Sending desktop notification using 'notify2'
[11.042s] DEBUG:colcon.colcon_core.event_reactor:joined thread
[11.044s] INFO:colcon.colcon_core.shell:Creating prefix script '/home/cewan/ws_lidar/install/local_setup.ps1'
[11.050s] INFO:colcon.colcon_core.shell:Creating prefix util module '/home/cewan/ws_lidar/install/_local_setup_util_ps1.py'
[11.063s] INFO:colcon.colcon_core.shell:Creating prefix chain script '/home/cewan/ws_lidar/install/setup.ps1'
[11.070s] INFO:colcon.colcon_core.shell:Creating prefix script '/home/cewan/ws_lidar/install/local_setup.sh'
[11.074s] INFO:colcon.colcon_core.shell:Creating prefix util module '/home/cewan/ws_lidar/install/_local_setup_util_sh.py'
[11.077s] INFO:colcon.colcon_core.shell:Creating prefix chain script '/home/cewan/ws_lidar/install/setup.sh'
[11.085s] INFO:colcon.colcon_core.shell:Creating prefix script '/home/cewan/ws_lidar/install/local_setup.bash'
[11.090s] INFO:colcon.colcon_core.shell:Creating prefix chain script '/home/cewan/ws_lidar/install/setup.bash'
[11.100s] INFO:colcon.colcon_core.shell:Creating prefix script '/home/cewan/ws_lidar/install/local_setup.zsh'
[11.106s] INFO:colcon.colcon_core.shell:Creating prefix chain script '/home/cewan/ws_lidar/install/setup.zsh'
