[12.000s] Invoking command in '/home/cewan/ws_lidar/src/cartographer_slam': PYTHONPATH=/home/cewan/ws_lidar/build/cartographer_slam/prefix_override:/usr/lib/python3/dist-packages/colcon_core/task/python/colcon_distutils_commands:/home/cewan/ws_lidar/install/cartographer_slam/lib/python3.10/site-packages:${PYTHONPATH} /usr/bin/python3 -W ignore:setup.py install is deprecated -W ignore:easy_install command is deprecated setup.py egg_info --egg-base ../../build/cartographer_slam build --build-base /home/cewan/ws_lidar/build/cartographer_slam/build install --record /home/cewan/ws_lidar/build/cartographer_slam/install.log --single-version-externally-managed install_data
[16.284s] running egg_info
[16.295s] writing ../../build/cartographer_slam/cartographer_slam.egg-info/PKG-INFO
[16.297s] writing dependency_links to ../../build/cartographer_slam/cartographer_slam.egg-info/dependency_links.txt
[16.298s] writing entry points to ../../build/cartographer_slam/cartographer_slam.egg-info/entry_points.txt
[16.303s] writing requirements to ../../build/cartographer_slam/cartographer_slam.egg-info/requires.txt
[16.305s] writing top-level names to ../../build/cartographer_slam/cartographer_slam.egg-info/top_level.txt
[16.321s] reading manifest file '../../build/cartographer_slam/cartographer_slam.egg-info/SOURCES.txt'
[16.328s] writing manifest file '../../build/cartographer_slam/cartographer_slam.egg-info/SOURCES.txt'
[16.329s] running build
[16.329s] running build_py
[16.344s] running install
[16.345s] running install_lib
[16.352s] running install_data
[16.358s] running install_egg_info
[16.371s] removing '/home/cewan/ws_lidar/install/cartographer_slam/lib/python3.10/site-packages/cartographer_slam-0.0.0-py3.10.egg-info' (and everything under it)
[16.373s] Copying ../../build/cartographer_slam/cartographer_slam.egg-info to /home/cewan/ws_lidar/install/cartographer_slam/lib/python3.10/site-packages/cartographer_slam-0.0.0-py3.10.egg-info
[16.386s] running install_scripts
[16.493s] writing list of installed files to '/home/cewan/ws_lidar/build/cartographer_slam/install.log'
[16.703s] Invoked command in '/home/cewan/ws_lidar/src/cartographer_slam' returned '0': PYTHONPATH=/home/cewan/ws_lidar/build/cartographer_slam/prefix_override:/usr/lib/python3/dist-packages/colcon_core/task/python/colcon_distutils_commands:/home/cewan/ws_lidar/install/cartographer_slam/lib/python3.10/site-packages:${PYTHONPATH} /usr/bin/python3 -W ignore:setup.py install is deprecated -W ignore:easy_install command is deprecated setup.py egg_info --egg-base ../../build/cartographer_slam build --build-base /home/cewan/ws_lidar/build/cartographer_slam/build install --record /home/cewan/ws_lidar/build/cartographer_slam/install.log --single-version-externally-managed install_data
