[4.248s] Invoking command in '/home/cewan/ws_lidar/src/object_avoidance': PYTHONPATH=/home/cewan/ws_lidar/build/object_avoidance/prefix_override:/usr/lib/python3/dist-packages/colcon_core/task/python/colcon_distutils_commands:/home/cewan/ws_lidar/install/object_avoidance/lib/python3.10/site-packages:${PYTHONPATH} /usr/bin/python3 -W ignore:setup.py install is deprecated -W ignore:easy_install command is deprecated setup.py egg_info --egg-base ../../build/object_avoidance build --build-base /home/cewan/ws_lidar/build/object_avoidance/build install --record /home/cewan/ws_lidar/build/object_avoidance/install.log --single-version-externally-managed install_data
[6.113s] running egg_info
[6.122s] writing ../../build/object_avoidance/object_avoidance.egg-info/PKG-INFO
[6.127s] writing dependency_links to ../../build/object_avoidance/object_avoidance.egg-info/dependency_links.txt
[6.128s] writing entry points to ../../build/object_avoidance/object_avoidance.egg-info/entry_points.txt
[6.129s] writing requirements to ../../build/object_avoidance/object_avoidance.egg-info/requires.txt
[6.129s] writing top-level names to ../../build/object_avoidance/object_avoidance.egg-info/top_level.txt
[6.134s] reading manifest file '../../build/object_avoidance/object_avoidance.egg-info/SOURCES.txt'
[6.139s] writing manifest file '../../build/object_avoidance/object_avoidance.egg-info/SOURCES.txt'
[6.142s] running build
[6.142s] running build_py
[6.147s] copying object_avoidance/object_avoidance_publisher.py -> /home/cewan/ws_lidar/build/object_avoidance/build/lib/object_avoidance
[6.153s] running install
[6.155s] running install_lib
[6.161s] copying /home/cewan/ws_lidar/build/object_avoidance/build/lib/object_avoidance/object_avoidance_publisher.py -> /home/cewan/ws_lidar/install/object_avoidance/lib/python3.10/site-packages/object_avoidance
[6.167s] byte-compiling /home/cewan/ws_lidar/install/object_avoidance/lib/python3.10/site-packages/object_avoidance/object_avoidance_publisher.py to object_avoidance_publisher.cpython-310.pyc
[6.185s] running install_data
[6.186s] running install_egg_info
[6.187s] removing '/home/cewan/ws_lidar/install/object_avoidance/lib/python3.10/site-packages/object_avoidance-0.0.0-py3.10.egg-info' (and everything under it)
[6.189s] Copying ../../build/object_avoidance/object_avoidance.egg-info to /home/cewan/ws_lidar/install/object_avoidance/lib/python3.10/site-packages/object_avoidance-0.0.0-py3.10.egg-info
[6.192s] running install_scripts
[6.283s] Installing object_avoidance_publisher script to /home/cewan/ws_lidar/install/object_avoidance/lib/object_avoidance
[6.285s] Installing object_avoidance_subscriber script to /home/cewan/ws_lidar/install/object_avoidance/lib/object_avoidance
[6.289s] Installing test script to /home/cewan/ws_lidar/install/object_avoidance/lib/object_avoidance
[6.290s] writing list of installed files to '/home/cewan/ws_lidar/build/object_avoidance/install.log'
[6.464s] Invoked command in '/home/cewan/ws_lidar/src/object_avoidance' returned '0': PYTHONPATH=/home/cewan/ws_lidar/build/object_avoidance/prefix_override:/usr/lib/python3/dist-packages/colcon_core/task/python/colcon_distutils_commands:/home/cewan/ws_lidar/install/object_avoidance/lib/python3.10/site-packages:${PYTHONPATH} /usr/bin/python3 -W ignore:setup.py install is deprecated -W ignore:easy_install command is deprecated setup.py egg_info --egg-base ../../build/object_avoidance build --build-base /home/cewan/ws_lidar/build/object_avoidance/build install --record /home/cewan/ws_lidar/build/object_avoidance/install.log --single-version-externally-managed install_data
