[3.148s] Invoking command in '/home/cewan/Automated-Tour-Car/ws_lidar/build/sllidar_ros2': CMAKE_PREFIX_PATH=${CMAKE_PREFIX_PATH}:/home/cewan/Automated-Tour-Car/ws_lidar/install/object_avoidance:/home/cewan/Automated-Tour-Car/ws_lidar/install/lidar:/opt/ros/humble /usr/bin/cmake --build /home/cewan/Automated-Tour-Car/ws_lidar/build/sllidar_ros2 -- -j4 -l4
[3.696s] [ 90%] Built target sllidar_node
[3.815s] [100%] Built target sllidar_client
[3.947s] Invoked command in '/home/cewan/Automated-Tour-Car/ws_lidar/build/sllidar_ros2' returned '0': CMAKE_PREFIX_PATH=${CMAKE_PREFIX_PATH}:/home/cewan/Automated-Tour-Car/ws_lidar/install/object_avoidance:/home/cewan/Automated-Tour-Car/ws_lidar/install/lidar:/opt/ros/humble /usr/bin/cmake --build /home/cewan/Automated-Tour-Car/ws_lidar/build/sllidar_ros2 -- -j4 -l4
[4.005s] Invoking command in '/home/cewan/Automated-Tour-Car/ws_lidar/build/sllidar_ros2': CMAKE_PREFIX_PATH=${CMAKE_PREFIX_PATH}:/home/cewan/Automated-Tour-Car/ws_lidar/install/object_avoidance:/home/cewan/Automated-Tour-Car/ws_lidar/install/lidar:/opt/ros/humble /usr/bin/cmake --install /home/cewan/Automated-Tour-Car/ws_lidar/build/sllidar_ros2
[4.081s] -- Install configuration: ""
[4.083s] -- Up-to-date: /home/cewan/Automated-Tour-Car/ws_lidar/install/sllidar_ros2/share/sllidar_ros2/launch
[4.085s] -- Up-to-date: /home/cewan/Automated-Tour-Car/ws_lidar/install/sllidar_ros2/share/sllidar_ros2/launch/view_sllidar_c1_launch.py
[4.086s] -- Up-to-date: /home/cewan/Automated-Tour-Car/ws_lidar/install/sllidar_ros2/share/sllidar_ros2/launch/sllidar_s3_launch.py
[4.087s] -- Up-to-date: /home/cewan/Automated-Tour-Car/ws_lidar/install/sllidar_ros2/share/sllidar_ros2/launch/sllidar_a2m8_launch.py
[4.089s] -- Up-to-date: /home/cewan/Automated-Tour-Car/ws_lidar/install/sllidar_ros2/share/sllidar_ros2/launch/view_sllidar_s1_tcp_launch.py
[4.092s] -- Up-to-date: /home/cewan/Automated-Tour-Car/ws_lidar/install/sllidar_ros2/share/sllidar_ros2/launch/sllidar_s1_tcp_launch.py
[4.094s] -- Up-to-date: /home/cewan/Automated-Tour-Car/ws_lidar/install/sllidar_ros2/share/sllidar_ros2/launch/sllidar_c1_launch.py
[4.096s] -- Up-to-date: /home/cewan/Automated-Tour-Car/ws_lidar/install/sllidar_ros2/share/sllidar_ros2/launch/sllidar_s1_launch.py
[4.098s] -- Up-to-date: /home/cewan/Automated-Tour-Car/ws_lidar/install/sllidar_ros2/share/sllidar_ros2/launch/sllidar_s2_launch.py
[4.099s] -- Up-to-date: /home/cewan/Automated-Tour-Car/ws_lidar/install/sllidar_ros2/share/sllidar_ros2/launch/view_sllidar_a2m8_launch.py
[4.100s] -- Up-to-date: /home/cewan/Automated-Tour-Car/ws_lidar/install/sllidar_ros2/share/sllidar_ros2/launch/view_sllidar_a3_launch.py
[4.107s] -- Up-to-date: /home/cewan/Automated-Tour-Car/ws_lidar/install/sllidar_ros2/share/sllidar_ros2/launch/view_sllidar_s2_launch.py
[4.108s] -- Up-to-date: /home/cewan/Automated-Tour-Car/ws_lidar/install/sllidar_ros2/share/sllidar_ros2/launch/view_sllidar_a2m12_launch.py
[4.109s] -- Up-to-date: /home/cewan/Automated-Tour-Car/ws_lidar/install/sllidar_ros2/share/sllidar_ros2/launch/view_sllidar_s1_launch.py
[4.110s] -- Up-to-date: /home/cewan/Automated-Tour-Car/ws_lidar/install/sllidar_ros2/share/sllidar_ros2/launch/sllidar_s2e_launch.py
[4.110s] -- Up-to-date: /home/cewan/Automated-Tour-Car/ws_lidar/install/sllidar_ros2/share/sllidar_ros2/launch/sllidar_a2m12_launch .py
[4.111s] -- Up-to-date: /home/cewan/Automated-Tour-Car/ws_lidar/install/sllidar_ros2/share/sllidar_ros2/launch/sllidar_t1_launch.py
[4.112s] -- Up-to-date: /home/cewan/Automated-Tour-Car/ws_lidar/install/sllidar_ros2/share/sllidar_ros2/launch/view_sllidar_a2m7_launch.py
[4.112s] -- Up-to-date: /home/cewan/Automated-Tour-Car/ws_lidar/install/sllidar_ros2/share/sllidar_ros2/launch/log
[4.113s] -- Up-to-date: /home/cewan/Automated-Tour-Car/ws_lidar/install/sllidar_ros2/share/sllidar_ros2/launch/log/COLCON_IGNORE
[4.114s] -- Up-to-date: /home/cewan/Automated-Tour-Car/ws_lidar/install/sllidar_ros2/share/sllidar_ros2/launch/log/latest
[4.114s] -- Up-to-date: /home/cewan/Automated-Tour-Car/ws_lidar/install/sllidar_ros2/share/sllidar_ros2/launch/log/build_2025-02-05_13-08-21
[4.120s] -- Up-to-date: /home/cewan/Automated-Tour-Car/ws_lidar/install/sllidar_ros2/share/sllidar_ros2/launch/log/build_2025-02-05_13-08-21/logger_all.log
[4.121s] -- Up-to-date: /home/cewan/Automated-Tour-Car/ws_lidar/install/sllidar_ros2/share/sllidar_ros2/launch/log/build_2025-02-05_13-08-21/events.log
[4.127s] -- Up-to-date: /home/cewan/Automated-Tour-Car/ws_lidar/install/sllidar_ros2/share/sllidar_ros2/launch/log/latest_build
[4.127s] -- Up-to-date: /home/cewan/Automated-Tour-Car/ws_lidar/install/sllidar_ros2/share/sllidar_ros2/launch/view_sllidar_t1_launch.py
[4.128s] -- Up-to-date: /home/cewan/Automated-Tour-Car/ws_lidar/install/sllidar_ros2/share/sllidar_ros2/launch/sllidar_a2m7_launch.py
[4.129s] -- Up-to-date: /home/cewan/Automated-Tour-Car/ws_lidar/install/sllidar_ros2/share/sllidar_ros2/launch/view_sllidar_s3_launch.py
[4.129s] -- Up-to-date: /home/cewan/Automated-Tour-Car/ws_lidar/install/sllidar_ros2/share/sllidar_ros2/launch/build
[4.130s] -- Up-to-date: /home/cewan/Automated-Tour-Car/ws_lidar/install/sllidar_ros2/share/sllidar_ros2/launch/build/COLCON_IGNORE
[4.135s] -- Up-to-date: /home/cewan/Automated-Tour-Car/ws_lidar/install/sllidar_ros2/share/sllidar_ros2/launch/build/.built_by
[4.137s] -- Up-to-date: /home/cewan/Automated-Tour-Car/ws_lidar/install/sllidar_ros2/share/sllidar_ros2/launch/install
[4.138s] -- Up-to-date: /home/cewan/Automated-Tour-Car/ws_lidar/install/sllidar_ros2/share/sllidar_ros2/launch/install/setup.ps1
[4.139s] -- Up-to-date: /home/cewan/Automated-Tour-Car/ws_lidar/install/sllidar_ros2/share/sllidar_ros2/launch/install/setup.sh
[4.140s] -- Up-to-date: /home/cewan/Automated-Tour-Car/ws_lidar/install/sllidar_ros2/share/sllidar_ros2/launch/install/_local_setup_util_ps1.py
[4.144s] -- Up-to-date: /home/cewan/Automated-Tour-Car/ws_lidar/install/sllidar_ros2/share/sllidar_ros2/launch/install/COLCON_IGNORE
[4.170s] -- Up-to-date: /home/cewan/Automated-Tour-Car/ws_lidar/install/sllidar_ros2/share/sllidar_ros2/launch/install/setup.bash
[4.171s] -- Up-to-date: /home/cewan/Automated-Tour-Car/ws_lidar/install/sllidar_ros2/share/sllidar_ros2/launch/install/local_setup.sh
[4.171s] -- Up-to-date: /home/cewan/Automated-Tour-Car/ws_lidar/install/sllidar_ros2/share/sllidar_ros2/launch/install/_local_setup_util_sh.py
[4.172s] -- Up-to-date: /home/cewan/Automated-Tour-Car/ws_lidar/install/sllidar_ros2/share/sllidar_ros2/launch/install/.colcon_install_layout
[4.172s] -- Up-to-date: /home/cewan/Automated-Tour-Car/ws_lidar/install/sllidar_ros2/share/sllidar_ros2/launch/install/setup.zsh
[4.175s] -- Up-to-date: /home/cewan/Automated-Tour-Car/ws_lidar/install/sllidar_ros2/share/sllidar_ros2/launch/install/local_setup.ps1
[4.194s] -- Up-to-date: /home/cewan/Automated-Tour-Car/ws_lidar/install/sllidar_ros2/share/sllidar_ros2/launch/install/local_setup.zsh
[4.204s] -- Up-to-date: /home/cewan/Automated-Tour-Car/ws_lidar/install/sllidar_ros2/share/sllidar_ros2/launch/install/local_setup.bash
[4.205s] -- Up-to-date: /home/cewan/Automated-Tour-Car/ws_lidar/install/sllidar_ros2/share/sllidar_ros2/launch/view_sllidar_s2e_launch.py
[4.206s] -- Up-to-date: /home/cewan/Automated-Tour-Car/ws_lidar/install/sllidar_ros2/share/sllidar_ros2/launch/sllidar_a3_launch.py
[4.206s] -- Up-to-date: /home/cewan/Automated-Tour-Car/ws_lidar/install/sllidar_ros2/share/sllidar_ros2/launch/sllidar_a1_launch.py
[4.207s] -- Up-to-date: /home/cewan/Automated-Tour-Car/ws_lidar/install/sllidar_ros2/share/sllidar_ros2/launch/view_sllidar_a1_launch.py
[4.207s] -- Up-to-date: /home/cewan/Automated-Tour-Car/ws_lidar/install/sllidar_ros2/share/sllidar_ros2/rviz
[4.208s] -- Up-to-date: /home/cewan/Automated-Tour-Car/ws_lidar/install/sllidar_ros2/share/sllidar_ros2/rviz/sllidar_ros2.rviz
[4.208s] -- Up-to-date: /home/cewan/Automated-Tour-Car/ws_lidar/install/sllidar_ros2/lib/sllidar_ros2/sllidar_node
[4.209s] -- Up-to-date: /home/cewan/Automated-Tour-Car/ws_lidar/install/sllidar_ros2/lib/sllidar_ros2/sllidar_client
[4.209s] -- Up-to-date: /home/cewan/Automated-Tour-Car/ws_lidar/install/sllidar_ros2/share/ament_index/resource_index/package_run_dependencies/sllidar_ros2
[4.210s] -- Up-to-date: /home/cewan/Automated-Tour-Car/ws_lidar/install/sllidar_ros2/share/ament_index/resource_index/parent_prefix_path/sllidar_ros2
[4.211s] -- Up-to-date: /home/cewan/Automated-Tour-Car/ws_lidar/install/sllidar_ros2/share/sllidar_ros2/environment/ament_prefix_path.sh
[4.211s] -- Up-to-date: /home/cewan/Automated-Tour-Car/ws_lidar/install/sllidar_ros2/share/sllidar_ros2/environment/ament_prefix_path.dsv
[4.212s] -- Up-to-date: /home/cewan/Automated-Tour-Car/ws_lidar/install/sllidar_ros2/share/sllidar_ros2/environment/path.sh
[4.212s] -- Up-to-date: /home/cewan/Automated-Tour-Car/ws_lidar/install/sllidar_ros2/share/sllidar_ros2/environment/path.dsv
[4.213s] -- Up-to-date: /home/cewan/Automated-Tour-Car/ws_lidar/install/sllidar_ros2/share/sllidar_ros2/local_setup.bash
[4.214s] -- Up-to-date: /home/cewan/Automated-Tour-Car/ws_lidar/install/sllidar_ros2/share/sllidar_ros2/local_setup.sh
[4.214s] -- Up-to-date: /home/cewan/Automated-Tour-Car/ws_lidar/install/sllidar_ros2/share/sllidar_ros2/local_setup.zsh
[4.215s] -- Up-to-date: /home/cewan/Automated-Tour-Car/ws_lidar/install/sllidar_ros2/share/sllidar_ros2/local_setup.dsv
[4.216s] -- Installing: /home/cewan/Automated-Tour-Car/ws_lidar/install/sllidar_ros2/share/sllidar_ros2/package.dsv
[4.216s] -- Up-to-date: /home/cewan/Automated-Tour-Car/ws_lidar/install/sllidar_ros2/share/ament_index/resource_index/packages/sllidar_ros2
[4.216s] -- Up-to-date: /home/cewan/Automated-Tour-Car/ws_lidar/install/sllidar_ros2/share/sllidar_ros2/cmake/ament_cmake_export_dependencies-extras.cmake
[4.217s] -- Up-to-date: /home/cewan/Automated-Tour-Car/ws_lidar/install/sllidar_ros2/share/sllidar_ros2/cmake/ament_cmake_export_include_directories-extras.cmake
[4.218s] -- Up-to-date: /home/cewan/Automated-Tour-Car/ws_lidar/install/sllidar_ros2/share/sllidar_ros2/cmake/sllidar_ros2Config.cmake
[4.218s] -- Up-to-date: /home/cewan/Automated-Tour-Car/ws_lidar/install/sllidar_ros2/share/sllidar_ros2/cmake/sllidar_ros2Config-version.cmake
[4.219s] -- Up-to-date: /home/cewan/Automated-Tour-Car/ws_lidar/install/sllidar_ros2/share/sllidar_ros2/package.xml
[4.220s] Invoked command in '/home/cewan/Automated-Tour-Car/ws_lidar/build/sllidar_ros2' returned '0': CMAKE_PREFIX_PATH=${CMAKE_PREFIX_PATH}:/home/cewan/Automated-Tour-Car/ws_lidar/install/object_avoidance:/home/cewan/Automated-Tour-Car/ws_lidar/install/lidar:/opt/ros/humble /usr/bin/cmake --install /home/cewan/Automated-Tour-Car/ws_lidar/build/sllidar_ros2
