[3.550s] Invoking command in '/home/cewan/Automated-Tour-Car/ws_lidar/src/object_avoidance': PYTHONPATH=/home/cewan/Automated-Tour-Car/ws_lidar/build/object_avoidance/prefix_override:/usr/lib/python3/dist-packages/colcon_core/task/python/colcon_distutils_commands:/home/cewan/Automated-Tour-Car/ws_lidar/install/object_avoidance/lib/python3.10/site-packages:${PYTHONPATH} /usr/bin/python3 -W ignore:setup.py install is deprecated -W ignore:easy_install command is deprecated setup.py egg_info --egg-base ../../build/object_avoidance build --build-base /home/cewan/Automated-Tour-Car/ws_lidar/build/object_avoidance/build install --record /home/cewan/Automated-Tour-Car/ws_lidar/build/object_avoidance/install.log --single-version-externally-managed install_data
[4.974s] running egg_info
[4.978s] writing ../../build/object_avoidance/object_avoidance.egg-info/PKG-INFO
[4.979s] writing dependency_links to ../../build/object_avoidance/object_avoidance.egg-info/dependency_links.txt
[4.980s] writing entry points to ../../build/object_avoidance/object_avoidance.egg-info/entry_points.txt
[4.981s] writing requirements to ../../build/object_avoidance/object_avoidance.egg-info/requires.txt
[4.982s] writing top-level names to ../../build/object_avoidance/object_avoidance.egg-info/top_level.txt
[4.993s] reading manifest file '../../build/object_avoidance/object_avoidance.egg-info/SOURCES.txt'
[4.998s] writing manifest file '../../build/object_avoidance/object_avoidance.egg-info/SOURCES.txt'
[4.999s] running build
[4.999s] running build_py
[5.000s] copying object_avoidance/servo_turn.py -> /home/cewan/Automated-Tour-Car/ws_lidar/build/object_avoidance/build/lib/object_avoidance
[5.005s] running install
[5.006s] running install_lib
[5.015s] copying /home/cewan/Automated-Tour-Car/ws_lidar/build/object_avoidance/build/lib/object_avoidance/servo_turn.py -> /home/cewan/Automated-Tour-Car/ws_lidar/install/object_avoidance/lib/python3.10/site-packages/object_avoidance
[5.020s] byte-compiling /home/cewan/Automated-Tour-Car/ws_lidar/install/object_avoidance/lib/python3.10/site-packages/object_avoidance/servo_turn.py to servo_turn.cpython-310.pyc
[5.027s] running install_data
[5.028s] running install_egg_info
[5.035s] removing '/home/cewan/Automated-Tour-Car/ws_lidar/install/object_avoidance/lib/python3.10/site-packages/object_avoidance-0.0.0-py3.10.egg-info' (and everything under it)
[5.037s] Copying ../../build/object_avoidance/object_avoidance.egg-info to /home/cewan/Automated-Tour-Car/ws_lidar/install/object_avoidance/lib/python3.10/site-packages/object_avoidance-0.0.0-py3.10.egg-info
[5.042s] running install_scripts
[5.122s] Installing publisher script to /home/cewan/Automated-Tour-Car/ws_lidar/install/object_avoidance/lib/object_avoidance
[5.122s] Installing servo_turn script to /home/cewan/Automated-Tour-Car/ws_lidar/install/object_avoidance/lib/object_avoidance
[5.123s] Installing subscriber script to /home/cewan/Automated-Tour-Car/ws_lidar/install/object_avoidance/lib/object_avoidance
[5.124s] Installing test script to /home/cewan/Automated-Tour-Car/ws_lidar/install/object_avoidance/lib/object_avoidance
[5.125s] Installing turntest script to /home/cewan/Automated-Tour-Car/ws_lidar/install/object_avoidance/lib/object_avoidance
[5.126s] Installing wall_follower script to /home/cewan/Automated-Tour-Car/ws_lidar/install/object_avoidance/lib/object_avoidance
[5.129s] writing list of installed files to '/home/cewan/Automated-Tour-Car/ws_lidar/build/object_avoidance/install.log'
[5.252s] Invoked command in '/home/cewan/Automated-Tour-Car/ws_lidar/src/object_avoidance' returned '0': PYTHONPATH=/home/cewan/Automated-Tour-Car/ws_lidar/build/object_avoidance/prefix_override:/usr/lib/python3/dist-packages/colcon_core/task/python/colcon_distutils_commands:/home/cewan/Automated-Tour-Car/ws_lidar/install/object_avoidance/lib/python3.10/site-packages:${PYTHONPATH} /usr/bin/python3 -W ignore:setup.py install is deprecated -W ignore:easy_install command is deprecated setup.py egg_info --egg-base ../../build/object_avoidance build --build-base /home/cewan/Automated-Tour-Car/ws_lidar/build/object_avoidance/build install --record /home/cewan/Automated-Tour-Car/ws_lidar/build/object_avoidance/install.log --single-version-externally-managed install_data
