[3.250s] Invoking command in '/home/cewan/ws_lidar/src/object_avoidance': PYTHONPATH=/home/cewan/ws_lidar/build/object_avoidance/prefix_override:/usr/lib/python3/dist-packages/colcon_core/task/python/colcon_distutils_commands:/home/cewan/ws_lidar/install/object_avoidance/lib/python3.10/site-packages:${PYTHONPATH} /usr/bin/python3 -W ignore:setup.py install is deprecated -W ignore:easy_install command is deprecated setup.py egg_info --egg-base ../../build/object_avoidance build --build-base /home/cewan/ws_lidar/build/object_avoidance/build install --record /home/cewan/ws_lidar/build/object_avoidance/install.log --single-version-externally-managed install_data
[4.434s] running egg_info
[4.435s] writing ../../build/object_avoidance/object_avoidance.egg-info/PKG-INFO
[4.436s] writing dependency_links to ../../build/object_avoidance/object_avoidance.egg-info/dependency_links.txt
[4.437s] writing entry points to ../../build/object_avoidance/object_avoidance.egg-info/entry_points.txt
[4.438s] writing requirements to ../../build/object_avoidance/object_avoidance.egg-info/requires.txt
[4.439s] writing top-level names to ../../build/object_avoidance/object_avoidance.egg-info/top_level.txt
[4.449s] reading manifest file '../../build/object_avoidance/object_avoidance.egg-info/SOURCES.txt'
[4.457s] writing manifest file '../../build/object_avoidance/object_avoidance.egg-info/SOURCES.txt'
[4.457s] running build
[4.457s] running build_py
[4.469s] copying object_avoidance/test.py -> /home/cewan/ws_lidar/build/object_avoidance/build/lib/object_avoidance
[4.472s] running install
[4.474s] running install_lib
[4.485s] copying /home/cewan/ws_lidar/build/object_avoidance/build/lib/object_avoidance/test.py -> /home/cewan/ws_lidar/install/object_avoidance/lib/python3.10/site-packages/object_avoidance
[4.489s] byte-compiling /home/cewan/ws_lidar/install/object_avoidance/lib/python3.10/site-packages/object_avoidance/test.py to test.cpython-310.pyc
[4.492s] running install_data
[4.493s] running install_egg_info
[4.500s] removing '/home/cewan/ws_lidar/install/object_avoidance/lib/python3.10/site-packages/object_avoidance-0.0.0-py3.10.egg-info' (and everything under it)
[4.502s] Copying ../../build/object_avoidance/object_avoidance.egg-info to /home/cewan/ws_lidar/install/object_avoidance/lib/python3.10/site-packages/object_avoidance-0.0.0-py3.10.egg-info
[4.508s] running install_scripts
[4.592s] Installing object_avoidance_publisher script to /home/cewan/ws_lidar/install/object_avoidance/lib/object_avoidance
[4.592s] Installing object_avoidance_subscriber script to /home/cewan/ws_lidar/install/object_avoidance/lib/object_avoidance
[4.593s] Installing test script to /home/cewan/ws_lidar/install/object_avoidance/lib/object_avoidance
[4.596s] writing list of installed files to '/home/cewan/ws_lidar/build/object_avoidance/install.log'
[4.727s] Invoked command in '/home/cewan/ws_lidar/src/object_avoidance' returned '0': PYTHONPATH=/home/cewan/ws_lidar/build/object_avoidance/prefix_override:/usr/lib/python3/dist-packages/colcon_core/task/python/colcon_distutils_commands:/home/cewan/ws_lidar/install/object_avoidance/lib/python3.10/site-packages:${PYTHONPATH} /usr/bin/python3 -W ignore:setup.py install is deprecated -W ignore:easy_install command is deprecated setup.py egg_info --egg-base ../../build/object_avoidance build --build-base /home/cewan/ws_lidar/build/object_avoidance/build install --record /home/cewan/ws_lidar/build/object_avoidance/install.log --single-version-externally-managed install_data
