[0.625s] DEBUG:colcon:Command line arguments: ['/usr/bin/colcon', 'build', '--packages-select', 'gpsPubSub']
[0.625s] DEBUG:colcon:Parsed command line arguments: Namespace(log_base=None, log_level=None, verb_name='build', build_base='build', install_base='install', merge_install=False, symlink_install=False, test_result_base=None, continue_on_error=False, executor='parallel', parallel_workers=4, event_handlers=None, ignore_user_meta=False, metas=['./colcon.meta'], base_paths=['.'], packages_ignore=None, packages_ignore_regex=None, paths=None, packages_up_to=None, packages_up_to_regex=None, packages_above=None, packages_above_and_dependencies=None, packages_above_depth=None, packages_select_by_dep=None, packages_skip_by_dep=None, packages_skip_up_to=None, packages_select_build_failed=False, packages_skip_build_finished=False, packages_select_test_failures=False, packages_skip_test_passed=False, packages_select=['gpsPubSub'], packages_skip=None, packages_select_regex=None, packages_skip_regex=None, packages_start=None, packages_end=None, allow_overriding=[], cmake_args=None, cmake_target=None, cmake_target_skip_unavailable=False, cmake_clean_cache=False, cmake_clean_first=False, cmake_force_configure=False, ament_cmake_args=None, catkin_cmake_args=None, catkin_skip_building_tests=False, verb_parser=<colcon_defaults.argument_parser.defaults.DefaultArgumentsDecorator object at 0xffff9e8045b0>, verb_extension=<colcon_core.verb.build.BuildVerb object at 0xffff9e9aea40>, main=<bound method BuildVerb.main of <colcon_core.verb.build.BuildVerb object at 0xffff9e9aea40>>)
[1.978s] Level 1:colcon.colcon_core.package_discovery:discover_packages(colcon_meta) check parameters
[1.978s] Level 1:colcon.colcon_core.package_discovery:discover_packages(recursive) check parameters
[1.979s] Level 1:colcon.colcon_core.package_discovery:discover_packages(ignore) check parameters
[1.979s] Level 1:colcon.colcon_core.package_discovery:discover_packages(path) check parameters
[1.979s] Level 1:colcon.colcon_core.package_discovery:discover_packages(colcon_meta) discover
[1.979s] Level 1:colcon.colcon_core.package_discovery:discover_packages(recursive) discover
[1.979s] INFO:colcon.colcon_core.package_discovery:Crawling recursively for packages in '/home/cewan/Automated-Tour-Car/ws_lidar'
[1.980s] Level 1:colcon.colcon_core.package_identification:_identify(.) by extensions ['ignore', 'ignore_ament_install']
[1.980s] Level 1:colcon.colcon_core.package_identification:_identify(.) by extension 'ignore'
[1.980s] Level 1:colcon.colcon_core.package_identification:_identify(.) by extension 'ignore_ament_install'
[1.981s] Level 1:colcon.colcon_core.package_identification:_identify(.) by extensions ['colcon_pkg']
[1.981s] Level 1:colcon.colcon_core.package_identification:_identify(.) by extension 'colcon_pkg'
[1.981s] Level 1:colcon.colcon_core.package_identification:_identify(.) by extensions ['colcon_meta']
[1.981s] Level 1:colcon.colcon_core.package_identification:_identify(.) by extension 'colcon_meta'
[1.981s] Level 1:colcon.colcon_core.package_identification:_identify(.) by extensions ['ros']
[1.981s] Level 1:colcon.colcon_core.package_identification:_identify(.) by extension 'ros'
[2.129s] Level 1:colcon.colcon_core.package_identification:_identify(.) by extensions ['cmake', 'python']
[2.130s] Level 1:colcon.colcon_core.package_identification:_identify(.) by extension 'cmake'
[2.130s] Level 1:colcon.colcon_core.package_identification:_identify(.) by extension 'python'
[2.130s] Level 1:colcon.colcon_core.package_identification:_identify(.) by extensions ['python_setup_py']
[2.130s] Level 1:colcon.colcon_core.package_identification:_identify(.) by extension 'python_setup_py'
[2.131s] Level 1:colcon.colcon_core.package_identification:_identify(build) by extensions ['ignore', 'ignore_ament_install']
[2.132s] Level 1:colcon.colcon_core.package_identification:_identify(build) by extension 'ignore'
[2.132s] Level 1:colcon.colcon_core.package_identification:_identify(build) ignored
[2.133s] Level 1:colcon.colcon_core.package_identification:_identify(install) by extensions ['ignore', 'ignore_ament_install']
[2.133s] Level 1:colcon.colcon_core.package_identification:_identify(install) by extension 'ignore'
[2.133s] Level 1:colcon.colcon_core.package_identification:_identify(install) ignored
[2.138s] Level 1:colcon.colcon_core.package_identification:_identify(log) by extensions ['ignore', 'ignore_ament_install']
[2.139s] Level 1:colcon.colcon_core.package_identification:_identify(log) by extension 'ignore'
[2.139s] Level 1:colcon.colcon_core.package_identification:_identify(log) ignored
[2.140s] Level 1:colcon.colcon_core.package_identification:_identify(src) by extensions ['ignore', 'ignore_ament_install']
[2.140s] Level 1:colcon.colcon_core.package_identification:_identify(src) by extension 'ignore'
[2.140s] Level 1:colcon.colcon_core.package_identification:_identify(src) by extension 'ignore_ament_install'
[2.141s] Level 1:colcon.colcon_core.package_identification:_identify(src) by extensions ['colcon_pkg']
[2.141s] Level 1:colcon.colcon_core.package_identification:_identify(src) by extension 'colcon_pkg'
[2.141s] Level 1:colcon.colcon_core.package_identification:_identify(src) by extensions ['colcon_meta']
[2.141s] Level 1:colcon.colcon_core.package_identification:_identify(src) by extension 'colcon_meta'
[2.141s] Level 1:colcon.colcon_core.package_identification:_identify(src) by extensions ['ros']
[2.142s] Level 1:colcon.colcon_core.package_identification:_identify(src) by extension 'ros'
[2.142s] Level 1:colcon.colcon_core.package_identification:_identify(src) by extensions ['cmake', 'python']
[2.142s] Level 1:colcon.colcon_core.package_identification:_identify(src) by extension 'cmake'
[2.142s] Level 1:colcon.colcon_core.package_identification:_identify(src) by extension 'python'
[2.143s] Level 1:colcon.colcon_core.package_identification:_identify(src) by extensions ['python_setup_py']
[2.143s] Level 1:colcon.colcon_core.package_identification:_identify(src) by extension 'python_setup_py'
[2.144s] Level 1:colcon.colcon_core.package_identification:_identify(src/TurtleBot) by extensions ['ignore', 'ignore_ament_install']
[2.144s] Level 1:colcon.colcon_core.package_identification:_identify(src/TurtleBot) by extension 'ignore'
[2.144s] Level 1:colcon.colcon_core.package_identification:_identify(src/TurtleBot) by extension 'ignore_ament_install'
[2.145s] Level 1:colcon.colcon_core.package_identification:_identify(src/TurtleBot) by extensions ['colcon_pkg']
[2.145s] Level 1:colcon.colcon_core.package_identification:_identify(src/TurtleBot) by extension 'colcon_pkg'
[2.145s] Level 1:colcon.colcon_core.package_identification:_identify(src/TurtleBot) by extensions ['colcon_meta']
[2.145s] Level 1:colcon.colcon_core.package_identification:_identify(src/TurtleBot) by extension 'colcon_meta'
[2.146s] Level 1:colcon.colcon_core.package_identification:_identify(src/TurtleBot) by extensions ['ros']
[2.146s] Level 1:colcon.colcon_core.package_identification:_identify(src/TurtleBot) by extension 'ros'
[2.157s] DEBUG:colcon.colcon_core.package_identification:Package 'src/TurtleBot' with type 'ros.ament_python' and name 'TurtleBot'
[2.157s] Level 1:colcon.colcon_core.package_identification:_identify(src/gpsPubSub) by extensions ['ignore', 'ignore_ament_install']
[2.158s] Level 1:colcon.colcon_core.package_identification:_identify(src/gpsPubSub) by extension 'ignore'
[2.158s] Level 1:colcon.colcon_core.package_identification:_identify(src/gpsPubSub) by extension 'ignore_ament_install'
[2.158s] Level 1:colcon.colcon_core.package_identification:_identify(src/gpsPubSub) by extensions ['colcon_pkg']
[2.159s] Level 1:colcon.colcon_core.package_identification:_identify(src/gpsPubSub) by extension 'colcon_pkg'
[2.159s] Level 1:colcon.colcon_core.package_identification:_identify(src/gpsPubSub) by extensions ['colcon_meta']
[2.159s] Level 1:colcon.colcon_core.package_identification:_identify(src/gpsPubSub) by extension 'colcon_meta'
[2.160s] Level 1:colcon.colcon_core.package_identification:_identify(src/gpsPubSub) by extensions ['ros']
[2.160s] Level 1:colcon.colcon_core.package_identification:_identify(src/gpsPubSub) by extension 'ros'
[2.165s] DEBUG:colcon.colcon_core.package_identification:Package 'src/gpsPubSub' with type 'ros.ament_python' and name 'gpsPubSub'
[2.166s] Level 1:colcon.colcon_core.package_identification:_identify(src/lidar) by extensions ['ignore', 'ignore_ament_install']
[2.166s] Level 1:colcon.colcon_core.package_identification:_identify(src/lidar) by extension 'ignore'
[2.167s] Level 1:colcon.colcon_core.package_identification:_identify(src/lidar) by extension 'ignore_ament_install'
[2.167s] Level 1:colcon.colcon_core.package_identification:_identify(src/lidar) by extensions ['colcon_pkg']
[2.167s] Level 1:colcon.colcon_core.package_identification:_identify(src/lidar) by extension 'colcon_pkg'
[2.168s] Level 1:colcon.colcon_core.package_identification:_identify(src/lidar) by extensions ['colcon_meta']
[2.168s] Level 1:colcon.colcon_core.package_identification:_identify(src/lidar) by extension 'colcon_meta'
[2.168s] Level 1:colcon.colcon_core.package_identification:_identify(src/lidar) by extensions ['ros']
[2.168s] Level 1:colcon.colcon_core.package_identification:_identify(src/lidar) by extension 'ros'
[2.171s] DEBUG:colcon.colcon_core.package_identification:Package 'src/lidar' with type 'ros.ament_python' and name 'lidar'
[2.172s] Level 1:colcon.colcon_core.package_identification:_identify(src/object_avoidance) by extensions ['ignore', 'ignore_ament_install']
[2.172s] Level 1:colcon.colcon_core.package_identification:_identify(src/object_avoidance) by extension 'ignore'
[2.173s] Level 1:colcon.colcon_core.package_identification:_identify(src/object_avoidance) by extension 'ignore_ament_install'
[2.173s] Level 1:colcon.colcon_core.package_identification:_identify(src/object_avoidance) by extensions ['colcon_pkg']
[2.173s] Level 1:colcon.colcon_core.package_identification:_identify(src/object_avoidance) by extension 'colcon_pkg'
[2.173s] Level 1:colcon.colcon_core.package_identification:_identify(src/object_avoidance) by extensions ['colcon_meta']
[2.173s] Level 1:colcon.colcon_core.package_identification:_identify(src/object_avoidance) by extension 'colcon_meta'
[2.174s] Level 1:colcon.colcon_core.package_identification:_identify(src/object_avoidance) by extensions ['ros']
[2.174s] Level 1:colcon.colcon_core.package_identification:_identify(src/object_avoidance) by extension 'ros'
[2.176s] DEBUG:colcon.colcon_core.package_identification:Package 'src/object_avoidance' with type 'ros.ament_python' and name 'object_avoidance'
[2.177s] Level 1:colcon.colcon_core.package_identification:_identify(src/sllidar_ros2) by extensions ['ignore', 'ignore_ament_install']
[2.178s] Level 1:colcon.colcon_core.package_identification:_identify(src/sllidar_ros2) by extension 'ignore'
[2.178s] Level 1:colcon.colcon_core.package_identification:_identify(src/sllidar_ros2) by extension 'ignore_ament_install'
[2.178s] Level 1:colcon.colcon_core.package_identification:_identify(src/sllidar_ros2) by extensions ['colcon_pkg']
[2.179s] Level 1:colcon.colcon_core.package_identification:_identify(src/sllidar_ros2) by extension 'colcon_pkg'
[2.179s] Level 1:colcon.colcon_core.package_identification:_identify(src/sllidar_ros2) by extensions ['colcon_meta']
[2.179s] Level 1:colcon.colcon_core.package_identification:_identify(src/sllidar_ros2) by extension 'colcon_meta'
[2.179s] Level 1:colcon.colcon_core.package_identification:_identify(src/sllidar_ros2) by extensions ['ros']
[2.179s] Level 1:colcon.colcon_core.package_identification:_identify(src/sllidar_ros2) by extension 'ros'
[2.183s] DEBUG:colcon.colcon_core.package_identification:Package 'src/sllidar_ros2' with type 'ros.ament_cmake' and name 'sllidar_ros2'
[2.184s] Level 1:colcon.colcon_core.package_identification:_identify(src/teleop_control) by extensions ['ignore', 'ignore_ament_install']
[2.184s] Level 1:colcon.colcon_core.package_identification:_identify(src/teleop_control) by extension 'ignore'
[2.184s] Level 1:colcon.colcon_core.package_identification:_identify(src/teleop_control) by extension 'ignore_ament_install'
[2.185s] Level 1:colcon.colcon_core.package_identification:_identify(src/teleop_control) by extensions ['colcon_pkg']
[2.185s] Level 1:colcon.colcon_core.package_identification:_identify(src/teleop_control) by extension 'colcon_pkg'
[2.185s] Level 1:colcon.colcon_core.package_identification:_identify(src/teleop_control) by extensions ['colcon_meta']
[2.185s] Level 1:colcon.colcon_core.package_identification:_identify(src/teleop_control) by extension 'colcon_meta'
[2.186s] Level 1:colcon.colcon_core.package_identification:_identify(src/teleop_control) by extensions ['ros']
[2.186s] Level 1:colcon.colcon_core.package_identification:_identify(src/teleop_control) by extension 'ros'
[2.188s] DEBUG:colcon.colcon_core.package_identification:Package 'src/teleop_control' with type 'ros.ament_python' and name 'teleop_control'
[2.189s] Level 1:colcon.colcon_core.package_identification:_identify(src/tour_mapping_and_localization) by extensions ['ignore', 'ignore_ament_install']
[2.189s] Level 1:colcon.colcon_core.package_identification:_identify(src/tour_mapping_and_localization) by extension 'ignore'
[2.189s] Level 1:colcon.colcon_core.package_identification:_identify(src/tour_mapping_and_localization) by extension 'ignore_ament_install'
[2.190s] Level 1:colcon.colcon_core.package_identification:_identify(src/tour_mapping_and_localization) by extensions ['colcon_pkg']
[2.190s] Level 1:colcon.colcon_core.package_identification:_identify(src/tour_mapping_and_localization) by extension 'colcon_pkg'
[2.190s] Level 1:colcon.colcon_core.package_identification:_identify(src/tour_mapping_and_localization) by extensions ['colcon_meta']
[2.190s] Level 1:colcon.colcon_core.package_identification:_identify(src/tour_mapping_and_localization) by extension 'colcon_meta'
[2.191s] Level 1:colcon.colcon_core.package_identification:_identify(src/tour_mapping_and_localization) by extensions ['ros']
[2.191s] Level 1:colcon.colcon_core.package_identification:_identify(src/tour_mapping_and_localization) by extension 'ros'
[2.194s] DEBUG:colcon.colcon_core.package_identification:Package 'src/tour_mapping_and_localization' with type 'ros.ament_cmake' and name 'tour_mapping_and_localization'
[2.194s] Level 1:colcon.colcon_core.package_discovery:discover_packages(recursive) using defaults
[2.195s] Level 1:colcon.colcon_core.package_discovery:discover_packages(ignore) discover
[2.195s] Level 1:colcon.colcon_core.package_discovery:discover_packages(ignore) using defaults
[2.195s] Level 1:colcon.colcon_core.package_discovery:discover_packages(path) discover
[2.195s] Level 1:colcon.colcon_core.package_discovery:discover_packages(path) using defaults
[2.283s] INFO:colcon.colcon_core.package_selection:Skipping not selected package 'TurtleBot' in 'src/TurtleBot'
[2.283s] INFO:colcon.colcon_core.package_selection:Skipping not selected package 'lidar' in 'src/lidar'
[2.283s] INFO:colcon.colcon_core.package_selection:Skipping not selected package 'object_avoidance' in 'src/object_avoidance'
[2.283s] INFO:colcon.colcon_core.package_selection:Skipping not selected package 'sllidar_ros2' in 'src/sllidar_ros2'
[2.283s] INFO:colcon.colcon_core.package_selection:Skipping not selected package 'teleop_control' in 'src/teleop_control'
[2.283s] INFO:colcon.colcon_core.package_selection:Skipping not selected package 'tour_mapping_and_localization' in 'src/tour_mapping_and_localization'
[2.285s] Level 1:colcon.colcon_core.package_discovery:discover_packages(prefix_path) check parameters
[2.285s] Level 1:colcon.colcon_core.package_discovery:discover_packages(prefix_path) discover
[2.296s] DEBUG:colcon.colcon_installed_package_information.package_discovery:Found 7 installed packages in /home/cewan/Automated-Tour-Car/ws_lidar/install
[2.306s] DEBUG:colcon.colcon_installed_package_information.package_discovery:Found 291 installed packages in /opt/ros/humble
[2.319s] Level 1:colcon.colcon_core.package_discovery:discover_packages(prefix_path) using defaults
[2.580s] Level 5:colcon.colcon_core.verb:set package 'gpsPubSub' build argument 'cmake_args' from command line to 'None'
[2.580s] Level 5:colcon.colcon_core.verb:set package 'gpsPubSub' build argument 'cmake_target' from command line to 'None'
[2.581s] Level 5:colcon.colcon_core.verb:set package 'gpsPubSub' build argument 'cmake_target_skip_unavailable' from command line to 'False'
[2.581s] Level 5:colcon.colcon_core.verb:set package 'gpsPubSub' build argument 'cmake_clean_cache' from command line to 'False'
[2.581s] Level 5:colcon.colcon_core.verb:set package 'gpsPubSub' build argument 'cmake_clean_first' from command line to 'False'
[2.581s] Level 5:colcon.colcon_core.verb:set package 'gpsPubSub' build argument 'cmake_force_configure' from command line to 'False'
[2.581s] Level 5:colcon.colcon_core.verb:set package 'gpsPubSub' build argument 'ament_cmake_args' from command line to 'None'
[2.582s] Level 5:colcon.colcon_core.verb:set package 'gpsPubSub' build argument 'catkin_cmake_args' from command line to 'None'
[2.582s] Level 5:colcon.colcon_core.verb:set package 'gpsPubSub' build argument 'catkin_skip_building_tests' from command line to 'False'
[2.582s] DEBUG:colcon.colcon_core.verb:Building package 'gpsPubSub' with the following arguments: {'ament_cmake_args': None, 'build_base': '/home/cewan/Automated-Tour-Car/ws_lidar/build/gpsPubSub', 'catkin_cmake_args': None, 'catkin_skip_building_tests': False, 'cmake_args': None, 'cmake_clean_cache': False, 'cmake_clean_first': False, 'cmake_force_configure': False, 'cmake_target': None, 'cmake_target_skip_unavailable': False, 'install_base': '/home/cewan/Automated-Tour-Car/ws_lidar/install/gpsPubSub', 'merge_install': False, 'path': '/home/cewan/Automated-Tour-Car/ws_lidar/src/gpsPubSub', 'symlink_install': False, 'test_result_base': None}
[2.583s] INFO:colcon.colcon_core.executor:Executing jobs using 'parallel' executor
[2.588s] DEBUG:colcon.colcon_parallel_executor.executor.parallel:run_until_complete
[2.589s] INFO:colcon.colcon_ros.task.ament_python.build:Building ROS package in '/home/cewan/Automated-Tour-Car/ws_lidar/src/gpsPubSub' with build type 'ament_python'
[2.591s] Level 1:colcon.colcon_core.shell:create_environment_hook('gpsPubSub', 'ament_prefix_path')
[2.607s] INFO:colcon.colcon_core.plugin_system:Skipping extension 'colcon_core.shell.bat': Not used on non-Windows systems
[2.608s] INFO:colcon.colcon_core.shell:Creating environment hook '/home/cewan/Automated-Tour-Car/ws_lidar/install/gpsPubSub/share/gpsPubSub/hook/ament_prefix_path.ps1'
[2.613s] INFO:colcon.colcon_core.shell:Creating environment descriptor '/home/cewan/Automated-Tour-Car/ws_lidar/install/gpsPubSub/share/gpsPubSub/hook/ament_prefix_path.dsv'
[2.616s] INFO:colcon.colcon_core.shell:Creating environment hook '/home/cewan/Automated-Tour-Car/ws_lidar/install/gpsPubSub/share/gpsPubSub/hook/ament_prefix_path.sh'
[2.621s] INFO:colcon.colcon_core.shell:Skip shell extension 'powershell' for command environment: Not usable outside of PowerShell
[2.621s] DEBUG:colcon.colcon_core.shell:Skip shell extension 'dsv' for command environment
[4.528s] INFO:colcon.colcon_core.task.python.build:Building Python package in '/home/cewan/Automated-Tour-Car/ws_lidar/src/gpsPubSub'
[4.529s] INFO:colcon.colcon_core.shell:Skip shell extension 'powershell' for command environment: Not usable outside of PowerShell
[4.530s] DEBUG:colcon.colcon_core.shell:Skip shell extension 'dsv' for command environment
[6.717s] DEBUG:colcon.colcon_core.event_handler.log_command:Invoking command in '/home/cewan/Automated-Tour-Car/ws_lidar/src/gpsPubSub': PYTHONPATH=/home/cewan/Automated-Tour-Car/ws_lidar/build/gpsPubSub/prefix_override:/usr/lib/python3/dist-packages/colcon_core/task/python/colcon_distutils_commands:/home/cewan/Automated-Tour-Car/ws_lidar/install/gpsPubSub/lib/python3.10/site-packages:${PYTHONPATH} /usr/bin/python3 -W ignore:setup.py install is deprecated -W ignore:easy_install command is deprecated setup.py egg_info --egg-base ../../build/gpsPubSub build --build-base /home/cewan/Automated-Tour-Car/ws_lidar/build/gpsPubSub/build install --record /home/cewan/Automated-Tour-Car/ws_lidar/build/gpsPubSub/install.log --single-version-externally-managed install_data
[8.931s] DEBUG:colcon.colcon_core.event_handler.log_command:Invoked command in '/home/cewan/Automated-Tour-Car/ws_lidar/src/gpsPubSub' returned '0': PYTHONPATH=/home/cewan/Automated-Tour-Car/ws_lidar/build/gpsPubSub/prefix_override:/usr/lib/python3/dist-packages/colcon_core/task/python/colcon_distutils_commands:/home/cewan/Automated-Tour-Car/ws_lidar/install/gpsPubSub/lib/python3.10/site-packages:${PYTHONPATH} /usr/bin/python3 -W ignore:setup.py install is deprecated -W ignore:easy_install command is deprecated setup.py egg_info --egg-base ../../build/gpsPubSub build --build-base /home/cewan/Automated-Tour-Car/ws_lidar/build/gpsPubSub/build install --record /home/cewan/Automated-Tour-Car/ws_lidar/build/gpsPubSub/install.log --single-version-externally-managed install_data
[8.952s] Level 1:colcon.colcon_core.environment:checking '/home/cewan/Automated-Tour-Car/ws_lidar/install/gpsPubSub' for CMake module files
[8.956s] Level 1:colcon.colcon_core.environment:checking '/home/cewan/Automated-Tour-Car/ws_lidar/install/gpsPubSub' for CMake config files
[8.961s] Level 1:colcon.colcon_core.environment:checking '/home/cewan/Automated-Tour-Car/ws_lidar/install/gpsPubSub/lib'
[8.962s] Level 1:colcon.colcon_core.environment:checking '/home/cewan/Automated-Tour-Car/ws_lidar/install/gpsPubSub/bin'
[8.962s] Level 1:colcon.colcon_core.environment:checking '/home/cewan/Automated-Tour-Car/ws_lidar/install/gpsPubSub/lib/pkgconfig/gpsPubSub.pc'
[8.963s] Level 1:colcon.colcon_core.environment:checking '/home/cewan/Automated-Tour-Car/ws_lidar/install/gpsPubSub/lib/python3.10/site-packages'
[8.964s] Level 1:colcon.colcon_core.shell:create_environment_hook('gpsPubSub', 'pythonpath')
[8.964s] INFO:colcon.colcon_core.shell:Creating environment hook '/home/cewan/Automated-Tour-Car/ws_lidar/install/gpsPubSub/share/gpsPubSub/hook/pythonpath.ps1'
[8.967s] INFO:colcon.colcon_core.shell:Creating environment descriptor '/home/cewan/Automated-Tour-Car/ws_lidar/install/gpsPubSub/share/gpsPubSub/hook/pythonpath.dsv'
[8.969s] INFO:colcon.colcon_core.shell:Creating environment hook '/home/cewan/Automated-Tour-Car/ws_lidar/install/gpsPubSub/share/gpsPubSub/hook/pythonpath.sh'
[8.973s] Level 1:colcon.colcon_core.environment:checking '/home/cewan/Automated-Tour-Car/ws_lidar/install/gpsPubSub/bin'
[8.973s] Level 1:colcon.colcon_core.environment:create_environment_scripts_only(gpsPubSub)
[8.974s] INFO:colcon.colcon_core.shell:Creating package script '/home/cewan/Automated-Tour-Car/ws_lidar/install/gpsPubSub/share/gpsPubSub/package.ps1'
[8.978s] INFO:colcon.colcon_core.shell:Creating package descriptor '/home/cewan/Automated-Tour-Car/ws_lidar/install/gpsPubSub/share/gpsPubSub/package.dsv'
[8.981s] INFO:colcon.colcon_core.shell:Creating package script '/home/cewan/Automated-Tour-Car/ws_lidar/install/gpsPubSub/share/gpsPubSub/package.sh'
[8.985s] INFO:colcon.colcon_core.shell:Creating package script '/home/cewan/Automated-Tour-Car/ws_lidar/install/gpsPubSub/share/gpsPubSub/package.bash'
[8.989s] INFO:colcon.colcon_core.shell:Creating package script '/home/cewan/Automated-Tour-Car/ws_lidar/install/gpsPubSub/share/gpsPubSub/package.zsh'
[8.993s] Level 1:colcon.colcon_core.environment:create_file_with_runtime_dependencies(/home/cewan/Automated-Tour-Car/ws_lidar/install/gpsPubSub/share/colcon-core/packages/gpsPubSub)
[8.995s] DEBUG:colcon.colcon_parallel_executor.executor.parallel:closing loop
[8.996s] DEBUG:colcon.colcon_parallel_executor.executor.parallel:loop closed
[8.997s] DEBUG:colcon.colcon_parallel_executor.executor.parallel:run_until_complete finished with '0'
[8.997s] DEBUG:colcon.colcon_core.event_reactor:joining thread
[9.026s] INFO:colcon.colcon_core.plugin_system:Skipping extension 'colcon_notification.desktop_notification.terminal_notifier': Not used on non-Darwin systems
[9.026s] INFO:colcon.colcon_core.plugin_system:Skipping extension 'colcon_notification.desktop_notification.win32': Not used on non-Windows systems
[9.027s] INFO:colcon.colcon_notification.desktop_notification:Sending desktop notification using 'notify2'
[9.034s] DEBUG:colcon.colcon_notification.desktop_notification.notify2:Failed to initialize notify2: org.freedesktop.DBus.Error.ServiceUnknown: The name org.freedesktop.Notifications was not provided by any .service files
[9.035s] DEBUG:colcon.colcon_core.event_reactor:joined thread
[9.036s] INFO:colcon.colcon_core.shell:Creating prefix script '/home/cewan/Automated-Tour-Car/ws_lidar/install/local_setup.ps1'
[9.044s] INFO:colcon.colcon_core.shell:Creating prefix util module '/home/cewan/Automated-Tour-Car/ws_lidar/install/_local_setup_util_ps1.py'
[9.051s] INFO:colcon.colcon_core.shell:Creating prefix chain script '/home/cewan/Automated-Tour-Car/ws_lidar/install/setup.ps1'
[9.060s] INFO:colcon.colcon_core.shell:Creating prefix script '/home/cewan/Automated-Tour-Car/ws_lidar/install/local_setup.sh'
[9.064s] INFO:colcon.colcon_core.shell:Creating prefix util module '/home/cewan/Automated-Tour-Car/ws_lidar/install/_local_setup_util_sh.py'
[9.068s] INFO:colcon.colcon_core.shell:Creating prefix chain script '/home/cewan/Automated-Tour-Car/ws_lidar/install/setup.sh'
[9.077s] INFO:colcon.colcon_core.shell:Creating prefix script '/home/cewan/Automated-Tour-Car/ws_lidar/install/local_setup.bash'
[9.080s] INFO:colcon.colcon_core.shell:Creating prefix chain script '/home/cewan/Automated-Tour-Car/ws_lidar/install/setup.bash'
[9.088s] INFO:colcon.colcon_core.shell:Creating prefix script '/home/cewan/Automated-Tour-Car/ws_lidar/install/local_setup.zsh'
[9.091s] INFO:colcon.colcon_core.shell:Creating prefix chain script '/home/cewan/Automated-Tour-Car/ws_lidar/install/setup.zsh'
