[5.831s] Invoking command in '/home/cewan/ws_lidar/src/lidar': PYTHONPATH=/home/cewan/ws_lidar/build/lidar/prefix_override:/usr/lib/python3/dist-packages/colcon_core/task/python/colcon_distutils_commands:/home/cewan/ws_lidar/install/lidar/lib/python3.10/site-packages:${PYTHONPATH} /usr/bin/python3 -W ignore:setup.py install is deprecated -W ignore:easy_install command is deprecated setup.py egg_info --egg-base ../../build/lidar build --build-base /home/cewan/ws_lidar/build/lidar/build install --record /home/cewan/ws_lidar/build/lidar/install.log --single-version-externally-managed install_data
[7.492s] running egg_info
[7.495s] writing ../../build/lidar/lidar.egg-info/PKG-INFO
[7.497s] writing dependency_links to ../../build/lidar/lidar.egg-info/dependency_links.txt
[7.498s] writing entry points to ../../build/lidar/lidar.egg-info/entry_points.txt
[7.499s] writing requirements to ../../build/lidar/lidar.egg-info/requires.txt
[7.500s] writing top-level names to ../../build/lidar/lidar.egg-info/top_level.txt
[7.511s] reading manifest file '../../build/lidar/lidar.egg-info/SOURCES.txt'
[7.517s] writing manifest file '../../build/lidar/lidar.egg-info/SOURCES.txt'
[7.520s] running build
[7.520s] running build_py
[7.523s] running install
[7.525s] running install_lib
[7.544s] running install_data
[7.545s] running install_egg_info
[7.554s] removing '/home/cewan/ws_lidar/install/lidar/lib/python3.10/site-packages/lidar-0.0.0-py3.10.egg-info' (and everything under it)
[7.561s] Copying ../../build/lidar/lidar.egg-info to /home/cewan/ws_lidar/install/lidar/lib/python3.10/site-packages/lidar-0.0.0-py3.10.egg-info
[7.584s] running install_scripts
[7.717s] Installing lidar_publisher script to /home/cewan/ws_lidar/install/lidar/lib/lidar
[7.718s] Installing lidar_subscriber script to /home/cewan/ws_lidar/install/lidar/lib/lidar
[7.720s] writing list of installed files to '/home/cewan/ws_lidar/build/lidar/install.log'
[7.986s] Invoked command in '/home/cewan/ws_lidar/src/lidar' returned '0': PYTHONPATH=/home/cewan/ws_lidar/build/lidar/prefix_override:/usr/lib/python3/dist-packages/colcon_core/task/python/colcon_distutils_commands:/home/cewan/ws_lidar/install/lidar/lib/python3.10/site-packages:${PYTHONPATH} /usr/bin/python3 -W ignore:setup.py install is deprecated -W ignore:easy_install command is deprecated setup.py egg_info --egg-base ../../build/lidar build --build-base /home/cewan/ws_lidar/build/lidar/build install --record /home/cewan/ws_lidar/build/lidar/install.log --single-version-externally-managed install_data
