[4.171s] Invoking command in '/home/cewan/ws_lidar/src/object_avoidance': PYTHONPATH=/home/cewan/ws_lidar/build/object_avoidance/prefix_override:/usr/lib/python3/dist-packages/colcon_core/task/python/colcon_distutils_commands:/home/cewan/ws_lidar/install/object_avoidance/lib/python3.10/site-packages:${PYTHONPATH} /usr/bin/python3 -W ignore:setup.py install is deprecated -W ignore:easy_install command is deprecated setup.py egg_info --egg-base ../../build/object_avoidance build --build-base /home/cewan/ws_lidar/build/object_avoidance/build install --record /home/cewan/ws_lidar/build/object_avoidance/install.log --single-version-externally-managed install_data
[5.412s] running egg_info
[5.415s] writing ../../build/object_avoidance/object_avoidance.egg-info/PKG-INFO
[5.416s] writing dependency_links to ../../build/object_avoidance/object_avoidance.egg-info/dependency_links.txt
[5.417s] writing entry points to ../../build/object_avoidance/object_avoidance.egg-info/entry_points.txt
[5.418s] writing requirements to ../../build/object_avoidance/object_avoidance.egg-info/requires.txt
[5.419s] writing top-level names to ../../build/object_avoidance/object_avoidance.egg-info/top_level.txt
[5.428s] reading manifest file '../../build/object_avoidance/object_avoidance.egg-info/SOURCES.txt'
[5.432s] writing manifest file '../../build/object_avoidance/object_avoidance.egg-info/SOURCES.txt'
[5.432s] running build
[5.433s] running build_py
[5.436s] running install
[5.437s] running install_lib
[5.446s] running install_data
[5.447s] running install_egg_info
[5.453s] removing '/home/cewan/ws_lidar/install/object_avoidance/lib/python3.10/site-packages/object_avoidance-0.0.0-py3.10.egg-info' (and everything under it)
[5.455s] Copying ../../build/object_avoidance/object_avoidance.egg-info to /home/cewan/ws_lidar/install/object_avoidance/lib/python3.10/site-packages/object_avoidance-0.0.0-py3.10.egg-info
[5.461s] running install_scripts
[5.548s] Installing object_avoidance_publisher script to /home/cewan/ws_lidar/install/object_avoidance/lib/object_avoidance
[5.549s] Installing object_avoidance_subscriber script to /home/cewan/ws_lidar/install/object_avoidance/lib/object_avoidance
[5.550s] Installing test script to /home/cewan/ws_lidar/install/object_avoidance/lib/object_avoidance
[5.552s] writing list of installed files to '/home/cewan/ws_lidar/build/object_avoidance/install.log'
[5.685s] Invoked command in '/home/cewan/ws_lidar/src/object_avoidance' returned '0': PYTHONPATH=/home/cewan/ws_lidar/build/object_avoidance/prefix_override:/usr/lib/python3/dist-packages/colcon_core/task/python/colcon_distutils_commands:/home/cewan/ws_lidar/install/object_avoidance/lib/python3.10/site-packages:${PYTHONPATH} /usr/bin/python3 -W ignore:setup.py install is deprecated -W ignore:easy_install command is deprecated setup.py egg_info --egg-base ../../build/object_avoidance build --build-base /home/cewan/ws_lidar/build/object_avoidance/build install --record /home/cewan/ws_lidar/build/object_avoidance/install.log --single-version-externally-managed install_data
