[7.698s] Invoking command in '/home/cewan/ws_lidar/src/lidar': PYTHONPATH=/home/cewan/ws_lidar/build/lidar/prefix_override:/usr/lib/python3/dist-packages/colcon_core/task/python/colcon_distutils_commands:/home/cewan/ws_lidar/install/lidar/lib/python3.10/site-packages:${PYTHONPATH} /usr/bin/python3 -W ignore:setup.py install is deprecated -W ignore:easy_install command is deprecated setup.py egg_info --egg-base ../../build/lidar build --build-base /home/cewan/ws_lidar/build/lidar/build install --record /home/cewan/ws_lidar/build/lidar/install.log --single-version-externally-managed install_data
[9.803s] running egg_info
[9.807s] writing ../../build/lidar/lidar.egg-info/PKG-INFO
[9.810s] writing dependency_links to ../../build/lidar/lidar.egg-info/dependency_links.txt
[9.812s] writing entry points to ../../build/lidar/lidar.egg-info/entry_points.txt
[9.815s] writing requirements to ../../build/lidar/lidar.egg-info/requires.txt
[9.816s] writing top-level names to ../../build/lidar/lidar.egg-info/top_level.txt
[9.829s] reading manifest file '../../build/lidar/lidar.egg-info/SOURCES.txt'
[9.834s] writing manifest file '../../build/lidar/lidar.egg-info/SOURCES.txt'
[9.835s] running build
[9.836s] running build_py
[9.839s] running install
[9.842s] running install_lib
[9.851s] running install_data
[9.852s] running install_egg_info
[9.861s] removing '/home/cewan/ws_lidar/install/lidar/lib/python3.10/site-packages/lidar-0.0.0-py3.10.egg-info' (and everything under it)
[9.864s] Copying ../../build/lidar/lidar.egg-info to /home/cewan/ws_lidar/install/lidar/lib/python3.10/site-packages/lidar-0.0.0-py3.10.egg-info
[9.871s] running install_scripts
[9.977s] Installing lidar_publisher script to /home/cewan/ws_lidar/install/lidar/lib/lidar
[9.979s] Installing lidar_subscriber script to /home/cewan/ws_lidar/install/lidar/lib/lidar
[9.983s] writing list of installed files to '/home/cewan/ws_lidar/build/lidar/install.log'
[10.161s] Invoked command in '/home/cewan/ws_lidar/src/lidar' returned '0': PYTHONPATH=/home/cewan/ws_lidar/build/lidar/prefix_override:/usr/lib/python3/dist-packages/colcon_core/task/python/colcon_distutils_commands:/home/cewan/ws_lidar/install/lidar/lib/python3.10/site-packages:${PYTHONPATH} /usr/bin/python3 -W ignore:setup.py install is deprecated -W ignore:easy_install command is deprecated setup.py egg_info --egg-base ../../build/lidar build --build-base /home/cewan/ws_lidar/build/lidar/build install --record /home/cewan/ws_lidar/build/lidar/install.log --single-version-externally-managed install_data
