[3.824s] Invoking command in '/home/cewan/Automated-Tour-Car/ws_lidar/src/TurtleBot': PYTHONPATH=/home/cewan/Automated-Tour-Car/ws_lidar/build/TurtleBot/prefix_override:/usr/lib/python3/dist-packages/colcon_core/task/python/colcon_distutils_commands:/home/cewan/Automated-Tour-Car/ws_lidar/install/TurtleBot/lib/python3.10/site-packages:${PYTHONPATH} /usr/bin/python3 -W ignore:setup.py install is deprecated -W ignore:easy_install command is deprecated setup.py egg_info --egg-base ../../build/TurtleBot build --build-base /home/cewan/Automated-Tour-Car/ws_lidar/build/TurtleBot/build install --record /home/cewan/Automated-Tour-Car/ws_lidar/build/TurtleBot/install.log --single-version-externally-managed install_data
[5.383s] running egg_info
[5.388s] writing ../../build/TurtleBot/TurtleBot.egg-info/PKG-INFO
[5.390s] writing dependency_links to ../../build/TurtleBot/TurtleBot.egg-info/dependency_links.txt
[5.392s] writing entry points to ../../build/TurtleBot/TurtleBot.egg-info/entry_points.txt
[5.393s] writing requirements to ../../build/TurtleBot/TurtleBot.egg-info/requires.txt
[5.397s] writing top-level names to ../../build/TurtleBot/TurtleBot.egg-info/top_level.txt
[5.405s] reading manifest file '../../build/TurtleBot/TurtleBot.egg-info/SOURCES.txt'
[5.410s] writing manifest file '../../build/TurtleBot/TurtleBot.egg-info/SOURCES.txt'
[5.414s] running build
[5.415s] running build_py
[5.415s] copying TurtleBot/rrt_node.py -> /home/cewan/Automated-Tour-Car/ws_lidar/build/TurtleBot/build/lib/TurtleBot
[5.429s] running install
[5.429s] running install_lib
[5.430s] copying /home/cewan/Automated-Tour-Car/ws_lidar/build/TurtleBot/build/lib/TurtleBot/rrt_node.py -> /home/cewan/Automated-Tour-Car/ws_lidar/install/TurtleBot/lib/python3.10/site-packages/TurtleBot
[5.435s] byte-compiling /home/cewan/Automated-Tour-Car/ws_lidar/install/TurtleBot/lib/python3.10/site-packages/TurtleBot/rrt_node.py to rrt_node.cpython-310.pyc
[5.440s] running install_data
[5.441s] running install_egg_info
[5.453s] removing '/home/cewan/Automated-Tour-Car/ws_lidar/install/TurtleBot/lib/python3.10/site-packages/TurtleBot-0.0.0-py3.10.egg-info' (and everything under it)
[5.457s] Copying ../../build/TurtleBot/TurtleBot.egg-info to /home/cewan/Automated-Tour-Car/ws_lidar/install/TurtleBot/lib/python3.10/site-packages/TurtleBot-0.0.0-py3.10.egg-info
[5.469s] running install_scripts
[5.577s] Installing Motion_Planner script to /home/cewan/Automated-Tour-Car/ws_lidar/install/TurtleBot/lib/TurtleBot
[5.578s] Installing PID_Controller script to /home/cewan/Automated-Tour-Car/ws_lidar/install/TurtleBot/lib/TurtleBot
[5.580s] Installing map_subscriber script to /home/cewan/Automated-Tour-Car/ws_lidar/install/TurtleBot/lib/TurtleBot
[5.580s] Installing rrt_node script to /home/cewan/Automated-Tour-Car/ws_lidar/install/TurtleBot/lib/TurtleBot
[5.584s] writing list of installed files to '/home/cewan/Automated-Tour-Car/ws_lidar/build/TurtleBot/install.log'
[5.771s] Invoked command in '/home/cewan/Automated-Tour-Car/ws_lidar/src/TurtleBot' returned '0': PYTHONPATH=/home/cewan/Automated-Tour-Car/ws_lidar/build/TurtleBot/prefix_override:/usr/lib/python3/dist-packages/colcon_core/task/python/colcon_distutils_commands:/home/cewan/Automated-Tour-Car/ws_lidar/install/TurtleBot/lib/python3.10/site-packages:${PYTHONPATH} /usr/bin/python3 -W ignore:setup.py install is deprecated -W ignore:easy_install command is deprecated setup.py egg_info --egg-base ../../build/TurtleBot build --build-base /home/cewan/Automated-Tour-Car/ws_lidar/build/TurtleBot/build install --record /home/cewan/Automated-Tour-Car/ws_lidar/build/TurtleBot/install.log --single-version-externally-managed install_data
