[4.655s] Invoking command in '/home/cewan/ws_lidar/build/sllidar_ros2': CMAKE_PREFIX_PATH=${CMAKE_PREFIX_PATH}:/home/cewan/ws_lidar/install/object_avoidance:/home/cewan/ws_lidar/install/lidar:/home/cewan/ws_lidar/install/cartographer_slam:/opt/ros/humble /usr/bin/cmake --build /home/cewan/ws_lidar/build/sllidar_ros2 -- -j4 -l4
[5.289s] [ 90%] Built target sllidar_node
[5.352s] [100%] Built target sllidar_client
[5.428s] Invoked command in '/home/cewan/ws_lidar/build/sllidar_ros2' returned '0': CMAKE_PREFIX_PATH=${CMAKE_PREFIX_PATH}:/home/cewan/ws_lidar/install/object_avoidance:/home/cewan/ws_lidar/install/lidar:/home/cewan/ws_lidar/install/cartographer_slam:/opt/ros/humble /usr/bin/cmake --build /home/cewan/ws_lidar/build/sllidar_ros2 -- -j4 -l4
[5.507s] Invoking command in '/home/cewan/ws_lidar/build/sllidar_ros2': CMAKE_PREFIX_PATH=${CMAKE_PREFIX_PATH}:/home/cewan/ws_lidar/install/object_avoidance:/home/cewan/ws_lidar/install/lidar:/home/cewan/ws_lidar/install/cartographer_slam:/opt/ros/humble /usr/bin/cmake --install /home/cewan/ws_lidar/build/sllidar_ros2
[5.544s] -- Install configuration: ""
[5.560s] -- Execute custom install script
[5.578s] -- Up-to-date symlink: /home/cewan/ws_lidar/install/sllidar_ros2/share/sllidar_ros2/launch/sllidar_a1_launch.py
[5.580s] -- Up-to-date symlink: /home/cewan/ws_lidar/install/sllidar_ros2/share/sllidar_ros2/launch/sllidar_a2m12_launch .py
[5.582s] -- Up-to-date symlink: /home/cewan/ws_lidar/install/sllidar_ros2/share/sllidar_ros2/launch/sllidar_a2m7_launch.py
[5.585s] -- Up-to-date symlink: /home/cewan/ws_lidar/install/sllidar_ros2/share/sllidar_ros2/launch/sllidar_a2m8_launch.py
[5.587s] -- Up-to-date symlink: /home/cewan/ws_lidar/install/sllidar_ros2/share/sllidar_ros2/launch/sllidar_a3_launch.py
[5.589s] -- Up-to-date symlink: /home/cewan/ws_lidar/install/sllidar_ros2/share/sllidar_ros2/launch/sllidar_c1_launch.py
[5.591s] -- Up-to-date symlink: /home/cewan/ws_lidar/install/sllidar_ros2/share/sllidar_ros2/launch/sllidar_s1_launch.py
[5.593s] -- Up-to-date symlink: /home/cewan/ws_lidar/install/sllidar_ros2/share/sllidar_ros2/launch/sllidar_s1_tcp_launch.py
[5.594s] -- Up-to-date symlink: /home/cewan/ws_lidar/install/sllidar_ros2/share/sllidar_ros2/launch/sllidar_s2_launch.py
[5.597s] -- Up-to-date symlink: /home/cewan/ws_lidar/install/sllidar_ros2/share/sllidar_ros2/launch/sllidar_s2e_launch.py
[5.599s] -- Up-to-date symlink: /home/cewan/ws_lidar/install/sllidar_ros2/share/sllidar_ros2/launch/sllidar_s3_launch.py
[5.601s] -- Up-to-date symlink: /home/cewan/ws_lidar/install/sllidar_ros2/share/sllidar_ros2/launch/sllidar_t1_launch.py
[5.603s] -- Up-to-date symlink: /home/cewan/ws_lidar/install/sllidar_ros2/share/sllidar_ros2/launch/view_sllidar_a1_launch.py
[5.604s] -- Up-to-date symlink: /home/cewan/ws_lidar/install/sllidar_ros2/share/sllidar_ros2/launch/view_sllidar_a2m12_launch.py
[5.606s] -- Up-to-date symlink: /home/cewan/ws_lidar/install/sllidar_ros2/share/sllidar_ros2/launch/view_sllidar_a2m7_launch.py
[5.609s] -- Up-to-date symlink: /home/cewan/ws_lidar/install/sllidar_ros2/share/sllidar_ros2/launch/view_sllidar_a2m8_launch.py
[5.611s] -- Up-to-date symlink: /home/cewan/ws_lidar/install/sllidar_ros2/share/sllidar_ros2/launch/view_sllidar_a3_launch.py
[5.613s] -- Up-to-date symlink: /home/cewan/ws_lidar/install/sllidar_ros2/share/sllidar_ros2/launch/view_sllidar_c1_launch.py
[5.615s] -- Up-to-date symlink: /home/cewan/ws_lidar/install/sllidar_ros2/share/sllidar_ros2/launch/view_sllidar_s1_launch.py
[5.617s] -- Up-to-date symlink: /home/cewan/ws_lidar/install/sllidar_ros2/share/sllidar_ros2/launch/view_sllidar_s1_tcp_launch.py
[5.619s] -- Up-to-date symlink: /home/cewan/ws_lidar/install/sllidar_ros2/share/sllidar_ros2/launch/view_sllidar_s2_launch.py
[5.621s] -- Up-to-date symlink: /home/cewan/ws_lidar/install/sllidar_ros2/share/sllidar_ros2/launch/view_sllidar_s2e_launch.py
[5.623s] -- Up-to-date symlink: /home/cewan/ws_lidar/install/sllidar_ros2/share/sllidar_ros2/launch/view_sllidar_s3_launch.py
[5.625s] -- Up-to-date symlink: /home/cewan/ws_lidar/install/sllidar_ros2/share/sllidar_ros2/launch/view_sllidar_t1_launch.py
[5.628s] -- Up-to-date symlink: /home/cewan/ws_lidar/install/sllidar_ros2/share/sllidar_ros2/rviz/sllidar_ros2.rviz
[5.631s] -- Up-to-date symlink: /home/cewan/ws_lidar/install/sllidar_ros2/lib/sllidar_ros2/sllidar_node
[5.633s] -- Up-to-date symlink: /home/cewan/ws_lidar/install/sllidar_ros2/lib/sllidar_ros2/sllidar_client
[5.635s] -- Up-to-date symlink: /home/cewan/ws_lidar/install/sllidar_ros2/share/ament_index/resource_index/package_run_dependencies/sllidar_ros2
[5.638s] -- Up-to-date symlink: /home/cewan/ws_lidar/install/sllidar_ros2/share/ament_index/resource_index/parent_prefix_path/sllidar_ros2
[5.640s] -- Up-to-date symlink: /home/cewan/ws_lidar/install/sllidar_ros2/share/sllidar_ros2/environment/ament_prefix_path.sh
[5.643s] -- Up-to-date symlink: /home/cewan/ws_lidar/install/sllidar_ros2/share/sllidar_ros2/environment/ament_prefix_path.dsv
[5.645s] -- Up-to-date symlink: /home/cewan/ws_lidar/install/sllidar_ros2/share/sllidar_ros2/environment/path.sh
[5.648s] -- Up-to-date symlink: /home/cewan/ws_lidar/install/sllidar_ros2/share/sllidar_ros2/environment/path.dsv
[5.650s] -- Up-to-date symlink: /home/cewan/ws_lidar/install/sllidar_ros2/share/sllidar_ros2/local_setup.bash
[5.652s] -- Up-to-date symlink: /home/cewan/ws_lidar/install/sllidar_ros2/share/sllidar_ros2/local_setup.sh
[5.655s] -- Up-to-date symlink: /home/cewan/ws_lidar/install/sllidar_ros2/share/sllidar_ros2/local_setup.zsh
[5.657s] -- Up-to-date symlink: /home/cewan/ws_lidar/install/sllidar_ros2/share/sllidar_ros2/local_setup.dsv
[5.662s] -- Symlinking: /home/cewan/ws_lidar/install/sllidar_ros2/share/sllidar_ros2/package.dsv
[5.739s] -- Up-to-date symlink: /home/cewan/ws_lidar/install/sllidar_ros2/share/ament_index/resource_index/packages/sllidar_ros2
[5.742s] -- Up-to-date symlink: /home/cewan/ws_lidar/install/sllidar_ros2/share/sllidar_ros2/cmake/ament_cmake_export_dependencies-extras.cmake
[5.744s] -- Up-to-date symlink: /home/cewan/ws_lidar/install/sllidar_ros2/share/sllidar_ros2/cmake/ament_cmake_export_include_directories-extras.cmake
[5.747s] -- Up-to-date symlink: /home/cewan/ws_lidar/install/sllidar_ros2/share/sllidar_ros2/cmake/sllidar_ros2Config.cmake
[5.749s] -- Up-to-date symlink: /home/cewan/ws_lidar/install/sllidar_ros2/share/sllidar_ros2/cmake/sllidar_ros2Config-version.cmake
[5.751s] -- Up-to-date symlink: /home/cewan/ws_lidar/install/sllidar_ros2/share/sllidar_ros2/package.xml
[5.762s] Invoked command in '/home/cewan/ws_lidar/build/sllidar_ros2' returned '0': CMAKE_PREFIX_PATH=${CMAKE_PREFIX_PATH}:/home/cewan/ws_lidar/install/object_avoidance:/home/cewan/ws_lidar/install/lidar:/home/cewan/ws_lidar/install/cartographer_slam:/opt/ros/humble /usr/bin/cmake --install /home/cewan/ws_lidar/build/sllidar_ros2
