[0.000000] (-) TimerEvent: {}
[0.001935] (TurtleBot) JobQueued: {'identifier': 'TurtleBot', 'dependencies': OrderedDict()}
[0.002551] (gpsPubSub) JobQueued: {'identifier': 'gpsPubSub', 'dependencies': OrderedDict()}
[0.003040] (lidar) JobQueued: {'identifier': 'lidar', 'dependencies': OrderedDict()}
[0.003229] (object_avoidance) JobQueued: {'identifier': 'object_avoidance', 'dependencies': OrderedDict()}
[0.003613] (sllidar_ros2) JobQueued: {'identifier': 'sllidar_ros2', 'dependencies': OrderedDict()}
[0.003794] (TurtleBot) JobStarted: {'identifier': 'TurtleBot'}
[0.041920] (gpsPubSub) JobStarted: {'identifier': 'gpsPubSub'}
[0.071945] (lidar) JobStarted: {'identifier': 'lidar'}
[0.100859] (-) TimerEvent: {}
[0.102807] (object_avoidance) JobStarted: {'identifier': 'object_avoidance'}
[0.201026] (-) TimerEvent: {}
[0.302280] (-) TimerEvent: {}
[0.403050] (-) TimerEvent: {}
[0.503897] (-) TimerEvent: {}
[0.604769] (-) TimerEvent: {}
[0.705693] (-) TimerEvent: {}
[0.806487] (-) TimerEvent: {}
[0.907306] (-) TimerEvent: {}
[1.008035] (-) TimerEvent: {}
[1.108704] (-) TimerEvent: {}
[1.209454] (-) TimerEvent: {}
[1.310263] (-) TimerEvent: {}
[1.410985] (-) TimerEvent: {}
[1.511795] (-) TimerEvent: {}
[1.612605] (-) TimerEvent: {}
[1.713634] (-) TimerEvent: {}
[1.814592] (-) TimerEvent: {}
[1.915418] (-) TimerEvent: {}
[2.016163] (-) TimerEvent: {}
[2.116951] (-) TimerEvent: {}
[2.118726] (gpsPubSub) JobEnded: {'identifier': 'gpsPubSub', 'rc': 0}
[2.217098] (-) TimerEvent: {}
[2.317943] (-) TimerEvent: {}
[2.419024] (-) TimerEvent: {}
[2.519795] (-) TimerEvent: {}
[2.620639] (-) TimerEvent: {}
[2.721385] (-) TimerEvent: {}
[2.822034] (-) TimerEvent: {}
[2.922716] (-) TimerEvent: {}
[3.023375] (-) TimerEvent: {}
[3.124057] (-) TimerEvent: {}
[3.224800] (-) TimerEvent: {}
[3.325522] (-) TimerEvent: {}
[3.426439] (-) TimerEvent: {}
[3.527401] (-) TimerEvent: {}
[3.628812] (-) TimerEvent: {}
[3.649968] (TurtleBot) JobEnded: {'identifier': 'TurtleBot', 'rc': 'SIGINT'}
[3.662524] (object_avoidance) JobEnded: {'identifier': 'object_avoidance', 'rc': 'SIGINT'}
[3.670015] (lidar) JobEnded: {'identifier': 'lidar', 'rc': 'SIGINT'}
[3.677886] (sllidar_ros2) JobSkipped: {'identifier': 'sllidar_ros2'}
[3.678094] (-) EventReactorShutdown: {}
