running egg_info
creating ../../build/gps_path_tracking/gps_path_tracking.egg-info
writing ../../build/gps_path_tracking/gps_path_tracking.egg-info/PKG-INFO
writing dependency_links to ../../build/gps_path_tracking/gps_path_tracking.egg-info/dependency_links.txt
writing entry points to ../../build/gps_path_tracking/gps_path_tracking.egg-info/entry_points.txt
writing requirements to ../../build/gps_path_tracking/gps_path_tracking.egg-info/requires.txt
writing top-level names to ../../build/gps_path_tracking/gps_path_tracking.egg-info/top_level.txt
writing manifest file '../../build/gps_path_tracking/gps_path_tracking.egg-info/SOURCES.txt'
reading manifest file '../../build/gps_path_tracking/gps_path_tracking.egg-info/SOURCES.txt'
writing manifest file '../../build/gps_path_tracking/gps_path_tracking.egg-info/SOURCES.txt'
running build
running build_py
creating /home/cewan/Automated-Tour-Car/ws_lidar/build/gps_path_tracking/build
creating /home/cewan/Automated-Tour-Car/ws_lidar/build/gps_path_tracking/build/lib
creating /home/cewan/Automated-Tour-Car/ws_lidar/build/gps_path_tracking/build/lib/gps_path_tracking
copying gps_path_tracking/__init__.py -> /home/cewan/Automated-Tour-Car/ws_lidar/build/gps_path_tracking/build/lib/gps_path_tracking
copying gps_path_tracking/GPS.py -> /home/cewan/Automated-Tour-Car/ws_lidar/build/gps_path_tracking/build/lib/gps_path_tracking
copying gps_path_tracking/gps_tracking.py -> /home/cewan/Automated-Tour-Car/ws_lidar/build/gps_path_tracking/build/lib/gps_path_tracking
running install
running install_lib
creating /home/cewan/Automated-Tour-Car/ws_lidar/install/gps_path_tracking/lib/python3.10/site-packages/gps_path_tracking
copying /home/cewan/Automated-Tour-Car/ws_lidar/build/gps_path_tracking/build/lib/gps_path_tracking/__init__.py -> /home/cewan/Automated-Tour-Car/ws_lidar/install/gps_path_tracking/lib/python3.10/site-packages/gps_path_tracking
copying /home/cewan/Automated-Tour-Car/ws_lidar/build/gps_path_tracking/build/lib/gps_path_tracking/GPS.py -> /home/cewan/Automated-Tour-Car/ws_lidar/install/gps_path_tracking/lib/python3.10/site-packages/gps_path_tracking
copying /home/cewan/Automated-Tour-Car/ws_lidar/build/gps_path_tracking/build/lib/gps_path_tracking/gps_tracking.py -> /home/cewan/Automated-Tour-Car/ws_lidar/install/gps_path_tracking/lib/python3.10/site-packages/gps_path_tracking
byte-compiling /home/cewan/Automated-Tour-Car/ws_lidar/install/gps_path_tracking/lib/python3.10/site-packages/gps_path_tracking/__init__.py to __init__.cpython-310.pyc
byte-compiling /home/cewan/Automated-Tour-Car/ws_lidar/install/gps_path_tracking/lib/python3.10/site-packages/gps_path_tracking/GPS.py to GPS.cpython-310.pyc
byte-compiling /home/cewan/Automated-Tour-Car/ws_lidar/install/gps_path_tracking/lib/python3.10/site-packages/gps_path_tracking/gps_tracking.py to gps_tracking.cpython-310.pyc
running install_data
creating /home/cewan/Automated-Tour-Car/ws_lidar/install/gps_path_tracking/share/ament_index
creating /home/cewan/Automated-Tour-Car/ws_lidar/install/gps_path_tracking/share/ament_index/resource_index
creating /home/cewan/Automated-Tour-Car/ws_lidar/install/gps_path_tracking/share/ament_index/resource_index/packages
copying resource/gps_path_tracking -> /home/cewan/Automated-Tour-Car/ws_lidar/install/gps_path_tracking/share/ament_index/resource_index/packages
copying package.xml -> /home/cewan/Automated-Tour-Car/ws_lidar/install/gps_path_tracking/share/gps_path_tracking
running install_egg_info
Copying ../../build/gps_path_tracking/gps_path_tracking.egg-info to /home/cewan/Automated-Tour-Car/ws_lidar/install/gps_path_tracking/lib/python3.10/site-packages/gps_path_tracking-0.0.0-py3.10.egg-info
running install_scripts
Installing gps_publisher script to /home/cewan/Automated-Tour-Car/ws_lidar/install/gps_path_tracking/lib/gps_path_tracking
Installing gps_tracking script to /home/cewan/Automated-Tour-Car/ws_lidar/install/gps_path_tracking/lib/gps_path_tracking
writing list of installed files to '/home/cewan/Automated-Tour-Car/ws_lidar/build/gps_path_tracking/install.log'
