[22.544s] Invoking command in '/home/cewan/Automated-Tour-Car/ws_lidar/src/gpsPubSub': PYTHONPATH=/home/cewan/Automated-Tour-Car/ws_lidar/build/gpsPubSub/prefix_override:/usr/lib/python3/dist-packages/colcon_core/task/python/colcon_distutils_commands:/home/cewan/Automated-Tour-Car/ws_lidar/install/gpsPubSub/lib/python3.10/site-packages:${PYTHONPATH} /usr/bin/python3 -W ignore:setup.py install is deprecated -W ignore:easy_install command is deprecated setup.py egg_info --egg-base ../../build/gpsPubSub build --build-base /home/cewan/Automated-Tour-Car/ws_lidar/build/gpsPubSub/build install --record /home/cewan/Automated-Tour-Car/ws_lidar/build/gpsPubSub/install.log --single-version-externally-managed install_data
[30.379s] running egg_info
[30.394s] writing ../../build/gpsPubSub/gpsPubSub.egg-info/PKG-INFO
[30.405s] writing dependency_links to ../../build/gpsPubSub/gpsPubSub.egg-info/dependency_links.txt
[30.411s] writing entry points to ../../build/gpsPubSub/gpsPubSub.egg-info/entry_points.txt
[30.421s] writing requirements to ../../build/gpsPubSub/gpsPubSub.egg-info/requires.txt
[30.441s] writing top-level names to ../../build/gpsPubSub/gpsPubSub.egg-info/top_level.txt
[30.582s] reading manifest file '../../build/gpsPubSub/gpsPubSub.egg-info/SOURCES.txt'
[30.589s] writing manifest file '../../build/gpsPubSub/gpsPubSub.egg-info/SOURCES.txt'
[30.619s] running build
[30.621s] running build_py
[30.622s] running install
[30.623s] running install_lib
[30.735s] running install_data
[30.743s] running install_egg_info
[30.778s] removing '/home/cewan/Automated-Tour-Car/ws_lidar/install/gpsPubSub/lib/python3.10/site-packages/gpsPubSub-0.0.0-py3.10.egg-info' (and everything under it)
[30.781s] Copying ../../build/gpsPubSub/gpsPubSub.egg-info to /home/cewan/Automated-Tour-Car/ws_lidar/install/gpsPubSub/lib/python3.10/site-packages/gpsPubSub-0.0.0-py3.10.egg-info
[30.853s] running install_scripts
[31.656s] Installing publisher script to /home/cewan/Automated-Tour-Car/ws_lidar/install/gpsPubSub/lib/gpsPubSub
[31.677s] Installing subscriber script to /home/cewan/Automated-Tour-Car/ws_lidar/install/gpsPubSub/lib/gpsPubSub
[31.698s] writing list of installed files to '/home/cewan/Automated-Tour-Car/ws_lidar/build/gpsPubSub/install.log'
[32.106s] Invoked command in '/home/cewan/Automated-Tour-Car/ws_lidar/src/gpsPubSub' returned '0': PYTHONPATH=/home/cewan/Automated-Tour-Car/ws_lidar/build/gpsPubSub/prefix_override:/usr/lib/python3/dist-packages/colcon_core/task/python/colcon_distutils_commands:/home/cewan/Automated-Tour-Car/ws_lidar/install/gpsPubSub/lib/python3.10/site-packages:${PYTHONPATH} /usr/bin/python3 -W ignore:setup.py install is deprecated -W ignore:easy_install command is deprecated setup.py egg_info --egg-base ../../build/gpsPubSub build --build-base /home/cewan/Automated-Tour-Car/ws_lidar/build/gpsPubSub/build install --record /home/cewan/Automated-Tour-Car/ws_lidar/build/gpsPubSub/install.log --single-version-externally-managed install_data
