[3.659s] Invoking command in '/home/cewan/Automated-Tour-Car/ws_lidar/src/gpsPubSub': PYTHONPATH=/home/cewan/Automated-Tour-Car/ws_lidar/build/gpsPubSub/prefix_override:/usr/lib/python3/dist-packages/colcon_core/task/python/colcon_distutils_commands:/home/cewan/Automated-Tour-Car/ws_lidar/install/gpsPubSub/lib/python3.10/site-packages:${PYTHONPATH} /usr/bin/python3 -W ignore:setup.py install is deprecated -W ignore:easy_install command is deprecated setup.py egg_info --egg-base ../../build/gpsPubSub build --build-base /home/cewan/Automated-Tour-Car/ws_lidar/build/gpsPubSub/build install --record /home/cewan/Automated-Tour-Car/ws_lidar/build/gpsPubSub/install.log --single-version-externally-managed install_data
[5.203s] running egg_info
[5.205s] writing ../../build/gpsPubSub/gpsPubSub.egg-info/PKG-INFO
[5.206s] writing dependency_links to ../../build/gpsPubSub/gpsPubSub.egg-info/dependency_links.txt
[5.208s] writing entry points to ../../build/gpsPubSub/gpsPubSub.egg-info/entry_points.txt
[5.208s] writing requirements to ../../build/gpsPubSub/gpsPubSub.egg-info/requires.txt
[5.209s] writing top-level names to ../../build/gpsPubSub/gpsPubSub.egg-info/top_level.txt
[5.218s] reading manifest file '../../build/gpsPubSub/gpsPubSub.egg-info/SOURCES.txt'
[5.223s] writing manifest file '../../build/gpsPubSub/gpsPubSub.egg-info/SOURCES.txt'
[5.223s] running build
[5.224s] running build_py
[5.226s] copying gpsPubSub/pos_mon.py -> /home/cewan/Automated-Tour-Car/ws_lidar/build/gpsPubSub/build/lib/gpsPubSub
[5.229s] running install
[5.230s] running install_lib
[5.240s] copying /home/cewan/Automated-Tour-Car/ws_lidar/build/gpsPubSub/build/lib/gpsPubSub/pos_mon.py -> /home/cewan/Automated-Tour-Car/ws_lidar/install/gpsPubSub/lib/python3.10/site-packages/gpsPubSub
[5.245s] byte-compiling /home/cewan/Automated-Tour-Car/ws_lidar/install/gpsPubSub/lib/python3.10/site-packages/gpsPubSub/pos_mon.py to pos_mon.cpython-310.pyc
[5.251s] running install_data
[5.252s] running install_egg_info
[5.260s] removing '/home/cewan/Automated-Tour-Car/ws_lidar/install/gpsPubSub/lib/python3.10/site-packages/gpsPubSub-0.0.0-py3.10.egg-info' (and everything under it)
[5.261s] Copying ../../build/gpsPubSub/gpsPubSub.egg-info to /home/cewan/Automated-Tour-Car/ws_lidar/install/gpsPubSub/lib/python3.10/site-packages/gpsPubSub-0.0.0-py3.10.egg-info
[5.266s] running install_scripts
[5.353s] Installing cov_comp script to /home/cewan/Automated-Tour-Car/ws_lidar/install/gpsPubSub/lib/gpsPubSub
[5.354s] Installing covariance script to /home/cewan/Automated-Tour-Car/ws_lidar/install/gpsPubSub/lib/gpsPubSub
[5.355s] Installing covariance_test script to /home/cewan/Automated-Tour-Car/ws_lidar/install/gpsPubSub/lib/gpsPubSub
[5.358s] Installing gps_odom script to /home/cewan/Automated-Tour-Car/ws_lidar/install/gpsPubSub/lib/gpsPubSub
[5.359s] Installing gps_publisher script to /home/cewan/Automated-Tour-Car/ws_lidar/install/gpsPubSub/lib/gpsPubSub
[5.359s] Installing imu_publisher script to /home/cewan/Automated-Tour-Car/ws_lidar/install/gpsPubSub/lib/gpsPubSub
[5.360s] Installing position script to /home/cewan/Automated-Tour-Car/ws_lidar/install/gpsPubSub/lib/gpsPubSub
[5.362s] Installing subscriber script to /home/cewan/Automated-Tour-Car/ws_lidar/install/gpsPubSub/lib/gpsPubSub
[5.368s] writing list of installed files to '/home/cewan/Automated-Tour-Car/ws_lidar/build/gpsPubSub/install.log'
[5.517s] Invoked command in '/home/cewan/Automated-Tour-Car/ws_lidar/src/gpsPubSub' returned '0': PYTHONPATH=/home/cewan/Automated-Tour-Car/ws_lidar/build/gpsPubSub/prefix_override:/usr/lib/python3/dist-packages/colcon_core/task/python/colcon_distutils_commands:/home/cewan/Automated-Tour-Car/ws_lidar/install/gpsPubSub/lib/python3.10/site-packages:${PYTHONPATH} /usr/bin/python3 -W ignore:setup.py install is deprecated -W ignore:easy_install command is deprecated setup.py egg_info --egg-base ../../build/gpsPubSub build --build-base /home/cewan/Automated-Tour-Car/ws_lidar/build/gpsPubSub/build install --record /home/cewan/Automated-Tour-Car/ws_lidar/build/gpsPubSub/install.log --single-version-externally-managed install_data
