[10.212s] Invoking command in '/home/cewan/Automated-Tour-Car/ws_lidar/src/TurtleBot': PYTHONPATH=/home/cewan/Automated-Tour-Car/ws_lidar/build/TurtleBot/prefix_override:/usr/lib/python3/dist-packages/colcon_core/task/python/colcon_distutils_commands:/home/cewan/Automated-Tour-Car/ws_lidar/install/TurtleBot/lib/python3.10/site-packages:${PYTHONPATH} /usr/bin/python3 -W ignore:setup.py install is deprecated -W ignore:easy_install command is deprecated setup.py egg_info --egg-base ../../build/TurtleBot build --build-base /home/cewan/Automated-Tour-Car/ws_lidar/build/TurtleBot/build install --record /home/cewan/Automated-Tour-Car/ws_lidar/build/TurtleBot/install.log --single-version-externally-managed install_data
[13.202s] running egg_info
[13.204s] writing ../../build/TurtleBot/TurtleBot.egg-info/PKG-INFO
[13.205s] writing dependency_links to ../../build/TurtleBot/TurtleBot.egg-info/dependency_links.txt
[13.206s] writing entry points to ../../build/TurtleBot/TurtleBot.egg-info/entry_points.txt
[13.207s] writing requirements to ../../build/TurtleBot/TurtleBot.egg-info/requires.txt
[13.207s] writing top-level names to ../../build/TurtleBot/TurtleBot.egg-info/top_level.txt
[13.215s] reading manifest file '../../build/TurtleBot/TurtleBot.egg-info/SOURCES.txt'
[13.220s] writing manifest file '../../build/TurtleBot/TurtleBot.egg-info/SOURCES.txt'
[13.221s] running build
[13.222s] running build_py
[13.226s] running install
[13.227s] running install_lib
[13.244s] running install_data
[13.245s] running install_egg_info
[13.255s] removing '/home/cewan/Automated-Tour-Car/ws_lidar/install/TurtleBot/lib/python3.10/site-packages/TurtleBot-0.0.0-py3.10.egg-info' (and everything under it)
[13.257s] Copying ../../build/TurtleBot/TurtleBot.egg-info to /home/cewan/Automated-Tour-Car/ws_lidar/install/TurtleBot/lib/python3.10/site-packages/TurtleBot-0.0.0-py3.10.egg-info
[13.267s] running install_scripts
[13.424s] Installing Motion_Planner script to /home/cewan/Automated-Tour-Car/ws_lidar/install/TurtleBot/lib/TurtleBot
[13.446s] Installing PID_Controller script to /home/cewan/Automated-Tour-Car/ws_lidar/install/TurtleBot/lib/TurtleBot
[13.447s] Installing map_subscriber script to /home/cewan/Automated-Tour-Car/ws_lidar/install/TurtleBot/lib/TurtleBot
[13.448s] Installing rrt_node script to /home/cewan/Automated-Tour-Car/ws_lidar/install/TurtleBot/lib/TurtleBot
[13.450s] writing list of installed files to '/home/cewan/Automated-Tour-Car/ws_lidar/build/TurtleBot/install.log'
[13.954s] Invoked command in '/home/cewan/Automated-Tour-Car/ws_lidar/src/TurtleBot' returned '0': PYTHONPATH=/home/cewan/Automated-Tour-Car/ws_lidar/build/TurtleBot/prefix_override:/usr/lib/python3/dist-packages/colcon_core/task/python/colcon_distutils_commands:/home/cewan/Automated-Tour-Car/ws_lidar/install/TurtleBot/lib/python3.10/site-packages:${PYTHONPATH} /usr/bin/python3 -W ignore:setup.py install is deprecated -W ignore:easy_install command is deprecated setup.py egg_info --egg-base ../../build/TurtleBot build --build-base /home/cewan/Automated-Tour-Car/ws_lidar/build/TurtleBot/build install --record /home/cewan/Automated-Tour-Car/ws_lidar/build/TurtleBot/install.log --single-version-externally-managed install_data
