[3.306s] Invoking command in '/home/cewan/Automated-Tour-Car/ws_lidar/src/teleop_control': PYTHONPATH=/home/cewan/Automated-Tour-Car/ws_lidar/build/teleop_control/prefix_override:/usr/lib/python3/dist-packages/colcon_core/task/python/colcon_distutils_commands:/home/cewan/Automated-Tour-Car/ws_lidar/install/teleop_control/lib/python3.10/site-packages:${PYTHONPATH} /usr/bin/python3 -W ignore:setup.py install is deprecated -W ignore:easy_install command is deprecated setup.py egg_info --egg-base ../../build/teleop_control build --build-base /home/cewan/Automated-Tour-Car/ws_lidar/build/teleop_control/build install --record /home/cewan/Automated-Tour-Car/ws_lidar/build/teleop_control/install.log --single-version-externally-managed install_data
[4.515s] running egg_info
[4.518s] writing ../../build/teleop_control/teleop_control.egg-info/PKG-INFO
[4.519s] writing dependency_links to ../../build/teleop_control/teleop_control.egg-info/dependency_links.txt
[4.521s] writing entry points to ../../build/teleop_control/teleop_control.egg-info/entry_points.txt
[4.522s] writing requirements to ../../build/teleop_control/teleop_control.egg-info/requires.txt
[4.522s] writing top-level names to ../../build/teleop_control/teleop_control.egg-info/top_level.txt
[4.531s] reading manifest file '../../build/teleop_control/teleop_control.egg-info/SOURCES.txt'
[4.535s] writing manifest file '../../build/teleop_control/teleop_control.egg-info/SOURCES.txt'
[4.536s] running build
[4.537s] running build_py
[4.538s] running install
[4.539s] running install_lib
[4.551s] running install_data
[4.551s] running install_egg_info
[4.559s] removing '/home/cewan/Automated-Tour-Car/ws_lidar/install/teleop_control/lib/python3.10/site-packages/teleop_control-0.0.0-py3.10.egg-info' (and everything under it)
[4.561s] Copying ../../build/teleop_control/teleop_control.egg-info to /home/cewan/Automated-Tour-Car/ws_lidar/install/teleop_control/lib/python3.10/site-packages/teleop_control-0.0.0-py3.10.egg-info
[4.567s] running install_scripts
[4.656s] Installing motor_control script to /home/cewan/Automated-Tour-Car/ws_lidar/install/teleop_control/lib/teleop_control
[4.657s] Installing teleop script to /home/cewan/Automated-Tour-Car/ws_lidar/install/teleop_control/lib/teleop_control
[4.659s] writing list of installed files to '/home/cewan/Automated-Tour-Car/ws_lidar/build/teleop_control/install.log'
[4.806s] Invoked command in '/home/cewan/Automated-Tour-Car/ws_lidar/src/teleop_control' returned '0': PYTHONPATH=/home/cewan/Automated-Tour-Car/ws_lidar/build/teleop_control/prefix_override:/usr/lib/python3/dist-packages/colcon_core/task/python/colcon_distutils_commands:/home/cewan/Automated-Tour-Car/ws_lidar/install/teleop_control/lib/python3.10/site-packages:${PYTHONPATH} /usr/bin/python3 -W ignore:setup.py install is deprecated -W ignore:easy_install command is deprecated setup.py egg_info --egg-base ../../build/teleop_control build --build-base /home/cewan/Automated-Tour-Car/ws_lidar/build/teleop_control/build install --record /home/cewan/Automated-Tour-Car/ws_lidar/build/teleop_control/install.log --single-version-externally-managed install_data
