[6.376s] Invoking command in '/home/cewan/Automated-Tour-Car/ws_lidar/src/lidar': PYTHONPATH=/home/cewan/Automated-Tour-Car/ws_lidar/build/lidar/prefix_override:/usr/lib/python3/dist-packages/colcon_core/task/python/colcon_distutils_commands:/home/cewan/Automated-Tour-Car/ws_lidar/install/lidar/lib/python3.10/site-packages:${PYTHONPATH} /usr/bin/python3 -W ignore:setup.py install is deprecated -W ignore:easy_install command is deprecated setup.py egg_info --egg-base ../../build/lidar build --build-base /home/cewan/Automated-Tour-Car/ws_lidar/build/lidar/build install --record /home/cewan/Automated-Tour-Car/ws_lidar/build/lidar/install.log --single-version-externally-managed install_data
[8.209s] running egg_info
[8.210s] writing ../../build/lidar/lidar.egg-info/PKG-INFO
[8.210s] writing dependency_links to ../../build/lidar/lidar.egg-info/dependency_links.txt
[8.211s] writing entry points to ../../build/lidar/lidar.egg-info/entry_points.txt
[8.212s] writing requirements to ../../build/lidar/lidar.egg-info/requires.txt
[8.213s] writing top-level names to ../../build/lidar/lidar.egg-info/top_level.txt
[8.217s] reading manifest file '../../build/lidar/lidar.egg-info/SOURCES.txt'
[8.225s] writing manifest file '../../build/lidar/lidar.egg-info/SOURCES.txt'
[8.230s] running build
[8.239s] running build_py
[8.239s] running install
[8.244s] running install_lib
[8.256s] running install_data
[8.268s] running install_egg_info
[8.271s] removing '/home/cewan/Automated-Tour-Car/ws_lidar/install/lidar/lib/python3.10/site-packages/lidar-0.0.0-py3.10.egg-info' (and everything under it)
[8.277s] Copying ../../build/lidar/lidar.egg-info to /home/cewan/Automated-Tour-Car/ws_lidar/install/lidar/lib/python3.10/site-packages/lidar-0.0.0-py3.10.egg-info
[8.281s] running install_scripts
[8.374s] Installing lidar_publisher script to /home/cewan/Automated-Tour-Car/ws_lidar/install/lidar/lib/lidar
[8.375s] Installing lidar_subscriber script to /home/cewan/Automated-Tour-Car/ws_lidar/install/lidar/lib/lidar
[8.377s] writing list of installed files to '/home/cewan/Automated-Tour-Car/ws_lidar/build/lidar/install.log'
[8.525s] Invoked command in '/home/cewan/Automated-Tour-Car/ws_lidar/src/lidar' returned '0': PYTHONPATH=/home/cewan/Automated-Tour-Car/ws_lidar/build/lidar/prefix_override:/usr/lib/python3/dist-packages/colcon_core/task/python/colcon_distutils_commands:/home/cewan/Automated-Tour-Car/ws_lidar/install/lidar/lib/python3.10/site-packages:${PYTHONPATH} /usr/bin/python3 -W ignore:setup.py install is deprecated -W ignore:easy_install command is deprecated setup.py egg_info --egg-base ../../build/lidar build --build-base /home/cewan/Automated-Tour-Car/ws_lidar/build/lidar/build install --record /home/cewan/Automated-Tour-Car/ws_lidar/build/lidar/install.log --single-version-externally-managed install_data
