running egg_info
writing ../../build/gps_path_tracking/gps_path_tracking.egg-info/PKG-INFO
writing dependency_links to ../../build/gps_path_tracking/gps_path_tracking.egg-info/dependency_links.txt
writing entry points to ../../build/gps_path_tracking/gps_path_tracking.egg-info/entry_points.txt
writing requirements to ../../build/gps_path_tracking/gps_path_tracking.egg-info/requires.txt
writing top-level names to ../../build/gps_path_tracking/gps_path_tracking.egg-info/top_level.txt
reading manifest file '../../build/gps_path_tracking/gps_path_tracking.egg-info/SOURCES.txt'
writing manifest file '../../build/gps_path_tracking/gps_path_tracking.egg-info/SOURCES.txt'
running build
running build_py
copying gps_path_tracking/gps_tracking.py -> /home/cewan/Automated-Tour-Car/ws_lidar/build/gps_path_tracking/build/lib/gps_path_tracking
running install
running install_lib
copying /home/cewan/Automated-Tour-Car/ws_lidar/build/gps_path_tracking/build/lib/gps_path_tracking/gps_tracking.py -> /home/cewan/Automated-Tour-Car/ws_lidar/install/gps_path_tracking/lib/python3.10/site-packages/gps_path_tracking
byte-compiling /home/cewan/Automated-Tour-Car/ws_lidar/install/gps_path_tracking/lib/python3.10/site-packages/gps_path_tracking/gps_tracking.py to gps_tracking.cpython-310.pyc
running install_data
running install_egg_info
removing '/home/cewan/Automated-Tour-Car/ws_lidar/install/gps_path_tracking/lib/python3.10/site-packages/gps_path_tracking-0.0.0-py3.10.egg-info' (and everything under it)
Copying ../../build/gps_path_tracking/gps_path_tracking.egg-info to /home/cewan/Automated-Tour-Car/ws_lidar/install/gps_path_tracking/lib/python3.10/site-packages/gps_path_tracking-0.0.0-py3.10.egg-info
running install_scripts
Installing gps_publisher script to /home/cewan/Automated-Tour-Car/ws_lidar/install/gps_path_tracking/lib/gps_path_tracking
Installing gps_tracking script to /home/cewan/Automated-Tour-Car/ws_lidar/install/gps_path_tracking/lib/gps_path_tracking
writing list of installed files to '/home/cewan/Automated-Tour-Car/ws_lidar/build/gps_path_tracking/install.log'
