[4.607s] Invoking command in '/home/cewan/Automated-Tour-Car/ws_lidar/build/sllidar_ros2': CMAKE_PREFIX_PATH=${CMAKE_PREFIX_PATH}:/home/cewan/Automated-Tour-Car/ws_lidar/install/object_avoidance:/home/cewan/Automated-Tour-Car/ws_lidar/install/lidar:/home/cewan/Automated-Tour-Car/ws_lidar/install/TurtleBot:/opt/ros/humble /usr/bin/cmake --build /home/cewan/Automated-Tour-Car/ws_lidar/build/sllidar_ros2 -- -j4 -l4
[5.089s] [ 10%] Built target sllidar_client
[5.198s] [100%] Built target sllidar_node
[5.318s] Invoked command in '/home/cewan/Automated-Tour-Car/ws_lidar/build/sllidar_ros2' returned '0': CMAKE_PREFIX_PATH=${CMAKE_PREFIX_PATH}:/home/cewan/Automated-Tour-Car/ws_lidar/install/object_avoidance:/home/cewan/Automated-Tour-Car/ws_lidar/install/lidar:/home/cewan/Automated-Tour-Car/ws_lidar/install/TurtleBot:/opt/ros/humble /usr/bin/cmake --build /home/cewan/Automated-Tour-Car/ws_lidar/build/sllidar_ros2 -- -j4 -l4
[5.392s] Invoking command in '/home/cewan/Automated-Tour-Car/ws_lidar/build/sllidar_ros2': CMAKE_PREFIX_PATH=${CMAKE_PREFIX_PATH}:/home/cewan/Automated-Tour-Car/ws_lidar/install/object_avoidance:/home/cewan/Automated-Tour-Car/ws_lidar/install/lidar:/home/cewan/Automated-Tour-Car/ws_lidar/install/TurtleBot:/opt/ros/humble /usr/bin/cmake --install /home/cewan/Automated-Tour-Car/ws_lidar/build/sllidar_ros2
[5.432s] -- Install configuration: ""
[5.433s] -- Up-to-date: /home/cewan/Automated-Tour-Car/ws_lidar/install/sllidar_ros2/share/sllidar_ros2/launch
[5.433s] -- Up-to-date: /home/cewan/Automated-Tour-Car/ws_lidar/install/sllidar_ros2/share/sllidar_ros2/launch/view_sllidar_c1_launch.py
[5.434s] -- Up-to-date: /home/cewan/Automated-Tour-Car/ws_lidar/install/sllidar_ros2/share/sllidar_ros2/launch/sllidar_s3_launch.py
[5.435s] -- Up-to-date: /home/cewan/Automated-Tour-Car/ws_lidar/install/sllidar_ros2/share/sllidar_ros2/launch/sllidar_a2m8_launch.py
[5.436s] -- Up-to-date: /home/cewan/Automated-Tour-Car/ws_lidar/install/sllidar_ros2/share/sllidar_ros2/launch/view_sllidar_s1_tcp_launch.py
[5.437s] -- Up-to-date: /home/cewan/Automated-Tour-Car/ws_lidar/install/sllidar_ros2/share/sllidar_ros2/launch/sllidar_s1_tcp_launch.py
[5.438s] -- Up-to-date: /home/cewan/Automated-Tour-Car/ws_lidar/install/sllidar_ros2/share/sllidar_ros2/launch/sllidar_c1_launch.py
[5.439s] -- Up-to-date: /home/cewan/Automated-Tour-Car/ws_lidar/install/sllidar_ros2/share/sllidar_ros2/launch/sllidar_s1_launch.py
[5.440s] -- Up-to-date: /home/cewan/Automated-Tour-Car/ws_lidar/install/sllidar_ros2/share/sllidar_ros2/launch/sllidar_s2_launch.py
[5.441s] -- Up-to-date: /home/cewan/Automated-Tour-Car/ws_lidar/install/sllidar_ros2/share/sllidar_ros2/launch/view_sllidar_a2m8_launch.py
[5.442s] -- Up-to-date: /home/cewan/Automated-Tour-Car/ws_lidar/install/sllidar_ros2/share/sllidar_ros2/launch/view_sllidar_a3_launch.py
[5.443s] -- Up-to-date: /home/cewan/Automated-Tour-Car/ws_lidar/install/sllidar_ros2/share/sllidar_ros2/launch/view_sllidar_s2_launch.py
[5.445s] -- Up-to-date: /home/cewan/Automated-Tour-Car/ws_lidar/install/sllidar_ros2/share/sllidar_ros2/launch/view_sllidar_a2m12_launch.py
[5.448s] -- Up-to-date: /home/cewan/Automated-Tour-Car/ws_lidar/install/sllidar_ros2/share/sllidar_ros2/launch/view_sllidar_s1_launch.py
[5.449s] -- Up-to-date: /home/cewan/Automated-Tour-Car/ws_lidar/install/sllidar_ros2/share/sllidar_ros2/launch/sllidar_s2e_launch.py
[5.449s] -- Up-to-date: /home/cewan/Automated-Tour-Car/ws_lidar/install/sllidar_ros2/share/sllidar_ros2/launch/sllidar_a2m12_launch .py
[5.450s] -- Up-to-date: /home/cewan/Automated-Tour-Car/ws_lidar/install/sllidar_ros2/share/sllidar_ros2/launch/sllidar_t1_launch.py
[5.451s] -- Up-to-date: /home/cewan/Automated-Tour-Car/ws_lidar/install/sllidar_ros2/share/sllidar_ros2/launch/view_sllidar_a2m7_launch.py
[5.451s] -- Up-to-date: /home/cewan/Automated-Tour-Car/ws_lidar/install/sllidar_ros2/share/sllidar_ros2/launch/log
[5.452s] -- Up-to-date: /home/cewan/Automated-Tour-Car/ws_lidar/install/sllidar_ros2/share/sllidar_ros2/launch/log/COLCON_IGNORE
[5.452s] -- Up-to-date: /home/cewan/Automated-Tour-Car/ws_lidar/install/sllidar_ros2/share/sllidar_ros2/launch/log/latest
[5.453s] -- Up-to-date: /home/cewan/Automated-Tour-Car/ws_lidar/install/sllidar_ros2/share/sllidar_ros2/launch/log/build_2025-02-05_13-08-21
[5.460s] -- Up-to-date: /home/cewan/Automated-Tour-Car/ws_lidar/install/sllidar_ros2/share/sllidar_ros2/launch/log/build_2025-02-05_13-08-21/logger_all.log
[5.461s] -- Up-to-date: /home/cewan/Automated-Tour-Car/ws_lidar/install/sllidar_ros2/share/sllidar_ros2/launch/log/build_2025-02-05_13-08-21/events.log
[5.461s] -- Up-to-date: /home/cewan/Automated-Tour-Car/ws_lidar/install/sllidar_ros2/share/sllidar_ros2/launch/log/latest_build
[5.462s] -- Up-to-date: /home/cewan/Automated-Tour-Car/ws_lidar/install/sllidar_ros2/share/sllidar_ros2/launch/view_sllidar_t1_launch.py
[5.462s] -- Up-to-date: /home/cewan/Automated-Tour-Car/ws_lidar/install/sllidar_ros2/share/sllidar_ros2/launch/sllidar_a2m7_launch.py
[5.470s] -- Up-to-date: /home/cewan/Automated-Tour-Car/ws_lidar/install/sllidar_ros2/share/sllidar_ros2/launch/view_sllidar_s3_launch.py
[5.472s] -- Up-to-date: /home/cewan/Automated-Tour-Car/ws_lidar/install/sllidar_ros2/share/sllidar_ros2/launch/build
[5.473s] -- Up-to-date: /home/cewan/Automated-Tour-Car/ws_lidar/install/sllidar_ros2/share/sllidar_ros2/launch/build/COLCON_IGNORE
[5.474s] -- Up-to-date: /home/cewan/Automated-Tour-Car/ws_lidar/install/sllidar_ros2/share/sllidar_ros2/launch/build/.built_by
[5.480s] -- Up-to-date: /home/cewan/Automated-Tour-Car/ws_lidar/install/sllidar_ros2/share/sllidar_ros2/launch/install
[5.481s] -- Up-to-date: /home/cewan/Automated-Tour-Car/ws_lidar/install/sllidar_ros2/share/sllidar_ros2/launch/install/setup.ps1
[5.482s] -- Up-to-date: /home/cewan/Automated-Tour-Car/ws_lidar/install/sllidar_ros2/share/sllidar_ros2/launch/install/setup.sh
[5.482s] -- Up-to-date: /home/cewan/Automated-Tour-Car/ws_lidar/install/sllidar_ros2/share/sllidar_ros2/launch/install/_local_setup_util_ps1.py
[5.483s] -- Up-to-date: /home/cewan/Automated-Tour-Car/ws_lidar/install/sllidar_ros2/share/sllidar_ros2/launch/install/COLCON_IGNORE
[5.483s] -- Up-to-date: /home/cewan/Automated-Tour-Car/ws_lidar/install/sllidar_ros2/share/sllidar_ros2/launch/install/setup.bash
[5.483s] -- Up-to-date: /home/cewan/Automated-Tour-Car/ws_lidar/install/sllidar_ros2/share/sllidar_ros2/launch/install/local_setup.sh
[5.484s] -- Up-to-date: /home/cewan/Automated-Tour-Car/ws_lidar/install/sllidar_ros2/share/sllidar_ros2/launch/install/_local_setup_util_sh.py
[5.485s] -- Up-to-date: /home/cewan/Automated-Tour-Car/ws_lidar/install/sllidar_ros2/share/sllidar_ros2/launch/install/.colcon_install_layout
[5.485s] -- Up-to-date: /home/cewan/Automated-Tour-Car/ws_lidar/install/sllidar_ros2/share/sllidar_ros2/launch/install/setup.zsh
[5.485s] -- Up-to-date: /home/cewan/Automated-Tour-Car/ws_lidar/install/sllidar_ros2/share/sllidar_ros2/launch/install/local_setup.ps1
[5.486s] -- Up-to-date: /home/cewan/Automated-Tour-Car/ws_lidar/install/sllidar_ros2/share/sllidar_ros2/launch/install/local_setup.zsh
[5.487s] -- Up-to-date: /home/cewan/Automated-Tour-Car/ws_lidar/install/sllidar_ros2/share/sllidar_ros2/launch/install/local_setup.bash
[5.487s] -- Up-to-date: /home/cewan/Automated-Tour-Car/ws_lidar/install/sllidar_ros2/share/sllidar_ros2/launch/view_sllidar_s2e_launch.py
[5.488s] -- Up-to-date: /home/cewan/Automated-Tour-Car/ws_lidar/install/sllidar_ros2/share/sllidar_ros2/launch/sllidar_a3_launch.py
[5.488s] -- Up-to-date: /home/cewan/Automated-Tour-Car/ws_lidar/install/sllidar_ros2/share/sllidar_ros2/launch/sllidar_a1_launch.py
[5.495s] -- Up-to-date: /home/cewan/Automated-Tour-Car/ws_lidar/install/sllidar_ros2/share/sllidar_ros2/launch/view_sllidar_a1_launch.py
[5.495s] -- Up-to-date: /home/cewan/Automated-Tour-Car/ws_lidar/install/sllidar_ros2/share/sllidar_ros2/rviz
[5.496s] -- Up-to-date: /home/cewan/Automated-Tour-Car/ws_lidar/install/sllidar_ros2/share/sllidar_ros2/rviz/sllidar_ros2.rviz
[5.517s] -- Up-to-date: /home/cewan/Automated-Tour-Car/ws_lidar/install/sllidar_ros2/lib/sllidar_ros2/sllidar_node
[5.518s] -- Up-to-date: /home/cewan/Automated-Tour-Car/ws_lidar/install/sllidar_ros2/lib/sllidar_ros2/sllidar_client
[5.518s] -- Up-to-date: /home/cewan/Automated-Tour-Car/ws_lidar/install/sllidar_ros2/share/ament_index/resource_index/package_run_dependencies/sllidar_ros2
[5.519s] -- Up-to-date: /home/cewan/Automated-Tour-Car/ws_lidar/install/sllidar_ros2/share/ament_index/resource_index/parent_prefix_path/sllidar_ros2
[5.519s] -- Up-to-date: /home/cewan/Automated-Tour-Car/ws_lidar/install/sllidar_ros2/share/sllidar_ros2/environment/ament_prefix_path.sh
[5.520s] -- Up-to-date: /home/cewan/Automated-Tour-Car/ws_lidar/install/sllidar_ros2/share/sllidar_ros2/environment/ament_prefix_path.dsv
[5.520s] -- Up-to-date: /home/cewan/Automated-Tour-Car/ws_lidar/install/sllidar_ros2/share/sllidar_ros2/environment/path.sh
[5.520s] -- Up-to-date: /home/cewan/Automated-Tour-Car/ws_lidar/install/sllidar_ros2/share/sllidar_ros2/environment/path.dsv
[5.521s] -- Up-to-date: /home/cewan/Automated-Tour-Car/ws_lidar/install/sllidar_ros2/share/sllidar_ros2/local_setup.bash
[5.521s] -- Up-to-date: /home/cewan/Automated-Tour-Car/ws_lidar/install/sllidar_ros2/share/sllidar_ros2/local_setup.sh
[5.522s] -- Up-to-date: /home/cewan/Automated-Tour-Car/ws_lidar/install/sllidar_ros2/share/sllidar_ros2/local_setup.zsh
[5.522s] -- Up-to-date: /home/cewan/Automated-Tour-Car/ws_lidar/install/sllidar_ros2/share/sllidar_ros2/local_setup.dsv
[5.523s] -- Installing: /home/cewan/Automated-Tour-Car/ws_lidar/install/sllidar_ros2/share/sllidar_ros2/package.dsv
[5.528s] -- Up-to-date: /home/cewan/Automated-Tour-Car/ws_lidar/install/sllidar_ros2/share/ament_index/resource_index/packages/sllidar_ros2
[5.530s] -- Up-to-date: /home/cewan/Automated-Tour-Car/ws_lidar/install/sllidar_ros2/share/sllidar_ros2/cmake/ament_cmake_export_dependencies-extras.cmake
[5.531s] -- Up-to-date: /home/cewan/Automated-Tour-Car/ws_lidar/install/sllidar_ros2/share/sllidar_ros2/cmake/ament_cmake_export_include_directories-extras.cmake
[5.538s] -- Up-to-date: /home/cewan/Automated-Tour-Car/ws_lidar/install/sllidar_ros2/share/sllidar_ros2/cmake/sllidar_ros2Config.cmake
[5.539s] -- Up-to-date: /home/cewan/Automated-Tour-Car/ws_lidar/install/sllidar_ros2/share/sllidar_ros2/cmake/sllidar_ros2Config-version.cmake
[5.540s] -- Up-to-date: /home/cewan/Automated-Tour-Car/ws_lidar/install/sllidar_ros2/share/sllidar_ros2/package.xml
[5.541s] Invoked command in '/home/cewan/Automated-Tour-Car/ws_lidar/build/sllidar_ros2' returned '0': CMAKE_PREFIX_PATH=${CMAKE_PREFIX_PATH}:/home/cewan/Automated-Tour-Car/ws_lidar/install/object_avoidance:/home/cewan/Automated-Tour-Car/ws_lidar/install/lidar:/home/cewan/Automated-Tour-Car/ws_lidar/install/TurtleBot:/opt/ros/humble /usr/bin/cmake --install /home/cewan/Automated-Tour-Car/ws_lidar/build/sllidar_ros2
