[0.950s] DEBUG:colcon:Command line arguments: ['/usr/bin/colcon', 'build', '--packages-select', 'teleop_control']
[0.950s] DEBUG:colcon:Parsed command line arguments: Namespace(log_base=None, log_level=None, verb_name='build', build_base='build', install_base='install', merge_install=False, symlink_install=False, test_result_base=None, continue_on_error=False, executor='parallel', parallel_workers=4, event_handlers=None, ignore_user_meta=False, metas=['./colcon.meta'], base_paths=['.'], packages_ignore=None, packages_ignore_regex=None, paths=None, packages_up_to=None, packages_up_to_regex=None, packages_above=None, packages_above_and_dependencies=None, packages_above_depth=None, packages_select_by_dep=None, packages_skip_by_dep=None, packages_skip_up_to=None, packages_select_build_failed=False, packages_skip_build_finished=False, packages_select_test_failures=False, packages_skip_test_passed=False, packages_select=['teleop_control'], packages_skip=None, packages_select_regex=None, packages_skip_regex=None, packages_start=None, packages_end=None, allow_overriding=[], cmake_args=None, cmake_target=None, cmake_target_skip_unavailable=False, cmake_clean_cache=False, cmake_clean_first=False, cmake_force_configure=False, ament_cmake_args=None, catkin_cmake_args=None, catkin_skip_building_tests=False, verb_parser=<colcon_defaults.argument_parser.defaults.DefaultArgumentsDecorator object at 0xffff920a80d0>, verb_extension=<colcon_core.verb.build.BuildVerb object at 0xffff92252590>, main=<bound method BuildVerb.main of <colcon_core.verb.build.BuildVerb object at 0xffff92252590>>)
[2.781s] Level 1:colcon.colcon_core.package_discovery:discover_packages(colcon_meta) check parameters
[2.781s] Level 1:colcon.colcon_core.package_discovery:discover_packages(recursive) check parameters
[2.781s] Level 1:colcon.colcon_core.package_discovery:discover_packages(ignore) check parameters
[2.782s] Level 1:colcon.colcon_core.package_discovery:discover_packages(path) check parameters
[2.782s] Level 1:colcon.colcon_core.package_discovery:discover_packages(colcon_meta) discover
[2.782s] Level 1:colcon.colcon_core.package_discovery:discover_packages(recursive) discover
[2.782s] INFO:colcon.colcon_core.package_discovery:Crawling recursively for packages in '/home/cewan/Automated-Tour-Car/ws_lidar'
[2.783s] Level 1:colcon.colcon_core.package_identification:_identify(.) by extensions ['ignore', 'ignore_ament_install']
[2.784s] Level 1:colcon.colcon_core.package_identification:_identify(.) by extension 'ignore'
[2.784s] Level 1:colcon.colcon_core.package_identification:_identify(.) by extension 'ignore_ament_install'
[2.784s] Level 1:colcon.colcon_core.package_identification:_identify(.) by extensions ['colcon_pkg']
[2.784s] Level 1:colcon.colcon_core.package_identification:_identify(.) by extension 'colcon_pkg'
[2.785s] Level 1:colcon.colcon_core.package_identification:_identify(.) by extensions ['colcon_meta']
[2.785s] Level 1:colcon.colcon_core.package_identification:_identify(.) by extension 'colcon_meta'
[2.785s] Level 1:colcon.colcon_core.package_identification:_identify(.) by extensions ['ros']
[2.785s] Level 1:colcon.colcon_core.package_identification:_identify(.) by extension 'ros'
[2.969s] Level 1:colcon.colcon_core.package_identification:_identify(.) by extensions ['cmake', 'python']
[2.970s] Level 1:colcon.colcon_core.package_identification:_identify(.) by extension 'cmake'
[2.970s] Level 1:colcon.colcon_core.package_identification:_identify(.) by extension 'python'
[2.970s] Level 1:colcon.colcon_core.package_identification:_identify(.) by extensions ['python_setup_py']
[2.970s] Level 1:colcon.colcon_core.package_identification:_identify(.) by extension 'python_setup_py'
[2.971s] Level 1:colcon.colcon_core.package_identification:_identify(build) by extensions ['ignore', 'ignore_ament_install']
[2.971s] Level 1:colcon.colcon_core.package_identification:_identify(build) by extension 'ignore'
[2.972s] Level 1:colcon.colcon_core.package_identification:_identify(build) ignored
[2.972s] Level 1:colcon.colcon_core.package_identification:_identify(install) by extensions ['ignore', 'ignore_ament_install']
[2.973s] Level 1:colcon.colcon_core.package_identification:_identify(install) by extension 'ignore'
[2.973s] Level 1:colcon.colcon_core.package_identification:_identify(install) ignored
[2.977s] Level 1:colcon.colcon_core.package_identification:_identify(log) by extensions ['ignore', 'ignore_ament_install']
[2.977s] Level 1:colcon.colcon_core.package_identification:_identify(log) by extension 'ignore'
[2.978s] Level 1:colcon.colcon_core.package_identification:_identify(log) ignored
[2.978s] Level 1:colcon.colcon_core.package_identification:_identify(src) by extensions ['ignore', 'ignore_ament_install']
[2.979s] Level 1:colcon.colcon_core.package_identification:_identify(src) by extension 'ignore'
[2.979s] Level 1:colcon.colcon_core.package_identification:_identify(src) by extension 'ignore_ament_install'
[2.979s] Level 1:colcon.colcon_core.package_identification:_identify(src) by extensions ['colcon_pkg']
[2.980s] Level 1:colcon.colcon_core.package_identification:_identify(src) by extension 'colcon_pkg'
[2.980s] Level 1:colcon.colcon_core.package_identification:_identify(src) by extensions ['colcon_meta']
[2.980s] Level 1:colcon.colcon_core.package_identification:_identify(src) by extension 'colcon_meta'
[2.980s] Level 1:colcon.colcon_core.package_identification:_identify(src) by extensions ['ros']
[2.980s] Level 1:colcon.colcon_core.package_identification:_identify(src) by extension 'ros'
[2.981s] Level 1:colcon.colcon_core.package_identification:_identify(src) by extensions ['cmake', 'python']
[2.981s] Level 1:colcon.colcon_core.package_identification:_identify(src) by extension 'cmake'
[2.981s] Level 1:colcon.colcon_core.package_identification:_identify(src) by extension 'python'
[2.982s] Level 1:colcon.colcon_core.package_identification:_identify(src) by extensions ['python_setup_py']
[2.982s] Level 1:colcon.colcon_core.package_identification:_identify(src) by extension 'python_setup_py'
[2.984s] Level 1:colcon.colcon_core.package_identification:_identify(src/TurtleBot) by extensions ['ignore', 'ignore_ament_install']
[2.984s] Level 1:colcon.colcon_core.package_identification:_identify(src/TurtleBot) by extension 'ignore'
[2.984s] Level 1:colcon.colcon_core.package_identification:_identify(src/TurtleBot) by extension 'ignore_ament_install'
[2.985s] Level 1:colcon.colcon_core.package_identification:_identify(src/TurtleBot) by extensions ['colcon_pkg']
[2.985s] Level 1:colcon.colcon_core.package_identification:_identify(src/TurtleBot) by extension 'colcon_pkg'
[2.985s] Level 1:colcon.colcon_core.package_identification:_identify(src/TurtleBot) by extensions ['colcon_meta']
[2.985s] Level 1:colcon.colcon_core.package_identification:_identify(src/TurtleBot) by extension 'colcon_meta'
[2.986s] Level 1:colcon.colcon_core.package_identification:_identify(src/TurtleBot) by extensions ['ros']
[2.986s] Level 1:colcon.colcon_core.package_identification:_identify(src/TurtleBot) by extension 'ros'
[3.005s] DEBUG:colcon.colcon_core.package_identification:Package 'src/TurtleBot' with type 'ros.ament_python' and name 'TurtleBot'
[3.007s] Level 1:colcon.colcon_core.package_identification:_identify(src/gpsPubSub) by extensions ['ignore', 'ignore_ament_install']
[3.007s] Level 1:colcon.colcon_core.package_identification:_identify(src/gpsPubSub) by extension 'ignore'
[3.008s] Level 1:colcon.colcon_core.package_identification:_identify(src/gpsPubSub) by extension 'ignore_ament_install'
[3.008s] Level 1:colcon.colcon_core.package_identification:_identify(src/gpsPubSub) by extensions ['colcon_pkg']
[3.009s] Level 1:colcon.colcon_core.package_identification:_identify(src/gpsPubSub) by extension 'colcon_pkg'
[3.009s] Level 1:colcon.colcon_core.package_identification:_identify(src/gpsPubSub) by extensions ['colcon_meta']
[3.009s] Level 1:colcon.colcon_core.package_identification:_identify(src/gpsPubSub) by extension 'colcon_meta'
[3.010s] Level 1:colcon.colcon_core.package_identification:_identify(src/gpsPubSub) by extensions ['ros']
[3.010s] Level 1:colcon.colcon_core.package_identification:_identify(src/gpsPubSub) by extension 'ros'
[3.015s] DEBUG:colcon.colcon_core.package_identification:Package 'src/gpsPubSub' with type 'ros.ament_python' and name 'gpsPubSub'
[3.017s] Level 1:colcon.colcon_core.package_identification:_identify(src/lidar) by extensions ['ignore', 'ignore_ament_install']
[3.017s] Level 1:colcon.colcon_core.package_identification:_identify(src/lidar) by extension 'ignore'
[3.018s] Level 1:colcon.colcon_core.package_identification:_identify(src/lidar) by extension 'ignore_ament_install'
[3.019s] Level 1:colcon.colcon_core.package_identification:_identify(src/lidar) by extensions ['colcon_pkg']
[3.019s] Level 1:colcon.colcon_core.package_identification:_identify(src/lidar) by extension 'colcon_pkg'
[3.020s] Level 1:colcon.colcon_core.package_identification:_identify(src/lidar) by extensions ['colcon_meta']
[3.020s] Level 1:colcon.colcon_core.package_identification:_identify(src/lidar) by extension 'colcon_meta'
[3.021s] Level 1:colcon.colcon_core.package_identification:_identify(src/lidar) by extensions ['ros']
[3.021s] Level 1:colcon.colcon_core.package_identification:_identify(src/lidar) by extension 'ros'
[3.025s] DEBUG:colcon.colcon_core.package_identification:Package 'src/lidar' with type 'ros.ament_python' and name 'lidar'
[3.026s] Level 1:colcon.colcon_core.package_identification:_identify(src/object_avoidance) by extensions ['ignore', 'ignore_ament_install']
[3.027s] Level 1:colcon.colcon_core.package_identification:_identify(src/object_avoidance) by extension 'ignore'
[3.027s] Level 1:colcon.colcon_core.package_identification:_identify(src/object_avoidance) by extension 'ignore_ament_install'
[3.028s] Level 1:colcon.colcon_core.package_identification:_identify(src/object_avoidance) by extensions ['colcon_pkg']
[3.028s] Level 1:colcon.colcon_core.package_identification:_identify(src/object_avoidance) by extension 'colcon_pkg'
[3.029s] Level 1:colcon.colcon_core.package_identification:_identify(src/object_avoidance) by extensions ['colcon_meta']
[3.029s] Level 1:colcon.colcon_core.package_identification:_identify(src/object_avoidance) by extension 'colcon_meta'
[3.030s] Level 1:colcon.colcon_core.package_identification:_identify(src/object_avoidance) by extensions ['ros']
[3.030s] Level 1:colcon.colcon_core.package_identification:_identify(src/object_avoidance) by extension 'ros'
[3.034s] DEBUG:colcon.colcon_core.package_identification:Package 'src/object_avoidance' with type 'ros.ament_python' and name 'object_avoidance'
[3.035s] Level 1:colcon.colcon_core.package_identification:_identify(src/sllidar_ros2) by extensions ['ignore', 'ignore_ament_install']
[3.036s] Level 1:colcon.colcon_core.package_identification:_identify(src/sllidar_ros2) by extension 'ignore'
[3.036s] Level 1:colcon.colcon_core.package_identification:_identify(src/sllidar_ros2) by extension 'ignore_ament_install'
[3.037s] Level 1:colcon.colcon_core.package_identification:_identify(src/sllidar_ros2) by extensions ['colcon_pkg']
[3.037s] Level 1:colcon.colcon_core.package_identification:_identify(src/sllidar_ros2) by extension 'colcon_pkg'
[3.038s] Level 1:colcon.colcon_core.package_identification:_identify(src/sllidar_ros2) by extensions ['colcon_meta']
[3.038s] Level 1:colcon.colcon_core.package_identification:_identify(src/sllidar_ros2) by extension 'colcon_meta'
[3.038s] Level 1:colcon.colcon_core.package_identification:_identify(src/sllidar_ros2) by extensions ['ros']
[3.038s] Level 1:colcon.colcon_core.package_identification:_identify(src/sllidar_ros2) by extension 'ros'
[3.043s] DEBUG:colcon.colcon_core.package_identification:Package 'src/sllidar_ros2' with type 'ros.ament_cmake' and name 'sllidar_ros2'
[3.044s] Level 1:colcon.colcon_core.package_identification:_identify(src/teleop_control) by extensions ['ignore', 'ignore_ament_install']
[3.044s] Level 1:colcon.colcon_core.package_identification:_identify(src/teleop_control) by extension 'ignore'
[3.045s] Level 1:colcon.colcon_core.package_identification:_identify(src/teleop_control) by extension 'ignore_ament_install'
[3.045s] Level 1:colcon.colcon_core.package_identification:_identify(src/teleop_control) by extensions ['colcon_pkg']
[3.045s] Level 1:colcon.colcon_core.package_identification:_identify(src/teleop_control) by extension 'colcon_pkg'
[3.046s] Level 1:colcon.colcon_core.package_identification:_identify(src/teleop_control) by extensions ['colcon_meta']
[3.046s] Level 1:colcon.colcon_core.package_identification:_identify(src/teleop_control) by extension 'colcon_meta'
[3.046s] Level 1:colcon.colcon_core.package_identification:_identify(src/teleop_control) by extensions ['ros']
[3.046s] Level 1:colcon.colcon_core.package_identification:_identify(src/teleop_control) by extension 'ros'
[3.049s] DEBUG:colcon.colcon_core.package_identification:Package 'src/teleop_control' with type 'ros.ament_python' and name 'teleop_control'
[3.049s] Level 1:colcon.colcon_core.package_discovery:discover_packages(recursive) using defaults
[3.050s] Level 1:colcon.colcon_core.package_discovery:discover_packages(ignore) discover
[3.050s] Level 1:colcon.colcon_core.package_discovery:discover_packages(ignore) using defaults
[3.050s] Level 1:colcon.colcon_core.package_discovery:discover_packages(path) discover
[3.050s] Level 1:colcon.colcon_core.package_discovery:discover_packages(path) using defaults
[3.227s] INFO:colcon.colcon_core.package_selection:Skipping not selected package 'TurtleBot' in 'src/TurtleBot'
[3.227s] INFO:colcon.colcon_core.package_selection:Skipping not selected package 'gpsPubSub' in 'src/gpsPubSub'
[3.227s] INFO:colcon.colcon_core.package_selection:Skipping not selected package 'lidar' in 'src/lidar'
[3.228s] INFO:colcon.colcon_core.package_selection:Skipping not selected package 'object_avoidance' in 'src/object_avoidance'
[3.228s] INFO:colcon.colcon_core.package_selection:Skipping not selected package 'sllidar_ros2' in 'src/sllidar_ros2'
[3.231s] Level 1:colcon.colcon_core.package_discovery:discover_packages(prefix_path) check parameters
[3.232s] Level 1:colcon.colcon_core.package_discovery:discover_packages(prefix_path) discover
[3.258s] DEBUG:colcon.colcon_installed_package_information.package_discovery:Found 5 installed packages in /home/cewan/Automated-Tour-Car/ws_lidar/install
[3.273s] DEBUG:colcon.colcon_installed_package_information.package_discovery:Found 287 installed packages in /opt/ros/humble
[3.288s] Level 1:colcon.colcon_core.package_discovery:discover_packages(prefix_path) using defaults
[3.537s] Level 5:colcon.colcon_core.verb:set package 'teleop_control' build argument 'cmake_args' from command line to 'None'
[3.537s] Level 5:colcon.colcon_core.verb:set package 'teleop_control' build argument 'cmake_target' from command line to 'None'
[3.537s] Level 5:colcon.colcon_core.verb:set package 'teleop_control' build argument 'cmake_target_skip_unavailable' from command line to 'False'
[3.537s] Level 5:colcon.colcon_core.verb:set package 'teleop_control' build argument 'cmake_clean_cache' from command line to 'False'
[3.537s] Level 5:colcon.colcon_core.verb:set package 'teleop_control' build argument 'cmake_clean_first' from command line to 'False'
[3.537s] Level 5:colcon.colcon_core.verb:set package 'teleop_control' build argument 'cmake_force_configure' from command line to 'False'
[3.537s] Level 5:colcon.colcon_core.verb:set package 'teleop_control' build argument 'ament_cmake_args' from command line to 'None'
[3.538s] Level 5:colcon.colcon_core.verb:set package 'teleop_control' build argument 'catkin_cmake_args' from command line to 'None'
[3.538s] Level 5:colcon.colcon_core.verb:set package 'teleop_control' build argument 'catkin_skip_building_tests' from command line to 'False'
[3.538s] DEBUG:colcon.colcon_core.verb:Building package 'teleop_control' with the following arguments: {'ament_cmake_args': None, 'build_base': '/home/cewan/Automated-Tour-Car/ws_lidar/build/teleop_control', 'catkin_cmake_args': None, 'catkin_skip_building_tests': False, 'cmake_args': None, 'cmake_clean_cache': False, 'cmake_clean_first': False, 'cmake_force_configure': False, 'cmake_target': None, 'cmake_target_skip_unavailable': False, 'install_base': '/home/cewan/Automated-Tour-Car/ws_lidar/install/teleop_control', 'merge_install': False, 'path': '/home/cewan/Automated-Tour-Car/ws_lidar/src/teleop_control', 'symlink_install': False, 'test_result_base': None}
[3.538s] INFO:colcon.colcon_core.executor:Executing jobs using 'parallel' executor
[3.542s] DEBUG:colcon.colcon_parallel_executor.executor.parallel:run_until_complete
[3.543s] INFO:colcon.colcon_ros.task.ament_python.build:Building ROS package in '/home/cewan/Automated-Tour-Car/ws_lidar/src/teleop_control' with build type 'ament_python'
[3.544s] Level 1:colcon.colcon_core.shell:create_environment_hook('teleop_control', 'ament_prefix_path')
[3.565s] INFO:colcon.colcon_core.plugin_system:Skipping extension 'colcon_core.shell.bat': Not used on non-Windows systems
[3.566s] INFO:colcon.colcon_core.shell:Creating environment hook '/home/cewan/Automated-Tour-Car/ws_lidar/install/teleop_control/share/teleop_control/hook/ament_prefix_path.ps1'
[3.571s] INFO:colcon.colcon_core.shell:Creating environment descriptor '/home/cewan/Automated-Tour-Car/ws_lidar/install/teleop_control/share/teleop_control/hook/ament_prefix_path.dsv'
[3.574s] INFO:colcon.colcon_core.shell:Creating environment hook '/home/cewan/Automated-Tour-Car/ws_lidar/install/teleop_control/share/teleop_control/hook/ament_prefix_path.sh'
[3.578s] INFO:colcon.colcon_core.shell:Skip shell extension 'powershell' for command environment: Not usable outside of PowerShell
[3.579s] DEBUG:colcon.colcon_core.shell:Skip shell extension 'dsv' for command environment
[5.103s] INFO:colcon.colcon_core.task.python.build:Building Python package in '/home/cewan/Automated-Tour-Car/ws_lidar/src/teleop_control'
[5.105s] INFO:colcon.colcon_core.shell:Skip shell extension 'powershell' for command environment: Not usable outside of PowerShell
[5.105s] DEBUG:colcon.colcon_core.shell:Skip shell extension 'dsv' for command environment
[7.239s] DEBUG:colcon.colcon_core.event_handler.log_command:Invoking command in '/home/cewan/Automated-Tour-Car/ws_lidar/src/teleop_control': PYTHONPATH=/home/cewan/Automated-Tour-Car/ws_lidar/build/teleop_control/prefix_override:/usr/lib/python3/dist-packages/colcon_core/task/python/colcon_distutils_commands:/home/cewan/Automated-Tour-Car/ws_lidar/install/teleop_control/lib/python3.10/site-packages:${PYTHONPATH} /usr/bin/python3 -W ignore:setup.py install is deprecated -W ignore:easy_install command is deprecated setup.py egg_info --egg-base ../../build/teleop_control build --build-base /home/cewan/Automated-Tour-Car/ws_lidar/build/teleop_control/build install --record /home/cewan/Automated-Tour-Car/ws_lidar/build/teleop_control/install.log --single-version-externally-managed install_data
[9.011s] DEBUG:colcon.colcon_core.event_handler.log_command:Invoked command in '/home/cewan/Automated-Tour-Car/ws_lidar/src/teleop_control' returned '0': PYTHONPATH=/home/cewan/Automated-Tour-Car/ws_lidar/build/teleop_control/prefix_override:/usr/lib/python3/dist-packages/colcon_core/task/python/colcon_distutils_commands:/home/cewan/Automated-Tour-Car/ws_lidar/install/teleop_control/lib/python3.10/site-packages:${PYTHONPATH} /usr/bin/python3 -W ignore:setup.py install is deprecated -W ignore:easy_install command is deprecated setup.py egg_info --egg-base ../../build/teleop_control build --build-base /home/cewan/Automated-Tour-Car/ws_lidar/build/teleop_control/build install --record /home/cewan/Automated-Tour-Car/ws_lidar/build/teleop_control/install.log --single-version-externally-managed install_data
[9.037s] Level 1:colcon.colcon_core.environment:checking '/home/cewan/Automated-Tour-Car/ws_lidar/install/teleop_control' for CMake module files
[9.039s] Level 1:colcon.colcon_core.environment:checking '/home/cewan/Automated-Tour-Car/ws_lidar/install/teleop_control' for CMake config files
[9.043s] Level 1:colcon.colcon_core.environment:checking '/home/cewan/Automated-Tour-Car/ws_lidar/install/teleop_control/lib'
[9.044s] Level 1:colcon.colcon_core.environment:checking '/home/cewan/Automated-Tour-Car/ws_lidar/install/teleop_control/bin'
[9.044s] Level 1:colcon.colcon_core.environment:checking '/home/cewan/Automated-Tour-Car/ws_lidar/install/teleop_control/lib/pkgconfig/teleop_control.pc'
[9.046s] Level 1:colcon.colcon_core.environment:checking '/home/cewan/Automated-Tour-Car/ws_lidar/install/teleop_control/lib/python3.10/site-packages'
[9.046s] Level 1:colcon.colcon_core.shell:create_environment_hook('teleop_control', 'pythonpath')
[9.047s] INFO:colcon.colcon_core.shell:Creating environment hook '/home/cewan/Automated-Tour-Car/ws_lidar/install/teleop_control/share/teleop_control/hook/pythonpath.ps1'
[9.049s] INFO:colcon.colcon_core.shell:Creating environment descriptor '/home/cewan/Automated-Tour-Car/ws_lidar/install/teleop_control/share/teleop_control/hook/pythonpath.dsv'
[9.051s] INFO:colcon.colcon_core.shell:Creating environment hook '/home/cewan/Automated-Tour-Car/ws_lidar/install/teleop_control/share/teleop_control/hook/pythonpath.sh'
[9.054s] Level 1:colcon.colcon_core.environment:checking '/home/cewan/Automated-Tour-Car/ws_lidar/install/teleop_control/bin'
[9.054s] Level 1:colcon.colcon_core.environment:create_environment_scripts_only(teleop_control)
[9.056s] INFO:colcon.colcon_core.shell:Creating package script '/home/cewan/Automated-Tour-Car/ws_lidar/install/teleop_control/share/teleop_control/package.ps1'
[9.061s] INFO:colcon.colcon_core.shell:Creating package descriptor '/home/cewan/Automated-Tour-Car/ws_lidar/install/teleop_control/share/teleop_control/package.dsv'
[9.065s] INFO:colcon.colcon_core.shell:Creating package script '/home/cewan/Automated-Tour-Car/ws_lidar/install/teleop_control/share/teleop_control/package.sh'
[9.069s] INFO:colcon.colcon_core.shell:Creating package script '/home/cewan/Automated-Tour-Car/ws_lidar/install/teleop_control/share/teleop_control/package.bash'
[9.075s] INFO:colcon.colcon_core.shell:Creating package script '/home/cewan/Automated-Tour-Car/ws_lidar/install/teleop_control/share/teleop_control/package.zsh'
[9.081s] Level 1:colcon.colcon_core.environment:create_file_with_runtime_dependencies(/home/cewan/Automated-Tour-Car/ws_lidar/install/teleop_control/share/colcon-core/packages/teleop_control)
[9.085s] DEBUG:colcon.colcon_parallel_executor.executor.parallel:closing loop
[9.086s] DEBUG:colcon.colcon_parallel_executor.executor.parallel:loop closed
[9.086s] DEBUG:colcon.colcon_parallel_executor.executor.parallel:run_until_complete finished with '0'
[9.087s] DEBUG:colcon.colcon_core.event_reactor:joining thread
[9.117s] INFO:colcon.colcon_core.plugin_system:Skipping extension 'colcon_notification.desktop_notification.terminal_notifier': Not used on non-Darwin systems
[9.118s] INFO:colcon.colcon_core.plugin_system:Skipping extension 'colcon_notification.desktop_notification.win32': Not used on non-Windows systems
[9.118s] INFO:colcon.colcon_notification.desktop_notification:Sending desktop notification using 'notify2'
[9.124s] DEBUG:colcon.colcon_notification.desktop_notification.notify2:Failed to initialize notify2: org.freedesktop.DBus.Error.ServiceUnknown: The name org.freedesktop.Notifications was not provided by any .service files
[9.125s] DEBUG:colcon.colcon_core.event_reactor:joined thread
[9.126s] INFO:colcon.colcon_core.shell:Creating prefix script '/home/cewan/Automated-Tour-Car/ws_lidar/install/local_setup.ps1'
[9.133s] INFO:colcon.colcon_core.shell:Creating prefix util module '/home/cewan/Automated-Tour-Car/ws_lidar/install/_local_setup_util_ps1.py'
[9.142s] INFO:colcon.colcon_core.shell:Creating prefix chain script '/home/cewan/Automated-Tour-Car/ws_lidar/install/setup.ps1'
[9.149s] INFO:colcon.colcon_core.shell:Creating prefix script '/home/cewan/Automated-Tour-Car/ws_lidar/install/local_setup.sh'
[9.152s] INFO:colcon.colcon_core.shell:Creating prefix util module '/home/cewan/Automated-Tour-Car/ws_lidar/install/_local_setup_util_sh.py'
[9.155s] INFO:colcon.colcon_core.shell:Creating prefix chain script '/home/cewan/Automated-Tour-Car/ws_lidar/install/setup.sh'
[9.162s] INFO:colcon.colcon_core.shell:Creating prefix script '/home/cewan/Automated-Tour-Car/ws_lidar/install/local_setup.bash'
[9.165s] INFO:colcon.colcon_core.shell:Creating prefix chain script '/home/cewan/Automated-Tour-Car/ws_lidar/install/setup.bash'
[9.172s] INFO:colcon.colcon_core.shell:Creating prefix script '/home/cewan/Automated-Tour-Car/ws_lidar/install/local_setup.zsh'
[9.175s] INFO:colcon.colcon_core.shell:Creating prefix chain script '/home/cewan/Automated-Tour-Car/ws_lidar/install/setup.zsh'
