[5.803s] Invoking command in '/home/cewan/Automated-Tour-Car/ws_lidar/src/object_avoidance': PYTHONPATH=/home/cewan/Automated-Tour-Car/ws_lidar/build/object_avoidance/prefix_override:/usr/lib/python3/dist-packages/colcon_core/task/python/colcon_distutils_commands:/home/cewan/Automated-Tour-Car/ws_lidar/install/object_avoidance/lib/python3.10/site-packages:${PYTHONPATH} /usr/bin/python3 -W ignore:setup.py install is deprecated -W ignore:easy_install command is deprecated setup.py egg_info --egg-base ../../build/object_avoidance build --build-base /home/cewan/Automated-Tour-Car/ws_lidar/build/object_avoidance/build install --record /home/cewan/Automated-Tour-Car/ws_lidar/build/object_avoidance/install.log --single-version-externally-managed install_data
[7.527s] running egg_info
[7.535s] writing ../../build/object_avoidance/object_avoidance.egg-info/PKG-INFO
[7.539s] writing dependency_links to ../../build/object_avoidance/object_avoidance.egg-info/dependency_links.txt
[7.541s] writing entry points to ../../build/object_avoidance/object_avoidance.egg-info/entry_points.txt
[7.542s] writing requirements to ../../build/object_avoidance/object_avoidance.egg-info/requires.txt
[7.544s] writing top-level names to ../../build/object_avoidance/object_avoidance.egg-info/top_level.txt
[7.558s] reading manifest file '../../build/object_avoidance/object_avoidance.egg-info/SOURCES.txt'
[7.563s] writing manifest file '../../build/object_avoidance/object_avoidance.egg-info/SOURCES.txt'
[7.564s] running build
[7.565s] running build_py
[7.569s] running install
[7.571s] running install_lib
[7.587s] running install_data
[7.588s] running install_egg_info
[7.606s] removing '/home/cewan/Automated-Tour-Car/ws_lidar/install/object_avoidance/lib/python3.10/site-packages/object_avoidance-0.0.0-py3.10.egg-info' (and everything under it)
[7.607s] Copying ../../build/object_avoidance/object_avoidance.egg-info to /home/cewan/Automated-Tour-Car/ws_lidar/install/object_avoidance/lib/python3.10/site-packages/object_avoidance-0.0.0-py3.10.egg-info
[7.608s] running install_scripts
[7.756s] Installing publisher script to /home/cewan/Automated-Tour-Car/ws_lidar/install/object_avoidance/lib/object_avoidance
[7.758s] Installing subscriber script to /home/cewan/Automated-Tour-Car/ws_lidar/install/object_avoidance/lib/object_avoidance
[7.759s] Installing test script to /home/cewan/Automated-Tour-Car/ws_lidar/install/object_avoidance/lib/object_avoidance
[7.761s] Installing turntest script to /home/cewan/Automated-Tour-Car/ws_lidar/install/object_avoidance/lib/object_avoidance
[7.765s] writing list of installed files to '/home/cewan/Automated-Tour-Car/ws_lidar/build/object_avoidance/install.log'
[7.934s] Invoked command in '/home/cewan/Automated-Tour-Car/ws_lidar/src/object_avoidance' returned '0': PYTHONPATH=/home/cewan/Automated-Tour-Car/ws_lidar/build/object_avoidance/prefix_override:/usr/lib/python3/dist-packages/colcon_core/task/python/colcon_distutils_commands:/home/cewan/Automated-Tour-Car/ws_lidar/install/object_avoidance/lib/python3.10/site-packages:${PYTHONPATH} /usr/bin/python3 -W ignore:setup.py install is deprecated -W ignore:easy_install command is deprecated setup.py egg_info --egg-base ../../build/object_avoidance build --build-base /home/cewan/Automated-Tour-Car/ws_lidar/build/object_avoidance/build install --record /home/cewan/Automated-Tour-Car/ws_lidar/build/object_avoidance/install.log --single-version-externally-managed install_data
