[3.110s] Invoking command in '/home/cewan/ws_lidar/build/sllidar_ros2': CMAKE_PREFIX_PATH=${CMAKE_PREFIX_PATH}:/home/cewan/ws_lidar/install/object_avoidance:/home/cewan/ws_lidar/install/lidar:/opt/ros/humble /usr/bin/cmake --build /home/cewan/ws_lidar/build/sllidar_ros2 -- -j4 -l4
[3.512s] [ 10%] Built target sllidar_client
[3.626s] [100%] Built target sllidar_node
[3.699s] Invoked command in '/home/cewan/ws_lidar/build/sllidar_ros2' returned '0': CMAKE_PREFIX_PATH=${CMAKE_PREFIX_PATH}:/home/cewan/ws_lidar/install/object_avoidance:/home/cewan/ws_lidar/install/lidar:/opt/ros/humble /usr/bin/cmake --build /home/cewan/ws_lidar/build/sllidar_ros2 -- -j4 -l4
[3.746s] Invoking command in '/home/cewan/ws_lidar/build/sllidar_ros2': CMAKE_PREFIX_PATH=${CMAKE_PREFIX_PATH}:/home/cewan/ws_lidar/install/object_avoidance:/home/cewan/ws_lidar/install/lidar:/opt/ros/humble /usr/bin/cmake --install /home/cewan/ws_lidar/build/sllidar_ros2
[3.804s] -- Install configuration: ""
[3.808s] -- Execute custom install script
[3.828s] -- Up-to-date symlink: /home/cewan/ws_lidar/install/sllidar_ros2/share/sllidar_ros2/launch/sllidar_a1_launch.py
[3.832s] -- Up-to-date symlink: /home/cewan/ws_lidar/install/sllidar_ros2/share/sllidar_ros2/launch/sllidar_a2m12_launch .py
[3.832s] -- Up-to-date symlink: /home/cewan/ws_lidar/install/sllidar_ros2/share/sllidar_ros2/launch/sllidar_a2m7_launch.py
[3.834s] -- Up-to-date symlink: /home/cewan/ws_lidar/install/sllidar_ros2/share/sllidar_ros2/launch/sllidar_a2m8_launch.py
[3.835s] -- Up-to-date symlink: /home/cewan/ws_lidar/install/sllidar_ros2/share/sllidar_ros2/launch/sllidar_a3_launch.py
[3.837s] -- Up-to-date symlink: /home/cewan/ws_lidar/install/sllidar_ros2/share/sllidar_ros2/launch/sllidar_c1_launch.py
[3.838s] -- Up-to-date symlink: /home/cewan/ws_lidar/install/sllidar_ros2/share/sllidar_ros2/launch/sllidar_s1_launch.py
[3.839s] -- Up-to-date symlink: /home/cewan/ws_lidar/install/sllidar_ros2/share/sllidar_ros2/launch/sllidar_s1_tcp_launch.py
[3.840s] -- Up-to-date symlink: /home/cewan/ws_lidar/install/sllidar_ros2/share/sllidar_ros2/launch/sllidar_s2_launch.py
[3.841s] -- Up-to-date symlink: /home/cewan/ws_lidar/install/sllidar_ros2/share/sllidar_ros2/launch/sllidar_s2e_launch.py
[3.844s] -- Up-to-date symlink: /home/cewan/ws_lidar/install/sllidar_ros2/share/sllidar_ros2/launch/sllidar_s3_launch.py
[3.846s] -- Up-to-date symlink: /home/cewan/ws_lidar/install/sllidar_ros2/share/sllidar_ros2/launch/sllidar_t1_launch.py
[3.846s] -- Up-to-date symlink: /home/cewan/ws_lidar/install/sllidar_ros2/share/sllidar_ros2/launch/view_sllidar_a1_launch.py
[3.847s] -- Up-to-date symlink: /home/cewan/ws_lidar/install/sllidar_ros2/share/sllidar_ros2/launch/view_sllidar_a2m12_launch.py
[3.856s] -- Up-to-date symlink: /home/cewan/ws_lidar/install/sllidar_ros2/share/sllidar_ros2/launch/view_sllidar_a2m7_launch.py
[3.863s] -- Up-to-date symlink: /home/cewan/ws_lidar/install/sllidar_ros2/share/sllidar_ros2/launch/view_sllidar_a2m8_launch.py
[3.863s] -- Up-to-date symlink: /home/cewan/ws_lidar/install/sllidar_ros2/share/sllidar_ros2/launch/view_sllidar_a3_launch.py
[3.864s] -- Up-to-date symlink: /home/cewan/ws_lidar/install/sllidar_ros2/share/sllidar_ros2/launch/view_sllidar_c1_launch.py
[3.870s] -- Up-to-date symlink: /home/cewan/ws_lidar/install/sllidar_ros2/share/sllidar_ros2/launch/view_sllidar_s1_launch.py
[3.872s] -- Up-to-date symlink: /home/cewan/ws_lidar/install/sllidar_ros2/share/sllidar_ros2/launch/view_sllidar_s1_tcp_launch.py
[3.873s] -- Up-to-date symlink: /home/cewan/ws_lidar/install/sllidar_ros2/share/sllidar_ros2/launch/view_sllidar_s2_launch.py
[3.874s] -- Up-to-date symlink: /home/cewan/ws_lidar/install/sllidar_ros2/share/sllidar_ros2/launch/view_sllidar_s2e_launch.py
[3.875s] -- Up-to-date symlink: /home/cewan/ws_lidar/install/sllidar_ros2/share/sllidar_ros2/launch/view_sllidar_s3_launch.py
[3.876s] -- Up-to-date symlink: /home/cewan/ws_lidar/install/sllidar_ros2/share/sllidar_ros2/launch/view_sllidar_t1_launch.py
[3.877s] -- Up-to-date symlink: /home/cewan/ws_lidar/install/sllidar_ros2/share/sllidar_ros2/rviz/sllidar_ros2.rviz
[3.878s] -- Up-to-date symlink: /home/cewan/ws_lidar/install/sllidar_ros2/lib/sllidar_ros2/sllidar_node
[3.879s] -- Up-to-date symlink: /home/cewan/ws_lidar/install/sllidar_ros2/lib/sllidar_ros2/sllidar_client
[3.882s] -- Up-to-date symlink: /home/cewan/ws_lidar/install/sllidar_ros2/share/ament_index/resource_index/package_run_dependencies/sllidar_ros2
[3.884s] -- Up-to-date symlink: /home/cewan/ws_lidar/install/sllidar_ros2/share/ament_index/resource_index/parent_prefix_path/sllidar_ros2
[3.888s] -- Up-to-date symlink: /home/cewan/ws_lidar/install/sllidar_ros2/share/sllidar_ros2/environment/ament_prefix_path.sh
[3.890s] -- Up-to-date symlink: /home/cewan/ws_lidar/install/sllidar_ros2/share/sllidar_ros2/environment/ament_prefix_path.dsv
[3.892s] -- Up-to-date symlink: /home/cewan/ws_lidar/install/sllidar_ros2/share/sllidar_ros2/environment/path.sh
[3.893s] -- Up-to-date symlink: /home/cewan/ws_lidar/install/sllidar_ros2/share/sllidar_ros2/environment/path.dsv
[3.894s] -- Up-to-date symlink: /home/cewan/ws_lidar/install/sllidar_ros2/share/sllidar_ros2/local_setup.bash
[3.896s] -- Up-to-date symlink: /home/cewan/ws_lidar/install/sllidar_ros2/share/sllidar_ros2/local_setup.sh
[3.899s] -- Up-to-date symlink: /home/cewan/ws_lidar/install/sllidar_ros2/share/sllidar_ros2/local_setup.zsh
[3.900s] -- Up-to-date symlink: /home/cewan/ws_lidar/install/sllidar_ros2/share/sllidar_ros2/local_setup.dsv
[3.901s] -- Symlinking: /home/cewan/ws_lidar/install/sllidar_ros2/share/sllidar_ros2/package.dsv
[3.954s] -- Up-to-date symlink: /home/cewan/ws_lidar/install/sllidar_ros2/share/ament_index/resource_index/packages/sllidar_ros2
[3.955s] -- Up-to-date symlink: /home/cewan/ws_lidar/install/sllidar_ros2/share/sllidar_ros2/cmake/ament_cmake_export_dependencies-extras.cmake
[3.958s] -- Up-to-date symlink: /home/cewan/ws_lidar/install/sllidar_ros2/share/sllidar_ros2/cmake/ament_cmake_export_include_directories-extras.cmake
[3.975s] -- Up-to-date symlink: /home/cewan/ws_lidar/install/sllidar_ros2/share/sllidar_ros2/cmake/sllidar_ros2Config.cmake
[3.983s] -- Up-to-date symlink: /home/cewan/ws_lidar/install/sllidar_ros2/share/sllidar_ros2/cmake/sllidar_ros2Config-version.cmake
[3.983s] -- Up-to-date symlink: /home/cewan/ws_lidar/install/sllidar_ros2/share/sllidar_ros2/package.xml
[3.984s] Invoked command in '/home/cewan/ws_lidar/build/sllidar_ros2' returned '0': CMAKE_PREFIX_PATH=${CMAKE_PREFIX_PATH}:/home/cewan/ws_lidar/install/object_avoidance:/home/cewan/ws_lidar/install/lidar:/opt/ros/humble /usr/bin/cmake --install /home/cewan/ws_lidar/build/sllidar_ros2
