[6.955s] Invoking command in '/home/cewan/ws_lidar/src/object_avoidance': PYTHONPATH=/home/cewan/ws_lidar/build/object_avoidance/prefix_override:/usr/lib/python3/dist-packages/colcon_core/task/python/colcon_distutils_commands:/home/cewan/ws_lidar/install/object_avoidance/lib/python3.10/site-packages:${PYTHONPATH} /usr/bin/python3 -W ignore:setup.py install is deprecated -W ignore:easy_install command is deprecated setup.py egg_info --egg-base ../../build/object_avoidance build --build-base /home/cewan/ws_lidar/build/object_avoidance/build install --record /home/cewan/ws_lidar/build/object_avoidance/install.log --single-version-externally-managed install_data
[8.931s] running egg_info
[8.932s] writing ../../build/object_avoidance/object_avoidance.egg-info/PKG-INFO
[8.935s] writing dependency_links to ../../build/object_avoidance/object_avoidance.egg-info/dependency_links.txt
[8.935s] writing entry points to ../../build/object_avoidance/object_avoidance.egg-info/entry_points.txt
[8.940s] writing requirements to ../../build/object_avoidance/object_avoidance.egg-info/requires.txt
[8.940s] writing top-level names to ../../build/object_avoidance/object_avoidance.egg-info/top_level.txt
[8.954s] reading manifest file '../../build/object_avoidance/object_avoidance.egg-info/SOURCES.txt'
[8.962s] writing manifest file '../../build/object_avoidance/object_avoidance.egg-info/SOURCES.txt'
[8.983s] running build
[8.984s] running build_py
[8.998s] copying object_avoidance/test.py -> /home/cewan/ws_lidar/build/object_avoidance/build/lib/object_avoidance
[9.004s] running install
[9.005s] running install_lib
[9.016s] copying /home/cewan/ws_lidar/build/object_avoidance/build/lib/object_avoidance/test.py -> /home/cewan/ws_lidar/install/object_avoidance/lib/python3.10/site-packages/object_avoidance
[9.024s] byte-compiling /home/cewan/ws_lidar/install/object_avoidance/lib/python3.10/site-packages/object_avoidance/test.py to test.cpython-310.pyc
[9.026s]   File "/home/cewan/ws_lidar/install/object_avoidance/lib/python3.10/site-packages/object_avoidance/test.py", line 1
[9.033s]     /home/cewan/ws_lidar/src/object_avoidance/object_avoidance/rpc_obj_avoid.py
[9.034s]     ^
[9.035s] SyntaxError: invalid syntax
[9.036s] 
[9.037s] running install_data
[9.038s] running install_egg_info
[9.039s] removing '/home/cewan/ws_lidar/install/object_avoidance/lib/python3.10/site-packages/object_avoidance-0.0.0-py3.10.egg-info' (and everything under it)
[9.040s] Copying ../../build/object_avoidance/object_avoidance.egg-info to /home/cewan/ws_lidar/install/object_avoidance/lib/python3.10/site-packages/object_avoidance-0.0.0-py3.10.egg-info
[9.048s] running install_scripts
[9.189s] Installing obj_avoidance_publisher script to /home/cewan/ws_lidar/install/object_avoidance/lib/object_avoidance
[9.204s] writing list of installed files to '/home/cewan/ws_lidar/build/object_avoidance/install.log'
[9.367s] Invoked command in '/home/cewan/ws_lidar/src/object_avoidance' returned '0': PYTHONPATH=/home/cewan/ws_lidar/build/object_avoidance/prefix_override:/usr/lib/python3/dist-packages/colcon_core/task/python/colcon_distutils_commands:/home/cewan/ws_lidar/install/object_avoidance/lib/python3.10/site-packages:${PYTHONPATH} /usr/bin/python3 -W ignore:setup.py install is deprecated -W ignore:easy_install command is deprecated setup.py egg_info --egg-base ../../build/object_avoidance build --build-base /home/cewan/ws_lidar/build/object_avoidance/build install --record /home/cewan/ws_lidar/build/object_avoidance/install.log --single-version-externally-managed install_data
