[13.911s] Invoking command in '/home/cewan/Automated-Tour-Car/ws_lidar/src/lidar': PYTHONPATH=/home/cewan/Automated-Tour-Car/ws_lidar/build/lidar/prefix_override:/usr/lib/python3/dist-packages/colcon_core/task/python/colcon_distutils_commands:/home/cewan/Automated-Tour-Car/ws_lidar/install/lidar/lib/python3.10/site-packages:${PYTHONPATH} /usr/bin/python3 -W ignore:setup.py install is deprecated -W ignore:easy_install command is deprecated setup.py egg_info --egg-base ../../build/lidar build --build-base /home/cewan/Automated-Tour-Car/ws_lidar/build/lidar/build install --record /home/cewan/Automated-Tour-Car/ws_lidar/build/lidar/install.log --single-version-externally-managed install_data
[21.014s] running egg_info
[21.020s] writing ../../build/lidar/lidar.egg-info/PKG-INFO
[21.022s] writing dependency_links to ../../build/lidar/lidar.egg-info/dependency_links.txt
[21.024s] writing entry points to ../../build/lidar/lidar.egg-info/entry_points.txt
[21.025s] writing requirements to ../../build/lidar/lidar.egg-info/requires.txt
[21.032s] writing top-level names to ../../build/lidar/lidar.egg-info/top_level.txt
[21.048s] reading manifest file '../../build/lidar/lidar.egg-info/SOURCES.txt'
[21.055s] writing manifest file '../../build/lidar/lidar.egg-info/SOURCES.txt'
[21.056s] running build
[21.057s] running build_py
[21.059s] running install
[21.061s] running install_lib
[21.086s] running install_data
[21.090s] running install_egg_info
[21.105s] removing '/home/cewan/Automated-Tour-Car/ws_lidar/install/lidar/lib/python3.10/site-packages/lidar-0.0.0-py3.10.egg-info' (and everything under it)
[21.109s] Copying ../../build/lidar/lidar.egg-info to /home/cewan/Automated-Tour-Car/ws_lidar/install/lidar/lib/python3.10/site-packages/lidar-0.0.0-py3.10.egg-info
[21.124s] running install_scripts
[21.303s] Installing lidar_publisher script to /home/cewan/Automated-Tour-Car/ws_lidar/install/lidar/lib/lidar
[21.307s] Installing lidar_subscriber script to /home/cewan/Automated-Tour-Car/ws_lidar/install/lidar/lib/lidar
[21.313s] writing list of installed files to '/home/cewan/Automated-Tour-Car/ws_lidar/build/lidar/install.log'
[21.532s] Invoked command in '/home/cewan/Automated-Tour-Car/ws_lidar/src/lidar' returned '0': PYTHONPATH=/home/cewan/Automated-Tour-Car/ws_lidar/build/lidar/prefix_override:/usr/lib/python3/dist-packages/colcon_core/task/python/colcon_distutils_commands:/home/cewan/Automated-Tour-Car/ws_lidar/install/lidar/lib/python3.10/site-packages:${PYTHONPATH} /usr/bin/python3 -W ignore:setup.py install is deprecated -W ignore:easy_install command is deprecated setup.py egg_info --egg-base ../../build/lidar build --build-base /home/cewan/Automated-Tour-Car/ws_lidar/build/lidar/build install --record /home/cewan/Automated-Tour-Car/ws_lidar/build/lidar/install.log --single-version-externally-managed install_data
