[0.402s] Invoking command in '/home/cewan/Automated-Tour-Car/ws_lidar/build/sllidar_ros2': CMAKE_PREFIX_PATH=${CMAKE_PREFIX_PATH}:/home/cewan/Automated-Tour-Car/ws_lidar/install/object_avoidance:/home/cewan/Automated-Tour-Car/ws_lidar/install/lidar:/home/cewan/Automated-Tour-Car/ws_lidar/install/gpsPubSub:/home/cewan/Automated-Tour-Car/ws_lidar/install/TurtleBot:/opt/ros/humble /usr/bin/cmake --build /home/cewan/Automated-Tour-Car/ws_lidar/build/sllidar_ros2 -- -j4 -l4
[1.877s] [ 90%] Built target sllidar_node
[2.402s] [100%] Built target sllidar_client
[2.552s] Invoked command in '/home/cewan/Automated-Tour-Car/ws_lidar/build/sllidar_ros2' returned '0': CMAKE_PREFIX_PATH=${CMAKE_PREFIX_PATH}:/home/cewan/Automated-Tour-Car/ws_lidar/install/object_avoidance:/home/cewan/Automated-Tour-Car/ws_lidar/install/lidar:/home/cewan/Automated-Tour-Car/ws_lidar/install/gpsPubSub:/home/cewan/Automated-Tour-Car/ws_lidar/install/TurtleBot:/opt/ros/humble /usr/bin/cmake --build /home/cewan/Automated-Tour-Car/ws_lidar/build/sllidar_ros2 -- -j4 -l4
[2.763s] Invoking command in '/home/cewan/Automated-Tour-Car/ws_lidar/build/sllidar_ros2': CMAKE_PREFIX_PATH=${CMAKE_PREFIX_PATH}:/home/cewan/Automated-Tour-Car/ws_lidar/install/object_avoidance:/home/cewan/Automated-Tour-Car/ws_lidar/install/lidar:/home/cewan/Automated-Tour-Car/ws_lidar/install/gpsPubSub:/home/cewan/Automated-Tour-Car/ws_lidar/install/TurtleBot:/opt/ros/humble /usr/bin/cmake --install /home/cewan/Automated-Tour-Car/ws_lidar/build/sllidar_ros2
[2.914s] -- Install configuration: ""
[2.915s] -- Up-to-date: /home/cewan/Automated-Tour-Car/ws_lidar/install/sllidar_ros2/share/sllidar_ros2/launch
[2.916s] -- Up-to-date: /home/cewan/Automated-Tour-Car/ws_lidar/install/sllidar_ros2/share/sllidar_ros2/launch/view_sllidar_c1_launch.py
[2.916s] -- Up-to-date: /home/cewan/Automated-Tour-Car/ws_lidar/install/sllidar_ros2/share/sllidar_ros2/launch/sllidar_s3_launch.py
[2.917s] -- Up-to-date: /home/cewan/Automated-Tour-Car/ws_lidar/install/sllidar_ros2/share/sllidar_ros2/launch/sllidar_a2m8_launch.py
[2.919s] -- Up-to-date: /home/cewan/Automated-Tour-Car/ws_lidar/install/sllidar_ros2/share/sllidar_ros2/launch/view_sllidar_s1_tcp_launch.py
[2.920s] -- Up-to-date: /home/cewan/Automated-Tour-Car/ws_lidar/install/sllidar_ros2/share/sllidar_ros2/launch/sllidar_s1_tcp_launch.py
[2.921s] -- Up-to-date: /home/cewan/Automated-Tour-Car/ws_lidar/install/sllidar_ros2/share/sllidar_ros2/launch/sllidar_c1_launch.py
[2.923s] -- Up-to-date: /home/cewan/Automated-Tour-Car/ws_lidar/install/sllidar_ros2/share/sllidar_ros2/launch/sllidar_s1_launch.py
[2.925s] -- Up-to-date: /home/cewan/Automated-Tour-Car/ws_lidar/install/sllidar_ros2/share/sllidar_ros2/launch/sllidar_s2_launch.py
[2.931s] -- Up-to-date: /home/cewan/Automated-Tour-Car/ws_lidar/install/sllidar_ros2/share/sllidar_ros2/launch/view_sllidar_a2m8_launch.py
[2.933s] -- Up-to-date: /home/cewan/Automated-Tour-Car/ws_lidar/install/sllidar_ros2/share/sllidar_ros2/launch/view_sllidar_a3_launch.py
[2.935s] -- Up-to-date: /home/cewan/Automated-Tour-Car/ws_lidar/install/sllidar_ros2/share/sllidar_ros2/launch/view_sllidar_s2_launch.py
[2.938s] -- Up-to-date: /home/cewan/Automated-Tour-Car/ws_lidar/install/sllidar_ros2/share/sllidar_ros2/launch/view_sllidar_a2m12_launch.py
[2.939s] -- Up-to-date: /home/cewan/Automated-Tour-Car/ws_lidar/install/sllidar_ros2/share/sllidar_ros2/launch/view_sllidar_s1_launch.py
[2.942s] -- Up-to-date: /home/cewan/Automated-Tour-Car/ws_lidar/install/sllidar_ros2/share/sllidar_ros2/launch/sllidar_s2e_launch.py
[2.943s] -- Up-to-date: /home/cewan/Automated-Tour-Car/ws_lidar/install/sllidar_ros2/share/sllidar_ros2/launch/sllidar_a2m12_launch .py
[2.944s] -- Up-to-date: /home/cewan/Automated-Tour-Car/ws_lidar/install/sllidar_ros2/share/sllidar_ros2/launch/sllidar_t1_launch.py
[2.948s] -- Up-to-date: /home/cewan/Automated-Tour-Car/ws_lidar/install/sllidar_ros2/share/sllidar_ros2/launch/view_sllidar_a2m7_launch.py
[2.949s] -- Up-to-date: /home/cewan/Automated-Tour-Car/ws_lidar/install/sllidar_ros2/share/sllidar_ros2/launch/log
[2.954s] -- Up-to-date: /home/cewan/Automated-Tour-Car/ws_lidar/install/sllidar_ros2/share/sllidar_ros2/launch/log/COLCON_IGNORE
[2.955s] -- Up-to-date: /home/cewan/Automated-Tour-Car/ws_lidar/install/sllidar_ros2/share/sllidar_ros2/launch/log/latest
[2.955s] -- Up-to-date: /home/cewan/Automated-Tour-Car/ws_lidar/install/sllidar_ros2/share/sllidar_ros2/launch/log/build_2025-02-05_13-08-21
[2.956s] -- Up-to-date: /home/cewan/Automated-Tour-Car/ws_lidar/install/sllidar_ros2/share/sllidar_ros2/launch/log/build_2025-02-05_13-08-21/logger_all.log
[2.957s] -- Up-to-date: /home/cewan/Automated-Tour-Car/ws_lidar/install/sllidar_ros2/share/sllidar_ros2/launch/log/build_2025-02-05_13-08-21/events.log
[2.957s] -- Up-to-date: /home/cewan/Automated-Tour-Car/ws_lidar/install/sllidar_ros2/share/sllidar_ros2/launch/log/latest_build
[2.973s] -- Up-to-date: /home/cewan/Automated-Tour-Car/ws_lidar/install/sllidar_ros2/share/sllidar_ros2/launch/view_sllidar_t1_launch.py
[2.974s] -- Up-to-date: /home/cewan/Automated-Tour-Car/ws_lidar/install/sllidar_ros2/share/sllidar_ros2/launch/sllidar_a2m7_launch.py
[2.974s] -- Up-to-date: /home/cewan/Automated-Tour-Car/ws_lidar/install/sllidar_ros2/share/sllidar_ros2/launch/view_sllidar_s3_launch.py
[2.975s] -- Up-to-date: /home/cewan/Automated-Tour-Car/ws_lidar/install/sllidar_ros2/share/sllidar_ros2/launch/build
[2.975s] -- Up-to-date: /home/cewan/Automated-Tour-Car/ws_lidar/install/sllidar_ros2/share/sllidar_ros2/launch/build/COLCON_IGNORE
[2.976s] -- Up-to-date: /home/cewan/Automated-Tour-Car/ws_lidar/install/sllidar_ros2/share/sllidar_ros2/launch/build/.built_by
[2.977s] -- Up-to-date: /home/cewan/Automated-Tour-Car/ws_lidar/install/sllidar_ros2/share/sllidar_ros2/launch/install
[2.978s] -- Up-to-date: /home/cewan/Automated-Tour-Car/ws_lidar/install/sllidar_ros2/share/sllidar_ros2/launch/install/setup.ps1
[2.978s] -- Up-to-date: /home/cewan/Automated-Tour-Car/ws_lidar/install/sllidar_ros2/share/sllidar_ros2/launch/install/setup.sh
[2.979s] -- Up-to-date: /home/cewan/Automated-Tour-Car/ws_lidar/install/sllidar_ros2/share/sllidar_ros2/launch/install/_local_setup_util_ps1.py
[2.980s] -- Up-to-date: /home/cewan/Automated-Tour-Car/ws_lidar/install/sllidar_ros2/share/sllidar_ros2/launch/install/COLCON_IGNORE
[2.980s] -- Up-to-date: /home/cewan/Automated-Tour-Car/ws_lidar/install/sllidar_ros2/share/sllidar_ros2/launch/install/setup.bash
[2.981s] -- Up-to-date: /home/cewan/Automated-Tour-Car/ws_lidar/install/sllidar_ros2/share/sllidar_ros2/launch/install/local_setup.sh
[3.020s] -- Up-to-date: /home/cewan/Automated-Tour-Car/ws_lidar/install/sllidar_ros2/share/sllidar_ros2/launch/install/_local_setup_util_sh.py
[3.021s] -- Up-to-date: /home/cewan/Automated-Tour-Car/ws_lidar/install/sllidar_ros2/share/sllidar_ros2/launch/install/.colcon_install_layout
[3.022s] -- Up-to-date: /home/cewan/Automated-Tour-Car/ws_lidar/install/sllidar_ros2/share/sllidar_ros2/launch/install/setup.zsh
[3.027s] -- Up-to-date: /home/cewan/Automated-Tour-Car/ws_lidar/install/sllidar_ros2/share/sllidar_ros2/launch/install/local_setup.ps1
[3.033s] -- Up-to-date: /home/cewan/Automated-Tour-Car/ws_lidar/install/sllidar_ros2/share/sllidar_ros2/launch/install/local_setup.zsh
[3.035s] -- Up-to-date: /home/cewan/Automated-Tour-Car/ws_lidar/install/sllidar_ros2/share/sllidar_ros2/launch/install/local_setup.bash
[3.039s] -- Up-to-date: /home/cewan/Automated-Tour-Car/ws_lidar/install/sllidar_ros2/share/sllidar_ros2/launch/view_sllidar_s2e_launch.py
[3.043s] -- Up-to-date: /home/cewan/Automated-Tour-Car/ws_lidar/install/sllidar_ros2/share/sllidar_ros2/launch/sllidar_a3_launch.py
[3.048s] -- Up-to-date: /home/cewan/Automated-Tour-Car/ws_lidar/install/sllidar_ros2/share/sllidar_ros2/launch/sllidar_a1_launch.py
[3.051s] -- Up-to-date: /home/cewan/Automated-Tour-Car/ws_lidar/install/sllidar_ros2/share/sllidar_ros2/launch/view_sllidar_a1_launch.py
[3.051s] -- Up-to-date: /home/cewan/Automated-Tour-Car/ws_lidar/install/sllidar_ros2/share/sllidar_ros2/rviz
[3.052s] -- Up-to-date: /home/cewan/Automated-Tour-Car/ws_lidar/install/sllidar_ros2/share/sllidar_ros2/rviz/sllidar_ros2.rviz
[3.052s] -- Up-to-date: /home/cewan/Automated-Tour-Car/ws_lidar/install/sllidar_ros2/lib/sllidar_ros2/sllidar_node
[3.053s] -- Up-to-date: /home/cewan/Automated-Tour-Car/ws_lidar/install/sllidar_ros2/lib/sllidar_ros2/sllidar_client
[3.063s] -- Up-to-date: /home/cewan/Automated-Tour-Car/ws_lidar/install/sllidar_ros2/share/ament_index/resource_index/package_run_dependencies/sllidar_ros2
[3.071s] -- Up-to-date: /home/cewan/Automated-Tour-Car/ws_lidar/install/sllidar_ros2/share/ament_index/resource_index/parent_prefix_path/sllidar_ros2
[3.076s] -- Up-to-date: /home/cewan/Automated-Tour-Car/ws_lidar/install/sllidar_ros2/share/sllidar_ros2/environment/ament_prefix_path.sh
[3.077s] -- Up-to-date: /home/cewan/Automated-Tour-Car/ws_lidar/install/sllidar_ros2/share/sllidar_ros2/environment/ament_prefix_path.dsv
[3.078s] -- Up-to-date: /home/cewan/Automated-Tour-Car/ws_lidar/install/sllidar_ros2/share/sllidar_ros2/environment/path.sh
[3.092s] -- Up-to-date: /home/cewan/Automated-Tour-Car/ws_lidar/install/sllidar_ros2/share/sllidar_ros2/environment/path.dsv
[3.099s] -- Up-to-date: /home/cewan/Automated-Tour-Car/ws_lidar/install/sllidar_ros2/share/sllidar_ros2/local_setup.bash
[3.100s] -- Up-to-date: /home/cewan/Automated-Tour-Car/ws_lidar/install/sllidar_ros2/share/sllidar_ros2/local_setup.sh
[3.101s] -- Up-to-date: /home/cewan/Automated-Tour-Car/ws_lidar/install/sllidar_ros2/share/sllidar_ros2/local_setup.zsh
[3.102s] -- Up-to-date: /home/cewan/Automated-Tour-Car/ws_lidar/install/sllidar_ros2/share/sllidar_ros2/local_setup.dsv
[3.102s] -- Installing: /home/cewan/Automated-Tour-Car/ws_lidar/install/sllidar_ros2/share/sllidar_ros2/package.dsv
[3.103s] -- Up-to-date: /home/cewan/Automated-Tour-Car/ws_lidar/install/sllidar_ros2/share/ament_index/resource_index/packages/sllidar_ros2
[3.103s] -- Up-to-date: /home/cewan/Automated-Tour-Car/ws_lidar/install/sllidar_ros2/share/sllidar_ros2/cmake/ament_cmake_export_dependencies-extras.cmake
[3.104s] -- Up-to-date: /home/cewan/Automated-Tour-Car/ws_lidar/install/sllidar_ros2/share/sllidar_ros2/cmake/ament_cmake_export_include_directories-extras.cmake
[3.139s] -- Up-to-date: /home/cewan/Automated-Tour-Car/ws_lidar/install/sllidar_ros2/share/sllidar_ros2/cmake/sllidar_ros2Config.cmake
[3.143s] -- Up-to-date: /home/cewan/Automated-Tour-Car/ws_lidar/install/sllidar_ros2/share/sllidar_ros2/cmake/sllidar_ros2Config-version.cmake
[3.169s] -- Up-to-date: /home/cewan/Automated-Tour-Car/ws_lidar/install/sllidar_ros2/share/sllidar_ros2/package.xml
[3.200s] Invoked command in '/home/cewan/Automated-Tour-Car/ws_lidar/build/sllidar_ros2' returned '0': CMAKE_PREFIX_PATH=${CMAKE_PREFIX_PATH}:/home/cewan/Automated-Tour-Car/ws_lidar/install/object_avoidance:/home/cewan/Automated-Tour-Car/ws_lidar/install/lidar:/home/cewan/Automated-Tour-Car/ws_lidar/install/gpsPubSub:/home/cewan/Automated-Tour-Car/ws_lidar/install/TurtleBot:/opt/ros/humble /usr/bin/cmake --install /home/cewan/Automated-Tour-Car/ws_lidar/build/sllidar_ros2
