[5.957s] Invoking command in '/home/cewan/ws_lidar/src/lidar': PYTHONPATH=/home/cewan/ws_lidar/build/lidar/prefix_override:/usr/lib/python3/dist-packages/colcon_core/task/python/colcon_distutils_commands:/home/cewan/ws_lidar/install/lidar/lib/python3.10/site-packages:${PYTHONPATH} /usr/bin/python3 -W ignore:setup.py install is deprecated -W ignore:easy_install command is deprecated setup.py egg_info --egg-base ../../build/lidar build --build-base /home/cewan/ws_lidar/build/lidar/build install --record /home/cewan/ws_lidar/build/lidar/install.log --single-version-externally-managed install_data
[7.690s] running egg_info
[7.696s] writing ../../build/lidar/lidar.egg-info/PKG-INFO
[7.696s] writing dependency_links to ../../build/lidar/lidar.egg-info/dependency_links.txt
[7.697s] writing entry points to ../../build/lidar/lidar.egg-info/entry_points.txt
[7.698s] writing requirements to ../../build/lidar/lidar.egg-info/requires.txt
[7.699s] writing top-level names to ../../build/lidar/lidar.egg-info/top_level.txt
[7.709s] reading manifest file '../../build/lidar/lidar.egg-info/SOURCES.txt'
[7.713s] writing manifest file '../../build/lidar/lidar.egg-info/SOURCES.txt'
[7.714s] running build
[7.714s] running build_py
[7.716s] running install
[7.717s] running install_lib
[7.728s] running install_data
[7.729s] running install_egg_info
[7.740s] removing '/home/cewan/ws_lidar/install/lidar/lib/python3.10/site-packages/lidar-0.0.0-py3.10.egg-info' (and everything under it)
[7.742s] Copying ../../build/lidar/lidar.egg-info to /home/cewan/ws_lidar/install/lidar/lib/python3.10/site-packages/lidar-0.0.0-py3.10.egg-info
[7.766s] running install_scripts
[7.938s] Installing lidar_publisher script to /home/cewan/ws_lidar/install/lidar/lib/lidar
[7.950s] Installing lidar_subscriber script to /home/cewan/ws_lidar/install/lidar/lib/lidar
[7.966s] writing list of installed files to '/home/cewan/ws_lidar/build/lidar/install.log'
[8.179s] Invoked command in '/home/cewan/ws_lidar/src/lidar' returned '0': PYTHONPATH=/home/cewan/ws_lidar/build/lidar/prefix_override:/usr/lib/python3/dist-packages/colcon_core/task/python/colcon_distutils_commands:/home/cewan/ws_lidar/install/lidar/lib/python3.10/site-packages:${PYTHONPATH} /usr/bin/python3 -W ignore:setup.py install is deprecated -W ignore:easy_install command is deprecated setup.py egg_info --egg-base ../../build/lidar build --build-base /home/cewan/ws_lidar/build/lidar/build install --record /home/cewan/ws_lidar/build/lidar/install.log --single-version-externally-managed install_data
