[6.877s] Invoking command in '/home/cewan/ws_lidar/src/lidar': PYTHONPATH=/home/cewan/ws_lidar/build/lidar/prefix_override:/usr/lib/python3/dist-packages/colcon_core/task/python/colcon_distutils_commands:/home/cewan/ws_lidar/install/lidar/lib/python3.10/site-packages:${PYTHONPATH} /usr/bin/python3 -W ignore:setup.py install is deprecated -W ignore:easy_install command is deprecated setup.py egg_info --egg-base ../../build/lidar build --build-base /home/cewan/ws_lidar/build/lidar/build install --record /home/cewan/ws_lidar/build/lidar/install.log --single-version-externally-managed install_data
[8.539s] running egg_info
[8.543s] writing ../../build/lidar/lidar.egg-info/PKG-INFO
[8.544s] writing dependency_links to ../../build/lidar/lidar.egg-info/dependency_links.txt
[8.545s] writing entry points to ../../build/lidar/lidar.egg-info/entry_points.txt
[8.547s] writing requirements to ../../build/lidar/lidar.egg-info/requires.txt
[8.548s] writing top-level names to ../../build/lidar/lidar.egg-info/top_level.txt
[8.560s] reading manifest file '../../build/lidar/lidar.egg-info/SOURCES.txt'
[8.581s] writing manifest file '../../build/lidar/lidar.egg-info/SOURCES.txt'
[8.582s] running build
[8.588s] running build_py
[8.589s] running install
[8.590s] running install_lib
[8.591s] running install_data
[8.591s] running install_egg_info
[8.596s] removing '/home/cewan/ws_lidar/install/lidar/lib/python3.10/site-packages/lidar-0.0.0-py3.10.egg-info' (and everything under it)
[8.599s] Copying ../../build/lidar/lidar.egg-info to /home/cewan/ws_lidar/install/lidar/lib/python3.10/site-packages/lidar-0.0.0-py3.10.egg-info
[8.607s] running install_scripts
[8.744s] Installing lidar_publisher script to /home/cewan/ws_lidar/install/lidar/lib/lidar
[8.745s] Installing lidar_subscriber script to /home/cewan/ws_lidar/install/lidar/lib/lidar
[8.748s] writing list of installed files to '/home/cewan/ws_lidar/build/lidar/install.log'
[9.069s] Invoked command in '/home/cewan/ws_lidar/src/lidar' returned '0': PYTHONPATH=/home/cewan/ws_lidar/build/lidar/prefix_override:/usr/lib/python3/dist-packages/colcon_core/task/python/colcon_distutils_commands:/home/cewan/ws_lidar/install/lidar/lib/python3.10/site-packages:${PYTHONPATH} /usr/bin/python3 -W ignore:setup.py install is deprecated -W ignore:easy_install command is deprecated setup.py egg_info --egg-base ../../build/lidar build --build-base /home/cewan/ws_lidar/build/lidar/build install --record /home/cewan/ws_lidar/build/lidar/install.log --single-version-externally-managed install_data
