[3.586s] Invoking command in '/home/cewan/ws_lidar/src/object_avoidance': PYTHONPATH=/home/cewan/ws_lidar/build/object_avoidance/prefix_override:/usr/lib/python3/dist-packages/colcon_core/task/python/colcon_distutils_commands:/home/cewan/ws_lidar/install/object_avoidance/lib/python3.10/site-packages:${PYTHONPATH} /usr/bin/python3 -W ignore:setup.py install is deprecated -W ignore:easy_install command is deprecated setup.py egg_info --egg-base ../../build/object_avoidance build --build-base /home/cewan/ws_lidar/build/object_avoidance/build install --record /home/cewan/ws_lidar/build/object_avoidance/install.log --single-version-externally-managed install_data
[5.140s] running egg_info
[5.144s] writing ../../build/object_avoidance/object_avoidance.egg-info/PKG-INFO
[5.146s] writing dependency_links to ../../build/object_avoidance/object_avoidance.egg-info/dependency_links.txt
[5.148s] writing entry points to ../../build/object_avoidance/object_avoidance.egg-info/entry_points.txt
[5.149s] writing requirements to ../../build/object_avoidance/object_avoidance.egg-info/requires.txt
[5.151s] writing top-level names to ../../build/object_avoidance/object_avoidance.egg-info/top_level.txt
[5.167s] reading manifest file '../../build/object_avoidance/object_avoidance.egg-info/SOURCES.txt'
[5.175s] writing manifest file '../../build/object_avoidance/object_avoidance.egg-info/SOURCES.txt'
[5.178s] running build
[5.180s] running build_py
[5.182s] copying object_avoidance/object_avoidance_publisher.py -> /home/cewan/ws_lidar/build/object_avoidance/build/lib/object_avoidance
[5.187s] running install
[5.190s] running install_lib
[5.204s] copying /home/cewan/ws_lidar/build/object_avoidance/build/lib/object_avoidance/object_avoidance_publisher.py -> /home/cewan/ws_lidar/install/object_avoidance/lib/python3.10/site-packages/object_avoidance
[5.210s] byte-compiling /home/cewan/ws_lidar/install/object_avoidance/lib/python3.10/site-packages/object_avoidance/object_avoidance_publisher.py to object_avoidance_publisher.cpython-310.pyc
[5.217s] running install_data
[5.218s] running install_egg_info
[5.227s] removing '/home/cewan/ws_lidar/install/object_avoidance/lib/python3.10/site-packages/object_avoidance-0.0.0-py3.10.egg-info' (and everything under it)
[5.229s] Copying ../../build/object_avoidance/object_avoidance.egg-info to /home/cewan/ws_lidar/install/object_avoidance/lib/python3.10/site-packages/object_avoidance-0.0.0-py3.10.egg-info
[5.237s] running install_scripts
[5.359s] Installing object_avoidance_publisher script to /home/cewan/ws_lidar/install/object_avoidance/lib/object_avoidance
[5.362s] Installing object_avoidance_subscriber script to /home/cewan/ws_lidar/install/object_avoidance/lib/object_avoidance
[5.364s] Installing test script to /home/cewan/ws_lidar/install/object_avoidance/lib/object_avoidance
[5.368s] writing list of installed files to '/home/cewan/ws_lidar/build/object_avoidance/install.log'
[5.559s] Invoked command in '/home/cewan/ws_lidar/src/object_avoidance' returned '0': PYTHONPATH=/home/cewan/ws_lidar/build/object_avoidance/prefix_override:/usr/lib/python3/dist-packages/colcon_core/task/python/colcon_distutils_commands:/home/cewan/ws_lidar/install/object_avoidance/lib/python3.10/site-packages:${PYTHONPATH} /usr/bin/python3 -W ignore:setup.py install is deprecated -W ignore:easy_install command is deprecated setup.py egg_info --egg-base ../../build/object_avoidance build --build-base /home/cewan/ws_lidar/build/object_avoidance/build install --record /home/cewan/ws_lidar/build/object_avoidance/install.log --single-version-externally-managed install_data
