[3.925s] Invoking command in '/home/cewan/ws_lidar/build/sllidar_ros2': CMAKE_PREFIX_PATH=${CMAKE_PREFIX_PATH}:/home/cewan/ws_lidar/install/object_avoidance:/home/cewan/ws_lidar/install/lidar:/home/cewan/ws_lidar/install/cartographer_slam:/opt/ros/humble /usr/bin/cmake --build /home/cewan/ws_lidar/build/sllidar_ros2 -- -j4 -l4
[4.432s] [ 10%] Built target sllidar_client
[4.442s] [100%] Built target sllidar_node
[4.537s] Invoked command in '/home/cewan/ws_lidar/build/sllidar_ros2' returned '0': CMAKE_PREFIX_PATH=${CMAKE_PREFIX_PATH}:/home/cewan/ws_lidar/install/object_avoidance:/home/cewan/ws_lidar/install/lidar:/home/cewan/ws_lidar/install/cartographer_slam:/opt/ros/humble /usr/bin/cmake --build /home/cewan/ws_lidar/build/sllidar_ros2 -- -j4 -l4
[4.603s] Invoking command in '/home/cewan/ws_lidar/build/sllidar_ros2': CMAKE_PREFIX_PATH=${CMAKE_PREFIX_PATH}:/home/cewan/ws_lidar/install/object_avoidance:/home/cewan/ws_lidar/install/lidar:/home/cewan/ws_lidar/install/cartographer_slam:/opt/ros/humble /usr/bin/cmake --install /home/cewan/ws_lidar/build/sllidar_ros2
[4.647s] -- Install configuration: ""
[4.651s] -- Execute custom install script
[4.656s] -- Up-to-date symlink: /home/cewan/ws_lidar/install/sllidar_ros2/share/sllidar_ros2/launch/sllidar_a1_launch.py
[4.660s] -- Up-to-date symlink: /home/cewan/ws_lidar/install/sllidar_ros2/share/sllidar_ros2/launch/sllidar_a2m12_launch .py
[4.662s] -- Up-to-date symlink: /home/cewan/ws_lidar/install/sllidar_ros2/share/sllidar_ros2/launch/sllidar_a2m7_launch.py
[4.664s] -- Up-to-date symlink: /home/cewan/ws_lidar/install/sllidar_ros2/share/sllidar_ros2/launch/sllidar_a2m8_launch.py
[4.666s] -- Up-to-date symlink: /home/cewan/ws_lidar/install/sllidar_ros2/share/sllidar_ros2/launch/sllidar_a3_launch.py
[4.669s] -- Up-to-date symlink: /home/cewan/ws_lidar/install/sllidar_ros2/share/sllidar_ros2/launch/sllidar_c1_launch.py
[4.671s] -- Up-to-date symlink: /home/cewan/ws_lidar/install/sllidar_ros2/share/sllidar_ros2/launch/sllidar_s1_launch.py
[4.673s] -- Up-to-date symlink: /home/cewan/ws_lidar/install/sllidar_ros2/share/sllidar_ros2/launch/sllidar_s1_tcp_launch.py
[4.675s] -- Up-to-date symlink: /home/cewan/ws_lidar/install/sllidar_ros2/share/sllidar_ros2/launch/sllidar_s2_launch.py
[4.677s] -- Up-to-date symlink: /home/cewan/ws_lidar/install/sllidar_ros2/share/sllidar_ros2/launch/sllidar_s2e_launch.py
[4.678s] -- Up-to-date symlink: /home/cewan/ws_lidar/install/sllidar_ros2/share/sllidar_ros2/launch/sllidar_s3_launch.py
[4.681s] -- Up-to-date symlink: /home/cewan/ws_lidar/install/sllidar_ros2/share/sllidar_ros2/launch/sllidar_t1_launch.py
[4.683s] -- Up-to-date symlink: /home/cewan/ws_lidar/install/sllidar_ros2/share/sllidar_ros2/launch/view_sllidar_a1_launch.py
[4.685s] -- Up-to-date symlink: /home/cewan/ws_lidar/install/sllidar_ros2/share/sllidar_ros2/launch/view_sllidar_a2m12_launch.py
[4.687s] -- Up-to-date symlink: /home/cewan/ws_lidar/install/sllidar_ros2/share/sllidar_ros2/launch/view_sllidar_a2m7_launch.py
[4.690s] -- Up-to-date symlink: /home/cewan/ws_lidar/install/sllidar_ros2/share/sllidar_ros2/launch/view_sllidar_a2m8_launch.py
[4.692s] -- Up-to-date symlink: /home/cewan/ws_lidar/install/sllidar_ros2/share/sllidar_ros2/launch/view_sllidar_a3_launch.py
[4.694s] -- Up-to-date symlink: /home/cewan/ws_lidar/install/sllidar_ros2/share/sllidar_ros2/launch/view_sllidar_c1_launch.py
[4.697s] -- Up-to-date symlink: /home/cewan/ws_lidar/install/sllidar_ros2/share/sllidar_ros2/launch/view_sllidar_s1_launch.py
[4.699s] -- Up-to-date symlink: /home/cewan/ws_lidar/install/sllidar_ros2/share/sllidar_ros2/launch/view_sllidar_s1_tcp_launch.py
[4.701s] -- Up-to-date symlink: /home/cewan/ws_lidar/install/sllidar_ros2/share/sllidar_ros2/launch/view_sllidar_s2_launch.py
[4.703s] -- Up-to-date symlink: /home/cewan/ws_lidar/install/sllidar_ros2/share/sllidar_ros2/launch/view_sllidar_s2e_launch.py
[4.705s] -- Up-to-date symlink: /home/cewan/ws_lidar/install/sllidar_ros2/share/sllidar_ros2/launch/view_sllidar_s3_launch.py
[4.707s] -- Up-to-date symlink: /home/cewan/ws_lidar/install/sllidar_ros2/share/sllidar_ros2/launch/view_sllidar_t1_launch.py
[4.710s] -- Up-to-date symlink: /home/cewan/ws_lidar/install/sllidar_ros2/share/sllidar_ros2/rviz/sllidar_ros2.rviz
[4.713s] -- Up-to-date symlink: /home/cewan/ws_lidar/install/sllidar_ros2/lib/sllidar_ros2/sllidar_node
[4.715s] -- Up-to-date symlink: /home/cewan/ws_lidar/install/sllidar_ros2/lib/sllidar_ros2/sllidar_client
[4.717s] -- Up-to-date symlink: /home/cewan/ws_lidar/install/sllidar_ros2/share/ament_index/resource_index/package_run_dependencies/sllidar_ros2
[4.721s] -- Up-to-date symlink: /home/cewan/ws_lidar/install/sllidar_ros2/share/ament_index/resource_index/parent_prefix_path/sllidar_ros2
[4.724s] -- Up-to-date symlink: /home/cewan/ws_lidar/install/sllidar_ros2/share/sllidar_ros2/environment/ament_prefix_path.sh
[4.726s] -- Up-to-date symlink: /home/cewan/ws_lidar/install/sllidar_ros2/share/sllidar_ros2/environment/ament_prefix_path.dsv
[4.729s] -- Up-to-date symlink: /home/cewan/ws_lidar/install/sllidar_ros2/share/sllidar_ros2/environment/path.sh
[4.732s] -- Up-to-date symlink: /home/cewan/ws_lidar/install/sllidar_ros2/share/sllidar_ros2/environment/path.dsv
[4.734s] -- Up-to-date symlink: /home/cewan/ws_lidar/install/sllidar_ros2/share/sllidar_ros2/local_setup.bash
[4.738s] -- Up-to-date symlink: /home/cewan/ws_lidar/install/sllidar_ros2/share/sllidar_ros2/local_setup.sh
[4.740s] -- Up-to-date symlink: /home/cewan/ws_lidar/install/sllidar_ros2/share/sllidar_ros2/local_setup.zsh
[4.742s] -- Up-to-date symlink: /home/cewan/ws_lidar/install/sllidar_ros2/share/sllidar_ros2/local_setup.dsv
[4.744s] -- Symlinking: /home/cewan/ws_lidar/install/sllidar_ros2/share/sllidar_ros2/package.dsv
[4.792s] -- Up-to-date symlink: /home/cewan/ws_lidar/install/sllidar_ros2/share/ament_index/resource_index/packages/sllidar_ros2
[4.794s] -- Up-to-date symlink: /home/cewan/ws_lidar/install/sllidar_ros2/share/sllidar_ros2/cmake/ament_cmake_export_dependencies-extras.cmake
[4.797s] -- Up-to-date symlink: /home/cewan/ws_lidar/install/sllidar_ros2/share/sllidar_ros2/cmake/ament_cmake_export_include_directories-extras.cmake
[4.800s] -- Up-to-date symlink: /home/cewan/ws_lidar/install/sllidar_ros2/share/sllidar_ros2/cmake/sllidar_ros2Config.cmake
[4.802s] -- Up-to-date symlink: /home/cewan/ws_lidar/install/sllidar_ros2/share/sllidar_ros2/cmake/sllidar_ros2Config-version.cmake
[4.804s] -- Up-to-date symlink: /home/cewan/ws_lidar/install/sllidar_ros2/share/sllidar_ros2/package.xml
[4.824s] Invoked command in '/home/cewan/ws_lidar/build/sllidar_ros2' returned '0': CMAKE_PREFIX_PATH=${CMAKE_PREFIX_PATH}:/home/cewan/ws_lidar/install/object_avoidance:/home/cewan/ws_lidar/install/lidar:/home/cewan/ws_lidar/install/cartographer_slam:/opt/ros/humble /usr/bin/cmake --install /home/cewan/ws_lidar/build/sllidar_ros2
