[11.093s] Invoking command in '/home/cewan/ws_lidar/src/object_avoidance': PYTHONPATH=/home/cewan/ws_lidar/build/object_avoidance/prefix_override:/usr/lib/python3/dist-packages/colcon_core/task/python/colcon_distutils_commands:/home/cewan/ws_lidar/install/object_avoidance/lib/python3.10/site-packages:${PYTHONPATH} /usr/bin/python3 -W ignore:setup.py install is deprecated -W ignore:easy_install command is deprecated setup.py egg_info --egg-base ../../build/object_avoidance build --build-base /home/cewan/ws_lidar/build/object_avoidance/build install --record /home/cewan/ws_lidar/build/object_avoidance/install.log --single-version-externally-managed install_data
[15.016s] running egg_info
[15.042s] writing ../../build/object_avoidance/object_avoidance.egg-info/PKG-INFO
[15.052s] writing dependency_links to ../../build/object_avoidance/object_avoidance.egg-info/dependency_links.txt
[15.065s] writing entry points to ../../build/object_avoidance/object_avoidance.egg-info/entry_points.txt
[15.068s] writing requirements to ../../build/object_avoidance/object_avoidance.egg-info/requires.txt
[15.079s] writing top-level names to ../../build/object_avoidance/object_avoidance.egg-info/top_level.txt
[15.096s] reading manifest file '../../build/object_avoidance/object_avoidance.egg-info/SOURCES.txt'
[15.103s] writing manifest file '../../build/object_avoidance/object_avoidance.egg-info/SOURCES.txt'
[15.104s] running build
[15.121s] running build_py
[15.124s] copying object_avoidance/object_avoidance_publisher.py -> /home/cewan/ws_lidar/build/object_avoidance/build/lib/object_avoidance
[15.124s] running install
[15.152s] running install_lib
[15.167s] copying /home/cewan/ws_lidar/build/object_avoidance/build/lib/object_avoidance/object_avoidance_publisher.py -> /home/cewan/ws_lidar/install/object_avoidance/lib/python3.10/site-packages/object_avoidance
[15.182s] byte-compiling /home/cewan/ws_lidar/install/object_avoidance/lib/python3.10/site-packages/object_avoidance/object_avoidance_publisher.py to object_avoidance_publisher.cpython-310.pyc
[15.200s] running install_data
[15.203s] running install_egg_info
[15.214s] removing '/home/cewan/ws_lidar/install/object_avoidance/lib/python3.10/site-packages/object_avoidance-0.0.0-py3.10.egg-info' (and everything under it)
[15.230s] Copying ../../build/object_avoidance/object_avoidance.egg-info to /home/cewan/ws_lidar/install/object_avoidance/lib/python3.10/site-packages/object_avoidance-0.0.0-py3.10.egg-info
[15.251s] running install_scripts
[15.452s] Installing object_avoidance_publisher script to /home/cewan/ws_lidar/install/object_avoidance/lib/object_avoidance
[15.457s] Installing object_avoidance_subscriber script to /home/cewan/ws_lidar/install/object_avoidance/lib/object_avoidance
[15.460s] Installing test script to /home/cewan/ws_lidar/install/object_avoidance/lib/object_avoidance
[15.463s] writing list of installed files to '/home/cewan/ws_lidar/build/object_avoidance/install.log'
[15.798s] Invoked command in '/home/cewan/ws_lidar/src/object_avoidance' returned '0': PYTHONPATH=/home/cewan/ws_lidar/build/object_avoidance/prefix_override:/usr/lib/python3/dist-packages/colcon_core/task/python/colcon_distutils_commands:/home/cewan/ws_lidar/install/object_avoidance/lib/python3.10/site-packages:${PYTHONPATH} /usr/bin/python3 -W ignore:setup.py install is deprecated -W ignore:easy_install command is deprecated setup.py egg_info --egg-base ../../build/object_avoidance build --build-base /home/cewan/ws_lidar/build/object_avoidance/build install --record /home/cewan/ws_lidar/build/object_avoidance/install.log --single-version-externally-managed install_data
