[5.853s] Invoking command in '/home/cewan/Automated-Tour-Car/ws_lidar/build/sllidar_ros2': CMAKE_PREFIX_PATH=${CMAKE_PREFIX_PATH}:/home/cewan/Automated-Tour-Car/ws_lidar/install/object_avoidance:/home/cewan/Automated-Tour-Car/ws_lidar/install/lidar:/opt/ros/humble /usr/bin/cmake --build /home/cewan/Automated-Tour-Car/ws_lidar/build/sllidar_ros2 -- -j4 -l4
[7.154s] [ 90%] Built target sllidar_node
[7.521s] [100%] Built target sllidar_client
[7.668s] Invoked command in '/home/cewan/Automated-Tour-Car/ws_lidar/build/sllidar_ros2' returned '0': CMAKE_PREFIX_PATH=${CMAKE_PREFIX_PATH}:/home/cewan/Automated-Tour-Car/ws_lidar/install/object_avoidance:/home/cewan/Automated-Tour-Car/ws_lidar/install/lidar:/opt/ros/humble /usr/bin/cmake --build /home/cewan/Automated-Tour-Car/ws_lidar/build/sllidar_ros2 -- -j4 -l4
[7.802s] Invoking command in '/home/cewan/Automated-Tour-Car/ws_lidar/build/sllidar_ros2': CMAKE_PREFIX_PATH=${CMAKE_PREFIX_PATH}:/home/cewan/Automated-Tour-Car/ws_lidar/install/object_avoidance:/home/cewan/Automated-Tour-Car/ws_lidar/install/lidar:/opt/ros/humble /usr/bin/cmake --install /home/cewan/Automated-Tour-Car/ws_lidar/build/sllidar_ros2
[7.882s] -- Install configuration: ""
[7.883s] -- Up-to-date: /home/cewan/Automated-Tour-Car/ws_lidar/install/sllidar_ros2/share/sllidar_ros2/launch
[7.887s] -- Up-to-date: /home/cewan/Automated-Tour-Car/ws_lidar/install/sllidar_ros2/share/sllidar_ros2/launch/view_sllidar_c1_launch.py
[7.890s] -- Up-to-date: /home/cewan/Automated-Tour-Car/ws_lidar/install/sllidar_ros2/share/sllidar_ros2/launch/sllidar_s3_launch.py
[7.893s] -- Up-to-date: /home/cewan/Automated-Tour-Car/ws_lidar/install/sllidar_ros2/share/sllidar_ros2/launch/sllidar_a2m8_launch.py
[7.895s] -- Up-to-date: /home/cewan/Automated-Tour-Car/ws_lidar/install/sllidar_ros2/share/sllidar_ros2/launch/view_sllidar_s1_tcp_launch.py
[7.897s] -- Up-to-date: /home/cewan/Automated-Tour-Car/ws_lidar/install/sllidar_ros2/share/sllidar_ros2/launch/sllidar_s1_tcp_launch.py
[7.899s] -- Up-to-date: /home/cewan/Automated-Tour-Car/ws_lidar/install/sllidar_ros2/share/sllidar_ros2/launch/sllidar_c1_launch.py
[7.902s] -- Up-to-date: /home/cewan/Automated-Tour-Car/ws_lidar/install/sllidar_ros2/share/sllidar_ros2/launch/sllidar_s1_launch.py
[7.904s] -- Up-to-date: /home/cewan/Automated-Tour-Car/ws_lidar/install/sllidar_ros2/share/sllidar_ros2/launch/sllidar_s2_launch.py
[7.912s] -- Up-to-date: /home/cewan/Automated-Tour-Car/ws_lidar/install/sllidar_ros2/share/sllidar_ros2/launch/view_sllidar_a2m8_launch.py
[7.914s] -- Up-to-date: /home/cewan/Automated-Tour-Car/ws_lidar/install/sllidar_ros2/share/sllidar_ros2/launch/view_sllidar_a3_launch.py
[7.917s] -- Up-to-date: /home/cewan/Automated-Tour-Car/ws_lidar/install/sllidar_ros2/share/sllidar_ros2/launch/view_sllidar_s2_launch.py
[7.919s] -- Up-to-date: /home/cewan/Automated-Tour-Car/ws_lidar/install/sllidar_ros2/share/sllidar_ros2/launch/view_sllidar_a2m12_launch.py
[7.931s] -- Up-to-date: /home/cewan/Automated-Tour-Car/ws_lidar/install/sllidar_ros2/share/sllidar_ros2/launch/view_sllidar_s1_launch.py
[7.933s] -- Up-to-date: /home/cewan/Automated-Tour-Car/ws_lidar/install/sllidar_ros2/share/sllidar_ros2/launch/sllidar_s2e_launch.py
[7.934s] -- Up-to-date: /home/cewan/Automated-Tour-Car/ws_lidar/install/sllidar_ros2/share/sllidar_ros2/launch/sllidar_a2m12_launch .py
[7.947s] -- Up-to-date: /home/cewan/Automated-Tour-Car/ws_lidar/install/sllidar_ros2/share/sllidar_ros2/launch/sllidar_t1_launch.py
[7.948s] -- Up-to-date: /home/cewan/Automated-Tour-Car/ws_lidar/install/sllidar_ros2/share/sllidar_ros2/launch/view_sllidar_a2m7_launch.py
[7.949s] -- Up-to-date: /home/cewan/Automated-Tour-Car/ws_lidar/install/sllidar_ros2/share/sllidar_ros2/launch/log
[7.951s] -- Up-to-date: /home/cewan/Automated-Tour-Car/ws_lidar/install/sllidar_ros2/share/sllidar_ros2/launch/log/COLCON_IGNORE
[7.952s] -- Up-to-date: /home/cewan/Automated-Tour-Car/ws_lidar/install/sllidar_ros2/share/sllidar_ros2/launch/log/latest
[7.969s] -- Up-to-date: /home/cewan/Automated-Tour-Car/ws_lidar/install/sllidar_ros2/share/sllidar_ros2/launch/log/build_2025-02-05_13-08-21
[8.010s] -- Up-to-date: /home/cewan/Automated-Tour-Car/ws_lidar/install/sllidar_ros2/share/sllidar_ros2/launch/log/build_2025-02-05_13-08-21/logger_all.log
[8.013s] -- Up-to-date: /home/cewan/Automated-Tour-Car/ws_lidar/install/sllidar_ros2/share/sllidar_ros2/launch/log/build_2025-02-05_13-08-21/events.log
[8.014s] -- Up-to-date: /home/cewan/Automated-Tour-Car/ws_lidar/install/sllidar_ros2/share/sllidar_ros2/launch/log/latest_build
[8.015s] -- Up-to-date: /home/cewan/Automated-Tour-Car/ws_lidar/install/sllidar_ros2/share/sllidar_ros2/launch/view_sllidar_t1_launch.py
[8.070s] -- Up-to-date: /home/cewan/Automated-Tour-Car/ws_lidar/install/sllidar_ros2/share/sllidar_ros2/launch/sllidar_a2m7_launch.py
[8.071s] -- Up-to-date: /home/cewan/Automated-Tour-Car/ws_lidar/install/sllidar_ros2/share/sllidar_ros2/launch/view_sllidar_s3_launch.py
[8.082s] -- Up-to-date: /home/cewan/Automated-Tour-Car/ws_lidar/install/sllidar_ros2/share/sllidar_ros2/launch/build
[8.082s] -- Up-to-date: /home/cewan/Automated-Tour-Car/ws_lidar/install/sllidar_ros2/share/sllidar_ros2/launch/build/COLCON_IGNORE
[8.083s] -- Up-to-date: /home/cewan/Automated-Tour-Car/ws_lidar/install/sllidar_ros2/share/sllidar_ros2/launch/build/.built_by
[8.084s] -- Up-to-date: /home/cewan/Automated-Tour-Car/ws_lidar/install/sllidar_ros2/share/sllidar_ros2/launch/install
[8.093s] -- Up-to-date: /home/cewan/Automated-Tour-Car/ws_lidar/install/sllidar_ros2/share/sllidar_ros2/launch/install/setup.ps1
[8.095s] -- Up-to-date: /home/cewan/Automated-Tour-Car/ws_lidar/install/sllidar_ros2/share/sllidar_ros2/launch/install/setup.sh
[8.095s] -- Up-to-date: /home/cewan/Automated-Tour-Car/ws_lidar/install/sllidar_ros2/share/sllidar_ros2/launch/install/_local_setup_util_ps1.py
[8.096s] -- Up-to-date: /home/cewan/Automated-Tour-Car/ws_lidar/install/sllidar_ros2/share/sllidar_ros2/launch/install/COLCON_IGNORE
[8.149s] -- Up-to-date: /home/cewan/Automated-Tour-Car/ws_lidar/install/sllidar_ros2/share/sllidar_ros2/launch/install/setup.bash
[8.150s] -- Up-to-date: /home/cewan/Automated-Tour-Car/ws_lidar/install/sllidar_ros2/share/sllidar_ros2/launch/install/local_setup.sh
[8.150s] -- Up-to-date: /home/cewan/Automated-Tour-Car/ws_lidar/install/sllidar_ros2/share/sllidar_ros2/launch/install/_local_setup_util_sh.py
[8.150s] -- Up-to-date: /home/cewan/Automated-Tour-Car/ws_lidar/install/sllidar_ros2/share/sllidar_ros2/launch/install/.colcon_install_layout
[8.151s] -- Up-to-date: /home/cewan/Automated-Tour-Car/ws_lidar/install/sllidar_ros2/share/sllidar_ros2/launch/install/setup.zsh
[8.151s] -- Up-to-date: /home/cewan/Automated-Tour-Car/ws_lidar/install/sllidar_ros2/share/sllidar_ros2/launch/install/local_setup.ps1
[8.152s] -- Up-to-date: /home/cewan/Automated-Tour-Car/ws_lidar/install/sllidar_ros2/share/sllidar_ros2/launch/install/local_setup.zsh
[8.152s] -- Up-to-date: /home/cewan/Automated-Tour-Car/ws_lidar/install/sllidar_ros2/share/sllidar_ros2/launch/install/local_setup.bash
[8.153s] -- Up-to-date: /home/cewan/Automated-Tour-Car/ws_lidar/install/sllidar_ros2/share/sllidar_ros2/launch/view_sllidar_s2e_launch.py
[8.170s] -- Up-to-date: /home/cewan/Automated-Tour-Car/ws_lidar/install/sllidar_ros2/share/sllidar_ros2/launch/sllidar_a3_launch.py
[8.171s] -- Up-to-date: /home/cewan/Automated-Tour-Car/ws_lidar/install/sllidar_ros2/share/sllidar_ros2/launch/sllidar_a1_launch.py
[8.172s] -- Up-to-date: /home/cewan/Automated-Tour-Car/ws_lidar/install/sllidar_ros2/share/sllidar_ros2/launch/view_sllidar_a1_launch.py
[8.173s] -- Up-to-date: /home/cewan/Automated-Tour-Car/ws_lidar/install/sllidar_ros2/share/sllidar_ros2/rviz
[8.182s] -- Up-to-date: /home/cewan/Automated-Tour-Car/ws_lidar/install/sllidar_ros2/share/sllidar_ros2/rviz/sllidar_ros2.rviz
[8.182s] -- Up-to-date: /home/cewan/Automated-Tour-Car/ws_lidar/install/sllidar_ros2/lib/sllidar_ros2/sllidar_node
[8.183s] -- Up-to-date: /home/cewan/Automated-Tour-Car/ws_lidar/install/sllidar_ros2/lib/sllidar_ros2/sllidar_client
[8.183s] -- Up-to-date: /home/cewan/Automated-Tour-Car/ws_lidar/install/sllidar_ros2/share/ament_index/resource_index/package_run_dependencies/sllidar_ros2
[8.184s] -- Up-to-date: /home/cewan/Automated-Tour-Car/ws_lidar/install/sllidar_ros2/share/ament_index/resource_index/parent_prefix_path/sllidar_ros2
[8.184s] -- Up-to-date: /home/cewan/Automated-Tour-Car/ws_lidar/install/sllidar_ros2/share/sllidar_ros2/environment/ament_prefix_path.sh
[8.216s] -- Up-to-date: /home/cewan/Automated-Tour-Car/ws_lidar/install/sllidar_ros2/share/sllidar_ros2/environment/ament_prefix_path.dsv
[8.216s] -- Up-to-date: /home/cewan/Automated-Tour-Car/ws_lidar/install/sllidar_ros2/share/sllidar_ros2/environment/path.sh
[8.217s] -- Up-to-date: /home/cewan/Automated-Tour-Car/ws_lidar/install/sllidar_ros2/share/sllidar_ros2/environment/path.dsv
[8.218s] -- Up-to-date: /home/cewan/Automated-Tour-Car/ws_lidar/install/sllidar_ros2/share/sllidar_ros2/local_setup.bash
[8.218s] -- Up-to-date: /home/cewan/Automated-Tour-Car/ws_lidar/install/sllidar_ros2/share/sllidar_ros2/local_setup.sh
[8.219s] -- Up-to-date: /home/cewan/Automated-Tour-Car/ws_lidar/install/sllidar_ros2/share/sllidar_ros2/local_setup.zsh
[8.219s] -- Up-to-date: /home/cewan/Automated-Tour-Car/ws_lidar/install/sllidar_ros2/share/sllidar_ros2/local_setup.dsv
[8.220s] -- Installing: /home/cewan/Automated-Tour-Car/ws_lidar/install/sllidar_ros2/share/sllidar_ros2/package.dsv
[8.220s] -- Up-to-date: /home/cewan/Automated-Tour-Car/ws_lidar/install/sllidar_ros2/share/ament_index/resource_index/packages/sllidar_ros2
[8.233s] -- Up-to-date: /home/cewan/Automated-Tour-Car/ws_lidar/install/sllidar_ros2/share/sllidar_ros2/cmake/ament_cmake_export_dependencies-extras.cmake
[8.234s] -- Up-to-date: /home/cewan/Automated-Tour-Car/ws_lidar/install/sllidar_ros2/share/sllidar_ros2/cmake/ament_cmake_export_include_directories-extras.cmake
[8.235s] -- Up-to-date: /home/cewan/Automated-Tour-Car/ws_lidar/install/sllidar_ros2/share/sllidar_ros2/cmake/sllidar_ros2Config.cmake
[8.235s] -- Up-to-date: /home/cewan/Automated-Tour-Car/ws_lidar/install/sllidar_ros2/share/sllidar_ros2/cmake/sllidar_ros2Config-version.cmake
[8.236s] -- Up-to-date: /home/cewan/Automated-Tour-Car/ws_lidar/install/sllidar_ros2/share/sllidar_ros2/package.xml
[8.245s] Invoked command in '/home/cewan/Automated-Tour-Car/ws_lidar/build/sllidar_ros2' returned '0': CMAKE_PREFIX_PATH=${CMAKE_PREFIX_PATH}:/home/cewan/Automated-Tour-Car/ws_lidar/install/object_avoidance:/home/cewan/Automated-Tour-Car/ws_lidar/install/lidar:/opt/ros/humble /usr/bin/cmake --install /home/cewan/Automated-Tour-Car/ws_lidar/build/sllidar_ros2
