[0.526s] DEBUG:colcon:Command line arguments: ['/usr/bin/colcon', 'build', '--packages-select', 'gpsPubSub']
[0.527s] DEBUG:colcon:Parsed command line arguments: Namespace(log_base=None, log_level=None, verb_name='build', build_base='build', install_base='install', merge_install=False, symlink_install=False, test_result_base=None, continue_on_error=False, executor='parallel', parallel_workers=4, event_handlers=None, ignore_user_meta=False, metas=['./colcon.meta'], base_paths=['.'], packages_ignore=None, packages_ignore_regex=None, paths=None, packages_up_to=None, packages_up_to_regex=None, packages_above=None, packages_above_and_dependencies=None, packages_above_depth=None, packages_select_by_dep=None, packages_skip_by_dep=None, packages_skip_up_to=None, packages_select_build_failed=False, packages_skip_build_finished=False, packages_select_test_failures=False, packages_skip_test_passed=False, packages_select=['gpsPubSub'], packages_skip=None, packages_select_regex=None, packages_skip_regex=None, packages_start=None, packages_end=None, allow_overriding=[], cmake_args=None, cmake_target=None, cmake_target_skip_unavailable=False, cmake_clean_cache=False, cmake_clean_first=False, cmake_force_configure=False, ament_cmake_args=None, catkin_cmake_args=None, catkin_skip_building_tests=False, verb_parser=<colcon_defaults.argument_parser.defaults.DefaultArgumentsDecorator object at 0xffff839a4580>, verb_extension=<colcon_core.verb.build.BuildVerb object at 0xffff83b4ea10>, main=<bound method BuildVerb.main of <colcon_core.verb.build.BuildVerb object at 0xffff83b4ea10>>)
[1.563s] Level 1:colcon.colcon_core.package_discovery:discover_packages(colcon_meta) check parameters
[1.564s] Level 1:colcon.colcon_core.package_discovery:discover_packages(recursive) check parameters
[1.564s] Level 1:colcon.colcon_core.package_discovery:discover_packages(ignore) check parameters
[1.564s] Level 1:colcon.colcon_core.package_discovery:discover_packages(path) check parameters
[1.564s] Level 1:colcon.colcon_core.package_discovery:discover_packages(colcon_meta) discover
[1.565s] Level 1:colcon.colcon_core.package_discovery:discover_packages(recursive) discover
[1.565s] INFO:colcon.colcon_core.package_discovery:Crawling recursively for packages in '/home/cewan/Automated-Tour-Car/ws_lidar'
[1.565s] Level 1:colcon.colcon_core.package_identification:_identify(.) by extensions ['ignore', 'ignore_ament_install']
[1.566s] Level 1:colcon.colcon_core.package_identification:_identify(.) by extension 'ignore'
[1.566s] Level 1:colcon.colcon_core.package_identification:_identify(.) by extension 'ignore_ament_install'
[1.567s] Level 1:colcon.colcon_core.package_identification:_identify(.) by extensions ['colcon_pkg']
[1.567s] Level 1:colcon.colcon_core.package_identification:_identify(.) by extension 'colcon_pkg'
[1.567s] Level 1:colcon.colcon_core.package_identification:_identify(.) by extensions ['colcon_meta']
[1.567s] Level 1:colcon.colcon_core.package_identification:_identify(.) by extension 'colcon_meta'
[1.567s] Level 1:colcon.colcon_core.package_identification:_identify(.) by extensions ['ros']
[1.568s] Level 1:colcon.colcon_core.package_identification:_identify(.) by extension 'ros'
[1.733s] Level 1:colcon.colcon_core.package_identification:_identify(.) by extensions ['cmake', 'python']
[1.734s] Level 1:colcon.colcon_core.package_identification:_identify(.) by extension 'cmake'
[1.734s] Level 1:colcon.colcon_core.package_identification:_identify(.) by extension 'python'
[1.734s] Level 1:colcon.colcon_core.package_identification:_identify(.) by extensions ['python_setup_py']
[1.734s] Level 1:colcon.colcon_core.package_identification:_identify(.) by extension 'python_setup_py'
[1.735s] Level 1:colcon.colcon_core.package_identification:_identify(build) by extensions ['ignore', 'ignore_ament_install']
[1.735s] Level 1:colcon.colcon_core.package_identification:_identify(build) by extension 'ignore'
[1.735s] Level 1:colcon.colcon_core.package_identification:_identify(build) ignored
[1.736s] Level 1:colcon.colcon_core.package_identification:_identify(install) by extensions ['ignore', 'ignore_ament_install']
[1.737s] Level 1:colcon.colcon_core.package_identification:_identify(install) by extension 'ignore'
[1.737s] Level 1:colcon.colcon_core.package_identification:_identify(install) ignored
[1.741s] Level 1:colcon.colcon_core.package_identification:_identify(log) by extensions ['ignore', 'ignore_ament_install']
[1.742s] Level 1:colcon.colcon_core.package_identification:_identify(log) by extension 'ignore'
[1.742s] Level 1:colcon.colcon_core.package_identification:_identify(log) ignored
[1.742s] Level 1:colcon.colcon_core.package_identification:_identify(src) by extensions ['ignore', 'ignore_ament_install']
[1.743s] Level 1:colcon.colcon_core.package_identification:_identify(src) by extension 'ignore'
[1.743s] Level 1:colcon.colcon_core.package_identification:_identify(src) by extension 'ignore_ament_install'
[1.743s] Level 1:colcon.colcon_core.package_identification:_identify(src) by extensions ['colcon_pkg']
[1.743s] Level 1:colcon.colcon_core.package_identification:_identify(src) by extension 'colcon_pkg'
[1.743s] Level 1:colcon.colcon_core.package_identification:_identify(src) by extensions ['colcon_meta']
[1.743s] Level 1:colcon.colcon_core.package_identification:_identify(src) by extension 'colcon_meta'
[1.744s] Level 1:colcon.colcon_core.package_identification:_identify(src) by extensions ['ros']
[1.744s] Level 1:colcon.colcon_core.package_identification:_identify(src) by extension 'ros'
[1.744s] Level 1:colcon.colcon_core.package_identification:_identify(src) by extensions ['cmake', 'python']
[1.744s] Level 1:colcon.colcon_core.package_identification:_identify(src) by extension 'cmake'
[1.744s] Level 1:colcon.colcon_core.package_identification:_identify(src) by extension 'python'
[1.745s] Level 1:colcon.colcon_core.package_identification:_identify(src) by extensions ['python_setup_py']
[1.745s] Level 1:colcon.colcon_core.package_identification:_identify(src) by extension 'python_setup_py'
[1.745s] Level 1:colcon.colcon_core.package_identification:_identify(src/TurtleBot) by extensions ['ignore', 'ignore_ament_install']
[1.746s] Level 1:colcon.colcon_core.package_identification:_identify(src/TurtleBot) by extension 'ignore'
[1.746s] Level 1:colcon.colcon_core.package_identification:_identify(src/TurtleBot) by extension 'ignore_ament_install'
[1.746s] Level 1:colcon.colcon_core.package_identification:_identify(src/TurtleBot) by extensions ['colcon_pkg']
[1.746s] Level 1:colcon.colcon_core.package_identification:_identify(src/TurtleBot) by extension 'colcon_pkg'
[1.746s] Level 1:colcon.colcon_core.package_identification:_identify(src/TurtleBot) by extensions ['colcon_meta']
[1.746s] Level 1:colcon.colcon_core.package_identification:_identify(src/TurtleBot) by extension 'colcon_meta'
[1.747s] Level 1:colcon.colcon_core.package_identification:_identify(src/TurtleBot) by extensions ['ros']
[1.747s] Level 1:colcon.colcon_core.package_identification:_identify(src/TurtleBot) by extension 'ros'
[1.756s] DEBUG:colcon.colcon_core.package_identification:Package 'src/TurtleBot' with type 'ros.ament_python' and name 'TurtleBot'
[1.757s] Level 1:colcon.colcon_core.package_identification:_identify(src/gpsPubSub) by extensions ['ignore', 'ignore_ament_install']
[1.757s] Level 1:colcon.colcon_core.package_identification:_identify(src/gpsPubSub) by extension 'ignore'
[1.758s] Level 1:colcon.colcon_core.package_identification:_identify(src/gpsPubSub) by extension 'ignore_ament_install'
[1.758s] Level 1:colcon.colcon_core.package_identification:_identify(src/gpsPubSub) by extensions ['colcon_pkg']
[1.758s] Level 1:colcon.colcon_core.package_identification:_identify(src/gpsPubSub) by extension 'colcon_pkg'
[1.758s] Level 1:colcon.colcon_core.package_identification:_identify(src/gpsPubSub) by extensions ['colcon_meta']
[1.758s] Level 1:colcon.colcon_core.package_identification:_identify(src/gpsPubSub) by extension 'colcon_meta'
[1.759s] Level 1:colcon.colcon_core.package_identification:_identify(src/gpsPubSub) by extensions ['ros']
[1.759s] Level 1:colcon.colcon_core.package_identification:_identify(src/gpsPubSub) by extension 'ros'
[1.763s] DEBUG:colcon.colcon_core.package_identification:Package 'src/gpsPubSub' with type 'ros.ament_python' and name 'gpsPubSub'
[1.764s] Level 1:colcon.colcon_core.package_identification:_identify(src/lidar) by extensions ['ignore', 'ignore_ament_install']
[1.764s] Level 1:colcon.colcon_core.package_identification:_identify(src/lidar) by extension 'ignore'
[1.765s] Level 1:colcon.colcon_core.package_identification:_identify(src/lidar) by extension 'ignore_ament_install'
[1.765s] Level 1:colcon.colcon_core.package_identification:_identify(src/lidar) by extensions ['colcon_pkg']
[1.765s] Level 1:colcon.colcon_core.package_identification:_identify(src/lidar) by extension 'colcon_pkg'
[1.765s] Level 1:colcon.colcon_core.package_identification:_identify(src/lidar) by extensions ['colcon_meta']
[1.765s] Level 1:colcon.colcon_core.package_identification:_identify(src/lidar) by extension 'colcon_meta'
[1.766s] Level 1:colcon.colcon_core.package_identification:_identify(src/lidar) by extensions ['ros']
[1.766s] Level 1:colcon.colcon_core.package_identification:_identify(src/lidar) by extension 'ros'
[1.768s] DEBUG:colcon.colcon_core.package_identification:Package 'src/lidar' with type 'ros.ament_python' and name 'lidar'
[1.768s] Level 1:colcon.colcon_core.package_identification:_identify(src/object_avoidance) by extensions ['ignore', 'ignore_ament_install']
[1.769s] Level 1:colcon.colcon_core.package_identification:_identify(src/object_avoidance) by extension 'ignore'
[1.769s] Level 1:colcon.colcon_core.package_identification:_identify(src/object_avoidance) by extension 'ignore_ament_install'
[1.769s] Level 1:colcon.colcon_core.package_identification:_identify(src/object_avoidance) by extensions ['colcon_pkg']
[1.769s] Level 1:colcon.colcon_core.package_identification:_identify(src/object_avoidance) by extension 'colcon_pkg'
[1.769s] Level 1:colcon.colcon_core.package_identification:_identify(src/object_avoidance) by extensions ['colcon_meta']
[1.770s] Level 1:colcon.colcon_core.package_identification:_identify(src/object_avoidance) by extension 'colcon_meta'
[1.770s] Level 1:colcon.colcon_core.package_identification:_identify(src/object_avoidance) by extensions ['ros']
[1.770s] Level 1:colcon.colcon_core.package_identification:_identify(src/object_avoidance) by extension 'ros'
[1.772s] DEBUG:colcon.colcon_core.package_identification:Package 'src/object_avoidance' with type 'ros.ament_python' and name 'object_avoidance'
[1.773s] Level 1:colcon.colcon_core.package_identification:_identify(src/sllidar_ros2) by extensions ['ignore', 'ignore_ament_install']
[1.773s] Level 1:colcon.colcon_core.package_identification:_identify(src/sllidar_ros2) by extension 'ignore'
[1.773s] Level 1:colcon.colcon_core.package_identification:_identify(src/sllidar_ros2) by extension 'ignore_ament_install'
[1.773s] Level 1:colcon.colcon_core.package_identification:_identify(src/sllidar_ros2) by extensions ['colcon_pkg']
[1.773s] Level 1:colcon.colcon_core.package_identification:_identify(src/sllidar_ros2) by extension 'colcon_pkg'
[1.774s] Level 1:colcon.colcon_core.package_identification:_identify(src/sllidar_ros2) by extensions ['colcon_meta']
[1.774s] Level 1:colcon.colcon_core.package_identification:_identify(src/sllidar_ros2) by extension 'colcon_meta'
[1.774s] Level 1:colcon.colcon_core.package_identification:_identify(src/sllidar_ros2) by extensions ['ros']
[1.774s] Level 1:colcon.colcon_core.package_identification:_identify(src/sllidar_ros2) by extension 'ros'
[1.777s] DEBUG:colcon.colcon_core.package_identification:Package 'src/sllidar_ros2' with type 'ros.ament_cmake' and name 'sllidar_ros2'
[1.778s] Level 1:colcon.colcon_core.package_identification:_identify(src/teleop_control) by extensions ['ignore', 'ignore_ament_install']
[1.778s] Level 1:colcon.colcon_core.package_identification:_identify(src/teleop_control) by extension 'ignore'
[1.778s] Level 1:colcon.colcon_core.package_identification:_identify(src/teleop_control) by extension 'ignore_ament_install'
[1.778s] Level 1:colcon.colcon_core.package_identification:_identify(src/teleop_control) by extensions ['colcon_pkg']
[1.779s] Level 1:colcon.colcon_core.package_identification:_identify(src/teleop_control) by extension 'colcon_pkg'
[1.779s] Level 1:colcon.colcon_core.package_identification:_identify(src/teleop_control) by extensions ['colcon_meta']
[1.779s] Level 1:colcon.colcon_core.package_identification:_identify(src/teleop_control) by extension 'colcon_meta'
[1.779s] Level 1:colcon.colcon_core.package_identification:_identify(src/teleop_control) by extensions ['ros']
[1.779s] Level 1:colcon.colcon_core.package_identification:_identify(src/teleop_control) by extension 'ros'
[1.781s] DEBUG:colcon.colcon_core.package_identification:Package 'src/teleop_control' with type 'ros.ament_python' and name 'teleop_control'
[1.782s] Level 1:colcon.colcon_core.package_identification:_identify(src/tour_mapping_and_localization) by extensions ['ignore', 'ignore_ament_install']
[1.782s] Level 1:colcon.colcon_core.package_identification:_identify(src/tour_mapping_and_localization) by extension 'ignore'
[1.782s] Level 1:colcon.colcon_core.package_identification:_identify(src/tour_mapping_and_localization) by extension 'ignore_ament_install'
[1.783s] Level 1:colcon.colcon_core.package_identification:_identify(src/tour_mapping_and_localization) by extensions ['colcon_pkg']
[1.783s] Level 1:colcon.colcon_core.package_identification:_identify(src/tour_mapping_and_localization) by extension 'colcon_pkg'
[1.783s] Level 1:colcon.colcon_core.package_identification:_identify(src/tour_mapping_and_localization) by extensions ['colcon_meta']
[1.783s] Level 1:colcon.colcon_core.package_identification:_identify(src/tour_mapping_and_localization) by extension 'colcon_meta'
[1.783s] Level 1:colcon.colcon_core.package_identification:_identify(src/tour_mapping_and_localization) by extensions ['ros']
[1.783s] Level 1:colcon.colcon_core.package_identification:_identify(src/tour_mapping_and_localization) by extension 'ros'
[1.786s] DEBUG:colcon.colcon_core.package_identification:Package 'src/tour_mapping_and_localization' with type 'ros.ament_cmake' and name 'tour_mapping_and_localization'
[1.786s] Level 1:colcon.colcon_core.package_discovery:discover_packages(recursive) using defaults
[1.787s] Level 1:colcon.colcon_core.package_discovery:discover_packages(ignore) discover
[1.787s] Level 1:colcon.colcon_core.package_discovery:discover_packages(ignore) using defaults
[1.787s] Level 1:colcon.colcon_core.package_discovery:discover_packages(path) discover
[1.787s] Level 1:colcon.colcon_core.package_discovery:discover_packages(path) using defaults
[1.871s] INFO:colcon.colcon_core.package_selection:Skipping not selected package 'TurtleBot' in 'src/TurtleBot'
[1.871s] INFO:colcon.colcon_core.package_selection:Skipping not selected package 'lidar' in 'src/lidar'
[1.871s] INFO:colcon.colcon_core.package_selection:Skipping not selected package 'object_avoidance' in 'src/object_avoidance'
[1.871s] INFO:colcon.colcon_core.package_selection:Skipping not selected package 'sllidar_ros2' in 'src/sllidar_ros2'
[1.871s] INFO:colcon.colcon_core.package_selection:Skipping not selected package 'teleop_control' in 'src/teleop_control'
[1.872s] INFO:colcon.colcon_core.package_selection:Skipping not selected package 'tour_mapping_and_localization' in 'src/tour_mapping_and_localization'
[1.874s] Level 1:colcon.colcon_core.package_discovery:discover_packages(prefix_path) check parameters
[1.874s] Level 1:colcon.colcon_core.package_discovery:discover_packages(prefix_path) discover
[1.889s] DEBUG:colcon.colcon_installed_package_information.package_discovery:Found 7 installed packages in /home/cewan/Automated-Tour-Car/ws_lidar/install
[1.899s] DEBUG:colcon.colcon_installed_package_information.package_discovery:Found 291 installed packages in /opt/ros/humble
[1.911s] Level 1:colcon.colcon_core.package_discovery:discover_packages(prefix_path) using defaults
[2.122s] Level 5:colcon.colcon_core.verb:set package 'gpsPubSub' build argument 'cmake_args' from command line to 'None'
[2.123s] Level 5:colcon.colcon_core.verb:set package 'gpsPubSub' build argument 'cmake_target' from command line to 'None'
[2.123s] Level 5:colcon.colcon_core.verb:set package 'gpsPubSub' build argument 'cmake_target_skip_unavailable' from command line to 'False'
[2.123s] Level 5:colcon.colcon_core.verb:set package 'gpsPubSub' build argument 'cmake_clean_cache' from command line to 'False'
[2.123s] Level 5:colcon.colcon_core.verb:set package 'gpsPubSub' build argument 'cmake_clean_first' from command line to 'False'
[2.123s] Level 5:colcon.colcon_core.verb:set package 'gpsPubSub' build argument 'cmake_force_configure' from command line to 'False'
[2.124s] Level 5:colcon.colcon_core.verb:set package 'gpsPubSub' build argument 'ament_cmake_args' from command line to 'None'
[2.124s] Level 5:colcon.colcon_core.verb:set package 'gpsPubSub' build argument 'catkin_cmake_args' from command line to 'None'
[2.124s] Level 5:colcon.colcon_core.verb:set package 'gpsPubSub' build argument 'catkin_skip_building_tests' from command line to 'False'
[2.124s] DEBUG:colcon.colcon_core.verb:Building package 'gpsPubSub' with the following arguments: {'ament_cmake_args': None, 'build_base': '/home/cewan/Automated-Tour-Car/ws_lidar/build/gpsPubSub', 'catkin_cmake_args': None, 'catkin_skip_building_tests': False, 'cmake_args': None, 'cmake_clean_cache': False, 'cmake_clean_first': False, 'cmake_force_configure': False, 'cmake_target': None, 'cmake_target_skip_unavailable': False, 'install_base': '/home/cewan/Automated-Tour-Car/ws_lidar/install/gpsPubSub', 'merge_install': False, 'path': '/home/cewan/Automated-Tour-Car/ws_lidar/src/gpsPubSub', 'symlink_install': False, 'test_result_base': None}
[2.125s] INFO:colcon.colcon_core.executor:Executing jobs using 'parallel' executor
[2.130s] DEBUG:colcon.colcon_parallel_executor.executor.parallel:run_until_complete
[2.131s] INFO:colcon.colcon_ros.task.ament_python.build:Building ROS package in '/home/cewan/Automated-Tour-Car/ws_lidar/src/gpsPubSub' with build type 'ament_python'
[2.132s] Level 1:colcon.colcon_core.shell:create_environment_hook('gpsPubSub', 'ament_prefix_path')
[2.149s] INFO:colcon.colcon_core.plugin_system:Skipping extension 'colcon_core.shell.bat': Not used on non-Windows systems
[2.150s] INFO:colcon.colcon_core.shell:Creating environment hook '/home/cewan/Automated-Tour-Car/ws_lidar/install/gpsPubSub/share/gpsPubSub/hook/ament_prefix_path.ps1'
[2.153s] INFO:colcon.colcon_core.shell:Creating environment descriptor '/home/cewan/Automated-Tour-Car/ws_lidar/install/gpsPubSub/share/gpsPubSub/hook/ament_prefix_path.dsv'
[2.157s] INFO:colcon.colcon_core.shell:Creating environment hook '/home/cewan/Automated-Tour-Car/ws_lidar/install/gpsPubSub/share/gpsPubSub/hook/ament_prefix_path.sh'
[2.161s] INFO:colcon.colcon_core.shell:Skip shell extension 'powershell' for command environment: Not usable outside of PowerShell
[2.162s] DEBUG:colcon.colcon_core.shell:Skip shell extension 'dsv' for command environment
[3.776s] INFO:colcon.colcon_core.task.python.build:Building Python package in '/home/cewan/Automated-Tour-Car/ws_lidar/src/gpsPubSub'
[3.777s] INFO:colcon.colcon_core.shell:Skip shell extension 'powershell' for command environment: Not usable outside of PowerShell
[3.777s] DEBUG:colcon.colcon_core.shell:Skip shell extension 'dsv' for command environment
[5.823s] DEBUG:colcon.colcon_core.event_handler.log_command:Invoking command in '/home/cewan/Automated-Tour-Car/ws_lidar/src/gpsPubSub': PYTHONPATH=/home/cewan/Automated-Tour-Car/ws_lidar/build/gpsPubSub/prefix_override:/usr/lib/python3/dist-packages/colcon_core/task/python/colcon_distutils_commands:/home/cewan/Automated-Tour-Car/ws_lidar/install/gpsPubSub/lib/python3.10/site-packages:${PYTHONPATH} /usr/bin/python3 -W ignore:setup.py install is deprecated -W ignore:easy_install command is deprecated setup.py egg_info --egg-base ../../build/gpsPubSub build --build-base /home/cewan/Automated-Tour-Car/ws_lidar/build/gpsPubSub/build install --record /home/cewan/Automated-Tour-Car/ws_lidar/build/gpsPubSub/install.log --single-version-externally-managed install_data
[7.536s] DEBUG:colcon.colcon_core.event_handler.log_command:Invoked command in '/home/cewan/Automated-Tour-Car/ws_lidar/src/gpsPubSub' returned '0': PYTHONPATH=/home/cewan/Automated-Tour-Car/ws_lidar/build/gpsPubSub/prefix_override:/usr/lib/python3/dist-packages/colcon_core/task/python/colcon_distutils_commands:/home/cewan/Automated-Tour-Car/ws_lidar/install/gpsPubSub/lib/python3.10/site-packages:${PYTHONPATH} /usr/bin/python3 -W ignore:setup.py install is deprecated -W ignore:easy_install command is deprecated setup.py egg_info --egg-base ../../build/gpsPubSub build --build-base /home/cewan/Automated-Tour-Car/ws_lidar/build/gpsPubSub/build install --record /home/cewan/Automated-Tour-Car/ws_lidar/build/gpsPubSub/install.log --single-version-externally-managed install_data
[7.547s] Level 1:colcon.colcon_core.environment:checking '/home/cewan/Automated-Tour-Car/ws_lidar/install/gpsPubSub' for CMake module files
[7.550s] Level 1:colcon.colcon_core.environment:checking '/home/cewan/Automated-Tour-Car/ws_lidar/install/gpsPubSub' for CMake config files
[7.555s] Level 1:colcon.colcon_core.environment:checking '/home/cewan/Automated-Tour-Car/ws_lidar/install/gpsPubSub/lib'
[7.556s] Level 1:colcon.colcon_core.environment:checking '/home/cewan/Automated-Tour-Car/ws_lidar/install/gpsPubSub/bin'
[7.557s] Level 1:colcon.colcon_core.environment:checking '/home/cewan/Automated-Tour-Car/ws_lidar/install/gpsPubSub/lib/pkgconfig/gpsPubSub.pc'
[7.557s] Level 1:colcon.colcon_core.environment:checking '/home/cewan/Automated-Tour-Car/ws_lidar/install/gpsPubSub/lib/python3.10/site-packages'
[7.558s] Level 1:colcon.colcon_core.shell:create_environment_hook('gpsPubSub', 'pythonpath')
[7.559s] INFO:colcon.colcon_core.shell:Creating environment hook '/home/cewan/Automated-Tour-Car/ws_lidar/install/gpsPubSub/share/gpsPubSub/hook/pythonpath.ps1'
[7.561s] INFO:colcon.colcon_core.shell:Creating environment descriptor '/home/cewan/Automated-Tour-Car/ws_lidar/install/gpsPubSub/share/gpsPubSub/hook/pythonpath.dsv'
[7.563s] INFO:colcon.colcon_core.shell:Creating environment hook '/home/cewan/Automated-Tour-Car/ws_lidar/install/gpsPubSub/share/gpsPubSub/hook/pythonpath.sh'
[7.565s] Level 1:colcon.colcon_core.environment:checking '/home/cewan/Automated-Tour-Car/ws_lidar/install/gpsPubSub/bin'
[7.566s] Level 1:colcon.colcon_core.environment:create_environment_scripts_only(gpsPubSub)
[7.567s] INFO:colcon.colcon_core.shell:Creating package script '/home/cewan/Automated-Tour-Car/ws_lidar/install/gpsPubSub/share/gpsPubSub/package.ps1'
[7.571s] INFO:colcon.colcon_core.shell:Creating package descriptor '/home/cewan/Automated-Tour-Car/ws_lidar/install/gpsPubSub/share/gpsPubSub/package.dsv'
[7.573s] INFO:colcon.colcon_core.shell:Creating package script '/home/cewan/Automated-Tour-Car/ws_lidar/install/gpsPubSub/share/gpsPubSub/package.sh'
[7.577s] INFO:colcon.colcon_core.shell:Creating package script '/home/cewan/Automated-Tour-Car/ws_lidar/install/gpsPubSub/share/gpsPubSub/package.bash'
[7.581s] INFO:colcon.colcon_core.shell:Creating package script '/home/cewan/Automated-Tour-Car/ws_lidar/install/gpsPubSub/share/gpsPubSub/package.zsh'
[7.584s] Level 1:colcon.colcon_core.environment:create_file_with_runtime_dependencies(/home/cewan/Automated-Tour-Car/ws_lidar/install/gpsPubSub/share/colcon-core/packages/gpsPubSub)
[7.586s] DEBUG:colcon.colcon_parallel_executor.executor.parallel:closing loop
[7.588s] DEBUG:colcon.colcon_parallel_executor.executor.parallel:loop closed
[7.588s] DEBUG:colcon.colcon_parallel_executor.executor.parallel:run_until_complete finished with '0'
[7.588s] DEBUG:colcon.colcon_core.event_reactor:joining thread
[7.610s] INFO:colcon.colcon_core.plugin_system:Skipping extension 'colcon_notification.desktop_notification.terminal_notifier': Not used on non-Darwin systems
[7.611s] INFO:colcon.colcon_core.plugin_system:Skipping extension 'colcon_notification.desktop_notification.win32': Not used on non-Windows systems
[7.611s] INFO:colcon.colcon_notification.desktop_notification:Sending desktop notification using 'notify2'
[7.616s] DEBUG:colcon.colcon_notification.desktop_notification.notify2:Failed to initialize notify2: org.freedesktop.DBus.Error.ServiceUnknown: The name org.freedesktop.Notifications was not provided by any .service files
[7.616s] DEBUG:colcon.colcon_core.event_reactor:joined thread
[7.617s] INFO:colcon.colcon_core.shell:Creating prefix script '/home/cewan/Automated-Tour-Car/ws_lidar/install/local_setup.ps1'
[7.622s] INFO:colcon.colcon_core.shell:Creating prefix util module '/home/cewan/Automated-Tour-Car/ws_lidar/install/_local_setup_util_ps1.py'
[7.629s] INFO:colcon.colcon_core.shell:Creating prefix chain script '/home/cewan/Automated-Tour-Car/ws_lidar/install/setup.ps1'
[7.636s] INFO:colcon.colcon_core.shell:Creating prefix script '/home/cewan/Automated-Tour-Car/ws_lidar/install/local_setup.sh'
[7.638s] INFO:colcon.colcon_core.shell:Creating prefix util module '/home/cewan/Automated-Tour-Car/ws_lidar/install/_local_setup_util_sh.py'
[7.641s] INFO:colcon.colcon_core.shell:Creating prefix chain script '/home/cewan/Automated-Tour-Car/ws_lidar/install/setup.sh'
[7.648s] INFO:colcon.colcon_core.shell:Creating prefix script '/home/cewan/Automated-Tour-Car/ws_lidar/install/local_setup.bash'
[7.650s] INFO:colcon.colcon_core.shell:Creating prefix chain script '/home/cewan/Automated-Tour-Car/ws_lidar/install/setup.bash'
[7.657s] INFO:colcon.colcon_core.shell:Creating prefix script '/home/cewan/Automated-Tour-Car/ws_lidar/install/local_setup.zsh'
[7.659s] INFO:colcon.colcon_core.shell:Creating prefix chain script '/home/cewan/Automated-Tour-Car/ws_lidar/install/setup.zsh'
