[7.909s] Invoking command in '/home/cewan/Automated-Tour-Car/ws_lidar/src/object_avoidance': PYTHONPATH=/home/cewan/Automated-Tour-Car/ws_lidar/build/object_avoidance/prefix_override:/usr/lib/python3/dist-packages/colcon_core/task/python/colcon_distutils_commands:/home/cewan/Automated-Tour-Car/ws_lidar/install/object_avoidance/lib/python3.10/site-packages:${PYTHONPATH} /usr/bin/python3 -W ignore:setup.py install is deprecated -W ignore:easy_install command is deprecated setup.py egg_info --egg-base ../../build/object_avoidance build --build-base /home/cewan/Automated-Tour-Car/ws_lidar/build/object_avoidance/build install --record /home/cewan/Automated-Tour-Car/ws_lidar/build/object_avoidance/install.log --single-version-externally-managed install_data
[10.291s] running egg_info
[10.297s] writing ../../build/object_avoidance/object_avoidance.egg-info/PKG-INFO
[10.301s] writing dependency_links to ../../build/object_avoidance/object_avoidance.egg-info/dependency_links.txt
[10.306s] writing entry points to ../../build/object_avoidance/object_avoidance.egg-info/entry_points.txt
[10.308s] writing requirements to ../../build/object_avoidance/object_avoidance.egg-info/requires.txt
[10.311s] writing top-level names to ../../build/object_avoidance/object_avoidance.egg-info/top_level.txt
[10.324s] reading manifest file '../../build/object_avoidance/object_avoidance.egg-info/SOURCES.txt'
[10.333s] writing manifest file '../../build/object_avoidance/object_avoidance.egg-info/SOURCES.txt'
[10.335s] running build
[10.337s] running build_py
[10.347s] running install
[10.350s] running install_lib
[10.369s] running install_data
[10.374s] running install_egg_info
[10.400s] removing '/home/cewan/Automated-Tour-Car/ws_lidar/install/object_avoidance/lib/python3.10/site-packages/object_avoidance-0.0.0-py3.10.egg-info' (and everything under it)
[10.406s] Copying ../../build/object_avoidance/object_avoidance.egg-info to /home/cewan/Automated-Tour-Car/ws_lidar/install/object_avoidance/lib/python3.10/site-packages/object_avoidance-0.0.0-py3.10.egg-info
[10.428s] running install_scripts
[10.747s] Installing publisher script to /home/cewan/Automated-Tour-Car/ws_lidar/install/object_avoidance/lib/object_avoidance
[10.757s] Installing servo_turn script to /home/cewan/Automated-Tour-Car/ws_lidar/install/object_avoidance/lib/object_avoidance
[10.758s] Installing subscriber script to /home/cewan/Automated-Tour-Car/ws_lidar/install/object_avoidance/lib/object_avoidance
[10.760s] Installing test script to /home/cewan/Automated-Tour-Car/ws_lidar/install/object_avoidance/lib/object_avoidance
[10.762s] Installing turntest script to /home/cewan/Automated-Tour-Car/ws_lidar/install/object_avoidance/lib/object_avoidance
[10.764s] Installing wall_follower script to /home/cewan/Automated-Tour-Car/ws_lidar/install/object_avoidance/lib/object_avoidance
[10.767s] writing list of installed files to '/home/cewan/Automated-Tour-Car/ws_lidar/build/object_avoidance/install.log'
[10.996s] Invoked command in '/home/cewan/Automated-Tour-Car/ws_lidar/src/object_avoidance' returned '0': PYTHONPATH=/home/cewan/Automated-Tour-Car/ws_lidar/build/object_avoidance/prefix_override:/usr/lib/python3/dist-packages/colcon_core/task/python/colcon_distutils_commands:/home/cewan/Automated-Tour-Car/ws_lidar/install/object_avoidance/lib/python3.10/site-packages:${PYTHONPATH} /usr/bin/python3 -W ignore:setup.py install is deprecated -W ignore:easy_install command is deprecated setup.py egg_info --egg-base ../../build/object_avoidance build --build-base /home/cewan/Automated-Tour-Car/ws_lidar/build/object_avoidance/build install --record /home/cewan/Automated-Tour-Car/ws_lidar/build/object_avoidance/install.log --single-version-externally-managed install_data
