[3.525s] Invoking command in '/home/cewan/Automated-Tour-Car/ws_lidar/src/TurtleBot': PYTHONPATH=/home/cewan/Automated-Tour-Car/ws_lidar/build/TurtleBot/prefix_override:/usr/lib/python3/dist-packages/colcon_core/task/python/colcon_distutils_commands:/home/cewan/Automated-Tour-Car/ws_lidar/install/TurtleBot/lib/python3.10/site-packages:${PYTHONPATH} /usr/bin/python3 -W ignore:setup.py install is deprecated -W ignore:easy_install command is deprecated setup.py egg_info --egg-base ../../build/TurtleBot build --build-base /home/cewan/Automated-Tour-Car/ws_lidar/build/TurtleBot/build install --record /home/cewan/Automated-Tour-Car/ws_lidar/build/TurtleBot/install.log --single-version-externally-managed install_data
[4.924s] running egg_info
[4.927s] writing ../../build/TurtleBot/TurtleBot.egg-info/PKG-INFO
[4.929s] writing dependency_links to ../../build/TurtleBot/TurtleBot.egg-info/dependency_links.txt
[4.930s] writing entry points to ../../build/TurtleBot/TurtleBot.egg-info/entry_points.txt
[4.930s] writing requirements to ../../build/TurtleBot/TurtleBot.egg-info/requires.txt
[4.931s] writing top-level names to ../../build/TurtleBot/TurtleBot.egg-info/top_level.txt
[4.941s] reading manifest file '../../build/TurtleBot/TurtleBot.egg-info/SOURCES.txt'
[4.946s] writing manifest file '../../build/TurtleBot/TurtleBot.egg-info/SOURCES.txt'
[4.946s] running build
[4.947s] running build_py
[4.950s] copying TurtleBot/PID_Controller.py -> /home/cewan/Automated-Tour-Car/ws_lidar/build/TurtleBot/build/lib/TurtleBot
[4.951s] copying TurtleBot/Motion_Planner.py -> /home/cewan/Automated-Tour-Car/ws_lidar/build/TurtleBot/build/lib/TurtleBot
[4.954s] running install
[4.955s] running install_lib
[4.964s] copying /home/cewan/Automated-Tour-Car/ws_lidar/build/TurtleBot/build/lib/TurtleBot/PID_Controller.py -> /home/cewan/Automated-Tour-Car/ws_lidar/install/TurtleBot/lib/python3.10/site-packages/TurtleBot
[4.965s] copying /home/cewan/Automated-Tour-Car/ws_lidar/build/TurtleBot/build/lib/TurtleBot/Motion_Planner.py -> /home/cewan/Automated-Tour-Car/ws_lidar/install/TurtleBot/lib/python3.10/site-packages/TurtleBot
[4.968s] byte-compiling /home/cewan/Automated-Tour-Car/ws_lidar/install/TurtleBot/lib/python3.10/site-packages/TurtleBot/PID_Controller.py to PID_Controller.cpython-310.pyc
[4.972s] byte-compiling /home/cewan/Automated-Tour-Car/ws_lidar/install/TurtleBot/lib/python3.10/site-packages/TurtleBot/Motion_Planner.py to Motion_Planner.cpython-310.pyc
[4.977s] running install_data
[4.978s] running install_egg_info
[4.985s] removing '/home/cewan/Automated-Tour-Car/ws_lidar/install/TurtleBot/lib/python3.10/site-packages/TurtleBot-0.0.0-py3.10.egg-info' (and everything under it)
[4.986s] Copying ../../build/TurtleBot/TurtleBot.egg-info to /home/cewan/Automated-Tour-Car/ws_lidar/install/TurtleBot/lib/python3.10/site-packages/TurtleBot-0.0.0-py3.10.egg-info
[4.993s] running install_scripts
[5.072s] Installing Motion_Planner script to /home/cewan/Automated-Tour-Car/ws_lidar/install/TurtleBot/lib/TurtleBot
[5.073s] Installing PID_Controller script to /home/cewan/Automated-Tour-Car/ws_lidar/install/TurtleBot/lib/TurtleBot
[5.074s] Installing map_subscriber script to /home/cewan/Automated-Tour-Car/ws_lidar/install/TurtleBot/lib/TurtleBot
[5.075s] Installing rrt_node script to /home/cewan/Automated-Tour-Car/ws_lidar/install/TurtleBot/lib/TurtleBot
[5.077s] writing list of installed files to '/home/cewan/Automated-Tour-Car/ws_lidar/build/TurtleBot/install.log'
[5.250s] Invoked command in '/home/cewan/Automated-Tour-Car/ws_lidar/src/TurtleBot' returned '0': PYTHONPATH=/home/cewan/Automated-Tour-Car/ws_lidar/build/TurtleBot/prefix_override:/usr/lib/python3/dist-packages/colcon_core/task/python/colcon_distutils_commands:/home/cewan/Automated-Tour-Car/ws_lidar/install/TurtleBot/lib/python3.10/site-packages:${PYTHONPATH} /usr/bin/python3 -W ignore:setup.py install is deprecated -W ignore:easy_install command is deprecated setup.py egg_info --egg-base ../../build/TurtleBot build --build-base /home/cewan/Automated-Tour-Car/ws_lidar/build/TurtleBot/build install --record /home/cewan/Automated-Tour-Car/ws_lidar/build/TurtleBot/install.log --single-version-externally-managed install_data
