[28.170s] Invoking command in '/home/cewan/Automated-Tour-Car/ws_lidar/src/gpsPubSub': PYTHONPATH=/home/cewan/Automated-Tour-Car/ws_lidar/build/gpsPubSub/prefix_override:/usr/lib/python3/dist-packages/colcon_core/task/python/colcon_distutils_commands:/home/cewan/Automated-Tour-Car/ws_lidar/install/gpsPubSub/lib/python3.10/site-packages:${PYTHONPATH} /usr/bin/python3 -W ignore:setup.py install is deprecated -W ignore:easy_install command is deprecated setup.py egg_info --egg-base ../../build/gpsPubSub build --build-base /home/cewan/Automated-Tour-Car/ws_lidar/build/gpsPubSub/build install --record /home/cewan/Automated-Tour-Car/ws_lidar/build/gpsPubSub/install.log --single-version-externally-managed install_data
[39.705s] running egg_info
[39.748s] writing ../../build/gpsPubSub/gpsPubSub.egg-info/PKG-INFO
[39.771s] writing dependency_links to ../../build/gpsPubSub/gpsPubSub.egg-info/dependency_links.txt
[39.771s] writing entry points to ../../build/gpsPubSub/gpsPubSub.egg-info/entry_points.txt
[39.853s] writing requirements to ../../build/gpsPubSub/gpsPubSub.egg-info/requires.txt
[39.855s] writing top-level names to ../../build/gpsPubSub/gpsPubSub.egg-info/top_level.txt
[39.940s] reading manifest file '../../build/gpsPubSub/gpsPubSub.egg-info/SOURCES.txt'
[39.996s] writing manifest file '../../build/gpsPubSub/gpsPubSub.egg-info/SOURCES.txt'
[40.005s] running build
[40.005s] running build_py
[40.048s] running install
[40.177s] running install_lib
[40.558s] running install_data
[40.594s] running install_egg_info
[40.603s] removing '/home/cewan/Automated-Tour-Car/ws_lidar/install/gpsPubSub/lib/python3.10/site-packages/gpsPubSub-0.0.0-py3.10.egg-info' (and everything under it)
[40.604s] Copying ../../build/gpsPubSub/gpsPubSub.egg-info to /home/cewan/Automated-Tour-Car/ws_lidar/install/gpsPubSub/lib/python3.10/site-packages/gpsPubSub-0.0.0-py3.10.egg-info
[40.605s] running install_scripts
[41.350s] Installing publisher script to /home/cewan/Automated-Tour-Car/ws_lidar/install/gpsPubSub/lib/gpsPubSub
[41.356s] Installing subscriber script to /home/cewan/Automated-Tour-Car/ws_lidar/install/gpsPubSub/lib/gpsPubSub
[41.361s] writing list of installed files to '/home/cewan/Automated-Tour-Car/ws_lidar/build/gpsPubSub/install.log'
[41.801s] Invoked command in '/home/cewan/Automated-Tour-Car/ws_lidar/src/gpsPubSub' returned '0': PYTHONPATH=/home/cewan/Automated-Tour-Car/ws_lidar/build/gpsPubSub/prefix_override:/usr/lib/python3/dist-packages/colcon_core/task/python/colcon_distutils_commands:/home/cewan/Automated-Tour-Car/ws_lidar/install/gpsPubSub/lib/python3.10/site-packages:${PYTHONPATH} /usr/bin/python3 -W ignore:setup.py install is deprecated -W ignore:easy_install command is deprecated setup.py egg_info --egg-base ../../build/gpsPubSub build --build-base /home/cewan/Automated-Tour-Car/ws_lidar/build/gpsPubSub/build install --record /home/cewan/Automated-Tour-Car/ws_lidar/build/gpsPubSub/install.log --single-version-externally-managed install_data
