[4.192s] Invoking command in '/home/cewan/ws_lidar/src/cartographer_slam': PYTHONPATH=/home/cewan/ws_lidar/build/cartographer_slam/prefix_override:/usr/lib/python3/dist-packages/colcon_core/task/python/colcon_distutils_commands:/home/cewan/ws_lidar/install/cartographer_slam/lib/python3.10/site-packages:${PYTHONPATH} /usr/bin/python3 -W ignore:setup.py install is deprecated -W ignore:easy_install command is deprecated setup.py egg_info --egg-base ../../build/cartographer_slam build --build-base /home/cewan/ws_lidar/build/cartographer_slam/build install --record /home/cewan/ws_lidar/build/cartographer_slam/install.log --single-version-externally-managed install_data
[6.107s] running egg_info
[6.110s] writing ../../build/cartographer_slam/cartographer_slam.egg-info/PKG-INFO
[6.112s] writing dependency_links to ../../build/cartographer_slam/cartographer_slam.egg-info/dependency_links.txt
[6.114s] writing entry points to ../../build/cartographer_slam/cartographer_slam.egg-info/entry_points.txt
[6.115s] writing requirements to ../../build/cartographer_slam/cartographer_slam.egg-info/requires.txt
[6.117s] writing top-level names to ../../build/cartographer_slam/cartographer_slam.egg-info/top_level.txt
[6.126s] reading manifest file '../../build/cartographer_slam/cartographer_slam.egg-info/SOURCES.txt'
[6.132s] writing manifest file '../../build/cartographer_slam/cartographer_slam.egg-info/SOURCES.txt'
[6.133s] running build
[6.134s] running build_py
[6.134s] running install
[6.136s] running install_lib
[6.142s] running install_data
[6.143s] copying config/cartographer.lua -> /home/cewan/ws_lidar/install/cartographer_slam/share/cartographer_slam/config
[6.146s] running install_egg_info
[6.152s] removing '/home/cewan/ws_lidar/install/cartographer_slam/lib/python3.10/site-packages/cartographer_slam-0.0.0-py3.10.egg-info' (and everything under it)
[6.154s] Copying ../../build/cartographer_slam/cartographer_slam.egg-info to /home/cewan/ws_lidar/install/cartographer_slam/lib/python3.10/site-packages/cartographer_slam-0.0.0-py3.10.egg-info
[6.159s] running install_scripts
[6.255s] writing list of installed files to '/home/cewan/ws_lidar/build/cartographer_slam/install.log'
[6.430s] Invoked command in '/home/cewan/ws_lidar/src/cartographer_slam' returned '0': PYTHONPATH=/home/cewan/ws_lidar/build/cartographer_slam/prefix_override:/usr/lib/python3/dist-packages/colcon_core/task/python/colcon_distutils_commands:/home/cewan/ws_lidar/install/cartographer_slam/lib/python3.10/site-packages:${PYTHONPATH} /usr/bin/python3 -W ignore:setup.py install is deprecated -W ignore:easy_install command is deprecated setup.py egg_info --egg-base ../../build/cartographer_slam build --build-base /home/cewan/ws_lidar/build/cartographer_slam/build install --record /home/cewan/ws_lidar/build/cartographer_slam/install.log --single-version-externally-managed install_data
