[5.909s] Invoking command in '/home/cewan/Automated-Tour-Car/ws_lidar/src/object_avoidance': PYTHONPATH=/home/cewan/Automated-Tour-Car/ws_lidar/build/object_avoidance/prefix_override:/usr/lib/python3/dist-packages/colcon_core/task/python/colcon_distutils_commands:/home/cewan/Automated-Tour-Car/ws_lidar/install/object_avoidance/lib/python3.10/site-packages:${PYTHONPATH} /usr/bin/python3 -W ignore:setup.py install is deprecated -W ignore:easy_install command is deprecated setup.py egg_info --egg-base ../../build/object_avoidance build --build-base /home/cewan/Automated-Tour-Car/ws_lidar/build/object_avoidance/build install --record /home/cewan/Automated-Tour-Car/ws_lidar/build/object_avoidance/install.log --single-version-externally-managed install_data
[7.581s] running egg_info
[7.584s] writing ../../build/object_avoidance/object_avoidance.egg-info/PKG-INFO
[7.586s] writing dependency_links to ../../build/object_avoidance/object_avoidance.egg-info/dependency_links.txt
[7.588s] writing entry points to ../../build/object_avoidance/object_avoidance.egg-info/entry_points.txt
[7.588s] writing requirements to ../../build/object_avoidance/object_avoidance.egg-info/requires.txt
[7.589s] writing top-level names to ../../build/object_avoidance/object_avoidance.egg-info/top_level.txt
[7.604s] reading manifest file '../../build/object_avoidance/object_avoidance.egg-info/SOURCES.txt'
[7.616s] writing manifest file '../../build/object_avoidance/object_avoidance.egg-info/SOURCES.txt'
[7.617s] running build
[7.618s] running build_py
[7.620s] copying object_avoidance/object_avoidance_publisher.py -> /home/cewan/Automated-Tour-Car/ws_lidar/build/object_avoidance/build/lib/object_avoidance
[7.623s] running install
[7.625s] running install_lib
[7.660s] copying /home/cewan/Automated-Tour-Car/ws_lidar/build/object_avoidance/build/lib/object_avoidance/object_avoidance_publisher.py -> /home/cewan/Automated-Tour-Car/ws_lidar/install/object_avoidance/lib/python3.10/site-packages/object_avoidance
[7.661s] byte-compiling /home/cewan/Automated-Tour-Car/ws_lidar/install/object_avoidance/lib/python3.10/site-packages/object_avoidance/object_avoidance_publisher.py to object_avoidance_publisher.cpython-310.pyc
[7.689s] running install_data
[7.701s] running install_egg_info
[7.723s] removing '/home/cewan/Automated-Tour-Car/ws_lidar/install/object_avoidance/lib/python3.10/site-packages/object_avoidance-0.0.0-py3.10.egg-info' (and everything under it)
[7.726s] Copying ../../build/object_avoidance/object_avoidance.egg-info to /home/cewan/Automated-Tour-Car/ws_lidar/install/object_avoidance/lib/python3.10/site-packages/object_avoidance-0.0.0-py3.10.egg-info
[7.738s] running install_scripts
[7.888s] Installing publisher script to /home/cewan/Automated-Tour-Car/ws_lidar/install/object_avoidance/lib/object_avoidance
[7.892s] Installing subscriber script to /home/cewan/Automated-Tour-Car/ws_lidar/install/object_avoidance/lib/object_avoidance
[7.900s] Installing test script to /home/cewan/Automated-Tour-Car/ws_lidar/install/object_avoidance/lib/object_avoidance
[7.902s] Installing turntest script to /home/cewan/Automated-Tour-Car/ws_lidar/install/object_avoidance/lib/object_avoidance
[7.903s] writing list of installed files to '/home/cewan/Automated-Tour-Car/ws_lidar/build/object_avoidance/install.log'
[8.045s] Invoked command in '/home/cewan/Automated-Tour-Car/ws_lidar/src/object_avoidance' returned '0': PYTHONPATH=/home/cewan/Automated-Tour-Car/ws_lidar/build/object_avoidance/prefix_override:/usr/lib/python3/dist-packages/colcon_core/task/python/colcon_distutils_commands:/home/cewan/Automated-Tour-Car/ws_lidar/install/object_avoidance/lib/python3.10/site-packages:${PYTHONPATH} /usr/bin/python3 -W ignore:setup.py install is deprecated -W ignore:easy_install command is deprecated setup.py egg_info --egg-base ../../build/object_avoidance build --build-base /home/cewan/Automated-Tour-Car/ws_lidar/build/object_avoidance/build install --record /home/cewan/Automated-Tour-Car/ws_lidar/build/object_avoidance/install.log --single-version-externally-managed install_data
