[1.567s] Invoking command in '/home/cewan/ws_lidar/build/sllidar_ros2': CMAKE_PREFIX_PATH=${CMAKE_PREFIX_PATH}:/opt/ros/humble /usr/bin/cmake /home/cewan/ws_lidar/src/sllidar_ros2 -DCMAKE_INSTALL_PREFIX=/home/cewan/ws_lidar/install/sllidar_ros2
[1.825s] -- Found ament_cmake: 1.3.11 (/opt/ros/humble/share/ament_cmake/cmake)
[2.743s] -- Override CMake install command with custom implementation using symlinks instead of copying resources
[2.845s] -- Found rclcpp: 16.0.11 (/opt/ros/humble/share/rclcpp/cmake)
[3.107s] -- Found rosidl_generator_c: 3.1.6 (/opt/ros/humble/share/rosidl_generator_c/cmake)
[3.126s] -- Found rosidl_adapter: 3.1.6 (/opt/ros/humble/share/rosidl_adapter/cmake)
[3.171s] -- Found rosidl_generator_cpp: 3.1.6 (/opt/ros/humble/share/rosidl_generator_cpp/cmake)
[3.238s] -- Using all available rosidl_typesupport_c: rosidl_typesupport_fastrtps_c;rosidl_typesupport_introspection_c
[3.329s] -- Using all available rosidl_typesupport_cpp: rosidl_typesupport_fastrtps_cpp;rosidl_typesupport_introspection_cpp
[3.585s] -- Found rmw_implementation_cmake: 6.1.2 (/opt/ros/humble/share/rmw_implementation_cmake/cmake)
[3.600s] -- Found rmw_fastrtps_cpp: 6.2.7 (/opt/ros/humble/share/rmw_fastrtps_cpp/cmake)
[4.758s] -- Using RMW implementation 'rmw_fastrtps_cpp' as default
[5.195s] -- Found sensor_msgs: 4.2.4 (/opt/ros/humble/share/sensor_msgs/cmake)
[5.379s] -- Found std_srvs: 4.2.4 (/opt/ros/humble/share/std_srvs/cmake)
[5.901s] -- Configuring done
[6.041s] -- Generating done
[6.069s] -- Build files have been written to: /home/cewan/ws_lidar/build/sllidar_ros2
[6.104s] Invoked command in '/home/cewan/ws_lidar/build/sllidar_ros2' returned '0': CMAKE_PREFIX_PATH=${CMAKE_PREFIX_PATH}:/opt/ros/humble /usr/bin/cmake /home/cewan/ws_lidar/src/sllidar_ros2 -DCMAKE_INSTALL_PREFIX=/home/cewan/ws_lidar/install/sllidar_ros2
[6.116s] Invoking command in '/home/cewan/ws_lidar/build/sllidar_ros2': CMAKE_PREFIX_PATH=${CMAKE_PREFIX_PATH}:/opt/ros/humble /usr/bin/cmake --build /home/cewan/ws_lidar/build/sllidar_ros2 -- -j4 -l4
[6.319s] [35m[1mConsolidate compiler generated dependencies of target sllidar_client[0m
[6.345s] [35m[1mConsolidate compiler generated dependencies of target sllidar_node[0m
[6.510s] [ 10%] Built target sllidar_client
[6.536s] [100%] Built target sllidar_node
[6.583s] Invoked command in '/home/cewan/ws_lidar/build/sllidar_ros2' returned '0': CMAKE_PREFIX_PATH=${CMAKE_PREFIX_PATH}:/opt/ros/humble /usr/bin/cmake --build /home/cewan/ws_lidar/build/sllidar_ros2 -- -j4 -l4
[6.636s] Invoking command in '/home/cewan/ws_lidar/build/sllidar_ros2': CMAKE_PREFIX_PATH=${CMAKE_PREFIX_PATH}:/opt/ros/humble /usr/bin/cmake --install /home/cewan/ws_lidar/build/sllidar_ros2
[6.669s] -- Install configuration: ""
[6.671s] -- Execute custom install script
[6.675s] -- Up-to-date symlink: /home/cewan/ws_lidar/install/sllidar_ros2/share/sllidar_ros2/launch/sllidar_a1_launch.py
[6.676s] -- Up-to-date symlink: /home/cewan/ws_lidar/install/sllidar_ros2/share/sllidar_ros2/launch/sllidar_a2m12_launch .py
[6.676s] -- Up-to-date symlink: /home/cewan/ws_lidar/install/sllidar_ros2/share/sllidar_ros2/launch/sllidar_a2m7_launch.py
[6.677s] -- Up-to-date symlink: /home/cewan/ws_lidar/install/sllidar_ros2/share/sllidar_ros2/launch/sllidar_a2m8_launch.py
[6.678s] -- Up-to-date symlink: /home/cewan/ws_lidar/install/sllidar_ros2/share/sllidar_ros2/launch/sllidar_a3_launch.py
[6.678s] -- Up-to-date symlink: /home/cewan/ws_lidar/install/sllidar_ros2/share/sllidar_ros2/launch/sllidar_c1_launch.py
[6.679s] -- Up-to-date symlink: /home/cewan/ws_lidar/install/sllidar_ros2/share/sllidar_ros2/launch/sllidar_s1_launch.py
[6.680s] -- Up-to-date symlink: /home/cewan/ws_lidar/install/sllidar_ros2/share/sllidar_ros2/launch/sllidar_s1_tcp_launch.py
[6.680s] -- Up-to-date symlink: /home/cewan/ws_lidar/install/sllidar_ros2/share/sllidar_ros2/launch/sllidar_s2_launch.py
[6.681s] -- Up-to-date symlink: /home/cewan/ws_lidar/install/sllidar_ros2/share/sllidar_ros2/launch/sllidar_s2e_launch.py
[6.682s] -- Up-to-date symlink: /home/cewan/ws_lidar/install/sllidar_ros2/share/sllidar_ros2/launch/sllidar_s3_launch.py
[6.683s] -- Up-to-date symlink: /home/cewan/ws_lidar/install/sllidar_ros2/share/sllidar_ros2/launch/sllidar_t1_launch.py
[6.683s] -- Up-to-date symlink: /home/cewan/ws_lidar/install/sllidar_ros2/share/sllidar_ros2/launch/view_sllidar_a1_launch.py
[6.684s] -- Up-to-date symlink: /home/cewan/ws_lidar/install/sllidar_ros2/share/sllidar_ros2/launch/view_sllidar_a2m12_launch.py
[6.686s] -- Up-to-date symlink: /home/cewan/ws_lidar/install/sllidar_ros2/share/sllidar_ros2/launch/view_sllidar_a2m7_launch.py
[6.687s] -- Up-to-date symlink: /home/cewan/ws_lidar/install/sllidar_ros2/share/sllidar_ros2/launch/view_sllidar_a2m8_launch.py
[6.688s] -- Up-to-date symlink: /home/cewan/ws_lidar/install/sllidar_ros2/share/sllidar_ros2/launch/view_sllidar_a3_launch.py
[6.690s] -- Up-to-date symlink: /home/cewan/ws_lidar/install/sllidar_ros2/share/sllidar_ros2/launch/view_sllidar_c1_launch.py
[6.691s] -- Up-to-date symlink: /home/cewan/ws_lidar/install/sllidar_ros2/share/sllidar_ros2/launch/view_sllidar_s1_launch.py
[6.691s] -- Up-to-date symlink: /home/cewan/ws_lidar/install/sllidar_ros2/share/sllidar_ros2/launch/view_sllidar_s1_tcp_launch.py
[6.691s] -- Up-to-date symlink: /home/cewan/ws_lidar/install/sllidar_ros2/share/sllidar_ros2/launch/view_sllidar_s2_launch.py
[6.692s] -- Up-to-date symlink: /home/cewan/ws_lidar/install/sllidar_ros2/share/sllidar_ros2/launch/view_sllidar_s2e_launch.py
[6.692s] -- Up-to-date symlink: /home/cewan/ws_lidar/install/sllidar_ros2/share/sllidar_ros2/launch/view_sllidar_s3_launch.py
[6.693s] -- Up-to-date symlink: /home/cewan/ws_lidar/install/sllidar_ros2/share/sllidar_ros2/launch/view_sllidar_t1_launch.py
[6.695s] -- Up-to-date symlink: /home/cewan/ws_lidar/install/sllidar_ros2/share/sllidar_ros2/rviz/sllidar_ros2.rviz
[6.696s] -- Up-to-date symlink: /home/cewan/ws_lidar/install/sllidar_ros2/lib/sllidar_ros2/sllidar_node
[6.697s] -- Up-to-date symlink: /home/cewan/ws_lidar/install/sllidar_ros2/lib/sllidar_ros2/sllidar_client
[6.698s] -- Up-to-date symlink: /home/cewan/ws_lidar/install/sllidar_ros2/share/ament_index/resource_index/package_run_dependencies/sllidar_ros2
[6.701s] -- Up-to-date symlink: /home/cewan/ws_lidar/install/sllidar_ros2/share/ament_index/resource_index/parent_prefix_path/sllidar_ros2
[6.702s] -- Up-to-date symlink: /home/cewan/ws_lidar/install/sllidar_ros2/share/sllidar_ros2/environment/ament_prefix_path.sh
[6.705s] -- Up-to-date symlink: /home/cewan/ws_lidar/install/sllidar_ros2/share/sllidar_ros2/environment/ament_prefix_path.dsv
[6.706s] -- Up-to-date symlink: /home/cewan/ws_lidar/install/sllidar_ros2/share/sllidar_ros2/environment/path.sh
[6.706s] -- Up-to-date symlink: /home/cewan/ws_lidar/install/sllidar_ros2/share/sllidar_ros2/environment/path.dsv
[6.707s] -- Up-to-date symlink: /home/cewan/ws_lidar/install/sllidar_ros2/share/sllidar_ros2/local_setup.bash
[6.708s] -- Up-to-date symlink: /home/cewan/ws_lidar/install/sllidar_ros2/share/sllidar_ros2/local_setup.sh
[6.709s] -- Up-to-date symlink: /home/cewan/ws_lidar/install/sllidar_ros2/share/sllidar_ros2/local_setup.zsh
[6.710s] -- Up-to-date symlink: /home/cewan/ws_lidar/install/sllidar_ros2/share/sllidar_ros2/local_setup.dsv
[6.711s] -- Symlinking: /home/cewan/ws_lidar/install/sllidar_ros2/share/sllidar_ros2/package.dsv
[6.754s] -- Up-to-date symlink: /home/cewan/ws_lidar/install/sllidar_ros2/share/ament_index/resource_index/packages/sllidar_ros2
[6.754s] -- Up-to-date symlink: /home/cewan/ws_lidar/install/sllidar_ros2/share/sllidar_ros2/cmake/ament_cmake_export_dependencies-extras.cmake
[6.755s] -- Up-to-date symlink: /home/cewan/ws_lidar/install/sllidar_ros2/share/sllidar_ros2/cmake/ament_cmake_export_include_directories-extras.cmake
[6.757s] -- Up-to-date symlink: /home/cewan/ws_lidar/install/sllidar_ros2/share/sllidar_ros2/cmake/sllidar_ros2Config.cmake
[6.757s] -- Up-to-date symlink: /home/cewan/ws_lidar/install/sllidar_ros2/share/sllidar_ros2/cmake/sllidar_ros2Config-version.cmake
[6.759s] -- Up-to-date symlink: /home/cewan/ws_lidar/install/sllidar_ros2/share/sllidar_ros2/package.xml
[6.768s] Invoked command in '/home/cewan/ws_lidar/build/sllidar_ros2' returned '0': CMAKE_PREFIX_PATH=${CMAKE_PREFIX_PATH}:/opt/ros/humble /usr/bin/cmake --install /home/cewan/ws_lidar/build/sllidar_ros2
