running egg_info
creating ../../build/gpsPubSub/gpsPubSub.egg-info
writing ../../build/gpsPubSub/gpsPubSub.egg-info/PKG-INFO
writing dependency_links to ../../build/gpsPubSub/gpsPubSub.egg-info/dependency_links.txt
writing entry points to ../../build/gpsPubSub/gpsPubSub.egg-info/entry_points.txt
writing requirements to ../../build/gpsPubSub/gpsPubSub.egg-info/requires.txt
writing top-level names to ../../build/gpsPubSub/gpsPubSub.egg-info/top_level.txt
writing manifest file '../../build/gpsPubSub/gpsPubSub.egg-info/SOURCES.txt'
reading manifest file '../../build/gpsPubSub/gpsPubSub.egg-info/SOURCES.txt'
writing manifest file '../../build/gpsPubSub/gpsPubSub.egg-info/SOURCES.txt'
running build
running build_py
creating /home/cewan/Automated-Tour-Car/ws_lidar/build/gpsPubSub/build
creating /home/cewan/Automated-Tour-Car/ws_lidar/build/gpsPubSub/build/lib
creating /home/cewan/Automated-Tour-Car/ws_lidar/build/gpsPubSub/build/lib/gpsPubSub
copying gpsPubSub/__init__.py -> /home/cewan/Automated-Tour-Car/ws_lidar/build/gpsPubSub/build/lib/gpsPubSub
copying gpsPubSub/GPS.py -> /home/cewan/Automated-Tour-Car/ws_lidar/build/gpsPubSub/build/lib/gpsPubSub
copying gpsPubSub/subscribeGPS.py -> /home/cewan/Automated-Tour-Car/ws_lidar/build/gpsPubSub/build/lib/gpsPubSub
running install
running install_lib
creating /home/cewan/Automated-Tour-Car/ws_lidar/install/gpsPubSub/lib/python3.10/site-packages/gpsPubSub
copying /home/cewan/Automated-Tour-Car/ws_lidar/build/gpsPubSub/build/lib/gpsPubSub/__init__.py -> /home/cewan/Automated-Tour-Car/ws_lidar/install/gpsPubSub/lib/python3.10/site-packages/gpsPubSub
copying /home/cewan/Automated-Tour-Car/ws_lidar/build/gpsPubSub/build/lib/gpsPubSub/GPS.py -> /home/cewan/Automated-Tour-Car/ws_lidar/install/gpsPubSub/lib/python3.10/site-packages/gpsPubSub
copying /home/cewan/Automated-Tour-Car/ws_lidar/build/gpsPubSub/build/lib/gpsPubSub/subscribeGPS.py -> /home/cewan/Automated-Tour-Car/ws_lidar/install/gpsPubSub/lib/python3.10/site-packages/gpsPubSub
byte-compiling /home/cewan/Automated-Tour-Car/ws_lidar/install/gpsPubSub/lib/python3.10/site-packages/gpsPubSub/__init__.py to __init__.cpython-310.pyc
byte-compiling /home/cewan/Automated-Tour-Car/ws_lidar/install/gpsPubSub/lib/python3.10/site-packages/gpsPubSub/GPS.py to GPS.cpython-310.pyc
byte-compiling /home/cewan/Automated-Tour-Car/ws_lidar/install/gpsPubSub/lib/python3.10/site-packages/gpsPubSub/subscribeGPS.py to subscribeGPS.cpython-310.pyc
running install_data
creating /home/cewan/Automated-Tour-Car/ws_lidar/install/gpsPubSub/share/ament_index
creating /home/cewan/Automated-Tour-Car/ws_lidar/install/gpsPubSub/share/ament_index/resource_index
creating /home/cewan/Automated-Tour-Car/ws_lidar/install/gpsPubSub/share/ament_index/resource_index/packages
copying resource/gpsPubSub -> /home/cewan/Automated-Tour-Car/ws_lidar/install/gpsPubSub/share/ament_index/resource_index/packages
copying package.xml -> /home/cewan/Automated-Tour-Car/ws_lidar/install/gpsPubSub/share/gpsPubSub
running install_egg_info
Copying ../../build/gpsPubSub/gpsPubSub.egg-info to /home/cewan/Automated-Tour-Car/ws_lidar/install/gpsPubSub/lib/python3.10/site-packages/gpsPubSub-0.0.0-py3.10.egg-info
running install_scripts
Installing publisher script to /home/cewan/Automated-Tour-Car/ws_lidar/install/gpsPubSub/lib/gpsPubSub
Installing subscriber script to /home/cewan/Automated-Tour-Car/ws_lidar/install/gpsPubSub/lib/gpsPubSub
writing list of installed files to '/home/cewan/Automated-Tour-Car/ws_lidar/build/gpsPubSub/install.log'
