[0.463s] DEBUG:colcon:Command line arguments: ['/usr/bin/colcon', 'build']
[0.463s] DEBUG:colcon:Parsed command line arguments: Namespace(log_base=None, log_level=None, verb_name='build', build_base='build', install_base='install', merge_install=False, symlink_install=False, test_result_base=None, continue_on_error=False, executor='parallel', parallel_workers=4, event_handlers=None, ignore_user_meta=False, metas=['./colcon.meta'], base_paths=['.'], packages_ignore=None, packages_ignore_regex=None, paths=None, packages_up_to=None, packages_up_to_regex=None, packages_above=None, packages_above_and_dependencies=None, packages_above_depth=None, packages_select_by_dep=None, packages_skip_by_dep=None, packages_skip_up_to=None, packages_select_build_failed=False, packages_skip_build_finished=False, packages_select_test_failures=False, packages_skip_test_passed=False, packages_select=None, packages_skip=None, packages_select_regex=None, packages_skip_regex=None, packages_start=None, packages_end=None, allow_overriding=[], cmake_args=None, cmake_target=None, cmake_target_skip_unavailable=False, cmake_clean_cache=False, cmake_clean_first=False, cmake_force_configure=False, ament_cmake_args=None, catkin_cmake_args=None, catkin_skip_building_tests=False, verb_parser=<colcon_defaults.argument_parser.defaults.DefaultArgumentsDecorator object at 0xffff876038e0>, verb_extension=<colcon_core.verb.build.BuildVerb object at 0xffff877d1750>, main=<bound method BuildVerb.main of <colcon_core.verb.build.BuildVerb object at 0xffff877d1750>>)
[1.264s] Level 1:colcon.colcon_core.package_discovery:discover_packages(colcon_meta) check parameters
[1.264s] Level 1:colcon.colcon_core.package_discovery:discover_packages(recursive) check parameters
[1.264s] Level 1:colcon.colcon_core.package_discovery:discover_packages(ignore) check parameters
[1.264s] Level 1:colcon.colcon_core.package_discovery:discover_packages(path) check parameters
[1.264s] Level 1:colcon.colcon_core.package_discovery:discover_packages(colcon_meta) discover
[1.265s] Level 1:colcon.colcon_core.package_discovery:discover_packages(recursive) discover
[1.265s] INFO:colcon.colcon_core.package_discovery:Crawling recursively for packages in '/home/cewan/ws_lidar'
[1.265s] Level 1:colcon.colcon_core.package_identification:_identify(.) by extensions ['ignore', 'ignore_ament_install']
[1.266s] Level 1:colcon.colcon_core.package_identification:_identify(.) by extension 'ignore'
[1.266s] Level 1:colcon.colcon_core.package_identification:_identify(.) by extension 'ignore_ament_install'
[1.266s] Level 1:colcon.colcon_core.package_identification:_identify(.) by extensions ['colcon_pkg']
[1.266s] Level 1:colcon.colcon_core.package_identification:_identify(.) by extension 'colcon_pkg'
[1.266s] Level 1:colcon.colcon_core.package_identification:_identify(.) by extensions ['colcon_meta']
[1.266s] Level 1:colcon.colcon_core.package_identification:_identify(.) by extension 'colcon_meta'
[1.267s] Level 1:colcon.colcon_core.package_identification:_identify(.) by extensions ['ros']
[1.267s] Level 1:colcon.colcon_core.package_identification:_identify(.) by extension 'ros'
[1.314s] Level 1:colcon.colcon_core.package_identification:_identify(.) by extensions ['cmake', 'python']
[1.315s] Level 1:colcon.colcon_core.package_identification:_identify(.) by extension 'cmake'
[1.315s] Level 1:colcon.colcon_core.package_identification:_identify(.) by extension 'python'
[1.315s] Level 1:colcon.colcon_core.package_identification:_identify(.) by extensions ['python_setup_py']
[1.315s] Level 1:colcon.colcon_core.package_identification:_identify(.) by extension 'python_setup_py'
[1.316s] Level 1:colcon.colcon_core.package_identification:_identify(build) by extensions ['ignore', 'ignore_ament_install']
[1.317s] Level 1:colcon.colcon_core.package_identification:_identify(build) by extension 'ignore'
[1.317s] Level 1:colcon.colcon_core.package_identification:_identify(build) ignored
[1.318s] Level 1:colcon.colcon_core.package_identification:_identify(install) by extensions ['ignore', 'ignore_ament_install']
[1.318s] Level 1:colcon.colcon_core.package_identification:_identify(install) by extension 'ignore'
[1.318s] Level 1:colcon.colcon_core.package_identification:_identify(install) ignored
[1.319s] Level 1:colcon.colcon_core.package_identification:_identify(log) by extensions ['ignore', 'ignore_ament_install']
[1.320s] Level 1:colcon.colcon_core.package_identification:_identify(log) by extension 'ignore'
[1.320s] Level 1:colcon.colcon_core.package_identification:_identify(log) ignored
[1.320s] Level 1:colcon.colcon_core.package_identification:_identify(src) by extensions ['ignore', 'ignore_ament_install']
[1.320s] Level 1:colcon.colcon_core.package_identification:_identify(src) by extension 'ignore'
[1.321s] Level 1:colcon.colcon_core.package_identification:_identify(src) by extension 'ignore_ament_install'
[1.321s] Level 1:colcon.colcon_core.package_identification:_identify(src) by extensions ['colcon_pkg']
[1.321s] Level 1:colcon.colcon_core.package_identification:_identify(src) by extension 'colcon_pkg'
[1.321s] Level 1:colcon.colcon_core.package_identification:_identify(src) by extensions ['colcon_meta']
[1.321s] Level 1:colcon.colcon_core.package_identification:_identify(src) by extension 'colcon_meta'
[1.321s] Level 1:colcon.colcon_core.package_identification:_identify(src) by extensions ['ros']
[1.321s] Level 1:colcon.colcon_core.package_identification:_identify(src) by extension 'ros'
[1.322s] Level 1:colcon.colcon_core.package_identification:_identify(src) by extensions ['cmake', 'python']
[1.322s] Level 1:colcon.colcon_core.package_identification:_identify(src) by extension 'cmake'
[1.322s] Level 1:colcon.colcon_core.package_identification:_identify(src) by extension 'python'
[1.322s] Level 1:colcon.colcon_core.package_identification:_identify(src) by extensions ['python_setup_py']
[1.322s] Level 1:colcon.colcon_core.package_identification:_identify(src) by extension 'python_setup_py'
[1.323s] Level 1:colcon.colcon_core.package_identification:_identify(src/lidar) by extensions ['ignore', 'ignore_ament_install']
[1.323s] Level 1:colcon.colcon_core.package_identification:_identify(src/lidar) by extension 'ignore'
[1.323s] Level 1:colcon.colcon_core.package_identification:_identify(src/lidar) by extension 'ignore_ament_install'
[1.323s] Level 1:colcon.colcon_core.package_identification:_identify(src/lidar) by extensions ['colcon_pkg']
[1.324s] Level 1:colcon.colcon_core.package_identification:_identify(src/lidar) by extension 'colcon_pkg'
[1.324s] Level 1:colcon.colcon_core.package_identification:_identify(src/lidar) by extensions ['colcon_meta']
[1.324s] Level 1:colcon.colcon_core.package_identification:_identify(src/lidar) by extension 'colcon_meta'
[1.324s] Level 1:colcon.colcon_core.package_identification:_identify(src/lidar) by extensions ['ros']
[1.324s] Level 1:colcon.colcon_core.package_identification:_identify(src/lidar) by extension 'ros'
[1.333s] DEBUG:colcon.colcon_core.package_identification:Package 'src/lidar' with type 'ros.ament_python' and name 'lidar'
[1.333s] Level 1:colcon.colcon_core.package_identification:_identify(src/object_avoidance) by extensions ['ignore', 'ignore_ament_install']
[1.334s] Level 1:colcon.colcon_core.package_identification:_identify(src/object_avoidance) by extension 'ignore'
[1.334s] Level 1:colcon.colcon_core.package_identification:_identify(src/object_avoidance) by extension 'ignore_ament_install'
[1.334s] Level 1:colcon.colcon_core.package_identification:_identify(src/object_avoidance) by extensions ['colcon_pkg']
[1.334s] Level 1:colcon.colcon_core.package_identification:_identify(src/object_avoidance) by extension 'colcon_pkg'
[1.334s] Level 1:colcon.colcon_core.package_identification:_identify(src/object_avoidance) by extensions ['colcon_meta']
[1.334s] Level 1:colcon.colcon_core.package_identification:_identify(src/object_avoidance) by extension 'colcon_meta'
[1.335s] Level 1:colcon.colcon_core.package_identification:_identify(src/object_avoidance) by extensions ['ros']
[1.335s] Level 1:colcon.colcon_core.package_identification:_identify(src/object_avoidance) by extension 'ros'
[1.337s] DEBUG:colcon.colcon_core.package_identification:Package 'src/object_avoidance' with type 'ros.ament_python' and name 'object_avoidance'
[1.338s] Level 1:colcon.colcon_core.package_identification:_identify(src/sllidar_ros2) by extensions ['ignore', 'ignore_ament_install']
[1.338s] Level 1:colcon.colcon_core.package_identification:_identify(src/sllidar_ros2) by extension 'ignore'
[1.338s] Level 1:colcon.colcon_core.package_identification:_identify(src/sllidar_ros2) by extension 'ignore_ament_install'
[1.338s] Level 1:colcon.colcon_core.package_identification:_identify(src/sllidar_ros2) by extensions ['colcon_pkg']
[1.338s] Level 1:colcon.colcon_core.package_identification:_identify(src/sllidar_ros2) by extension 'colcon_pkg'
[1.339s] Level 1:colcon.colcon_core.package_identification:_identify(src/sllidar_ros2) by extensions ['colcon_meta']
[1.339s] Level 1:colcon.colcon_core.package_identification:_identify(src/sllidar_ros2) by extension 'colcon_meta'
[1.339s] Level 1:colcon.colcon_core.package_identification:_identify(src/sllidar_ros2) by extensions ['ros']
[1.339s] Level 1:colcon.colcon_core.package_identification:_identify(src/sllidar_ros2) by extension 'ros'
[1.342s] DEBUG:colcon.colcon_core.package_identification:Package 'src/sllidar_ros2' with type 'ros.ament_cmake' and name 'sllidar_ros2'
[1.342s] Level 1:colcon.colcon_core.package_discovery:discover_packages(recursive) using defaults
[1.342s] Level 1:colcon.colcon_core.package_discovery:discover_packages(ignore) discover
[1.342s] Level 1:colcon.colcon_core.package_discovery:discover_packages(ignore) using defaults
[1.343s] Level 1:colcon.colcon_core.package_discovery:discover_packages(path) discover
[1.343s] Level 1:colcon.colcon_core.package_discovery:discover_packages(path) using defaults
[1.428s] Level 1:colcon.colcon_core.package_discovery:discover_packages(prefix_path) check parameters
[1.428s] Level 1:colcon.colcon_core.package_discovery:discover_packages(prefix_path) discover
[1.438s] DEBUG:colcon.colcon_installed_package_information.package_discovery:Found 3 installed packages in /home/cewan/ws_lidar/install
[1.447s] DEBUG:colcon.colcon_installed_package_information.package_discovery:Found 278 installed packages in /opt/ros/humble
[1.492s] Level 1:colcon.colcon_core.package_discovery:discover_packages(prefix_path) using defaults
[1.657s] Level 5:colcon.colcon_core.verb:set package 'lidar' build argument 'cmake_args' from command line to 'None'
[1.657s] Level 5:colcon.colcon_core.verb:set package 'lidar' build argument 'cmake_target' from command line to 'None'
[1.658s] Level 5:colcon.colcon_core.verb:set package 'lidar' build argument 'cmake_target_skip_unavailable' from command line to 'False'
[1.658s] Level 5:colcon.colcon_core.verb:set package 'lidar' build argument 'cmake_clean_cache' from command line to 'False'
[1.658s] Level 5:colcon.colcon_core.verb:set package 'lidar' build argument 'cmake_clean_first' from command line to 'False'
[1.658s] Level 5:colcon.colcon_core.verb:set package 'lidar' build argument 'cmake_force_configure' from command line to 'False'
[1.658s] Level 5:colcon.colcon_core.verb:set package 'lidar' build argument 'ament_cmake_args' from command line to 'None'
[1.658s] Level 5:colcon.colcon_core.verb:set package 'lidar' build argument 'catkin_cmake_args' from command line to 'None'
[1.658s] Level 5:colcon.colcon_core.verb:set package 'lidar' build argument 'catkin_skip_building_tests' from command line to 'False'
[1.658s] DEBUG:colcon.colcon_core.verb:Building package 'lidar' with the following arguments: {'ament_cmake_args': None, 'build_base': '/home/cewan/ws_lidar/build/lidar', 'catkin_cmake_args': None, 'catkin_skip_building_tests': False, 'cmake_args': None, 'cmake_clean_cache': False, 'cmake_clean_first': False, 'cmake_force_configure': False, 'cmake_target': None, 'cmake_target_skip_unavailable': False, 'install_base': '/home/cewan/ws_lidar/install/lidar', 'merge_install': False, 'path': '/home/cewan/ws_lidar/src/lidar', 'symlink_install': False, 'test_result_base': None}
[1.660s] Level 5:colcon.colcon_core.verb:set package 'object_avoidance' build argument 'cmake_args' from command line to 'None'
[1.660s] Level 5:colcon.colcon_core.verb:set package 'object_avoidance' build argument 'cmake_target' from command line to 'None'
[1.660s] Level 5:colcon.colcon_core.verb:set package 'object_avoidance' build argument 'cmake_target_skip_unavailable' from command line to 'False'
[1.660s] Level 5:colcon.colcon_core.verb:set package 'object_avoidance' build argument 'cmake_clean_cache' from command line to 'False'
[1.660s] Level 5:colcon.colcon_core.verb:set package 'object_avoidance' build argument 'cmake_clean_first' from command line to 'False'
[1.660s] Level 5:colcon.colcon_core.verb:set package 'object_avoidance' build argument 'cmake_force_configure' from command line to 'False'
[1.661s] Level 5:colcon.colcon_core.verb:set package 'object_avoidance' build argument 'ament_cmake_args' from command line to 'None'
[1.661s] Level 5:colcon.colcon_core.verb:set package 'object_avoidance' build argument 'catkin_cmake_args' from command line to 'None'
[1.661s] Level 5:colcon.colcon_core.verb:set package 'object_avoidance' build argument 'catkin_skip_building_tests' from command line to 'False'
[1.661s] DEBUG:colcon.colcon_core.verb:Building package 'object_avoidance' with the following arguments: {'ament_cmake_args': None, 'build_base': '/home/cewan/ws_lidar/build/object_avoidance', 'catkin_cmake_args': None, 'catkin_skip_building_tests': False, 'cmake_args': None, 'cmake_clean_cache': False, 'cmake_clean_first': False, 'cmake_force_configure': False, 'cmake_target': None, 'cmake_target_skip_unavailable': False, 'install_base': '/home/cewan/ws_lidar/install/object_avoidance', 'merge_install': False, 'path': '/home/cewan/ws_lidar/src/object_avoidance', 'symlink_install': False, 'test_result_base': None}
[1.662s] Level 5:colcon.colcon_core.verb:set package 'sllidar_ros2' build argument 'cmake_args' from command line to 'None'
[1.662s] Level 5:colcon.colcon_core.verb:set package 'sllidar_ros2' build argument 'cmake_target' from command line to 'None'
[1.662s] Level 5:colcon.colcon_core.verb:set package 'sllidar_ros2' build argument 'cmake_target_skip_unavailable' from command line to 'False'
[1.663s] Level 5:colcon.colcon_core.verb:set package 'sllidar_ros2' build argument 'cmake_clean_cache' from command line to 'False'
[1.663s] Level 5:colcon.colcon_core.verb:set package 'sllidar_ros2' build argument 'cmake_clean_first' from command line to 'False'
[1.663s] Level 5:colcon.colcon_core.verb:set package 'sllidar_ros2' build argument 'cmake_force_configure' from command line to 'False'
[1.663s] Level 5:colcon.colcon_core.verb:set package 'sllidar_ros2' build argument 'ament_cmake_args' from command line to 'None'
[1.663s] Level 5:colcon.colcon_core.verb:set package 'sllidar_ros2' build argument 'catkin_cmake_args' from command line to 'None'
[1.663s] Level 5:colcon.colcon_core.verb:set package 'sllidar_ros2' build argument 'catkin_skip_building_tests' from command line to 'False'
[1.663s] DEBUG:colcon.colcon_core.verb:Building package 'sllidar_ros2' with the following arguments: {'ament_cmake_args': None, 'build_base': '/home/cewan/ws_lidar/build/sllidar_ros2', 'catkin_cmake_args': None, 'catkin_skip_building_tests': False, 'cmake_args': None, 'cmake_clean_cache': False, 'cmake_clean_first': False, 'cmake_force_configure': False, 'cmake_target': None, 'cmake_target_skip_unavailable': False, 'install_base': '/home/cewan/ws_lidar/install/sllidar_ros2', 'merge_install': False, 'path': '/home/cewan/ws_lidar/src/sllidar_ros2', 'symlink_install': False, 'test_result_base': None}
[1.664s] INFO:colcon.colcon_core.executor:Executing jobs using 'parallel' executor
[1.667s] DEBUG:colcon.colcon_parallel_executor.executor.parallel:run_until_complete
[1.668s] INFO:colcon.colcon_ros.task.ament_python.build:Building ROS package in '/home/cewan/ws_lidar/src/lidar' with build type 'ament_python'
[1.668s] Level 1:colcon.colcon_core.shell:create_environment_hook('lidar', 'ament_prefix_path')
[1.678s] INFO:colcon.colcon_core.plugin_system:Skipping extension 'colcon_core.shell.bat': Not used on non-Windows systems
[1.679s] INFO:colcon.colcon_core.shell:Creating environment hook '/home/cewan/ws_lidar/install/lidar/share/lidar/hook/ament_prefix_path.ps1'
[1.682s] INFO:colcon.colcon_core.shell:Creating environment descriptor '/home/cewan/ws_lidar/install/lidar/share/lidar/hook/ament_prefix_path.dsv'
[1.685s] INFO:colcon.colcon_core.shell:Creating environment hook '/home/cewan/ws_lidar/install/lidar/share/lidar/hook/ament_prefix_path.sh'
[1.689s] INFO:colcon.colcon_core.shell:Skip shell extension 'powershell' for command environment: Not usable outside of PowerShell
[1.689s] DEBUG:colcon.colcon_core.shell:Skip shell extension 'dsv' for command environment
[1.710s] INFO:colcon.colcon_ros.task.ament_python.build:Building ROS package in '/home/cewan/ws_lidar/src/object_avoidance' with build type 'ament_python'
[1.710s] Level 1:colcon.colcon_core.shell:create_environment_hook('object_avoidance', 'ament_prefix_path')
[1.712s] INFO:colcon.colcon_core.shell:Creating environment hook '/home/cewan/ws_lidar/install/object_avoidance/share/object_avoidance/hook/ament_prefix_path.ps1'
[1.715s] INFO:colcon.colcon_core.shell:Creating environment descriptor '/home/cewan/ws_lidar/install/object_avoidance/share/object_avoidance/hook/ament_prefix_path.dsv'
[1.717s] INFO:colcon.colcon_core.shell:Creating environment hook '/home/cewan/ws_lidar/install/object_avoidance/share/object_avoidance/hook/ament_prefix_path.sh'
[1.721s] INFO:colcon.colcon_core.shell:Skip shell extension 'powershell' for command environment: Not usable outside of PowerShell
[1.721s] DEBUG:colcon.colcon_core.shell:Skip shell extension 'dsv' for command environment
[1.740s] INFO:colcon.colcon_ros.task.ament_cmake.build:Building ROS package in '/home/cewan/ws_lidar/src/sllidar_ros2' with build type 'ament_cmake'
[1.741s] INFO:colcon.colcon_cmake.task.cmake.build:Building CMake package in '/home/cewan/ws_lidar/src/sllidar_ros2'
[1.743s] INFO:colcon.colcon_core.shell:Skip shell extension 'powershell' for command environment: Not usable outside of PowerShell
[1.744s] DEBUG:colcon.colcon_core.shell:Skip shell extension 'dsv' for command environment
[2.982s] INFO:colcon.colcon_core.task.python.build:Building Python package in '/home/cewan/ws_lidar/src/lidar'
[2.983s] INFO:colcon.colcon_core.shell:Skip shell extension 'powershell' for command environment: Not usable outside of PowerShell
[2.983s] DEBUG:colcon.colcon_core.shell:Skip shell extension 'dsv' for command environment
[4.208s] INFO:colcon.colcon_core.task.python.build:Building Python package in '/home/cewan/ws_lidar/src/object_avoidance'
[4.209s] INFO:colcon.colcon_core.shell:Skip shell extension 'powershell' for command environment: Not usable outside of PowerShell
[4.209s] DEBUG:colcon.colcon_core.shell:Skip shell extension 'dsv' for command environment
[4.249s] DEBUG:colcon.colcon_core.event_handler.log_command:Invoking command in '/home/cewan/ws_lidar/build/sllidar_ros2': CMAKE_PREFIX_PATH=${CMAKE_PREFIX_PATH}:/home/cewan/ws_lidar/install/object_avoidance:/home/cewan/ws_lidar/install/lidar:/opt/ros/humble /usr/bin/cmake --build /home/cewan/ws_lidar/build/sllidar_ros2 -- -j4 -l4
[4.674s] DEBUG:colcon.colcon_core.event_handler.log_command:Invoked command in '/home/cewan/ws_lidar/build/sllidar_ros2' returned '0': CMAKE_PREFIX_PATH=${CMAKE_PREFIX_PATH}:/home/cewan/ws_lidar/install/object_avoidance:/home/cewan/ws_lidar/install/lidar:/opt/ros/humble /usr/bin/cmake --build /home/cewan/ws_lidar/build/sllidar_ros2 -- -j4 -l4
[4.715s] DEBUG:colcon.colcon_core.event_handler.log_command:Invoking command in '/home/cewan/ws_lidar/build/sllidar_ros2': CMAKE_PREFIX_PATH=${CMAKE_PREFIX_PATH}:/home/cewan/ws_lidar/install/object_avoidance:/home/cewan/ws_lidar/install/lidar:/opt/ros/humble /usr/bin/cmake --install /home/cewan/ws_lidar/build/sllidar_ros2
[4.879s] Level 1:colcon.colcon_core.environment:create_environment_scripts_only(sllidar_ros2)
[4.892s] Level 1:colcon.colcon_core.environment:checking '/home/cewan/ws_lidar/install/sllidar_ros2' for CMake module files
[4.893s] DEBUG:colcon.colcon_core.event_handler.log_command:Invoked command in '/home/cewan/ws_lidar/build/sllidar_ros2' returned '0': CMAKE_PREFIX_PATH=${CMAKE_PREFIX_PATH}:/home/cewan/ws_lidar/install/object_avoidance:/home/cewan/ws_lidar/install/lidar:/opt/ros/humble /usr/bin/cmake --install /home/cewan/ws_lidar/build/sllidar_ros2
[4.897s] Level 1:colcon.colcon_core.environment:checking '/home/cewan/ws_lidar/install/sllidar_ros2' for CMake config files
[4.903s] Level 1:colcon.colcon_core.shell:create_environment_hook('sllidar_ros2', 'cmake_prefix_path')
[4.905s] INFO:colcon.colcon_core.shell:Creating environment hook '/home/cewan/ws_lidar/install/sllidar_ros2/share/sllidar_ros2/hook/cmake_prefix_path.ps1'
[4.907s] INFO:colcon.colcon_core.shell:Creating environment descriptor '/home/cewan/ws_lidar/install/sllidar_ros2/share/sllidar_ros2/hook/cmake_prefix_path.dsv'
[4.909s] INFO:colcon.colcon_core.shell:Creating environment hook '/home/cewan/ws_lidar/install/sllidar_ros2/share/sllidar_ros2/hook/cmake_prefix_path.sh'
[4.914s] Level 1:colcon.colcon_core.environment:checking '/home/cewan/ws_lidar/install/sllidar_ros2/lib'
[4.915s] Level 1:colcon.colcon_core.environment:checking '/home/cewan/ws_lidar/install/sllidar_ros2/bin'
[4.916s] Level 1:colcon.colcon_core.environment:checking '/home/cewan/ws_lidar/install/sllidar_ros2/lib/pkgconfig/sllidar_ros2.pc'
[4.917s] Level 1:colcon.colcon_core.environment:checking '/home/cewan/ws_lidar/install/sllidar_ros2/lib/python3.10/site-packages'
[4.918s] Level 1:colcon.colcon_core.environment:checking '/home/cewan/ws_lidar/install/sllidar_ros2/bin'
[4.920s] INFO:colcon.colcon_core.shell:Creating package script '/home/cewan/ws_lidar/install/sllidar_ros2/share/sllidar_ros2/package.ps1'
[4.924s] INFO:colcon.colcon_core.shell:Creating package descriptor '/home/cewan/ws_lidar/install/sllidar_ros2/share/sllidar_ros2/package.dsv'
[4.928s] INFO:colcon.colcon_core.shell:Creating package script '/home/cewan/ws_lidar/install/sllidar_ros2/share/sllidar_ros2/package.sh'
[4.934s] INFO:colcon.colcon_core.shell:Creating package script '/home/cewan/ws_lidar/install/sllidar_ros2/share/sllidar_ros2/package.bash'
[4.939s] INFO:colcon.colcon_core.shell:Creating package script '/home/cewan/ws_lidar/install/sllidar_ros2/share/sllidar_ros2/package.zsh'
[4.943s] Level 1:colcon.colcon_core.environment:create_file_with_runtime_dependencies(/home/cewan/ws_lidar/install/sllidar_ros2/share/colcon-core/packages/sllidar_ros2)
[4.947s] Level 1:colcon.colcon_core.environment:create_environment_scripts_only(sllidar_ros2)
[4.949s] Level 1:colcon.colcon_core.environment:checking '/home/cewan/ws_lidar/install/sllidar_ros2' for CMake module files
[4.953s] Level 1:colcon.colcon_core.environment:checking '/home/cewan/ws_lidar/install/sllidar_ros2' for CMake config files
[4.958s] Level 1:colcon.colcon_core.shell:create_environment_hook('sllidar_ros2', 'cmake_prefix_path')
[4.959s] INFO:colcon.colcon_core.shell:Creating environment hook '/home/cewan/ws_lidar/install/sllidar_ros2/share/sllidar_ros2/hook/cmake_prefix_path.ps1'
[4.961s] INFO:colcon.colcon_core.shell:Creating environment descriptor '/home/cewan/ws_lidar/install/sllidar_ros2/share/sllidar_ros2/hook/cmake_prefix_path.dsv'
[4.964s] INFO:colcon.colcon_core.shell:Creating environment hook '/home/cewan/ws_lidar/install/sllidar_ros2/share/sllidar_ros2/hook/cmake_prefix_path.sh'
[4.968s] Level 1:colcon.colcon_core.environment:checking '/home/cewan/ws_lidar/install/sllidar_ros2/lib'
[4.968s] Level 1:colcon.colcon_core.environment:checking '/home/cewan/ws_lidar/install/sllidar_ros2/bin'
[4.969s] Level 1:colcon.colcon_core.environment:checking '/home/cewan/ws_lidar/install/sllidar_ros2/lib/pkgconfig/sllidar_ros2.pc'
[4.970s] Level 1:colcon.colcon_core.environment:checking '/home/cewan/ws_lidar/install/sllidar_ros2/lib/python3.10/site-packages'
[4.971s] Level 1:colcon.colcon_core.environment:checking '/home/cewan/ws_lidar/install/sllidar_ros2/bin'
[4.973s] INFO:colcon.colcon_core.shell:Creating package script '/home/cewan/ws_lidar/install/sllidar_ros2/share/sllidar_ros2/package.ps1'
[4.975s] INFO:colcon.colcon_core.shell:Creating package descriptor '/home/cewan/ws_lidar/install/sllidar_ros2/share/sllidar_ros2/package.dsv'
[4.979s] INFO:colcon.colcon_core.shell:Creating package script '/home/cewan/ws_lidar/install/sllidar_ros2/share/sllidar_ros2/package.sh'
[4.982s] INFO:colcon.colcon_core.shell:Creating package script '/home/cewan/ws_lidar/install/sllidar_ros2/share/sllidar_ros2/package.bash'
[4.985s] INFO:colcon.colcon_core.shell:Creating package script '/home/cewan/ws_lidar/install/sllidar_ros2/share/sllidar_ros2/package.zsh'
[4.988s] Level 1:colcon.colcon_core.environment:create_file_with_runtime_dependencies(/home/cewan/ws_lidar/install/sllidar_ros2/share/colcon-core/packages/sllidar_ros2)
[6.257s] DEBUG:colcon.colcon_core.event_handler.log_command:Invoking command in '/home/cewan/ws_lidar/src/lidar': PYTHONPATH=/home/cewan/ws_lidar/build/lidar/prefix_override:/usr/lib/python3/dist-packages/colcon_core/task/python/colcon_distutils_commands:/home/cewan/ws_lidar/install/lidar/lib/python3.10/site-packages:${PYTHONPATH} /usr/bin/python3 -W ignore:setup.py install is deprecated -W ignore:easy_install command is deprecated setup.py egg_info --egg-base ../../build/lidar build --build-base /home/cewan/ws_lidar/build/lidar/build install --record /home/cewan/ws_lidar/build/lidar/install.log --single-version-externally-managed install_data
[6.273s] DEBUG:colcon.colcon_core.event_handler.log_command:Invoking command in '/home/cewan/ws_lidar/src/object_avoidance': PYTHONPATH=/home/cewan/ws_lidar/build/object_avoidance/prefix_override:/usr/lib/python3/dist-packages/colcon_core/task/python/colcon_distutils_commands:/home/cewan/ws_lidar/install/object_avoidance/lib/python3.10/site-packages:${PYTHONPATH} /usr/bin/python3 -W ignore:setup.py install is deprecated -W ignore:easy_install command is deprecated setup.py egg_info --egg-base ../../build/object_avoidance build --build-base /home/cewan/ws_lidar/build/object_avoidance/build install --record /home/cewan/ws_lidar/build/object_avoidance/install.log --single-version-externally-managed install_data
[7.906s] Level 1:colcon.colcon_core.environment:checking '/home/cewan/ws_lidar/install/lidar' for CMake module files
[7.909s] DEBUG:colcon.colcon_core.event_handler.log_command:Invoked command in '/home/cewan/ws_lidar/src/lidar' returned '0': PYTHONPATH=/home/cewan/ws_lidar/build/lidar/prefix_override:/usr/lib/python3/dist-packages/colcon_core/task/python/colcon_distutils_commands:/home/cewan/ws_lidar/install/lidar/lib/python3.10/site-packages:${PYTHONPATH} /usr/bin/python3 -W ignore:setup.py install is deprecated -W ignore:easy_install command is deprecated setup.py egg_info --egg-base ../../build/lidar build --build-base /home/cewan/ws_lidar/build/lidar/build install --record /home/cewan/ws_lidar/build/lidar/install.log --single-version-externally-managed install_data
[7.911s] Level 1:colcon.colcon_core.environment:checking '/home/cewan/ws_lidar/install/lidar' for CMake config files
[7.915s] Level 1:colcon.colcon_core.environment:checking '/home/cewan/ws_lidar/install/lidar/lib'
[7.916s] Level 1:colcon.colcon_core.environment:checking '/home/cewan/ws_lidar/install/lidar/bin'
[7.916s] Level 1:colcon.colcon_core.environment:checking '/home/cewan/ws_lidar/install/lidar/lib/pkgconfig/lidar.pc'
[7.917s] Level 1:colcon.colcon_core.environment:checking '/home/cewan/ws_lidar/install/lidar/lib/python3.10/site-packages'
[7.917s] Level 1:colcon.colcon_core.shell:create_environment_hook('lidar', 'pythonpath')
[7.918s] INFO:colcon.colcon_core.shell:Creating environment hook '/home/cewan/ws_lidar/install/lidar/share/lidar/hook/pythonpath.ps1'
[7.920s] INFO:colcon.colcon_core.shell:Creating environment descriptor '/home/cewan/ws_lidar/install/lidar/share/lidar/hook/pythonpath.dsv'
[7.922s] INFO:colcon.colcon_core.shell:Creating environment hook '/home/cewan/ws_lidar/install/lidar/share/lidar/hook/pythonpath.sh'
[7.925s] Level 1:colcon.colcon_core.environment:checking '/home/cewan/ws_lidar/install/lidar/bin'
[7.925s] Level 1:colcon.colcon_core.environment:create_environment_scripts_only(lidar)
[7.926s] INFO:colcon.colcon_core.shell:Creating package script '/home/cewan/ws_lidar/install/lidar/share/lidar/package.ps1'
[7.929s] INFO:colcon.colcon_core.shell:Creating package descriptor '/home/cewan/ws_lidar/install/lidar/share/lidar/package.dsv'
[7.931s] INFO:colcon.colcon_core.shell:Creating package script '/home/cewan/ws_lidar/install/lidar/share/lidar/package.sh'
[7.933s] INFO:colcon.colcon_core.shell:Creating package script '/home/cewan/ws_lidar/install/lidar/share/lidar/package.bash'
[7.936s] INFO:colcon.colcon_core.shell:Creating package script '/home/cewan/ws_lidar/install/lidar/share/lidar/package.zsh'
[7.938s] Level 1:colcon.colcon_core.environment:create_file_with_runtime_dependencies(/home/cewan/ws_lidar/install/lidar/share/colcon-core/packages/lidar)
[7.942s] Level 1:colcon.colcon_core.environment:checking '/home/cewan/ws_lidar/install/object_avoidance' for CMake module files
[7.944s] DEBUG:colcon.colcon_core.event_handler.log_command:Invoked command in '/home/cewan/ws_lidar/src/object_avoidance' returned '0': PYTHONPATH=/home/cewan/ws_lidar/build/object_avoidance/prefix_override:/usr/lib/python3/dist-packages/colcon_core/task/python/colcon_distutils_commands:/home/cewan/ws_lidar/install/object_avoidance/lib/python3.10/site-packages:${PYTHONPATH} /usr/bin/python3 -W ignore:setup.py install is deprecated -W ignore:easy_install command is deprecated setup.py egg_info --egg-base ../../build/object_avoidance build --build-base /home/cewan/ws_lidar/build/object_avoidance/build install --record /home/cewan/ws_lidar/build/object_avoidance/install.log --single-version-externally-managed install_data
[7.946s] Level 1:colcon.colcon_core.environment:checking '/home/cewan/ws_lidar/install/object_avoidance' for CMake config files
[7.950s] Level 1:colcon.colcon_core.environment:checking '/home/cewan/ws_lidar/install/object_avoidance/lib'
[7.951s] Level 1:colcon.colcon_core.environment:checking '/home/cewan/ws_lidar/install/object_avoidance/bin'
[7.952s] Level 1:colcon.colcon_core.environment:checking '/home/cewan/ws_lidar/install/object_avoidance/lib/pkgconfig/object_avoidance.pc'
[7.953s] Level 1:colcon.colcon_core.environment:checking '/home/cewan/ws_lidar/install/object_avoidance/lib/python3.10/site-packages'
[7.953s] Level 1:colcon.colcon_core.shell:create_environment_hook('object_avoidance', 'pythonpath')
[7.954s] INFO:colcon.colcon_core.shell:Creating environment hook '/home/cewan/ws_lidar/install/object_avoidance/share/object_avoidance/hook/pythonpath.ps1'
[7.957s] INFO:colcon.colcon_core.shell:Creating environment descriptor '/home/cewan/ws_lidar/install/object_avoidance/share/object_avoidance/hook/pythonpath.dsv'
[7.960s] INFO:colcon.colcon_core.shell:Creating environment hook '/home/cewan/ws_lidar/install/object_avoidance/share/object_avoidance/hook/pythonpath.sh'
[7.963s] Level 1:colcon.colcon_core.environment:checking '/home/cewan/ws_lidar/install/object_avoidance/bin'
[7.964s] Level 1:colcon.colcon_core.environment:create_environment_scripts_only(object_avoidance)
[7.965s] INFO:colcon.colcon_core.shell:Creating package script '/home/cewan/ws_lidar/install/object_avoidance/share/object_avoidance/package.ps1'
[7.968s] INFO:colcon.colcon_core.shell:Creating package descriptor '/home/cewan/ws_lidar/install/object_avoidance/share/object_avoidance/package.dsv'
[7.971s] INFO:colcon.colcon_core.shell:Creating package script '/home/cewan/ws_lidar/install/object_avoidance/share/object_avoidance/package.sh'
[7.974s] INFO:colcon.colcon_core.shell:Creating package script '/home/cewan/ws_lidar/install/object_avoidance/share/object_avoidance/package.bash'
[7.976s] INFO:colcon.colcon_core.shell:Creating package script '/home/cewan/ws_lidar/install/object_avoidance/share/object_avoidance/package.zsh'
[7.978s] Level 1:colcon.colcon_core.environment:create_file_with_runtime_dependencies(/home/cewan/ws_lidar/install/object_avoidance/share/colcon-core/packages/object_avoidance)
[7.979s] DEBUG:colcon.colcon_parallel_executor.executor.parallel:closing loop
[7.980s] DEBUG:colcon.colcon_parallel_executor.executor.parallel:loop closed
[7.980s] DEBUG:colcon.colcon_parallel_executor.executor.parallel:run_until_complete finished with '0'
[7.981s] DEBUG:colcon.colcon_core.event_reactor:joining thread
[8.006s] INFO:colcon.colcon_core.plugin_system:Skipping extension 'colcon_notification.desktop_notification.terminal_notifier': Not used on non-Darwin systems
[8.006s] INFO:colcon.colcon_core.plugin_system:Skipping extension 'colcon_notification.desktop_notification.win32': Not used on non-Windows systems
[8.006s] INFO:colcon.colcon_notification.desktop_notification:Sending desktop notification using 'notify2'
[8.061s] DEBUG:colcon.colcon_core.event_reactor:joined thread
[8.063s] INFO:colcon.colcon_core.shell:Creating prefix script '/home/cewan/ws_lidar/install/local_setup.ps1'
[8.067s] INFO:colcon.colcon_core.shell:Creating prefix util module '/home/cewan/ws_lidar/install/_local_setup_util_ps1.py'
[8.076s] INFO:colcon.colcon_core.shell:Creating prefix chain script '/home/cewan/ws_lidar/install/setup.ps1'
[8.083s] INFO:colcon.colcon_core.shell:Creating prefix script '/home/cewan/ws_lidar/install/local_setup.sh'
[8.086s] INFO:colcon.colcon_core.shell:Creating prefix util module '/home/cewan/ws_lidar/install/_local_setup_util_sh.py'
[8.090s] INFO:colcon.colcon_core.shell:Creating prefix chain script '/home/cewan/ws_lidar/install/setup.sh'
[8.097s] INFO:colcon.colcon_core.shell:Creating prefix script '/home/cewan/ws_lidar/install/local_setup.bash'
[8.100s] INFO:colcon.colcon_core.shell:Creating prefix chain script '/home/cewan/ws_lidar/install/setup.bash'
[8.106s] INFO:colcon.colcon_core.shell:Creating prefix script '/home/cewan/ws_lidar/install/local_setup.zsh'
[8.109s] INFO:colcon.colcon_core.shell:Creating prefix chain script '/home/cewan/ws_lidar/install/setup.zsh'
