[4.885s] Invoking command in '/home/cewan/ws_lidar/src/object_avoidance': PYTHONPATH=/home/cewan/ws_lidar/build/object_avoidance/prefix_override:/usr/lib/python3/dist-packages/colcon_core/task/python/colcon_distutils_commands:/home/cewan/ws_lidar/install/object_avoidance/lib/python3.10/site-packages:${PYTHONPATH} /usr/bin/python3 -W ignore:setup.py install is deprecated -W ignore:easy_install command is deprecated setup.py egg_info --egg-base ../../build/object_avoidance build --build-base /home/cewan/ws_lidar/build/object_avoidance/build install --record /home/cewan/ws_lidar/build/object_avoidance/install.log --single-version-externally-managed install_data
[6.954s] running egg_info
[6.956s] creating ../../build/object_avoidance/object_avoidance.egg-info
[6.958s] writing ../../build/object_avoidance/object_avoidance.egg-info/PKG-INFO
[6.960s] writing dependency_links to ../../build/object_avoidance/object_avoidance.egg-info/dependency_links.txt
[6.961s] writing entry points to ../../build/object_avoidance/object_avoidance.egg-info/entry_points.txt
[6.962s] writing requirements to ../../build/object_avoidance/object_avoidance.egg-info/requires.txt
[6.963s] writing top-level names to ../../build/object_avoidance/object_avoidance.egg-info/top_level.txt
[6.964s] writing manifest file '../../build/object_avoidance/object_avoidance.egg-info/SOURCES.txt'
[6.971s] reading manifest file '../../build/object_avoidance/object_avoidance.egg-info/SOURCES.txt'
[6.979s] writing manifest file '../../build/object_avoidance/object_avoidance.egg-info/SOURCES.txt'
[6.980s] running build
[6.982s] running build_py
[6.984s] creating /home/cewan/ws_lidar/build/object_avoidance/build
[6.985s] creating /home/cewan/ws_lidar/build/object_avoidance/build/lib
[6.986s] creating /home/cewan/ws_lidar/build/object_avoidance/build/lib/object_avoidance
[6.987s] copying object_avoidance/__init__.py -> /home/cewan/ws_lidar/build/object_avoidance/build/lib/object_avoidance
[6.988s] running install
[6.990s] running install_lib
[6.991s] creating /home/cewan/ws_lidar/install/object_avoidance/lib/python3.10/site-packages/object_avoidance
[6.992s] copying /home/cewan/ws_lidar/build/object_avoidance/build/lib/object_avoidance/__init__.py -> /home/cewan/ws_lidar/install/object_avoidance/lib/python3.10/site-packages/object_avoidance
[6.996s] byte-compiling /home/cewan/ws_lidar/install/object_avoidance/lib/python3.10/site-packages/object_avoidance/__init__.py to __init__.cpython-310.pyc
[6.997s] running install_data
[6.998s] creating /home/cewan/ws_lidar/install/object_avoidance/share/ament_index
[6.999s] creating /home/cewan/ws_lidar/install/object_avoidance/share/ament_index/resource_index
[7.000s] creating /home/cewan/ws_lidar/install/object_avoidance/share/ament_index/resource_index/packages
[7.001s] copying resource/object_avoidance -> /home/cewan/ws_lidar/install/object_avoidance/share/ament_index/resource_index/packages
[7.002s] copying package.xml -> /home/cewan/ws_lidar/install/object_avoidance/share/object_avoidance
[7.002s] running install_egg_info
[7.021s] Copying ../../build/object_avoidance/object_avoidance.egg-info to /home/cewan/ws_lidar/install/object_avoidance/lib/python3.10/site-packages/object_avoidance-0.0.0-py3.10.egg-info
[7.039s] running install_scripts
[7.188s] writing list of installed files to '/home/cewan/ws_lidar/build/object_avoidance/install.log'
[7.509s] Invoked command in '/home/cewan/ws_lidar/src/object_avoidance' returned '0': PYTHONPATH=/home/cewan/ws_lidar/build/object_avoidance/prefix_override:/usr/lib/python3/dist-packages/colcon_core/task/python/colcon_distutils_commands:/home/cewan/ws_lidar/install/object_avoidance/lib/python3.10/site-packages:${PYTHONPATH} /usr/bin/python3 -W ignore:setup.py install is deprecated -W ignore:easy_install command is deprecated setup.py egg_info --egg-base ../../build/object_avoidance build --build-base /home/cewan/ws_lidar/build/object_avoidance/build install --record /home/cewan/ws_lidar/build/object_avoidance/install.log --single-version-externally-managed install_data
