[0.452s] DEBUG:colcon:Command line arguments: ['/usr/bin/colcon', 'build', '--packages-select', 'teleop_control']
[0.453s] DEBUG:colcon:Parsed command line arguments: Namespace(log_base=None, log_level=None, verb_name='build', build_base='build', install_base='install', merge_install=False, symlink_install=False, test_result_base=None, continue_on_error=False, executor='parallel', parallel_workers=4, event_handlers=None, ignore_user_meta=False, metas=['./colcon.meta'], base_paths=['.'], packages_ignore=None, packages_ignore_regex=None, paths=None, packages_up_to=None, packages_up_to_regex=None, packages_above=None, packages_above_and_dependencies=None, packages_above_depth=None, packages_select_by_dep=None, packages_skip_by_dep=None, packages_skip_up_to=None, packages_select_build_failed=False, packages_skip_build_finished=False, packages_select_test_failures=False, packages_skip_test_passed=False, packages_select=['teleop_control'], packages_skip=None, packages_select_regex=None, packages_skip_regex=None, packages_start=None, packages_end=None, allow_overriding=[], cmake_args=None, cmake_target=None, cmake_target_skip_unavailable=False, cmake_clean_cache=False, cmake_clean_first=False, cmake_force_configure=False, ament_cmake_args=None, catkin_cmake_args=None, catkin_skip_building_tests=False, verb_parser=<colcon_defaults.argument_parser.defaults.DefaultArgumentsDecorator object at 0xffffb1450400>, verb_extension=<colcon_core.verb.build.BuildVerb object at 0xffffb15fe8c0>, main=<bound method BuildVerb.main of <colcon_core.verb.build.BuildVerb object at 0xffffb15fe8c0>>)
[1.351s] Level 1:colcon.colcon_core.package_discovery:discover_packages(colcon_meta) check parameters
[1.352s] Level 1:colcon.colcon_core.package_discovery:discover_packages(recursive) check parameters
[1.352s] Level 1:colcon.colcon_core.package_discovery:discover_packages(ignore) check parameters
[1.352s] Level 1:colcon.colcon_core.package_discovery:discover_packages(path) check parameters
[1.352s] Level 1:colcon.colcon_core.package_discovery:discover_packages(colcon_meta) discover
[1.352s] Level 1:colcon.colcon_core.package_discovery:discover_packages(recursive) discover
[1.353s] INFO:colcon.colcon_core.package_discovery:Crawling recursively for packages in '/home/cewan/Automated-Tour-Car/ws_lidar'
[1.353s] Level 1:colcon.colcon_core.package_identification:_identify(.) by extensions ['ignore', 'ignore_ament_install']
[1.353s] Level 1:colcon.colcon_core.package_identification:_identify(.) by extension 'ignore'
[1.354s] Level 1:colcon.colcon_core.package_identification:_identify(.) by extension 'ignore_ament_install'
[1.354s] Level 1:colcon.colcon_core.package_identification:_identify(.) by extensions ['colcon_pkg']
[1.354s] Level 1:colcon.colcon_core.package_identification:_identify(.) by extension 'colcon_pkg'
[1.354s] Level 1:colcon.colcon_core.package_identification:_identify(.) by extensions ['colcon_meta']
[1.354s] Level 1:colcon.colcon_core.package_identification:_identify(.) by extension 'colcon_meta'
[1.354s] Level 1:colcon.colcon_core.package_identification:_identify(.) by extensions ['ros']
[1.354s] Level 1:colcon.colcon_core.package_identification:_identify(.) by extension 'ros'
[1.512s] Level 1:colcon.colcon_core.package_identification:_identify(.) by extensions ['cmake', 'python']
[1.512s] Level 1:colcon.colcon_core.package_identification:_identify(.) by extension 'cmake'
[1.512s] Level 1:colcon.colcon_core.package_identification:_identify(.) by extension 'python'
[1.513s] Level 1:colcon.colcon_core.package_identification:_identify(.) by extensions ['python_setup_py']
[1.513s] Level 1:colcon.colcon_core.package_identification:_identify(.) by extension 'python_setup_py'
[1.513s] Level 1:colcon.colcon_core.package_identification:_identify(build) by extensions ['ignore', 'ignore_ament_install']
[1.514s] Level 1:colcon.colcon_core.package_identification:_identify(build) by extension 'ignore'
[1.514s] Level 1:colcon.colcon_core.package_identification:_identify(build) ignored
[1.514s] Level 1:colcon.colcon_core.package_identification:_identify(install) by extensions ['ignore', 'ignore_ament_install']
[1.515s] Level 1:colcon.colcon_core.package_identification:_identify(install) by extension 'ignore'
[1.515s] Level 1:colcon.colcon_core.package_identification:_identify(install) ignored
[1.518s] Level 1:colcon.colcon_core.package_identification:_identify(log) by extensions ['ignore', 'ignore_ament_install']
[1.519s] Level 1:colcon.colcon_core.package_identification:_identify(log) by extension 'ignore'
[1.519s] Level 1:colcon.colcon_core.package_identification:_identify(log) ignored
[1.519s] Level 1:colcon.colcon_core.package_identification:_identify(src) by extensions ['ignore', 'ignore_ament_install']
[1.520s] Level 1:colcon.colcon_core.package_identification:_identify(src) by extension 'ignore'
[1.520s] Level 1:colcon.colcon_core.package_identification:_identify(src) by extension 'ignore_ament_install'
[1.520s] Level 1:colcon.colcon_core.package_identification:_identify(src) by extensions ['colcon_pkg']
[1.520s] Level 1:colcon.colcon_core.package_identification:_identify(src) by extension 'colcon_pkg'
[1.520s] Level 1:colcon.colcon_core.package_identification:_identify(src) by extensions ['colcon_meta']
[1.520s] Level 1:colcon.colcon_core.package_identification:_identify(src) by extension 'colcon_meta'
[1.521s] Level 1:colcon.colcon_core.package_identification:_identify(src) by extensions ['ros']
[1.521s] Level 1:colcon.colcon_core.package_identification:_identify(src) by extension 'ros'
[1.521s] Level 1:colcon.colcon_core.package_identification:_identify(src) by extensions ['cmake', 'python']
[1.521s] Level 1:colcon.colcon_core.package_identification:_identify(src) by extension 'cmake'
[1.521s] Level 1:colcon.colcon_core.package_identification:_identify(src) by extension 'python'
[1.521s] Level 1:colcon.colcon_core.package_identification:_identify(src) by extensions ['python_setup_py']
[1.522s] Level 1:colcon.colcon_core.package_identification:_identify(src) by extension 'python_setup_py'
[1.522s] Level 1:colcon.colcon_core.package_identification:_identify(src/TurtleBot) by extensions ['ignore', 'ignore_ament_install']
[1.522s] Level 1:colcon.colcon_core.package_identification:_identify(src/TurtleBot) by extension 'ignore'
[1.523s] Level 1:colcon.colcon_core.package_identification:_identify(src/TurtleBot) by extension 'ignore_ament_install'
[1.523s] Level 1:colcon.colcon_core.package_identification:_identify(src/TurtleBot) by extensions ['colcon_pkg']
[1.523s] Level 1:colcon.colcon_core.package_identification:_identify(src/TurtleBot) by extension 'colcon_pkg'
[1.523s] Level 1:colcon.colcon_core.package_identification:_identify(src/TurtleBot) by extensions ['colcon_meta']
[1.523s] Level 1:colcon.colcon_core.package_identification:_identify(src/TurtleBot) by extension 'colcon_meta'
[1.523s] Level 1:colcon.colcon_core.package_identification:_identify(src/TurtleBot) by extensions ['ros']
[1.523s] Level 1:colcon.colcon_core.package_identification:_identify(src/TurtleBot) by extension 'ros'
[1.533s] DEBUG:colcon.colcon_core.package_identification:Package 'src/TurtleBot' with type 'ros.ament_python' and name 'TurtleBot'
[1.534s] Level 1:colcon.colcon_core.package_identification:_identify(src/gpsPubSub) by extensions ['ignore', 'ignore_ament_install']
[1.534s] Level 1:colcon.colcon_core.package_identification:_identify(src/gpsPubSub) by extension 'ignore'
[1.534s] Level 1:colcon.colcon_core.package_identification:_identify(src/gpsPubSub) by extension 'ignore_ament_install'
[1.534s] Level 1:colcon.colcon_core.package_identification:_identify(src/gpsPubSub) by extensions ['colcon_pkg']
[1.535s] Level 1:colcon.colcon_core.package_identification:_identify(src/gpsPubSub) by extension 'colcon_pkg'
[1.535s] Level 1:colcon.colcon_core.package_identification:_identify(src/gpsPubSub) by extensions ['colcon_meta']
[1.535s] Level 1:colcon.colcon_core.package_identification:_identify(src/gpsPubSub) by extension 'colcon_meta'
[1.535s] Level 1:colcon.colcon_core.package_identification:_identify(src/gpsPubSub) by extensions ['ros']
[1.535s] Level 1:colcon.colcon_core.package_identification:_identify(src/gpsPubSub) by extension 'ros'
[1.538s] DEBUG:colcon.colcon_core.package_identification:Package 'src/gpsPubSub' with type 'ros.ament_python' and name 'gpsPubSub'
[1.538s] Level 1:colcon.colcon_core.package_identification:_identify(src/lidar) by extensions ['ignore', 'ignore_ament_install']
[1.539s] Level 1:colcon.colcon_core.package_identification:_identify(src/lidar) by extension 'ignore'
[1.539s] Level 1:colcon.colcon_core.package_identification:_identify(src/lidar) by extension 'ignore_ament_install'
[1.539s] Level 1:colcon.colcon_core.package_identification:_identify(src/lidar) by extensions ['colcon_pkg']
[1.539s] Level 1:colcon.colcon_core.package_identification:_identify(src/lidar) by extension 'colcon_pkg'
[1.539s] Level 1:colcon.colcon_core.package_identification:_identify(src/lidar) by extensions ['colcon_meta']
[1.540s] Level 1:colcon.colcon_core.package_identification:_identify(src/lidar) by extension 'colcon_meta'
[1.540s] Level 1:colcon.colcon_core.package_identification:_identify(src/lidar) by extensions ['ros']
[1.540s] Level 1:colcon.colcon_core.package_identification:_identify(src/lidar) by extension 'ros'
[1.542s] DEBUG:colcon.colcon_core.package_identification:Package 'src/lidar' with type 'ros.ament_python' and name 'lidar'
[1.542s] Level 1:colcon.colcon_core.package_identification:_identify(src/object_avoidance) by extensions ['ignore', 'ignore_ament_install']
[1.543s] Level 1:colcon.colcon_core.package_identification:_identify(src/object_avoidance) by extension 'ignore'
[1.543s] Level 1:colcon.colcon_core.package_identification:_identify(src/object_avoidance) by extension 'ignore_ament_install'
[1.543s] Level 1:colcon.colcon_core.package_identification:_identify(src/object_avoidance) by extensions ['colcon_pkg']
[1.543s] Level 1:colcon.colcon_core.package_identification:_identify(src/object_avoidance) by extension 'colcon_pkg'
[1.544s] Level 1:colcon.colcon_core.package_identification:_identify(src/object_avoidance) by extensions ['colcon_meta']
[1.544s] Level 1:colcon.colcon_core.package_identification:_identify(src/object_avoidance) by extension 'colcon_meta'
[1.544s] Level 1:colcon.colcon_core.package_identification:_identify(src/object_avoidance) by extensions ['ros']
[1.544s] Level 1:colcon.colcon_core.package_identification:_identify(src/object_avoidance) by extension 'ros'
[1.546s] DEBUG:colcon.colcon_core.package_identification:Package 'src/object_avoidance' with type 'ros.ament_python' and name 'object_avoidance'
[1.547s] Level 1:colcon.colcon_core.package_identification:_identify(src/sllidar_ros2) by extensions ['ignore', 'ignore_ament_install']
[1.547s] Level 1:colcon.colcon_core.package_identification:_identify(src/sllidar_ros2) by extension 'ignore'
[1.547s] Level 1:colcon.colcon_core.package_identification:_identify(src/sllidar_ros2) by extension 'ignore_ament_install'
[1.548s] Level 1:colcon.colcon_core.package_identification:_identify(src/sllidar_ros2) by extensions ['colcon_pkg']
[1.548s] Level 1:colcon.colcon_core.package_identification:_identify(src/sllidar_ros2) by extension 'colcon_pkg'
[1.548s] Level 1:colcon.colcon_core.package_identification:_identify(src/sllidar_ros2) by extensions ['colcon_meta']
[1.548s] Level 1:colcon.colcon_core.package_identification:_identify(src/sllidar_ros2) by extension 'colcon_meta'
[1.548s] Level 1:colcon.colcon_core.package_identification:_identify(src/sllidar_ros2) by extensions ['ros']
[1.548s] Level 1:colcon.colcon_core.package_identification:_identify(src/sllidar_ros2) by extension 'ros'
[1.551s] DEBUG:colcon.colcon_core.package_identification:Package 'src/sllidar_ros2' with type 'ros.ament_cmake' and name 'sllidar_ros2'
[1.552s] Level 1:colcon.colcon_core.package_identification:_identify(src/teleop_control) by extensions ['ignore', 'ignore_ament_install']
[1.552s] Level 1:colcon.colcon_core.package_identification:_identify(src/teleop_control) by extension 'ignore'
[1.552s] Level 1:colcon.colcon_core.package_identification:_identify(src/teleop_control) by extension 'ignore_ament_install'
[1.553s] Level 1:colcon.colcon_core.package_identification:_identify(src/teleop_control) by extensions ['colcon_pkg']
[1.553s] Level 1:colcon.colcon_core.package_identification:_identify(src/teleop_control) by extension 'colcon_pkg'
[1.553s] Level 1:colcon.colcon_core.package_identification:_identify(src/teleop_control) by extensions ['colcon_meta']
[1.553s] Level 1:colcon.colcon_core.package_identification:_identify(src/teleop_control) by extension 'colcon_meta'
[1.553s] Level 1:colcon.colcon_core.package_identification:_identify(src/teleop_control) by extensions ['ros']
[1.553s] Level 1:colcon.colcon_core.package_identification:_identify(src/teleop_control) by extension 'ros'
[1.555s] DEBUG:colcon.colcon_core.package_identification:Package 'src/teleop_control' with type 'ros.ament_python' and name 'teleop_control'
[1.555s] Level 1:colcon.colcon_core.package_discovery:discover_packages(recursive) using defaults
[1.556s] Level 1:colcon.colcon_core.package_discovery:discover_packages(ignore) discover
[1.556s] Level 1:colcon.colcon_core.package_discovery:discover_packages(ignore) using defaults
[1.556s] Level 1:colcon.colcon_core.package_discovery:discover_packages(path) discover
[1.556s] Level 1:colcon.colcon_core.package_discovery:discover_packages(path) using defaults
[1.629s] INFO:colcon.colcon_core.package_selection:Skipping not selected package 'TurtleBot' in 'src/TurtleBot'
[1.629s] INFO:colcon.colcon_core.package_selection:Skipping not selected package 'gpsPubSub' in 'src/gpsPubSub'
[1.629s] INFO:colcon.colcon_core.package_selection:Skipping not selected package 'lidar' in 'src/lidar'
[1.629s] INFO:colcon.colcon_core.package_selection:Skipping not selected package 'object_avoidance' in 'src/object_avoidance'
[1.629s] INFO:colcon.colcon_core.package_selection:Skipping not selected package 'sllidar_ros2' in 'src/sllidar_ros2'
[1.631s] Level 1:colcon.colcon_core.package_discovery:discover_packages(prefix_path) check parameters
[1.631s] Level 1:colcon.colcon_core.package_discovery:discover_packages(prefix_path) discover
[1.641s] DEBUG:colcon.colcon_installed_package_information.package_discovery:Found 6 installed packages in /home/cewan/Automated-Tour-Car/ws_lidar/install
[1.650s] DEBUG:colcon.colcon_installed_package_information.package_discovery:Found 287 installed packages in /opt/ros/humble
[1.660s] Level 1:colcon.colcon_core.package_discovery:discover_packages(prefix_path) using defaults
[1.825s] Level 5:colcon.colcon_core.verb:set package 'teleop_control' build argument 'cmake_args' from command line to 'None'
[1.825s] Level 5:colcon.colcon_core.verb:set package 'teleop_control' build argument 'cmake_target' from command line to 'None'
[1.825s] Level 5:colcon.colcon_core.verb:set package 'teleop_control' build argument 'cmake_target_skip_unavailable' from command line to 'False'
[1.825s] Level 5:colcon.colcon_core.verb:set package 'teleop_control' build argument 'cmake_clean_cache' from command line to 'False'
[1.826s] Level 5:colcon.colcon_core.verb:set package 'teleop_control' build argument 'cmake_clean_first' from command line to 'False'
[1.826s] Level 5:colcon.colcon_core.verb:set package 'teleop_control' build argument 'cmake_force_configure' from command line to 'False'
[1.826s] Level 5:colcon.colcon_core.verb:set package 'teleop_control' build argument 'ament_cmake_args' from command line to 'None'
[1.826s] Level 5:colcon.colcon_core.verb:set package 'teleop_control' build argument 'catkin_cmake_args' from command line to 'None'
[1.826s] Level 5:colcon.colcon_core.verb:set package 'teleop_control' build argument 'catkin_skip_building_tests' from command line to 'False'
[1.826s] DEBUG:colcon.colcon_core.verb:Building package 'teleop_control' with the following arguments: {'ament_cmake_args': None, 'build_base': '/home/cewan/Automated-Tour-Car/ws_lidar/build/teleop_control', 'catkin_cmake_args': None, 'catkin_skip_building_tests': False, 'cmake_args': None, 'cmake_clean_cache': False, 'cmake_clean_first': False, 'cmake_force_configure': False, 'cmake_target': None, 'cmake_target_skip_unavailable': False, 'install_base': '/home/cewan/Automated-Tour-Car/ws_lidar/install/teleop_control', 'merge_install': False, 'path': '/home/cewan/Automated-Tour-Car/ws_lidar/src/teleop_control', 'symlink_install': False, 'test_result_base': None}
[1.827s] INFO:colcon.colcon_core.executor:Executing jobs using 'parallel' executor
[1.830s] DEBUG:colcon.colcon_parallel_executor.executor.parallel:run_until_complete
[1.831s] INFO:colcon.colcon_ros.task.ament_python.build:Building ROS package in '/home/cewan/Automated-Tour-Car/ws_lidar/src/teleop_control' with build type 'ament_python'
[1.831s] Level 1:colcon.colcon_core.shell:create_environment_hook('teleop_control', 'ament_prefix_path')
[1.841s] INFO:colcon.colcon_core.plugin_system:Skipping extension 'colcon_core.shell.bat': Not used on non-Windows systems
[1.842s] INFO:colcon.colcon_core.shell:Creating environment hook '/home/cewan/Automated-Tour-Car/ws_lidar/install/teleop_control/share/teleop_control/hook/ament_prefix_path.ps1'
[1.846s] INFO:colcon.colcon_core.shell:Creating environment descriptor '/home/cewan/Automated-Tour-Car/ws_lidar/install/teleop_control/share/teleop_control/hook/ament_prefix_path.dsv'
[1.849s] INFO:colcon.colcon_core.shell:Creating environment hook '/home/cewan/Automated-Tour-Car/ws_lidar/install/teleop_control/share/teleop_control/hook/ament_prefix_path.sh'
[1.853s] INFO:colcon.colcon_core.shell:Skip shell extension 'powershell' for command environment: Not usable outside of PowerShell
[1.853s] DEBUG:colcon.colcon_core.shell:Skip shell extension 'dsv' for command environment
[3.108s] INFO:colcon.colcon_core.task.python.build:Building Python package in '/home/cewan/Automated-Tour-Car/ws_lidar/src/teleop_control'
[3.109s] INFO:colcon.colcon_core.shell:Skip shell extension 'powershell' for command environment: Not usable outside of PowerShell
[3.109s] DEBUG:colcon.colcon_core.shell:Skip shell extension 'dsv' for command environment
[4.805s] DEBUG:colcon.colcon_core.event_handler.log_command:Invoking command in '/home/cewan/Automated-Tour-Car/ws_lidar/src/teleop_control': PYTHONPATH=/home/cewan/Automated-Tour-Car/ws_lidar/build/teleop_control/prefix_override:/usr/lib/python3/dist-packages/colcon_core/task/python/colcon_distutils_commands:/home/cewan/Automated-Tour-Car/ws_lidar/install/teleop_control/lib/python3.10/site-packages:${PYTHONPATH} /usr/bin/python3 -W ignore:setup.py install is deprecated -W ignore:easy_install command is deprecated setup.py egg_info --egg-base ../../build/teleop_control build --build-base /home/cewan/Automated-Tour-Car/ws_lidar/build/teleop_control/build install --record /home/cewan/Automated-Tour-Car/ws_lidar/build/teleop_control/install.log --single-version-externally-managed install_data
[6.188s] DEBUG:colcon.colcon_core.event_handler.log_command:Invoked command in '/home/cewan/Automated-Tour-Car/ws_lidar/src/teleop_control' returned '0': PYTHONPATH=/home/cewan/Automated-Tour-Car/ws_lidar/build/teleop_control/prefix_override:/usr/lib/python3/dist-packages/colcon_core/task/python/colcon_distutils_commands:/home/cewan/Automated-Tour-Car/ws_lidar/install/teleop_control/lib/python3.10/site-packages:${PYTHONPATH} /usr/bin/python3 -W ignore:setup.py install is deprecated -W ignore:easy_install command is deprecated setup.py egg_info --egg-base ../../build/teleop_control build --build-base /home/cewan/Automated-Tour-Car/ws_lidar/build/teleop_control/build install --record /home/cewan/Automated-Tour-Car/ws_lidar/build/teleop_control/install.log --single-version-externally-managed install_data
[6.198s] Level 1:colcon.colcon_core.environment:checking '/home/cewan/Automated-Tour-Car/ws_lidar/install/teleop_control' for CMake module files
[6.201s] Level 1:colcon.colcon_core.environment:checking '/home/cewan/Automated-Tour-Car/ws_lidar/install/teleop_control' for CMake config files
[6.205s] Level 1:colcon.colcon_core.environment:checking '/home/cewan/Automated-Tour-Car/ws_lidar/install/teleop_control/lib'
[6.205s] Level 1:colcon.colcon_core.environment:checking '/home/cewan/Automated-Tour-Car/ws_lidar/install/teleop_control/bin'
[6.206s] Level 1:colcon.colcon_core.environment:checking '/home/cewan/Automated-Tour-Car/ws_lidar/install/teleop_control/lib/pkgconfig/teleop_control.pc'
[6.207s] Level 1:colcon.colcon_core.environment:checking '/home/cewan/Automated-Tour-Car/ws_lidar/install/teleop_control/lib/python3.10/site-packages'
[6.207s] Level 1:colcon.colcon_core.shell:create_environment_hook('teleop_control', 'pythonpath')
[6.208s] INFO:colcon.colcon_core.shell:Creating environment hook '/home/cewan/Automated-Tour-Car/ws_lidar/install/teleop_control/share/teleop_control/hook/pythonpath.ps1'
[6.210s] INFO:colcon.colcon_core.shell:Creating environment descriptor '/home/cewan/Automated-Tour-Car/ws_lidar/install/teleop_control/share/teleop_control/hook/pythonpath.dsv'
[6.212s] INFO:colcon.colcon_core.shell:Creating environment hook '/home/cewan/Automated-Tour-Car/ws_lidar/install/teleop_control/share/teleop_control/hook/pythonpath.sh'
[6.215s] Level 1:colcon.colcon_core.environment:checking '/home/cewan/Automated-Tour-Car/ws_lidar/install/teleop_control/bin'
[6.215s] Level 1:colcon.colcon_core.environment:create_environment_scripts_only(teleop_control)
[6.217s] INFO:colcon.colcon_core.shell:Creating package script '/home/cewan/Automated-Tour-Car/ws_lidar/install/teleop_control/share/teleop_control/package.ps1'
[6.220s] INFO:colcon.colcon_core.shell:Creating package descriptor '/home/cewan/Automated-Tour-Car/ws_lidar/install/teleop_control/share/teleop_control/package.dsv'
[6.223s] INFO:colcon.colcon_core.shell:Creating package script '/home/cewan/Automated-Tour-Car/ws_lidar/install/teleop_control/share/teleop_control/package.sh'
[6.226s] INFO:colcon.colcon_core.shell:Creating package script '/home/cewan/Automated-Tour-Car/ws_lidar/install/teleop_control/share/teleop_control/package.bash'
[6.230s] INFO:colcon.colcon_core.shell:Creating package script '/home/cewan/Automated-Tour-Car/ws_lidar/install/teleop_control/share/teleop_control/package.zsh'
[6.234s] Level 1:colcon.colcon_core.environment:create_file_with_runtime_dependencies(/home/cewan/Automated-Tour-Car/ws_lidar/install/teleop_control/share/colcon-core/packages/teleop_control)
[6.235s] DEBUG:colcon.colcon_parallel_executor.executor.parallel:closing loop
[6.236s] DEBUG:colcon.colcon_parallel_executor.executor.parallel:loop closed
[6.237s] DEBUG:colcon.colcon_parallel_executor.executor.parallel:run_until_complete finished with '0'
[6.237s] DEBUG:colcon.colcon_core.event_reactor:joining thread
[6.257s] INFO:colcon.colcon_core.plugin_system:Skipping extension 'colcon_notification.desktop_notification.terminal_notifier': Not used on non-Darwin systems
[6.257s] INFO:colcon.colcon_core.plugin_system:Skipping extension 'colcon_notification.desktop_notification.win32': Not used on non-Windows systems
[6.257s] INFO:colcon.colcon_notification.desktop_notification:Sending desktop notification using 'notify2'
[6.262s] DEBUG:colcon.colcon_notification.desktop_notification.notify2:Failed to initialize notify2: org.freedesktop.DBus.Error.ServiceUnknown: The name org.freedesktop.Notifications was not provided by any .service files
[6.263s] DEBUG:colcon.colcon_core.event_reactor:joined thread
[6.264s] INFO:colcon.colcon_core.shell:Creating prefix script '/home/cewan/Automated-Tour-Car/ws_lidar/install/local_setup.ps1'
[6.267s] INFO:colcon.colcon_core.shell:Creating prefix util module '/home/cewan/Automated-Tour-Car/ws_lidar/install/_local_setup_util_ps1.py'
[6.275s] INFO:colcon.colcon_core.shell:Creating prefix chain script '/home/cewan/Automated-Tour-Car/ws_lidar/install/setup.ps1'
[6.283s] INFO:colcon.colcon_core.shell:Creating prefix script '/home/cewan/Automated-Tour-Car/ws_lidar/install/local_setup.sh'
[6.285s] INFO:colcon.colcon_core.shell:Creating prefix util module '/home/cewan/Automated-Tour-Car/ws_lidar/install/_local_setup_util_sh.py'
[6.288s] INFO:colcon.colcon_core.shell:Creating prefix chain script '/home/cewan/Automated-Tour-Car/ws_lidar/install/setup.sh'
[6.294s] INFO:colcon.colcon_core.shell:Creating prefix script '/home/cewan/Automated-Tour-Car/ws_lidar/install/local_setup.bash'
[6.297s] INFO:colcon.colcon_core.shell:Creating prefix chain script '/home/cewan/Automated-Tour-Car/ws_lidar/install/setup.bash'
[6.303s] INFO:colcon.colcon_core.shell:Creating prefix script '/home/cewan/Automated-Tour-Car/ws_lidar/install/local_setup.zsh'
[6.305s] INFO:colcon.colcon_core.shell:Creating prefix chain script '/home/cewan/Automated-Tour-Car/ws_lidar/install/setup.zsh'
