[3.270s] Invoking command in '/home/cewan/ws_lidar/build/sllidar_ros2': CMAKE_PREFIX_PATH=${CMAKE_PREFIX_PATH}:/home/cewan/ws_lidar/install/object_avoidance:/home/cewan/ws_lidar/install/lidar:/opt/ros/humble /usr/bin/cmake --build /home/cewan/ws_lidar/build/sllidar_ros2 -- -j4 -l4
[3.968s] [ 10%] Built target sllidar_client
[4.185s] [100%] Built target sllidar_node
[4.303s] Invoked command in '/home/cewan/ws_lidar/build/sllidar_ros2' returned '0': CMAKE_PREFIX_PATH=${CMAKE_PREFIX_PATH}:/home/cewan/ws_lidar/install/object_avoidance:/home/cewan/ws_lidar/install/lidar:/opt/ros/humble /usr/bin/cmake --build /home/cewan/ws_lidar/build/sllidar_ros2 -- -j4 -l4
[4.451s] Invoking command in '/home/cewan/ws_lidar/build/sllidar_ros2': CMAKE_PREFIX_PATH=${CMAKE_PREFIX_PATH}:/home/cewan/ws_lidar/install/object_avoidance:/home/cewan/ws_lidar/install/lidar:/opt/ros/humble /usr/bin/cmake --install /home/cewan/ws_lidar/build/sllidar_ros2
[4.641s] -- Install configuration: ""
[4.649s] -- Execute custom install script
[4.651s] -- Up-to-date symlink: /home/cewan/ws_lidar/install/sllidar_ros2/share/sllidar_ros2/launch/sllidar_a1_launch.py
[4.653s] -- Up-to-date symlink: /home/cewan/ws_lidar/install/sllidar_ros2/share/sllidar_ros2/launch/sllidar_a2m12_launch .py
[4.654s] -- Up-to-date symlink: /home/cewan/ws_lidar/install/sllidar_ros2/share/sllidar_ros2/launch/sllidar_a2m7_launch.py
[4.655s] -- Up-to-date symlink: /home/cewan/ws_lidar/install/sllidar_ros2/share/sllidar_ros2/launch/sllidar_a2m8_launch.py
[4.656s] -- Up-to-date symlink: /home/cewan/ws_lidar/install/sllidar_ros2/share/sllidar_ros2/launch/sllidar_a3_launch.py
[4.658s] -- Up-to-date symlink: /home/cewan/ws_lidar/install/sllidar_ros2/share/sllidar_ros2/launch/sllidar_c1_launch.py
[4.658s] -- Up-to-date symlink: /home/cewan/ws_lidar/install/sllidar_ros2/share/sllidar_ros2/launch/sllidar_s1_launch.py
[4.662s] -- Up-to-date symlink: /home/cewan/ws_lidar/install/sllidar_ros2/share/sllidar_ros2/launch/sllidar_s1_tcp_launch.py
[4.666s] -- Up-to-date symlink: /home/cewan/ws_lidar/install/sllidar_ros2/share/sllidar_ros2/launch/sllidar_s2_launch.py
[4.668s] -- Up-to-date symlink: /home/cewan/ws_lidar/install/sllidar_ros2/share/sllidar_ros2/launch/sllidar_s2e_launch.py
[4.678s] -- Up-to-date symlink: /home/cewan/ws_lidar/install/sllidar_ros2/share/sllidar_ros2/launch/sllidar_s3_launch.py
[4.681s] -- Up-to-date symlink: /home/cewan/ws_lidar/install/sllidar_ros2/share/sllidar_ros2/launch/sllidar_t1_launch.py
[4.684s] -- Up-to-date symlink: /home/cewan/ws_lidar/install/sllidar_ros2/share/sllidar_ros2/launch/view_sllidar_a1_launch.py
[4.685s] -- Up-to-date symlink: /home/cewan/ws_lidar/install/sllidar_ros2/share/sllidar_ros2/launch/view_sllidar_a2m12_launch.py
[4.687s] -- Up-to-date symlink: /home/cewan/ws_lidar/install/sllidar_ros2/share/sllidar_ros2/launch/view_sllidar_a2m7_launch.py
[4.689s] -- Up-to-date symlink: /home/cewan/ws_lidar/install/sllidar_ros2/share/sllidar_ros2/launch/view_sllidar_a2m8_launch.py
[4.692s] -- Up-to-date symlink: /home/cewan/ws_lidar/install/sllidar_ros2/share/sllidar_ros2/launch/view_sllidar_a3_launch.py
[4.698s] -- Up-to-date symlink: /home/cewan/ws_lidar/install/sllidar_ros2/share/sllidar_ros2/launch/view_sllidar_c1_launch.py
[4.713s] -- Up-to-date symlink: /home/cewan/ws_lidar/install/sllidar_ros2/share/sllidar_ros2/launch/view_sllidar_s1_launch.py
[4.717s] -- Up-to-date symlink: /home/cewan/ws_lidar/install/sllidar_ros2/share/sllidar_ros2/launch/view_sllidar_s1_tcp_launch.py
[4.718s] -- Up-to-date symlink: /home/cewan/ws_lidar/install/sllidar_ros2/share/sllidar_ros2/launch/view_sllidar_s2_launch.py
[4.726s] -- Up-to-date symlink: /home/cewan/ws_lidar/install/sllidar_ros2/share/sllidar_ros2/launch/view_sllidar_s2e_launch.py
[4.727s] -- Up-to-date symlink: /home/cewan/ws_lidar/install/sllidar_ros2/share/sllidar_ros2/launch/view_sllidar_s3_launch.py
[4.728s] -- Up-to-date symlink: /home/cewan/ws_lidar/install/sllidar_ros2/share/sllidar_ros2/launch/view_sllidar_t1_launch.py
[4.733s] -- Up-to-date symlink: /home/cewan/ws_lidar/install/sllidar_ros2/share/sllidar_ros2/rviz/sllidar_ros2.rviz
[4.740s] -- Up-to-date symlink: /home/cewan/ws_lidar/install/sllidar_ros2/lib/sllidar_ros2/sllidar_node
[4.741s] -- Up-to-date symlink: /home/cewan/ws_lidar/install/sllidar_ros2/lib/sllidar_ros2/sllidar_client
[4.742s] -- Up-to-date symlink: /home/cewan/ws_lidar/install/sllidar_ros2/share/ament_index/resource_index/package_run_dependencies/sllidar_ros2
[4.743s] -- Up-to-date symlink: /home/cewan/ws_lidar/install/sllidar_ros2/share/ament_index/resource_index/parent_prefix_path/sllidar_ros2
[4.745s] -- Up-to-date symlink: /home/cewan/ws_lidar/install/sllidar_ros2/share/sllidar_ros2/environment/ament_prefix_path.sh
[4.746s] -- Up-to-date symlink: /home/cewan/ws_lidar/install/sllidar_ros2/share/sllidar_ros2/environment/ament_prefix_path.dsv
[4.751s] -- Up-to-date symlink: /home/cewan/ws_lidar/install/sllidar_ros2/share/sllidar_ros2/environment/path.sh
[4.752s] -- Up-to-date symlink: /home/cewan/ws_lidar/install/sllidar_ros2/share/sllidar_ros2/environment/path.dsv
[4.752s] -- Up-to-date symlink: /home/cewan/ws_lidar/install/sllidar_ros2/share/sllidar_ros2/local_setup.bash
[4.753s] -- Up-to-date symlink: /home/cewan/ws_lidar/install/sllidar_ros2/share/sllidar_ros2/local_setup.sh
[4.754s] -- Up-to-date symlink: /home/cewan/ws_lidar/install/sllidar_ros2/share/sllidar_ros2/local_setup.zsh
[4.754s] -- Up-to-date symlink: /home/cewan/ws_lidar/install/sllidar_ros2/share/sllidar_ros2/local_setup.dsv
[4.754s] -- Symlinking: /home/cewan/ws_lidar/install/sllidar_ros2/share/sllidar_ros2/package.dsv
[4.853s] -- Up-to-date symlink: /home/cewan/ws_lidar/install/sllidar_ros2/share/ament_index/resource_index/packages/sllidar_ros2
[4.858s] -- Up-to-date symlink: /home/cewan/ws_lidar/install/sllidar_ros2/share/sllidar_ros2/cmake/ament_cmake_export_dependencies-extras.cmake
[4.860s] -- Up-to-date symlink: /home/cewan/ws_lidar/install/sllidar_ros2/share/sllidar_ros2/cmake/ament_cmake_export_include_directories-extras.cmake
[4.865s] -- Up-to-date symlink: /home/cewan/ws_lidar/install/sllidar_ros2/share/sllidar_ros2/cmake/sllidar_ros2Config.cmake
[4.873s] -- Up-to-date symlink: /home/cewan/ws_lidar/install/sllidar_ros2/share/sllidar_ros2/cmake/sllidar_ros2Config-version.cmake
[4.881s] -- Up-to-date symlink: /home/cewan/ws_lidar/install/sllidar_ros2/share/sllidar_ros2/package.xml
[4.907s] Invoked command in '/home/cewan/ws_lidar/build/sllidar_ros2' returned '0': CMAKE_PREFIX_PATH=${CMAKE_PREFIX_PATH}:/home/cewan/ws_lidar/install/object_avoidance:/home/cewan/ws_lidar/install/lidar:/opt/ros/humble /usr/bin/cmake --install /home/cewan/ws_lidar/build/sllidar_ros2
