running develop
Removing /home/cewan/ws_lidar/install/lidar/lib/python3.10/site-packages/lidar.egg-link (link to .)
running egg_info
writing ../../build/lidar/lidar.egg-info/PKG-INFO
writing dependency_links to ../../build/lidar/lidar.egg-info/dependency_links.txt
writing entry points to ../../build/lidar/lidar.egg-info/entry_points.txt
writing requirements to ../../build/lidar/lidar.egg-info/requires.txt
writing top-level names to ../../build/lidar/lidar.egg-info/top_level.txt
reading manifest file '../../build/lidar/lidar.egg-info/SOURCES.txt'
writing manifest file '../../build/lidar/lidar.egg-info/SOURCES.txt'
running build
running build_py
copying lidar/lidar_subscriber.py -> /home/cewan/ws_lidar/build/lidar/build/lib/lidar
running install
running install_lib
copying /home/cewan/ws_lidar/build/lidar/build/lib/lidar/lidar_publisher.py -> /home/cewan/ws_lidar/install/lidar/lib/python3.10/site-packages/lidar
copying /home/cewan/ws_lidar/build/lidar/build/lib/lidar/__init__.py -> /home/cewan/ws_lidar/install/lidar/lib/python3.10/site-packages/lidar
copying /home/cewan/ws_lidar/build/lidar/build/lib/lidar/lidar_subscriber.py -> /home/cewan/ws_lidar/install/lidar/lib/python3.10/site-packages/lidar
byte-compiling /home/cewan/ws_lidar/install/lidar/lib/python3.10/site-packages/lidar/lidar_publisher.py to lidar_publisher.cpython-310.pyc
byte-compiling /home/cewan/ws_lidar/install/lidar/lib/python3.10/site-packages/lidar/__init__.py to __init__.cpython-310.pyc
byte-compiling /home/cewan/ws_lidar/install/lidar/lib/python3.10/site-packages/lidar/lidar_subscriber.py to lidar_subscriber.cpython-310.pyc
running install_data
copying resource/lidar -> /home/cewan/ws_lidar/install/lidar/share/ament_index/resource_index/packages
copying package.xml -> /home/cewan/ws_lidar/install/lidar/share/lidar
running install_egg_info
Copying ../../build/lidar/lidar.egg-info to /home/cewan/ws_lidar/install/lidar/lib/python3.10/site-packages/lidar-0.0.0-py3.10.egg-info
running install_scripts
Installing lidar_publisher script to /home/cewan/ws_lidar/install/lidar/lib/lidar
Installing lidar_subscriber script to /home/cewan/ws_lidar/install/lidar/lib/lidar
writing list of installed files to '/home/cewan/ws_lidar/build/lidar/install.log'
