[3.694s] Invoking command in '/home/cewan/Automated-Tour-Car/ws_lidar/src/teleop_control': PYTHONPATH=/home/cewan/Automated-Tour-Car/ws_lidar/build/teleop_control/prefix_override:/usr/lib/python3/dist-packages/colcon_core/task/python/colcon_distutils_commands:/home/cewan/Automated-Tour-Car/ws_lidar/install/teleop_control/lib/python3.10/site-packages:${PYTHONPATH} /usr/bin/python3 -W ignore:setup.py install is deprecated -W ignore:easy_install command is deprecated setup.py egg_info --egg-base ../../build/teleop_control build --build-base /home/cewan/Automated-Tour-Car/ws_lidar/build/teleop_control/build install --record /home/cewan/Automated-Tour-Car/ws_lidar/build/teleop_control/install.log --single-version-externally-managed install_data
[5.140s] running egg_info
[5.143s] creating ../../build/teleop_control/teleop_control.egg-info
[5.146s] writing ../../build/teleop_control/teleop_control.egg-info/PKG-INFO
[5.148s] writing dependency_links to ../../build/teleop_control/teleop_control.egg-info/dependency_links.txt
[5.151s] writing entry points to ../../build/teleop_control/teleop_control.egg-info/entry_points.txt
[5.153s] writing requirements to ../../build/teleop_control/teleop_control.egg-info/requires.txt
[5.154s] writing top-level names to ../../build/teleop_control/teleop_control.egg-info/top_level.txt
[5.158s] writing manifest file '../../build/teleop_control/teleop_control.egg-info/SOURCES.txt'
[5.170s] reading manifest file '../../build/teleop_control/teleop_control.egg-info/SOURCES.txt'
[5.175s] writing manifest file '../../build/teleop_control/teleop_control.egg-info/SOURCES.txt'
[5.177s] running build
[5.178s] running build_py
[5.182s] creating /home/cewan/Automated-Tour-Car/ws_lidar/build/teleop_control/build
[5.182s] creating /home/cewan/Automated-Tour-Car/ws_lidar/build/teleop_control/build/lib
[5.183s] creating /home/cewan/Automated-Tour-Car/ws_lidar/build/teleop_control/build/lib/teleop_control
[5.183s] copying teleop_control/__init__.py -> /home/cewan/Automated-Tour-Car/ws_lidar/build/teleop_control/build/lib/teleop_control
[5.185s] running install
[5.185s] running install_lib
[5.197s] creating /home/cewan/Automated-Tour-Car/ws_lidar/install/teleop_control/lib/python3.10/site-packages/teleop_control
[5.202s] copying /home/cewan/Automated-Tour-Car/ws_lidar/build/teleop_control/build/lib/teleop_control/__init__.py -> /home/cewan/Automated-Tour-Car/ws_lidar/install/teleop_control/lib/python3.10/site-packages/teleop_control
[5.203s] byte-compiling /home/cewan/Automated-Tour-Car/ws_lidar/install/teleop_control/lib/python3.10/site-packages/teleop_control/__init__.py to __init__.cpython-310.pyc
[5.204s] running install_data
[5.205s] creating /home/cewan/Automated-Tour-Car/ws_lidar/install/teleop_control/share/ament_index
[5.206s] creating /home/cewan/Automated-Tour-Car/ws_lidar/install/teleop_control/share/ament_index/resource_index
[5.206s] creating /home/cewan/Automated-Tour-Car/ws_lidar/install/teleop_control/share/ament_index/resource_index/packages
[5.207s] copying resource/teleop_control -> /home/cewan/Automated-Tour-Car/ws_lidar/install/teleop_control/share/ament_index/resource_index/packages
[5.208s] copying package.xml -> /home/cewan/Automated-Tour-Car/ws_lidar/install/teleop_control/share/teleop_control
[5.208s] running install_egg_info
[5.215s] Copying ../../build/teleop_control/teleop_control.egg-info to /home/cewan/Automated-Tour-Car/ws_lidar/install/teleop_control/lib/python3.10/site-packages/teleop_control-0.0.0-py3.10.egg-info
[5.221s] running install_scripts
[5.332s] writing list of installed files to '/home/cewan/Automated-Tour-Car/ws_lidar/build/teleop_control/install.log'
[5.465s] Invoked command in '/home/cewan/Automated-Tour-Car/ws_lidar/src/teleop_control' returned '0': PYTHONPATH=/home/cewan/Automated-Tour-Car/ws_lidar/build/teleop_control/prefix_override:/usr/lib/python3/dist-packages/colcon_core/task/python/colcon_distutils_commands:/home/cewan/Automated-Tour-Car/ws_lidar/install/teleop_control/lib/python3.10/site-packages:${PYTHONPATH} /usr/bin/python3 -W ignore:setup.py install is deprecated -W ignore:easy_install command is deprecated setup.py egg_info --egg-base ../../build/teleop_control build --build-base /home/cewan/Automated-Tour-Car/ws_lidar/build/teleop_control/build install --record /home/cewan/Automated-Tour-Car/ws_lidar/build/teleop_control/install.log --single-version-externally-managed install_data
