[4.623s] Invoking command in '/home/cewan/Automated-Tour-Car/ws_lidar/src/gpsPubSub': PYTHONPATH=/home/cewan/Automated-Tour-Car/ws_lidar/build/gpsPubSub/prefix_override:/usr/lib/python3/dist-packages/colcon_core/task/python/colcon_distutils_commands:/home/cewan/Automated-Tour-Car/ws_lidar/install/gpsPubSub/lib/python3.10/site-packages:${PYTHONPATH} /usr/bin/python3 -W ignore:setup.py install is deprecated -W ignore:easy_install command is deprecated setup.py egg_info --egg-base ../../build/gpsPubSub build --build-base /home/cewan/Automated-Tour-Car/ws_lidar/build/gpsPubSub/build install --record /home/cewan/Automated-Tour-Car/ws_lidar/build/gpsPubSub/install.log --single-version-externally-managed install_data
[6.137s] running egg_info
[6.140s] writing ../../build/gpsPubSub/gpsPubSub.egg-info/PKG-INFO
[6.141s] writing dependency_links to ../../build/gpsPubSub/gpsPubSub.egg-info/dependency_links.txt
[6.143s] writing entry points to ../../build/gpsPubSub/gpsPubSub.egg-info/entry_points.txt
[6.144s] writing requirements to ../../build/gpsPubSub/gpsPubSub.egg-info/requires.txt
[6.145s] writing top-level names to ../../build/gpsPubSub/gpsPubSub.egg-info/top_level.txt
[6.156s] reading manifest file '../../build/gpsPubSub/gpsPubSub.egg-info/SOURCES.txt'
[6.161s] writing manifest file '../../build/gpsPubSub/gpsPubSub.egg-info/SOURCES.txt'
[6.162s] running build
[6.163s] running build_py
[6.167s] running install
[6.169s] running install_lib
[6.187s] running install_data
[6.196s] running install_egg_info
[6.198s] removing '/home/cewan/Automated-Tour-Car/ws_lidar/install/gpsPubSub/lib/python3.10/site-packages/gpsPubSub-0.0.0-py3.10.egg-info' (and everything under it)
[6.201s] Copying ../../build/gpsPubSub/gpsPubSub.egg-info to /home/cewan/Automated-Tour-Car/ws_lidar/install/gpsPubSub/lib/python3.10/site-packages/gpsPubSub-0.0.0-py3.10.egg-info
[6.209s] running install_scripts
[6.292s] Installing cov_comp script to /home/cewan/Automated-Tour-Car/ws_lidar/install/gpsPubSub/lib/gpsPubSub
[6.294s] Installing covariance script to /home/cewan/Automated-Tour-Car/ws_lidar/install/gpsPubSub/lib/gpsPubSub
[6.295s] Installing covariance_test script to /home/cewan/Automated-Tour-Car/ws_lidar/install/gpsPubSub/lib/gpsPubSub
[6.296s] Installing gps_odom script to /home/cewan/Automated-Tour-Car/ws_lidar/install/gpsPubSub/lib/gpsPubSub
[6.297s] Installing gps_publisher script to /home/cewan/Automated-Tour-Car/ws_lidar/install/gpsPubSub/lib/gpsPubSub
[6.298s] Installing imu_publisher script to /home/cewan/Automated-Tour-Car/ws_lidar/install/gpsPubSub/lib/gpsPubSub
[6.299s] Installing position script to /home/cewan/Automated-Tour-Car/ws_lidar/install/gpsPubSub/lib/gpsPubSub
[6.300s] Installing subscriber script to /home/cewan/Automated-Tour-Car/ws_lidar/install/gpsPubSub/lib/gpsPubSub
[6.304s] writing list of installed files to '/home/cewan/Automated-Tour-Car/ws_lidar/build/gpsPubSub/install.log'
[6.452s] Invoked command in '/home/cewan/Automated-Tour-Car/ws_lidar/src/gpsPubSub' returned '0': PYTHONPATH=/home/cewan/Automated-Tour-Car/ws_lidar/build/gpsPubSub/prefix_override:/usr/lib/python3/dist-packages/colcon_core/task/python/colcon_distutils_commands:/home/cewan/Automated-Tour-Car/ws_lidar/install/gpsPubSub/lib/python3.10/site-packages:${PYTHONPATH} /usr/bin/python3 -W ignore:setup.py install is deprecated -W ignore:easy_install command is deprecated setup.py egg_info --egg-base ../../build/gpsPubSub build --build-base /home/cewan/Automated-Tour-Car/ws_lidar/build/gpsPubSub/build install --record /home/cewan/Automated-Tour-Car/ws_lidar/build/gpsPubSub/install.log --single-version-externally-managed install_data
