[4.466s] Invoking command in '/home/cewan/ws_lidar/src/cartographer_slam': PYTHONPATH=/home/cewan/ws_lidar/build/cartographer_slam/prefix_override:/usr/lib/python3/dist-packages/colcon_core/task/python/colcon_distutils_commands:/home/cewan/ws_lidar/install/cartographer_slam/lib/python3.10/site-packages:${PYTHONPATH} /usr/bin/python3 -W ignore:setup.py install is deprecated -W ignore:easy_install command is deprecated setup.py egg_info --egg-base ../../build/cartographer_slam build --build-base /home/cewan/ws_lidar/build/cartographer_slam/build install --record /home/cewan/ws_lidar/build/cartographer_slam/install.log --single-version-externally-managed install_data
[6.288s] running egg_info
[6.292s] writing ../../build/cartographer_slam/cartographer_slam.egg-info/PKG-INFO
[6.294s] writing dependency_links to ../../build/cartographer_slam/cartographer_slam.egg-info/dependency_links.txt
[6.295s] writing entry points to ../../build/cartographer_slam/cartographer_slam.egg-info/entry_points.txt
[6.297s] writing requirements to ../../build/cartographer_slam/cartographer_slam.egg-info/requires.txt
[6.298s] writing top-level names to ../../build/cartographer_slam/cartographer_slam.egg-info/top_level.txt
[6.312s] reading manifest file '../../build/cartographer_slam/cartographer_slam.egg-info/SOURCES.txt'
[6.317s] writing manifest file '../../build/cartographer_slam/cartographer_slam.egg-info/SOURCES.txt'
[6.318s] running build
[6.319s] running build_py
[6.320s] running install
[6.322s] running install_lib
[6.329s] running install_data
[6.332s] copying config/cartographer.lua -> /home/cewan/ws_lidar/install/cartographer_slam/share/cartographer_slam/config
[6.333s] running install_egg_info
[6.341s] removing '/home/cewan/ws_lidar/install/cartographer_slam/lib/python3.10/site-packages/cartographer_slam-0.0.0-py3.10.egg-info' (and everything under it)
[6.345s] Copying ../../build/cartographer_slam/cartographer_slam.egg-info to /home/cewan/ws_lidar/install/cartographer_slam/lib/python3.10/site-packages/cartographer_slam-0.0.0-py3.10.egg-info
[6.352s] running install_scripts
[6.466s] writing list of installed files to '/home/cewan/ws_lidar/build/cartographer_slam/install.log'
[6.651s] Invoked command in '/home/cewan/ws_lidar/src/cartographer_slam' returned '0': PYTHONPATH=/home/cewan/ws_lidar/build/cartographer_slam/prefix_override:/usr/lib/python3/dist-packages/colcon_core/task/python/colcon_distutils_commands:/home/cewan/ws_lidar/install/cartographer_slam/lib/python3.10/site-packages:${PYTHONPATH} /usr/bin/python3 -W ignore:setup.py install is deprecated -W ignore:easy_install command is deprecated setup.py egg_info --egg-base ../../build/cartographer_slam build --build-base /home/cewan/ws_lidar/build/cartographer_slam/build install --record /home/cewan/ws_lidar/build/cartographer_slam/install.log --single-version-externally-managed install_data
